================================================================================
Continuous Soft Prompt Training
================================================================================
Model: t5-large
Prompt Length: 100
Learning Rate: 0.01
Epochs: 10
Batch Size: 16
Adversarial: True
Device: cuda
Output Dir: /mnt/polished-lake/home/annabelma/other/results_fixed/continuous/continuous_soft_prompt_len_10epochs/try_2
================================================================================

Loading tokenizer and data...
Balanced BoolQ train: 7106 examples (3553 True, 3553 False)

Training continuous soft prompt (ADVERSARIAL)...
[Continuous ADV] Epoch 1/10 | joint=2.9626 task=2.9626 val_loss=0.1706 val_acc=0.5713 (true=0.5430 false=0.6176) ‖prompt‖=9.40
[Continuous ADV] Epoch 2/10 | joint=0.3337 task=0.3337 val_loss=0.1819 val_acc=0.4596 (true=0.2705 false=0.7704) ‖prompt‖=11.46
[Continuous ADV] Epoch 3/10 | joint=0.2739 task=0.2739 val_loss=0.1667 val_acc=0.6245 (true=0.9852 false=0.0315) ‖prompt‖=13.17
[Continuous ADV] Epoch 4/10 | joint=0.2539 task=0.2539 val_loss=0.1795 val_acc=0.4477 (true=0.1746 false=0.8965) ‖prompt‖=14.68
[Continuous ADV] Epoch 5/10 | joint=0.2575 task=0.2575 val_loss=0.2149 val_acc=0.3792 (true=0.0020 false=0.9992) ‖prompt‖=16.09
[Continuous ADV] Epoch 6/10 | joint=0.2428 task=0.2428 val_loss=0.1649 val_acc=0.6242 (true=0.9921 false=0.0194) ‖prompt‖=17.29
[Continuous ADV] Epoch 7/10 | joint=0.2340 task=0.2340 val_loss=0.1688 val_acc=0.6156 (true=0.8510 false=0.2288) ‖prompt‖=18.43
[Continuous ADV] Epoch 8/10 | joint=0.2307 task=0.2307 val_loss=0.2173 val_acc=0.3783 (true=0.0000 false=1.0000) ‖prompt‖=19.44
[Continuous ADV] Epoch 9/10 | joint=0.2204 task=0.2204 val_loss=0.1863 val_acc=0.3853 (true=0.0290 false=0.9709) ‖prompt‖=20.38
[Continuous ADV] Epoch 10/10 | joint=0.2205 task=0.2205 val_loss=0.1801 val_acc=0.4156 (true=0.1318 false=0.8820) ‖prompt‖=21.24

Saved model to: /mnt/polished-lake/home/annabelma/other/results_fixed/continuous/continuous_soft_prompt_len_10epochs/try_2/model_adversarial_True_lr_0.01_promptlen_100.pt
Saved history to: /mnt/polished-lake/home/annabelma/other/results_fixed/continuous/continuous_soft_prompt_len_10epochs/try_2/history_adversarial_True_lr_0.01_promptlen_100.json

================================================================================
Training Summary
================================================================================
Best Validation Accuracy: 0.6245
Final Validation Accuracy: 0.4156
Best True Accuracy: 0.9921
Best False Accuracy: 1.0000
================================================================================
Job 9 completed: lr=1e-2, prompt_length=100, epochs=10, adversarial=--adversarial
