Using device: cuda
Lambda: 0.0, LR: 1e-06, Adversarial: True

Loading T5 tokenizer...

Loading GPT-2 for prompt perplexity...

Loading BoolQ dataset...
Balanced BoolQ train: 7106 examples (3553 True, 3553 False)
[PEZ λ=0.0 ADV] Epoch 1/10, batch 50 | joint=17.0000 task=17.0000 ppl_loss=0.0000 ppl=0.00
[PEZ λ=0.0 ADV] Epoch 1/10, batch 100 | joint=16.9469 task=16.9469 ppl_loss=0.0000 ppl=0.00
[PEZ λ=0.0 ADV] Epoch 1/10, batch 150 | joint=16.9675 task=16.9675 ppl_loss=0.0000 ppl=0.00
[PEZ λ=0.0 ADV] Epoch 1/10, batch 200 | joint=16.9408 task=16.9408 ppl_loss=0.0000 ppl=0.00
[PEZ λ=0.0 ADV] Epoch 1/10, batch 250 | joint=16.9630 task=16.9630 ppl_loss=0.0000 ppl=0.00
[PEZ λ=0.0 ADV] Epoch 1/10, batch 300 | joint=16.9639 task=16.9639 ppl_loss=0.0000 ppl=0.00
[PEZ λ=0.0 ADV] Epoch 1/10, batch 350 | joint=16.9502 task=16.9502 ppl_loss=0.0000 ppl=0.00
[PEZ λ=0.0 ADV] Epoch 1/10, batch 400 | joint=16.9414 task=16.9414 ppl_loss=0.0000 ppl=0.00
[PEZ λ=0.0 ADV] Epoch 1/10 | joint=16.9443 task=16.9443 ppl_loss=0.0000 ppl=0.00 val_loss=16.6295 val_acc=0.7865 (true=0.7767 false=0.8027) prompt_ppl=0.00
Prompt: bag acheté razor altelemountedFS Et Anniversary Caesar Tri
[PEZ λ=0.0 ADV] Epoch 2/10, batch 50 | joint=16.8621 task=16.8621 ppl_loss=0.0000 ppl=0.00
[PEZ λ=0.0 ADV] Epoch 2/10, batch 100 | joint=16.9467 task=16.9467 ppl_loss=0.0000 ppl=0.00
[PEZ λ=0.0 ADV] Epoch 2/10, batch 150 | joint=16.9232 task=16.9232 ppl_loss=0.0000 ppl=0.00
[PEZ λ=0.0 ADV] Epoch 2/10, batch 200 | joint=16.9118 task=16.9118 ppl_loss=0.0000 ppl=0.00
[PEZ λ=0.0 ADV] Epoch 2/10, batch 250 | joint=16.9101 task=16.9101 ppl_loss=0.0000 ppl=0.00
[PEZ λ=0.0 ADV] Epoch 2/10, batch 300 | joint=16.9056 task=16.9056 ppl_loss=0.0000 ppl=0.00
[PEZ λ=0.0 ADV] Epoch 2/10, batch 350 | joint=16.9201 task=16.9201 ppl_loss=0.0000 ppl=0.00
[PEZ λ=0.0 ADV] Epoch 2/10, batch 400 | joint=16.9298 task=16.9298 ppl_loss=0.0000 ppl=0.00
[PEZ λ=0.0 ADV] Epoch 2/10 | joint=16.9270 task=16.9270 ppl_loss=0.0000 ppl=0.00 val_loss=13.2368 val_acc=0.6905 (true=0.5730 false=0.8836) prompt_ppl=0.00
Prompt: bag acheté razor altelemountedFS Et Anniversary Caesar Tri
[PEZ λ=0.0 ADV] Epoch 3/10, batch 50 | joint=16.9040 task=16.9040 ppl_loss=0.0000 ppl=0.00
[PEZ λ=0.0 ADV] Epoch 3/10, batch 100 | joint=16.9332 task=16.9332 ppl_loss=0.0000 ppl=0.00
[PEZ λ=0.0 ADV] Epoch 3/10, batch 150 | joint=16.9724 task=16.9724 ppl_loss=0.0000 ppl=0.00
[PEZ λ=0.0 ADV] Epoch 3/10, batch 200 | joint=16.9019 task=16.9019 ppl_loss=0.0000 ppl=0.00
[PEZ λ=0.0 ADV] Epoch 3/10, batch 250 | joint=16.8858 task=16.8858 ppl_loss=0.0000 ppl=0.00
[PEZ λ=0.0 ADV] Epoch 3/10, batch 300 | joint=16.8864 task=16.8864 ppl_loss=0.0000 ppl=0.00
[PEZ λ=0.0 ADV] Epoch 3/10, batch 350 | joint=16.8934 task=16.8934 ppl_loss=0.0000 ppl=0.00
[PEZ λ=0.0 ADV] Epoch 3/10, batch 400 | joint=16.9104 task=16.9104 ppl_loss=0.0000 ppl=0.00
[PEZ λ=0.0 ADV] Epoch 3/10 | joint=16.9219 task=16.9219 ppl_loss=0.0000 ppl=0.00 val_loss=11.7764 val_acc=0.5807 (true=0.3576 false=0.9475) prompt_ppl=0.00
Prompt: bag acheté razor altelemountedFS Et Anniversary Caesar Tri
[PEZ λ=0.0 ADV] Epoch 4/10, batch 50 | joint=16.9911 task=16.9911 ppl_loss=0.0000 ppl=0.00
[PEZ λ=0.0 ADV] Epoch 4/10, batch 100 | joint=16.8883 task=16.8883 ppl_loss=0.0000 ppl=0.00
[PEZ λ=0.0 ADV] Epoch 4/10, batch 150 | joint=16.9349 task=16.9349 ppl_loss=0.0000 ppl=0.00
[PEZ λ=0.0 ADV] Epoch 4/10, batch 200 | joint=16.9636 task=16.9636 ppl_loss=0.0000 ppl=0.00
[PEZ λ=0.0 ADV] Epoch 4/10, batch 250 | joint=16.9947 task=16.9947 ppl_loss=0.0000 ppl=0.00
[PEZ λ=0.0 ADV] Epoch 4/10, batch 300 | joint=16.9977 task=16.9977 ppl_loss=0.0000 ppl=0.00
[PEZ λ=0.0 ADV] Epoch 4/10, batch 350 | joint=16.9482 task=16.9482 ppl_loss=0.0000 ppl=0.00
[PEZ λ=0.0 ADV] Epoch 4/10, batch 400 | joint=16.9465 task=16.9465 ppl_loss=0.0000 ppl=0.00
[PEZ λ=0.0 ADV] Epoch 4/10 | joint=16.9492 task=16.9492 ppl_loss=0.0000 ppl=0.00 val_loss=10.9741 val_acc=0.5073 (true=0.2268 false=0.9685) prompt_ppl=0.00
Prompt: bag acheté razor altelemountedFS Et Anniversary Caesar Tri
[PEZ λ=0.0 ADV] Epoch 5/10, batch 50 | joint=16.8557 task=16.8557 ppl_loss=0.0000 ppl=0.00
[PEZ λ=0.0 ADV] Epoch 5/10, batch 100 | joint=16.9332 task=16.9332 ppl_loss=0.0000 ppl=0.00
[PEZ λ=0.0 ADV] Epoch 5/10, batch 150 | joint=16.9338 task=16.9338 ppl_loss=0.0000 ppl=0.00
[PEZ λ=0.0 ADV] Epoch 5/10, batch 200 | joint=16.8986 task=16.8986 ppl_loss=0.0000 ppl=0.00
[PEZ λ=0.0 ADV] Epoch 5/10, batch 250 | joint=16.9205 task=16.9205 ppl_loss=0.0000 ppl=0.00
[PEZ λ=0.0 ADV] Epoch 5/10, batch 300 | joint=16.8929 task=16.8929 ppl_loss=0.0000 ppl=0.00
[PEZ λ=0.0 ADV] Epoch 5/10, batch 350 | joint=16.9146 task=16.9146 ppl_loss=0.0000 ppl=0.00
[PEZ λ=0.0 ADV] Epoch 5/10, batch 400 | joint=16.9109 task=16.9109 ppl_loss=0.0000 ppl=0.00
[PEZ λ=0.0 ADV] Epoch 5/10 | joint=16.9143 task=16.9143 ppl_loss=0.0000 ppl=0.00 val_loss=10.4598 val_acc=0.4697 (true=0.1564 false=0.9846) prompt_ppl=0.00
Prompt: bag acheté razor altelemountedFS Et Anniversary Caesar Tri
[PEZ λ=0.0 ADV] Epoch 6/10, batch 50 | joint=16.9425 task=16.9425 ppl_loss=0.0000 ppl=0.00
[PEZ λ=0.0 ADV] Epoch 6/10, batch 100 | joint=16.9378 task=16.9378 ppl_loss=0.0000 ppl=0.00
[PEZ λ=0.0 ADV] Epoch 6/10, batch 150 | joint=16.9771 task=16.9771 ppl_loss=0.0000 ppl=0.00
[PEZ λ=0.0 ADV] Epoch 6/10, batch 200 | joint=16.9754 task=16.9754 ppl_loss=0.0000 ppl=0.00
[PEZ λ=0.0 ADV] Epoch 6/10, batch 250 | joint=16.9827 task=16.9827 ppl_loss=0.0000 ppl=0.00
[PEZ λ=0.0 ADV] Epoch 6/10, batch 300 | joint=16.9536 task=16.9536 ppl_loss=0.0000 ppl=0.00
[PEZ λ=0.0 ADV] Epoch 6/10, batch 350 | joint=16.9634 task=16.9634 ppl_loss=0.0000 ppl=0.00
[PEZ λ=0.0 ADV] Epoch 6/10, batch 400 | joint=16.9536 task=16.9536 ppl_loss=0.0000 ppl=0.00
[PEZ λ=0.0 ADV] Epoch 6/10 | joint=16.9564 task=16.9564 ppl_loss=0.0000 ppl=0.00 val_loss=10.0277 val_acc=0.4517 (true=0.1235 false=0.9911) prompt_ppl=0.00
Prompt: bag acheté razor altelemountedFS Et Anniversary Caesar Tri
[PEZ λ=0.0 ADV] Epoch 7/10, batch 50 | joint=17.0712 task=17.0712 ppl_loss=0.0000 ppl=0.00
[PEZ λ=0.0 ADV] Epoch 7/10, batch 100 | joint=16.9597 task=16.9597 ppl_loss=0.0000 ppl=0.00
[PEZ λ=0.0 ADV] Epoch 7/10, batch 150 | joint=17.0002 task=17.0002 ppl_loss=0.0000 ppl=0.00
[PEZ λ=0.0 ADV] Epoch 7/10, batch 200 | joint=17.0110 task=17.0110 ppl_loss=0.0000 ppl=0.00
[PEZ λ=0.0 ADV] Epoch 7/10, batch 250 | joint=16.9718 task=16.9718 ppl_loss=0.0000 ppl=0.00
[PEZ λ=0.0 ADV] Epoch 7/10, batch 300 | joint=16.9467 task=16.9467 ppl_loss=0.0000 ppl=0.00
[PEZ λ=0.0 ADV] Epoch 7/10, batch 350 | joint=16.9482 task=16.9482 ppl_loss=0.0000 ppl=0.00
[PEZ λ=0.0 ADV] Epoch 7/10, batch 400 | joint=16.9444 task=16.9444 ppl_loss=0.0000 ppl=0.00
[PEZ λ=0.0 ADV] Epoch 7/10 | joint=16.9472 task=16.9472 ppl_loss=0.0000 ppl=0.00 val_loss=9.6108 val_acc=0.4456 (true=0.1131 false=0.9919) prompt_ppl=0.00
Prompt: bag acheté razor altelemountedFS Et Anniversary Caesar Tri
[PEZ λ=0.0 ADV] Epoch 8/10, batch 50 | joint=16.8854 task=16.8854 ppl_loss=0.0000 ppl=0.00
[PEZ λ=0.0 ADV] Epoch 8/10, batch 100 | joint=16.8675 task=16.8675 ppl_loss=0.0000 ppl=0.00
[PEZ λ=0.0 ADV] Epoch 8/10, batch 150 | joint=16.9303 task=16.9303 ppl_loss=0.0000 ppl=0.00
[PEZ λ=0.0 ADV] Epoch 8/10, batch 200 | joint=16.9475 task=16.9475 ppl_loss=0.0000 ppl=0.00
[PEZ λ=0.0 ADV] Epoch 8/10, batch 250 | joint=16.8949 task=16.8949 ppl_loss=0.0000 ppl=0.00
[PEZ λ=0.0 ADV] Epoch 8/10, batch 300 | joint=16.9092 task=16.9092 ppl_loss=0.0000 ppl=0.00
[PEZ λ=0.0 ADV] Epoch 8/10, batch 350 | joint=16.9313 task=16.9313 ppl_loss=0.0000 ppl=0.00
[PEZ λ=0.0 ADV] Epoch 8/10, batch 400 | joint=16.9265 task=16.9265 ppl_loss=0.0000 ppl=0.00
[PEZ λ=0.0 ADV] Epoch 8/10 | joint=16.9307 task=16.9307 ppl_loss=0.0000 ppl=0.00 val_loss=9.2176 val_acc=0.4364 (true=0.0999 false=0.9895) prompt_ppl=0.00
Prompt: bag acheté razor altelemountedFS Et Anniversary Caesar Tri
[PEZ λ=0.0 ADV] Epoch 9/10, batch 50 | joint=16.8842 task=16.8842 ppl_loss=0.0000 ppl=0.00
[PEZ λ=0.0 ADV] Epoch 9/10, batch 100 | joint=16.9571 task=16.9571 ppl_loss=0.0000 ppl=0.00
[PEZ λ=0.0 ADV] Epoch 9/10, batch 150 | joint=16.9449 task=16.9449 ppl_loss=0.0000 ppl=0.00
[PEZ λ=0.0 ADV] Epoch 9/10, batch 200 | joint=16.9618 task=16.9618 ppl_loss=0.0000 ppl=0.00
[PEZ λ=0.0 ADV] Epoch 9/10, batch 250 | joint=16.9431 task=16.9431 ppl_loss=0.0000 ppl=0.00
[PEZ λ=0.0 ADV] Epoch 9/10, batch 300 | joint=16.9208 task=16.9208 ppl_loss=0.0000 ppl=0.00
[PEZ λ=0.0 ADV] Epoch 9/10, batch 350 | joint=16.9142 task=16.9142 ppl_loss=0.0000 ppl=0.00
[PEZ λ=0.0 ADV] Epoch 9/10, batch 400 | joint=16.8852 task=16.8852 ppl_loss=0.0000 ppl=0.00
[PEZ λ=0.0 ADV] Epoch 9/10 | joint=16.8745 task=16.8745 ppl_loss=0.0000 ppl=0.00 val_loss=8.8058 val_acc=0.4480 (true=0.1205 false=0.9863) prompt_ppl=0.00
Prompt: bag acheté razor altelemountedFS Et Anniversary Caesar Tri
[PEZ λ=0.0 ADV] Epoch 10/10, batch 50 | joint=16.9107 task=16.9107 ppl_loss=0.0000 ppl=0.00
[PEZ λ=0.0 ADV] Epoch 10/10, batch 100 | joint=16.9363 task=16.9363 ppl_loss=0.0000 ppl=0.00
[PEZ λ=0.0 ADV] Epoch 10/10, batch 150 | joint=16.9358 task=16.9358 ppl_loss=0.0000 ppl=0.00
[PEZ λ=0.0 ADV] Epoch 10/10, batch 200 | joint=16.9580 task=16.9580 ppl_loss=0.0000 ppl=0.00
[PEZ λ=0.0 ADV] Epoch 10/10, batch 250 | joint=16.9399 task=16.9399 ppl_loss=0.0000 ppl=0.00
[PEZ λ=0.0 ADV] Epoch 10/10, batch 300 | joint=16.9369 task=16.9369 ppl_loss=0.0000 ppl=0.00
[PEZ λ=0.0 ADV] Epoch 10/10, batch 350 | joint=16.9483 task=16.9483 ppl_loss=0.0000 ppl=0.00
[PEZ λ=0.0 ADV] Epoch 10/10, batch 400 | joint=16.9220 task=16.9220 ppl_loss=0.0000 ppl=0.00
[PEZ λ=0.0 ADV] Epoch 10/10 | joint=16.9199 task=16.9199 ppl_loss=0.0000 ppl=0.00 val_loss=8.3867 val_acc=0.4627 (true=0.1466 false=0.9822) prompt_ppl=0.00
Prompt: bag acheté razor altelemountedFS Et Anniversary Caesar Tri

Results saved to /mnt/polished-lake/home/annabelma/other/results_fixed/pez_big_gridsearch_10epochs/adversarial_true
  Model: model_lambda_0.0_lr_1e-06.pt
  History: history_lambda_0.0_lr_1e-06.json
Job 26 completed: lambda=0, lr=1e-6, epochs=10, adversarial=--adversarial
