Using device: cuda
Lambda: 1.0, LR: 1e-05, Adversarial: True

Loading T5 tokenizer...

Loading GPT-2 for prompt perplexity...

Loading BoolQ dataset...
Balanced BoolQ train: 7106 examples (3553 True, 3553 False)
[PEZ λ=1.0 ADV] Epoch 1/10, batch 50 | joint=29.6419 task=17.4039 ppl_loss=12.2380 ppl=206493.01
[PEZ λ=1.0 ADV] Epoch 1/10, batch 100 | joint=29.5463 task=17.3083 ppl_loss=12.2380 ppl=206493.01
[PEZ λ=1.0 ADV] Epoch 1/10, batch 150 | joint=29.5264 task=17.2884 ppl_loss=12.2380 ppl=206493.01
[PEZ λ=1.0 ADV] Epoch 1/10, batch 200 | joint=29.5139 task=17.2759 ppl_loss=12.2380 ppl=206493.01
[PEZ λ=1.0 ADV] Epoch 1/10, batch 250 | joint=29.5159 task=17.2779 ppl_loss=12.2380 ppl=206493.01
[PEZ λ=1.0 ADV] Epoch 1/10, batch 300 | joint=29.5365 task=17.2985 ppl_loss=12.2380 ppl=206493.01
[PEZ λ=1.0 ADV] Epoch 1/10, batch 350 | joint=29.5363 task=17.2983 ppl_loss=12.2380 ppl=206493.01
[PEZ λ=1.0 ADV] Epoch 1/10, batch 400 | joint=29.5528 task=17.3148 ppl_loss=12.2380 ppl=206493.01
[PEZ λ=1.0 ADV] Epoch 1/10 | joint=29.5489 task=17.3109 ppl_loss=12.2380 ppl=206493.01 val_loss=10.3688 val_acc=0.5902 (true=0.3788 false=0.9378) prompt_ppl=206493.01
Prompt: ofera stoparma software procedGoogle”).itaire obtainREC
[PEZ λ=1.0 ADV] Epoch 2/10, batch 50 | joint=29.5195 task=17.2814 ppl_loss=12.2380 ppl=206493.01
[PEZ λ=1.0 ADV] Epoch 2/10, batch 100 | joint=29.5562 task=17.3182 ppl_loss=12.2380 ppl=206493.01
[PEZ λ=1.0 ADV] Epoch 2/10, batch 150 | joint=29.5811 task=17.3430 ppl_loss=12.2380 ppl=206493.01
[PEZ λ=1.0 ADV] Epoch 2/10, batch 200 | joint=29.5631 task=17.3251 ppl_loss=12.2380 ppl=206493.01
[PEZ λ=1.0 ADV] Epoch 2/10, batch 250 | joint=29.5343 task=17.2963 ppl_loss=12.2380 ppl=206493.01
[PEZ λ=1.0 ADV] Epoch 2/10, batch 300 | joint=29.5344 task=17.2964 ppl_loss=12.2380 ppl=206493.01
[PEZ λ=1.0 ADV] Epoch 2/10, batch 350 | joint=29.5263 task=17.2883 ppl_loss=12.2380 ppl=206493.01
[PEZ λ=1.0 ADV] Epoch 2/10, batch 400 | joint=29.5283 task=17.2903 ppl_loss=12.2380 ppl=206493.01
[PEZ λ=1.0 ADV] Epoch 2/10 | joint=29.5228 task=17.2848 ppl_loss=12.2380 ppl=206493.01 val_loss=7.9230 val_acc=0.6529 (true=0.5135 false=0.8820) prompt_ppl=206493.01
Prompt: ofera stoparma software procedGoogle”).itaire obtainREC
[PEZ λ=1.0 ADV] Epoch 3/10, batch 50 | joint=29.4831 task=17.2451 ppl_loss=12.2380 ppl=206493.01
[PEZ λ=1.0 ADV] Epoch 3/10, batch 100 | joint=29.5170 task=17.2790 ppl_loss=12.2380 ppl=206493.01
[PEZ λ=1.0 ADV] Epoch 3/10, batch 150 | joint=29.5529 task=17.3149 ppl_loss=12.2380 ppl=206493.01
[PEZ λ=1.0 ADV] Epoch 3/10, batch 200 | joint=29.5289 task=17.2909 ppl_loss=12.2380 ppl=206493.01
[PEZ λ=1.0 ADV] Epoch 3/10, batch 250 | joint=29.4863 task=17.2482 ppl_loss=12.2380 ppl=206493.01
[PEZ λ=1.0 ADV] Epoch 3/10, batch 300 | joint=29.4982 task=17.2602 ppl_loss=12.2380 ppl=206493.01
[PEZ λ=1.0 ADV] Epoch 3/10, batch 350 | joint=29.4902 task=17.2522 ppl_loss=12.2380 ppl=206493.01
[PEZ λ=1.0 ADV] Epoch 3/10, batch 400 | joint=29.5261 task=17.2881 ppl_loss=12.2380 ppl=206493.01
[PEZ λ=1.0 ADV] Epoch 3/10 | joint=29.5418 task=17.3038 ppl_loss=12.2380 ppl=206493.01 val_loss=3.5731 val_acc=0.7089 (true=0.9675 false=0.2838) prompt_ppl=206493.01
Prompt: ofera stoparma software procedGoogle”).itaire obtainREC
[PEZ λ=1.0 ADV] Epoch 4/10, batch 50 | joint=29.7169 task=17.4789 ppl_loss=12.2380 ppl=206493.01
[PEZ λ=1.0 ADV] Epoch 4/10, batch 100 | joint=29.6539 task=17.4158 ppl_loss=12.2380 ppl=206493.01
[PEZ λ=1.0 ADV] Epoch 4/10, batch 150 | joint=29.6790 task=17.4410 ppl_loss=12.2380 ppl=206493.01
[PEZ λ=1.0 ADV] Epoch 4/10, batch 200 | joint=29.6800 task=17.4420 ppl_loss=12.2380 ppl=206493.01
[PEZ λ=1.0 ADV] Epoch 4/10, batch 250 | joint=29.6644 task=17.4263 ppl_loss=12.2380 ppl=206493.01
[PEZ λ=1.0 ADV] Epoch 4/10, batch 300 | joint=29.6798 task=17.4418 ppl_loss=12.2380 ppl=206493.01
[PEZ λ=1.0 ADV] Epoch 4/10, batch 350 | joint=29.6422 task=17.4041 ppl_loss=12.2380 ppl=206493.01
[PEZ λ=1.0 ADV] Epoch 4/10, batch 400 | joint=29.6383 task=17.4003 ppl_loss=12.2380 ppl=206493.01
[PEZ λ=1.0 ADV] Epoch 4/10 | joint=29.6253 task=17.3873 ppl_loss=12.2380 ppl=206493.01 val_loss=0.5974 val_acc=0.7049 (true=0.7447 false=0.6395) prompt_ppl=206493.01
Prompt: ofera stoparma software procedGoogle”).itaire obtainREC
[PEZ λ=1.0 ADV] Epoch 5/10, batch 50 | joint=29.6019 task=17.3639 ppl_loss=12.2380 ppl=206493.01
[PEZ λ=1.0 ADV] Epoch 5/10, batch 100 | joint=29.5176 task=17.2796 ppl_loss=12.2380 ppl=206493.01
[PEZ λ=1.0 ADV] Epoch 5/10, batch 150 | joint=29.5173 task=17.2793 ppl_loss=12.2380 ppl=206493.01
[PEZ λ=1.0 ADV] Epoch 5/10, batch 200 | joint=29.5321 task=17.2941 ppl_loss=12.2380 ppl=206493.01
[PEZ λ=1.0 ADV] Epoch 5/10, batch 250 | joint=29.5614 task=17.3234 ppl_loss=12.2380 ppl=206493.01
[PEZ λ=1.0 ADV] Epoch 5/10, batch 300 | joint=29.5628 task=17.3248 ppl_loss=12.2380 ppl=206493.01
[PEZ λ=1.0 ADV] Epoch 5/10, batch 350 | joint=29.5408 task=17.3028 ppl_loss=12.2380 ppl=206493.01
[PEZ λ=1.0 ADV] Epoch 5/10, batch 400 | joint=29.5241 task=17.2860 ppl_loss=12.2380 ppl=206493.01
[PEZ λ=1.0 ADV] Epoch 5/10 | joint=29.5330 task=17.2949 ppl_loss=12.2380 ppl=206493.01 val_loss=0.2548 val_acc=0.7529 (true=0.8259 false=0.6330) prompt_ppl=206493.01
Prompt: ofera stoparma software procedGoogle”).itaire obtainREC
[PEZ λ=1.0 ADV] Epoch 6/10, batch 50 | joint=29.6022 task=17.3642 ppl_loss=12.2380 ppl=206493.01
[PEZ λ=1.0 ADV] Epoch 6/10, batch 100 | joint=29.5668 task=17.3287 ppl_loss=12.2380 ppl=206493.01
[PEZ λ=1.0 ADV] Epoch 6/10, batch 150 | joint=29.5584 task=17.3203 ppl_loss=12.2380 ppl=206493.01
[PEZ λ=1.0 ADV] Epoch 6/10, batch 200 | joint=29.5833 task=17.3453 ppl_loss=12.2380 ppl=206493.01
[PEZ λ=1.0 ADV] Epoch 6/10, batch 250 | joint=29.5962 task=17.3582 ppl_loss=12.2380 ppl=206493.01
[PEZ λ=1.0 ADV] Epoch 6/10, batch 300 | joint=29.5780 task=17.3400 ppl_loss=12.2380 ppl=206493.01
[PEZ λ=1.0 ADV] Epoch 6/10, batch 350 | joint=29.5700 task=17.3320 ppl_loss=12.2380 ppl=206493.01
[PEZ λ=1.0 ADV] Epoch 6/10, batch 400 | joint=29.5623 task=17.3243 ppl_loss=12.2380 ppl=206493.01
[PEZ λ=1.0 ADV] Epoch 6/10 | joint=29.5553 task=17.3173 ppl_loss=12.2380 ppl=206493.01 val_loss=0.1768 val_acc=0.7159 (true=0.9720 false=0.2951) prompt_ppl=206493.01
Prompt: ofera stoparma software procedGoogle”).itaire obtainREC
[PEZ λ=1.0 ADV] Epoch 7/10, batch 50 | joint=29.5281 task=17.2900 ppl_loss=12.2380 ppl=206493.01
[PEZ λ=1.0 ADV] Epoch 7/10, batch 100 | joint=29.4953 task=17.2572 ppl_loss=12.2380 ppl=206493.01
[PEZ λ=1.0 ADV] Epoch 7/10, batch 150 | joint=29.4841 task=17.2461 ppl_loss=12.2380 ppl=206493.01
[PEZ λ=1.0 ADV] Epoch 7/10, batch 200 | joint=29.5285 task=17.2905 ppl_loss=12.2380 ppl=206493.01
[PEZ λ=1.0 ADV] Epoch 7/10, batch 250 | joint=29.4999 task=17.2619 ppl_loss=12.2380 ppl=206493.01
[PEZ λ=1.0 ADV] Epoch 7/10, batch 300 | joint=29.5043 task=17.2663 ppl_loss=12.2380 ppl=206493.01
[PEZ λ=1.0 ADV] Epoch 7/10, batch 350 | joint=29.5001 task=17.2621 ppl_loss=12.2380 ppl=206493.01
[PEZ λ=1.0 ADV] Epoch 7/10, batch 400 | joint=29.5059 task=17.2678 ppl_loss=12.2380 ppl=206493.01
