Using device: cuda
Lambda: 0.5, LR: 1e-05, Adversarial: False

Loading T5 tokenizer...

Loading GPT-2 for prompt perplexity...

Loading BoolQ dataset...
Balanced BoolQ train: 7106 examples (3553 True, 3553 False)
[PEZ λ=0.5 NON-ADV] Epoch 1/10, batch 50 | joint=21.7564 task=16.7197 ppl_loss=10.0734 ppl=23704.49
[PEZ λ=0.5 NON-ADV] Epoch 1/10, batch 100 | joint=21.7756 task=16.7389 ppl_loss=10.0734 ppl=23704.49
[PEZ λ=0.5 NON-ADV] Epoch 1/10, batch 150 | joint=21.7766 task=16.7399 ppl_loss=10.0734 ppl=23704.49
[PEZ λ=0.5 NON-ADV] Epoch 1/10, batch 200 | joint=21.7720 task=16.7353 ppl_loss=10.0734 ppl=23704.49
[PEZ λ=0.5 NON-ADV] Epoch 1/10, batch 250 | joint=21.7743 task=16.7376 ppl_loss=10.0734 ppl=23704.49
[PEZ λ=0.5 NON-ADV] Epoch 1/10, batch 300 | joint=21.7634 task=16.7267 ppl_loss=10.0734 ppl=23704.49
[PEZ λ=0.5 NON-ADV] Epoch 1/10, batch 350 | joint=21.7426 task=16.7059 ppl_loss=10.0734 ppl=23704.49
[PEZ λ=0.5 NON-ADV] Epoch 1/10, batch 400 | joint=21.7286 task=16.6919 ppl_loss=10.0734 ppl=23704.49
[PEZ λ=0.5 NON-ADV] Epoch 1/10 | joint=21.7170 task=16.6803 ppl_loss=10.0734 ppl=23704.49 val_loss=7.3050 val_acc=0.3795 (true=0.0020 false=1.0000) prompt_ppl=23704.49
Prompt: amend passant works targeting auszu grec observedborough vorbi Channel
[PEZ λ=0.5 NON-ADV] Epoch 2/10, batch 50 | joint=21.6591 task=16.6224 ppl_loss=10.0734 ppl=23704.49
[PEZ λ=0.5 NON-ADV] Epoch 2/10, batch 100 | joint=21.6381 task=16.6014 ppl_loss=10.0734 ppl=23704.49
[PEZ λ=0.5 NON-ADV] Epoch 2/10, batch 150 | joint=21.7014 task=16.6647 ppl_loss=10.0734 ppl=23704.49
[PEZ λ=0.5 NON-ADV] Epoch 2/10, batch 200 | joint=21.6896 task=16.6529 ppl_loss=10.0734 ppl=23704.49
[PEZ λ=0.5 NON-ADV] Epoch 2/10, batch 250 | joint=21.6927 task=16.6560 ppl_loss=10.0734 ppl=23704.49
[PEZ λ=0.5 NON-ADV] Epoch 2/10, batch 300 | joint=21.6922 task=16.6555 ppl_loss=10.0734 ppl=23704.49
[PEZ λ=0.5 NON-ADV] Epoch 2/10, batch 350 | joint=21.6551 task=16.6184 ppl_loss=10.0734 ppl=23704.49
[PEZ λ=0.5 NON-ADV] Epoch 2/10, batch 400 | joint=21.6581 task=16.6214 ppl_loss=10.0734 ppl=23704.49
[PEZ λ=0.5 NON-ADV] Epoch 2/10 | joint=21.6628 task=16.6261 ppl_loss=10.0734 ppl=23704.49 val_loss=0.1674 val_acc=0.7434 (true=0.8406 false=0.5837) prompt_ppl=23704.49
Prompt: amend passant works targeting auszu grec observedborough vorbi Channel
[PEZ λ=0.5 NON-ADV] Epoch 3/10, batch 50 | joint=21.6191 task=16.5824 ppl_loss=10.0734 ppl=23704.49
[PEZ λ=0.5 NON-ADV] Epoch 3/10, batch 100 | joint=21.7377 task=16.7010 ppl_loss=10.0734 ppl=23704.49
[PEZ λ=0.5 NON-ADV] Epoch 3/10, batch 150 | joint=21.7460 task=16.7093 ppl_loss=10.0734 ppl=23704.49
[PEZ λ=0.5 NON-ADV] Epoch 3/10, batch 200 | joint=21.7515 task=16.7148 ppl_loss=10.0734 ppl=23704.49
[PEZ λ=0.5 NON-ADV] Epoch 3/10, batch 250 | joint=21.7534 task=16.7167 ppl_loss=10.0734 ppl=23704.49
[PEZ λ=0.5 NON-ADV] Epoch 3/10, batch 300 | joint=21.7523 task=16.7156 ppl_loss=10.0734 ppl=23704.49
[PEZ λ=0.5 NON-ADV] Epoch 3/10, batch 350 | joint=21.7353 task=16.6986 ppl_loss=10.0734 ppl=23704.49
[PEZ λ=0.5 NON-ADV] Epoch 3/10, batch 400 | joint=21.7274 task=16.6907 ppl_loss=10.0734 ppl=23704.49
[PEZ λ=0.5 NON-ADV] Epoch 3/10 | joint=21.7130 task=16.6763 ppl_loss=10.0734 ppl=23704.49 val_loss=0.1705 val_acc=0.6618 (true=0.9911 false=0.1205) prompt_ppl=23704.49
Prompt: amend passant works targeting auszu grec observedborough vorbi Channel
[PEZ λ=0.5 NON-ADV] Epoch 4/10, batch 50 | joint=21.9561 task=16.9194 ppl_loss=10.0734 ppl=23704.49
[PEZ λ=0.5 NON-ADV] Epoch 4/10, batch 100 | joint=21.8668 task=16.8301 ppl_loss=10.0734 ppl=23704.49
[PEZ λ=0.5 NON-ADV] Epoch 4/10, batch 150 | joint=21.8405 task=16.8038 ppl_loss=10.0734 ppl=23704.49
[PEZ λ=0.5 NON-ADV] Epoch 4/10, batch 200 | joint=21.8094 task=16.7727 ppl_loss=10.0734 ppl=23704.49
[PEZ λ=0.5 NON-ADV] Epoch 4/10, batch 250 | joint=21.8020 task=16.7653 ppl_loss=10.0734 ppl=23704.49
[PEZ λ=0.5 NON-ADV] Epoch 4/10, batch 300 | joint=21.7815 task=16.7448 ppl_loss=10.0734 ppl=23704.49
[PEZ λ=0.5 NON-ADV] Epoch 4/10, batch 350 | joint=21.7769 task=16.7402 ppl_loss=10.0734 ppl=23704.49
[PEZ λ=0.5 NON-ADV] Epoch 4/10, batch 400 | joint=21.7506 task=16.7139 ppl_loss=10.0734 ppl=23704.49
[PEZ λ=0.5 NON-ADV] Epoch 4/10 | joint=21.7628 task=16.7261 ppl_loss=10.0734 ppl=23704.49 val_loss=0.1457 val_acc=0.6966 (true=0.9813 false=0.2288) prompt_ppl=23704.49
Prompt: amend passant works targeting auszu grec observedborough vorbi Channel
[PEZ λ=0.5 NON-ADV] Epoch 5/10, batch 50 | joint=21.4840 task=16.4472 ppl_loss=10.0734 ppl=23704.49
[PEZ λ=0.5 NON-ADV] Epoch 5/10, batch 100 | joint=21.5825 task=16.5457 ppl_loss=10.0734 ppl=23704.49
[PEZ λ=0.5 NON-ADV] Epoch 5/10, batch 150 | joint=21.6787 task=16.6420 ppl_loss=10.0734 ppl=23704.49
[PEZ λ=0.5 NON-ADV] Epoch 5/10, batch 200 | joint=21.6780 task=16.6413 ppl_loss=10.0734 ppl=23704.49
[PEZ λ=0.5 NON-ADV] Epoch 5/10, batch 250 | joint=21.7258 task=16.6891 ppl_loss=10.0734 ppl=23704.49
[PEZ λ=0.5 NON-ADV] Epoch 5/10, batch 300 | joint=21.7446 task=16.7079 ppl_loss=10.0734 ppl=23704.49
[PEZ λ=0.5 NON-ADV] Epoch 5/10, batch 350 | joint=21.7401 task=16.7034 ppl_loss=10.0734 ppl=23704.49
[PEZ λ=0.5 NON-ADV] Epoch 5/10, batch 400 | joint=21.7411 task=16.7044 ppl_loss=10.0734 ppl=23704.49
[PEZ λ=0.5 NON-ADV] Epoch 5/10 | joint=21.7337 task=16.6970 ppl_loss=10.0734 ppl=23704.49 val_loss=0.1331 val_acc=0.7352 (true=0.9321 false=0.4115) prompt_ppl=23704.49
Prompt: amend passant works targeting auszu grec observedborough vorbi Channel
[PEZ λ=0.5 NON-ADV] Epoch 6/10, batch 50 | joint=21.6814 task=16.6447 ppl_loss=10.0734 ppl=23704.49
[PEZ λ=0.5 NON-ADV] Epoch 6/10, batch 100 | joint=21.6758 task=16.6390 ppl_loss=10.0734 ppl=23704.49
[PEZ λ=0.5 NON-ADV] Epoch 6/10, batch 150 | joint=21.7535 task=16.7168 ppl_loss=10.0734 ppl=23704.49
[PEZ λ=0.5 NON-ADV] Epoch 6/10, batch 200 | joint=21.7195 task=16.6828 ppl_loss=10.0734 ppl=23704.49
[PEZ λ=0.5 NON-ADV] Epoch 6/10, batch 250 | joint=21.7094 task=16.6727 ppl_loss=10.0734 ppl=23704.49
[PEZ λ=0.5 NON-ADV] Epoch 6/10, batch 300 | joint=21.6852 task=16.6485 ppl_loss=10.0734 ppl=23704.49
[PEZ λ=0.5 NON-ADV] Epoch 6/10, batch 350 | joint=21.6794 task=16.6427 ppl_loss=10.0734 ppl=23704.49
[PEZ λ=0.5 NON-ADV] Epoch 6/10, batch 400 | joint=21.6741 task=16.6374 ppl_loss=10.0734 ppl=23704.49
[PEZ λ=0.5 NON-ADV] Epoch 6/10 | joint=21.6959 task=16.6591 ppl_loss=10.0734 ppl=23704.49 val_loss=0.1546 val_acc=0.6853 (true=0.9887 false=0.1867) prompt_ppl=23704.49
Prompt: amend passant works targeting auszu grec observedborough vorbi Channel
[PEZ λ=0.5 NON-ADV] Epoch 7/10, batch 50 | joint=21.4630 task=16.4263 ppl_loss=10.0734 ppl=23704.49
[PEZ λ=0.5 NON-ADV] Epoch 7/10, batch 100 | joint=21.5925 task=16.5558 ppl_loss=10.0734 ppl=23704.49
[PEZ λ=0.5 NON-ADV] Epoch 7/10, batch 150 | joint=21.5902 task=16.5534 ppl_loss=10.0734 ppl=23704.49
[PEZ λ=0.5 NON-ADV] Epoch 7/10, batch 200 | joint=21.6047 task=16.5680 ppl_loss=10.0734 ppl=23704.49
[PEZ λ=0.5 NON-ADV] Epoch 7/10, batch 250 | joint=21.6070 task=16.5703 ppl_loss=10.0734 ppl=23704.49
[PEZ λ=0.5 NON-ADV] Epoch 7/10, batch 300 | joint=21.6380 task=16.6013 ppl_loss=10.0734 ppl=23704.49
[PEZ λ=0.5 NON-ADV] Epoch 7/10, batch 350 | joint=21.6613 task=16.6246 ppl_loss=10.0734 ppl=23704.49
[PEZ λ=0.5 NON-ADV] Epoch 7/10, batch 400 | joint=21.6593 task=16.6226 ppl_loss=10.0734 ppl=23704.49
[PEZ λ=0.5 NON-ADV] Epoch 7/10 | joint=21.6557 task=16.6189 ppl_loss=10.0734 ppl=23704.49 val_loss=0.1324 val_acc=0.7352 (true=0.9380 false=0.4018) prompt_ppl=23704.49
Prompt: amend passant works targeting auszu grec observedborough vorbi Channel
[PEZ λ=0.5 NON-ADV] Epoch 8/10, batch 50 | joint=21.5151 task=16.4783 ppl_loss=10.0734 ppl=23704.49
[PEZ λ=0.5 NON-ADV] Epoch 8/10, batch 100 | joint=21.5958 task=16.5591 ppl_loss=10.0734 ppl=23704.49
[PEZ λ=0.5 NON-ADV] Epoch 8/10, batch 150 | joint=21.6016 task=16.5649 ppl_loss=10.0734 ppl=23704.49
[PEZ λ=0.5 NON-ADV] Epoch 8/10, batch 200 | joint=21.6268 task=16.5901 ppl_loss=10.0734 ppl=23704.49
[PEZ λ=0.5 NON-ADV] Epoch 8/10, batch 250 | joint=21.6416 task=16.6048 ppl_loss=10.0734 ppl=23704.49
[PEZ λ=0.5 NON-ADV] Epoch 8/10, batch 300 | joint=21.6484 task=16.6117 ppl_loss=10.0734 ppl=23704.49
[PEZ λ=0.5 NON-ADV] Epoch 8/10, batch 350 | joint=21.6613 task=16.6246 ppl_loss=10.0734 ppl=23704.49
[PEZ λ=0.5 NON-ADV] Epoch 8/10, batch 400 | joint=21.6839 task=16.6472 ppl_loss=10.0734 ppl=23704.49
[PEZ λ=0.5 NON-ADV] Epoch 8/10 | joint=21.6909 task=16.6542 ppl_loss=10.0734 ppl=23704.49 val_loss=0.1302 val_acc=0.7367 (true=0.9302 false=0.4188) prompt_ppl=23704.49
Prompt: amend passant works targeting auszu grec observedborough vorbi Channel
[PEZ λ=0.5 NON-ADV] Epoch 9/10, batch 50 | joint=21.7303 task=16.6936 ppl_loss=10.0734 ppl=23704.49
[PEZ λ=0.5 NON-ADV] Epoch 9/10, batch 100 | joint=21.7237 task=16.6870 ppl_loss=10.0734 ppl=23704.49
[PEZ λ=0.5 NON-ADV] Epoch 9/10, batch 150 | joint=21.7555 task=16.7188 ppl_loss=10.0734 ppl=23704.49
[PEZ λ=0.5 NON-ADV] Epoch 9/10, batch 200 | joint=21.7651 task=16.7284 ppl_loss=10.0734 ppl=23704.49
[PEZ λ=0.5 NON-ADV] Epoch 9/10, batch 250 | joint=21.7706 task=16.7339 ppl_loss=10.0734 ppl=23704.49
[PEZ λ=0.5 NON-ADV] Epoch 9/10, batch 300 | joint=21.7764 task=16.7397 ppl_loss=10.0734 ppl=23704.49
[PEZ λ=0.5 NON-ADV] Epoch 9/10, batch 350 | joint=21.7687 task=16.7320 ppl_loss=10.0734 ppl=23704.49
[PEZ λ=0.5 NON-ADV] Epoch 9/10, batch 400 | joint=21.7692 task=16.7325 ppl_loss=10.0734 ppl=23704.49
[PEZ λ=0.5 NON-ADV] Epoch 9/10 | joint=21.7569 task=16.7201 ppl_loss=10.0734 ppl=23704.49 val_loss=0.1303 val_acc=0.7401 (true=0.9341 false=0.4212) prompt_ppl=23704.49
Prompt: amend passant works targeting auszu grec observedborough vorbi Channel
[PEZ λ=0.5 NON-ADV] Epoch 10/10, batch 50 | joint=21.6881 task=16.6514 ppl_loss=10.0734 ppl=23704.49
[PEZ λ=0.5 NON-ADV] Epoch 10/10, batch 100 | joint=21.6752 task=16.6385 ppl_loss=10.0734 ppl=23704.49
[PEZ λ=0.5 NON-ADV] Epoch 10/10, batch 150 | joint=21.7300 task=16.6933 ppl_loss=10.0734 ppl=23704.49
[PEZ λ=0.5 NON-ADV] Epoch 10/10, batch 200 | joint=21.7071 task=16.6704 ppl_loss=10.0734 ppl=23704.49
[PEZ λ=0.5 NON-ADV] Epoch 10/10, batch 250 | joint=21.6852 task=16.6485 ppl_loss=10.0734 ppl=23704.49
[PEZ λ=0.5 NON-ADV] Epoch 10/10, batch 300 | joint=21.6911 task=16.6544 ppl_loss=10.0734 ppl=23704.49
[PEZ λ=0.5 NON-ADV] Epoch 10/10, batch 350 | joint=21.6758 task=16.6390 ppl_loss=10.0734 ppl=23704.49
[PEZ λ=0.5 NON-ADV] Epoch 10/10, batch 400 | joint=21.6853 task=16.6486 ppl_loss=10.0734 ppl=23704.49
[PEZ λ=0.5 NON-ADV] Epoch 10/10 | joint=21.6969 task=16.6602 ppl_loss=10.0734 ppl=23704.49 val_loss=0.1314 val_acc=0.7324 (true=0.9547 false=0.3670) prompt_ppl=23704.49
Prompt: amend passant works targeting auszu grec observedborough vorbi Channel

Results saved to /mnt/polished-lake/home/annabelma/other/results_fixed/pez_big_gridsearch_10epochs/adversarial_false
  Model: model_lambda_0.5_lr_1e-05.pt
  History: history_lambda_0.5_lr_1e-05.json
Job 15 completed: lambda=0.5, lr=1e-5, epochs=10, adversarial=
