Using device: cuda
Lambda: 0.0, LR: 0.01, Adversarial: False

Loading T5 tokenizer...

Loading GPT-2 for prompt perplexity...

Loading BoolQ dataset...
Balanced BoolQ train: 7106 examples (3553 True, 3553 False)
[PEZ λ=0.0 NON-ADV] Epoch 1/10, batch 50 | joint=16.6135 task=16.6135 ppl_loss=0.0000 ppl=0.00
[PEZ λ=0.0 NON-ADV] Epoch 1/10, batch 100 | joint=16.6155 task=16.6155 ppl_loss=0.0000 ppl=0.00
[PEZ λ=0.0 NON-ADV] Epoch 1/10, batch 150 | joint=16.5970 task=16.5970 ppl_loss=0.0000 ppl=0.00
[PEZ λ=0.0 NON-ADV] Epoch 1/10, batch 200 | joint=16.5971 task=16.5971 ppl_loss=0.0000 ppl=0.00
[PEZ λ=0.0 NON-ADV] Epoch 1/10, batch 250 | joint=16.5891 task=16.5891 ppl_loss=0.0000 ppl=0.00
[PEZ λ=0.0 NON-ADV] Epoch 1/10, batch 300 | joint=16.6028 task=16.6028 ppl_loss=0.0000 ppl=0.00
[PEZ λ=0.0 NON-ADV] Epoch 1/10, batch 350 | joint=16.5849 task=16.5849 ppl_loss=0.0000 ppl=0.00
[PEZ λ=0.0 NON-ADV] Epoch 1/10, batch 400 | joint=16.5887 task=16.5887 ppl_loss=0.0000 ppl=0.00
[PEZ λ=0.0 NON-ADV] Epoch 1/10 | joint=16.5836 task=16.5836 ppl_loss=0.0000 ppl=0.00 val_loss=0.2157 val_acc=0.6281 (true=1.0000 false=0.0170) prompt_ppl=0.00
Prompt: ția indicat Hiddenengagement Cash InterWateraloo sides interessieren
[PEZ λ=0.0 NON-ADV] Epoch 2/10, batch 50 | joint=16.8092 task=16.8092 ppl_loss=0.0000 ppl=0.00
[PEZ λ=0.0 NON-ADV] Epoch 2/10, batch 100 | joint=16.6554 task=16.6554 ppl_loss=0.0000 ppl=0.00
[PEZ λ=0.0 NON-ADV] Epoch 2/10, batch 150 | joint=16.6740 task=16.6740 ppl_loss=0.0000 ppl=0.00
[PEZ λ=0.0 NON-ADV] Epoch 2/10, batch 200 | joint=16.6247 task=16.6247 ppl_loss=0.0000 ppl=0.00
[PEZ λ=0.0 NON-ADV] Epoch 2/10, batch 250 | joint=16.5925 task=16.5925 ppl_loss=0.0000 ppl=0.00
[PEZ λ=0.0 NON-ADV] Epoch 2/10, batch 300 | joint=16.6067 task=16.6067 ppl_loss=0.0000 ppl=0.00
[PEZ λ=0.0 NON-ADV] Epoch 2/10, batch 350 | joint=16.6019 task=16.6019 ppl_loss=0.0000 ppl=0.00
[PEZ λ=0.0 NON-ADV] Epoch 2/10, batch 400 | joint=16.5775 task=16.5775 ppl_loss=0.0000 ppl=0.00
[PEZ λ=0.0 NON-ADV] Epoch 2/10 | joint=16.5912 task=16.5912 ppl_loss=0.0000 ppl=0.00 val_loss=0.1564 val_acc=0.6532 (true=0.9961 false=0.0897) prompt_ppl=0.00
Prompt: ția indicat Hiddenengagement Cash InterWateraloo sides interessieren
[PEZ λ=0.0 NON-ADV] Epoch 3/10, batch 50 | joint=16.6099 task=16.6099 ppl_loss=0.0000 ppl=0.00
[PEZ λ=0.0 NON-ADV] Epoch 3/10, batch 100 | joint=16.6297 task=16.6297 ppl_loss=0.0000 ppl=0.00
[PEZ λ=0.0 NON-ADV] Epoch 3/10, batch 150 | joint=16.6569 task=16.6569 ppl_loss=0.0000 ppl=0.00
[PEZ λ=0.0 NON-ADV] Epoch 3/10, batch 200 | joint=16.6472 task=16.6472 ppl_loss=0.0000 ppl=0.00
[PEZ λ=0.0 NON-ADV] Epoch 3/10, batch 250 | joint=16.6212 task=16.6212 ppl_loss=0.0000 ppl=0.00
[PEZ λ=0.0 NON-ADV] Epoch 3/10, batch 300 | joint=16.6372 task=16.6372 ppl_loss=0.0000 ppl=0.00
[PEZ λ=0.0 NON-ADV] Epoch 3/10, batch 350 | joint=16.6554 task=16.6554 ppl_loss=0.0000 ppl=0.00
[PEZ λ=0.0 NON-ADV] Epoch 3/10, batch 400 | joint=16.6177 task=16.6177 ppl_loss=0.0000 ppl=0.00
[PEZ λ=0.0 NON-ADV] Epoch 3/10 | joint=16.6176 task=16.6176 ppl_loss=0.0000 ppl=0.00 val_loss=0.1509 val_acc=0.7168 (true=0.9075 false=0.4034) prompt_ppl=0.00
Prompt: ția indicat Hiddenengagement Cash InterWateraloo sides interessieren
[PEZ λ=0.0 NON-ADV] Epoch 4/10, batch 50 | joint=16.5162 task=16.5162 ppl_loss=0.0000 ppl=0.00
[PEZ λ=0.0 NON-ADV] Epoch 4/10, batch 100 | joint=16.6090 task=16.6090 ppl_loss=0.0000 ppl=0.00
[PEZ λ=0.0 NON-ADV] Epoch 4/10, batch 150 | joint=16.6549 task=16.6549 ppl_loss=0.0000 ppl=0.00
[PEZ λ=0.0 NON-ADV] Epoch 4/10, batch 200 | joint=16.6759 task=16.6759 ppl_loss=0.0000 ppl=0.00
[PEZ λ=0.0 NON-ADV] Epoch 4/10, batch 250 | joint=16.6665 task=16.6665 ppl_loss=0.0000 ppl=0.00
[PEZ λ=0.0 NON-ADV] Epoch 4/10, batch 300 | joint=16.6623 task=16.6623 ppl_loss=0.0000 ppl=0.00
[PEZ λ=0.0 NON-ADV] Epoch 4/10, batch 350 | joint=16.6556 task=16.6556 ppl_loss=0.0000 ppl=0.00
[PEZ λ=0.0 NON-ADV] Epoch 4/10, batch 400 | joint=16.6354 task=16.6354 ppl_loss=0.0000 ppl=0.00
[PEZ λ=0.0 NON-ADV] Epoch 4/10 | joint=16.6461 task=16.6461 ppl_loss=0.0000 ppl=0.00 val_loss=0.1464 val_acc=0.7024 (true=0.9725 false=0.2587) prompt_ppl=0.00
Prompt: ția indicat Hiddenengagement Cash InterWateraloo sides interessieren
[PEZ λ=0.0 NON-ADV] Epoch 5/10, batch 50 | joint=16.5816 task=16.5816 ppl_loss=0.0000 ppl=0.00
[PEZ λ=0.0 NON-ADV] Epoch 5/10, batch 100 | joint=16.6818 task=16.6818 ppl_loss=0.0000 ppl=0.00
[PEZ λ=0.0 NON-ADV] Epoch 5/10, batch 150 | joint=16.6481 task=16.6481 ppl_loss=0.0000 ppl=0.00
[PEZ λ=0.0 NON-ADV] Epoch 5/10, batch 200 | joint=16.6415 task=16.6415 ppl_loss=0.0000 ppl=0.00
[PEZ λ=0.0 NON-ADV] Epoch 5/10, batch 250 | joint=16.6518 task=16.6518 ppl_loss=0.0000 ppl=0.00
[PEZ λ=0.0 NON-ADV] Epoch 5/10, batch 300 | joint=16.6544 task=16.6544 ppl_loss=0.0000 ppl=0.00
[PEZ λ=0.0 NON-ADV] Epoch 5/10, batch 350 | joint=16.6672 task=16.6672 ppl_loss=0.0000 ppl=0.00
[PEZ λ=0.0 NON-ADV] Epoch 5/10, batch 400 | joint=16.6481 task=16.6481 ppl_loss=0.0000 ppl=0.00
[PEZ λ=0.0 NON-ADV] Epoch 5/10 | joint=16.6443 task=16.6443 ppl_loss=0.0000 ppl=0.00 val_loss=0.1451 val_acc=0.6988 (true=0.9784 false=0.2393) prompt_ppl=0.00
Prompt: ția indicat Hiddenengagement Cash InterWateraloo sides interessieren
[PEZ λ=0.0 NON-ADV] Epoch 6/10, batch 50 | joint=16.7183 task=16.7183 ppl_loss=0.0000 ppl=0.00
[PEZ λ=0.0 NON-ADV] Epoch 6/10, batch 100 | joint=16.6824 task=16.6824 ppl_loss=0.0000 ppl=0.00
[PEZ λ=0.0 NON-ADV] Epoch 6/10, batch 150 | joint=16.6686 task=16.6686 ppl_loss=0.0000 ppl=0.00
[PEZ λ=0.0 NON-ADV] Epoch 6/10, batch 200 | joint=16.6341 task=16.6341 ppl_loss=0.0000 ppl=0.00
[PEZ λ=0.0 NON-ADV] Epoch 6/10, batch 250 | joint=16.6401 task=16.6401 ppl_loss=0.0000 ppl=0.00
[PEZ λ=0.0 NON-ADV] Epoch 6/10, batch 300 | joint=16.6173 task=16.6173 ppl_loss=0.0000 ppl=0.00
[PEZ λ=0.0 NON-ADV] Epoch 6/10, batch 350 | joint=16.6242 task=16.6242 ppl_loss=0.0000 ppl=0.00
[PEZ λ=0.0 NON-ADV] Epoch 6/10, batch 400 | joint=16.6316 task=16.6316 ppl_loss=0.0000 ppl=0.00
[PEZ λ=0.0 NON-ADV] Epoch 6/10 | joint=16.6705 task=16.6705 ppl_loss=0.0000 ppl=0.00 val_loss=0.1398 val_acc=0.7147 (true=0.9710 false=0.2935) prompt_ppl=0.00
Prompt: ția indicat Hiddenengagement Cash InterWateraloo sides interessieren
[PEZ λ=0.0 NON-ADV] Epoch 7/10, batch 50 | joint=16.5582 task=16.5582 ppl_loss=0.0000 ppl=0.00
[PEZ λ=0.0 NON-ADV] Epoch 7/10, batch 100 | joint=16.6133 task=16.6133 ppl_loss=0.0000 ppl=0.00
[PEZ λ=0.0 NON-ADV] Epoch 7/10, batch 150 | joint=16.6332 task=16.6332 ppl_loss=0.0000 ppl=0.00
[PEZ λ=0.0 NON-ADV] Epoch 7/10, batch 200 | joint=16.5906 task=16.5906 ppl_loss=0.0000 ppl=0.00
[PEZ λ=0.0 NON-ADV] Epoch 7/10, batch 250 | joint=16.5691 task=16.5691 ppl_loss=0.0000 ppl=0.00
[PEZ λ=0.0 NON-ADV] Epoch 7/10, batch 300 | joint=16.5811 task=16.5811 ppl_loss=0.0000 ppl=0.00
[PEZ λ=0.0 NON-ADV] Epoch 7/10, batch 350 | joint=16.5842 task=16.5842 ppl_loss=0.0000 ppl=0.00
[PEZ λ=0.0 NON-ADV] Epoch 7/10, batch 400 | joint=16.5913 task=16.5913 ppl_loss=0.0000 ppl=0.00
[PEZ λ=0.0 NON-ADV] Epoch 7/10 | joint=16.6087 task=16.6087 ppl_loss=0.0000 ppl=0.00 val_loss=0.1352 val_acc=0.7486 (true=0.8633 false=0.5602) prompt_ppl=0.00
Prompt: ția indicat Hiddenengagement Cash InterWateraloo sides interessieren
[PEZ λ=0.0 NON-ADV] Epoch 8/10, batch 50 | joint=16.6045 task=16.6045 ppl_loss=0.0000 ppl=0.00
[PEZ λ=0.0 NON-ADV] Epoch 8/10, batch 100 | joint=16.5534 task=16.5534 ppl_loss=0.0000 ppl=0.00
[PEZ λ=0.0 NON-ADV] Epoch 8/10, batch 150 | joint=16.5910 task=16.5910 ppl_loss=0.0000 ppl=0.00
[PEZ λ=0.0 NON-ADV] Epoch 8/10, batch 200 | joint=16.5982 task=16.5982 ppl_loss=0.0000 ppl=0.00
[PEZ λ=0.0 NON-ADV] Epoch 8/10, batch 250 | joint=16.5765 task=16.5765 ppl_loss=0.0000 ppl=0.00
[PEZ λ=0.0 NON-ADV] Epoch 8/10, batch 300 | joint=16.5774 task=16.5774 ppl_loss=0.0000 ppl=0.00
[PEZ λ=0.0 NON-ADV] Epoch 8/10, batch 350 | joint=16.5941 task=16.5941 ppl_loss=0.0000 ppl=0.00
[PEZ λ=0.0 NON-ADV] Epoch 8/10, batch 400 | joint=16.6072 task=16.6072 ppl_loss=0.0000 ppl=0.00
[PEZ λ=0.0 NON-ADV] Epoch 8/10 | joint=16.6127 task=16.6127 ppl_loss=0.0000 ppl=0.00 val_loss=0.1322 val_acc=0.7327 (true=0.9557 false=0.3662) prompt_ppl=0.00
Prompt: ția indicat Hiddenengagement Cash InterWateraloo sides interessieren
[PEZ λ=0.0 NON-ADV] Epoch 9/10, batch 50 | joint=16.6139 task=16.6139 ppl_loss=0.0000 ppl=0.00
[PEZ λ=0.0 NON-ADV] Epoch 9/10, batch 100 | joint=16.6226 task=16.6226 ppl_loss=0.0000 ppl=0.00
[PEZ λ=0.0 NON-ADV] Epoch 9/10, batch 150 | joint=16.5929 task=16.5929 ppl_loss=0.0000 ppl=0.00
[PEZ λ=0.0 NON-ADV] Epoch 9/10, batch 200 | joint=16.6036 task=16.6036 ppl_loss=0.0000 ppl=0.00
[PEZ λ=0.0 NON-ADV] Epoch 9/10, batch 250 | joint=16.6265 task=16.6265 ppl_loss=0.0000 ppl=0.00
[PEZ λ=0.0 NON-ADV] Epoch 9/10, batch 300 | joint=16.6395 task=16.6395 ppl_loss=0.0000 ppl=0.00
[PEZ λ=0.0 NON-ADV] Epoch 9/10, batch 350 | joint=16.6557 task=16.6557 ppl_loss=0.0000 ppl=0.00
[PEZ λ=0.0 NON-ADV] Epoch 9/10, batch 400 | joint=16.6560 task=16.6560 ppl_loss=0.0000 ppl=0.00
[PEZ λ=0.0 NON-ADV] Epoch 9/10 | joint=16.6601 task=16.6601 ppl_loss=0.0000 ppl=0.00 val_loss=0.1302 val_acc=0.7575 (true=0.8490 false=0.6071) prompt_ppl=0.00
Prompt: ția indicat Hiddenengagement Cash InterWateraloo sides interessieren
[PEZ λ=0.0 NON-ADV] Epoch 10/10, batch 50 | joint=16.6533 task=16.6533 ppl_loss=0.0000 ppl=0.00
[PEZ λ=0.0 NON-ADV] Epoch 10/10, batch 100 | joint=16.5491 task=16.5491 ppl_loss=0.0000 ppl=0.00
[PEZ λ=0.0 NON-ADV] Epoch 10/10, batch 150 | joint=16.5633 task=16.5633 ppl_loss=0.0000 ppl=0.00
[PEZ λ=0.0 NON-ADV] Epoch 10/10, batch 200 | joint=16.5859 task=16.5859 ppl_loss=0.0000 ppl=0.00
[PEZ λ=0.0 NON-ADV] Epoch 10/10, batch 250 | joint=16.6251 task=16.6251 ppl_loss=0.0000 ppl=0.00
[PEZ λ=0.0 NON-ADV] Epoch 10/10, batch 300 | joint=16.6526 task=16.6526 ppl_loss=0.0000 ppl=0.00
[PEZ λ=0.0 NON-ADV] Epoch 10/10, batch 350 | joint=16.6554 task=16.6554 ppl_loss=0.0000 ppl=0.00
[PEZ λ=0.0 NON-ADV] Epoch 10/10, batch 400 | joint=16.6429 task=16.6429 ppl_loss=0.0000 ppl=0.00
[PEZ λ=0.0 NON-ADV] Epoch 10/10 | joint=16.6365 task=16.6365 ppl_loss=0.0000 ppl=0.00 val_loss=0.1278 val_acc=0.7661 (true=0.8416 false=0.6419) prompt_ppl=0.00
Prompt: ția indicat Hiddenengagement Cash InterWateraloo sides interessieren

Results saved to /mnt/polished-lake/home/annabelma/other/results_fixed/pez_big_gridsearch_10epochs/adversarial_false
  Model: model_lambda_0.0_lr_0.01.pt
  History: history_lambda_0.0_lr_0.01.json
Job 33 completed: lambda=0, lr=1e-2, epochs=10, adversarial=
