Using device: cuda
Lambda: 0.0, LR: 0.0001, Adversarial: False

Loading T5 tokenizer...

Loading GPT-2 for prompt perplexity...

Loading BoolQ dataset...
Balanced BoolQ train: 7106 examples (3553 True, 3553 False)
[PEZ λ=0.0 NON-ADV] Epoch 1/5, batch 50 | joint=16.4925 task=16.4925 ppl_loss=0.0000 ppl=0.00
[PEZ λ=0.0 NON-ADV] Epoch 1/5, batch 100 | joint=16.6020 task=16.6020 ppl_loss=0.0000 ppl=0.00
[PEZ λ=0.0 NON-ADV] Epoch 1/5, batch 150 | joint=16.6364 task=16.6364 ppl_loss=0.0000 ppl=0.00
[PEZ λ=0.0 NON-ADV] Epoch 1/5, batch 200 | joint=16.6016 task=16.6016 ppl_loss=0.0000 ppl=0.00
[PEZ λ=0.0 NON-ADV] Epoch 1/5, batch 250 | joint=16.6206 task=16.6206 ppl_loss=0.0000 ppl=0.00
[PEZ λ=0.0 NON-ADV] Epoch 1/5, batch 300 | joint=16.6316 task=16.6316 ppl_loss=0.0000 ppl=0.00
[PEZ λ=0.0 NON-ADV] Epoch 1/5, batch 350 | joint=16.6297 task=16.6297 ppl_loss=0.0000 ppl=0.00
[PEZ λ=0.0 NON-ADV] Epoch 1/5, batch 400 | joint=16.6060 task=16.6060 ppl_loss=0.0000 ppl=0.00
[PEZ λ=0.0 NON-ADV] Epoch 1/5 | joint=16.6131 task=16.6131 ppl_loss=0.0000 ppl=0.00 val_loss=0.1414 val_acc=0.7266 (true=0.7177 false=0.7413) prompt_ppl=0.00
Prompt: ist importanț ușoar omul fabric AmendmentSuddenlyippo circul yards
[PEZ λ=0.0 NON-ADV] Epoch 2/5, batch 50 | joint=16.5858 task=16.5858 ppl_loss=0.0000 ppl=0.00
[PEZ λ=0.0 NON-ADV] Epoch 2/5, batch 100 | joint=16.5921 task=16.5921 ppl_loss=0.0000 ppl=0.00
[PEZ λ=0.0 NON-ADV] Epoch 2/5, batch 150 | joint=16.5454 task=16.5454 ppl_loss=0.0000 ppl=0.00
[PEZ λ=0.0 NON-ADV] Epoch 2/5, batch 200 | joint=16.5607 task=16.5607 ppl_loss=0.0000 ppl=0.00
[PEZ λ=0.0 NON-ADV] Epoch 2/5, batch 250 | joint=16.5591 task=16.5591 ppl_loss=0.0000 ppl=0.00
[PEZ λ=0.0 NON-ADV] Epoch 2/5, batch 300 | joint=16.5770 task=16.5770 ppl_loss=0.0000 ppl=0.00
[PEZ λ=0.0 NON-ADV] Epoch 2/5, batch 350 | joint=16.5499 task=16.5499 ppl_loss=0.0000 ppl=0.00
[PEZ λ=0.0 NON-ADV] Epoch 2/5, batch 400 | joint=16.5699 task=16.5699 ppl_loss=0.0000 ppl=0.00
[PEZ λ=0.0 NON-ADV] Epoch 2/5 | joint=16.5675 task=16.5675 ppl_loss=0.0000 ppl=0.00 val_loss=0.1277 val_acc=0.7498 (true=0.9469 false=0.4260) prompt_ppl=0.00
Prompt: ist importanț ușoar omul fabric AmendmentSuddenlyippo circul yards
[PEZ λ=0.0 NON-ADV] Epoch 3/5, batch 50 | joint=16.6326 task=16.6326 ppl_loss=0.0000 ppl=0.00
[PEZ λ=0.0 NON-ADV] Epoch 3/5, batch 100 | joint=16.5755 task=16.5755 ppl_loss=0.0000 ppl=0.00
[PEZ λ=0.0 NON-ADV] Epoch 3/5, batch 150 | joint=16.5930 task=16.5930 ppl_loss=0.0000 ppl=0.00
[PEZ λ=0.0 NON-ADV] Epoch 3/5, batch 200 | joint=16.6074 task=16.6074 ppl_loss=0.0000 ppl=0.00
[PEZ λ=0.0 NON-ADV] Epoch 3/5, batch 250 | joint=16.6263 task=16.6263 ppl_loss=0.0000 ppl=0.00
[PEZ λ=0.0 NON-ADV] Epoch 3/5, batch 300 | joint=16.6097 task=16.6097 ppl_loss=0.0000 ppl=0.00
[PEZ λ=0.0 NON-ADV] Epoch 3/5, batch 350 | joint=16.5991 task=16.5991 ppl_loss=0.0000 ppl=0.00
[PEZ λ=0.0 NON-ADV] Epoch 3/5, batch 400 | joint=16.5958 task=16.5958 ppl_loss=0.0000 ppl=0.00
[PEZ λ=0.0 NON-ADV] Epoch 3/5 | joint=16.5713 task=16.5713 ppl_loss=0.0000 ppl=0.00 val_loss=0.1435 val_acc=0.7168 (true=0.6503 false=0.8262) prompt_ppl=0.00
Prompt: ist importanț ușoar omul fabric AmendmentSuddenlyippo circul yards
[PEZ λ=0.0 NON-ADV] Epoch 4/5, batch 50 | joint=16.4719 task=16.4719 ppl_loss=0.0000 ppl=0.00
[PEZ λ=0.0 NON-ADV] Epoch 4/5, batch 100 | joint=16.5547 task=16.5547 ppl_loss=0.0000 ppl=0.00
[PEZ λ=0.0 NON-ADV] Epoch 4/5, batch 150 | joint=16.6106 task=16.6106 ppl_loss=0.0000 ppl=0.00
[PEZ λ=0.0 NON-ADV] Epoch 4/5, batch 200 | joint=16.5803 task=16.5803 ppl_loss=0.0000 ppl=0.00
[PEZ λ=0.0 NON-ADV] Epoch 4/5, batch 250 | joint=16.5832 task=16.5832 ppl_loss=0.0000 ppl=0.00
[PEZ λ=0.0 NON-ADV] Epoch 4/5, batch 300 | joint=16.5820 task=16.5820 ppl_loss=0.0000 ppl=0.00
[PEZ λ=0.0 NON-ADV] Epoch 4/5, batch 350 | joint=16.5980 task=16.5980 ppl_loss=0.0000 ppl=0.00
[PEZ λ=0.0 NON-ADV] Epoch 4/5, batch 400 | joint=16.5933 task=16.5933 ppl_loss=0.0000 ppl=0.00
[PEZ λ=0.0 NON-ADV] Epoch 4/5 | joint=16.6157 task=16.6157 ppl_loss=0.0000 ppl=0.00 val_loss=0.1234 val_acc=0.7599 (true=0.9415 false=0.4616) prompt_ppl=0.00
Prompt: ist importanț ușoar omul fabric AmendmentSuddenlyippo circul yards
[PEZ λ=0.0 NON-ADV] Epoch 5/5, batch 50 | joint=16.6809 task=16.6809 ppl_loss=0.0000 ppl=0.00
[PEZ λ=0.0 NON-ADV] Epoch 5/5, batch 100 | joint=16.6182 task=16.6182 ppl_loss=0.0000 ppl=0.00
[PEZ λ=0.0 NON-ADV] Epoch 5/5, batch 150 | joint=16.5829 task=16.5829 ppl_loss=0.0000 ppl=0.00
[PEZ λ=0.0 NON-ADV] Epoch 5/5, batch 200 | joint=16.5682 task=16.5682 ppl_loss=0.0000 ppl=0.00
[PEZ λ=0.0 NON-ADV] Epoch 5/5, batch 250 | joint=16.5927 task=16.5927 ppl_loss=0.0000 ppl=0.00
[PEZ λ=0.0 NON-ADV] Epoch 5/5, batch 300 | joint=16.5598 task=16.5598 ppl_loss=0.0000 ppl=0.00
[PEZ λ=0.0 NON-ADV] Epoch 5/5, batch 350 | joint=16.5838 task=16.5838 ppl_loss=0.0000 ppl=0.00
[PEZ λ=0.0 NON-ADV] Epoch 5/5, batch 400 | joint=16.5944 task=16.5944 ppl_loss=0.0000 ppl=0.00
[PEZ λ=0.0 NON-ADV] Epoch 5/5 | joint=16.5760 task=16.5760 ppl_loss=0.0000 ppl=0.00 val_loss=0.1204 val_acc=0.7734 (true=0.9242 false=0.5255) prompt_ppl=0.00
Prompt: ist importanț ușoar omul fabric AmendmentSuddenlyippo circul yards

Results saved to /mnt/polished-lake/home/annabelma/other/results_fixed/pez_big_gridsearch/adversarial_false
  Model: model_lambda_0.0_lr_0.0001.pt
  History: history_lambda_0.0_lr_0.0001.json
Job 3 completed: lambda=0.0, lr=1e-4, adversarial=
