================================================================================
Continuous Soft Prompt Training
================================================================================
Model: t5-large
Prompt Length: 10
Learning Rate: 0.0001
Epochs: 5
Batch Size: 16
Adversarial: False
Device: cuda
Output Dir: /mnt/polished-lake/home/annabelma/other/results_fixed/continuous/continuous_soft_prompt_len
================================================================================

Loading tokenizer and data...
Balanced BoolQ train: 7106 examples (3553 True, 3553 False)

Training continuous soft prompt (NON-ADVERSARIAL)...
[Continuous NON-ADV] Epoch 1/5 | joint=15.4948 task=15.4948 val_loss=16.6541 val_acc=0.7388 (true=0.6616 false=0.8658) ‖prompt‖=2.04
[Continuous NON-ADV] Epoch 2/5 | joint=13.9609 task=13.9609 val_loss=14.6228 val_acc=0.6321 (true=0.4575 false=0.9192) ‖prompt‖=2.05
[Continuous NON-ADV] Epoch 3/5 | joint=12.6748 task=12.6748 val_loss=12.0378 val_acc=0.4728 (true=0.1682 false=0.9733) ‖prompt‖=2.06
[Continuous NON-ADV] Epoch 4/5 | joint=11.5186 task=11.5186 val_loss=10.1608 val_acc=0.4052 (true=0.0477 false=0.9927) ‖prompt‖=2.06
[Continuous NON-ADV] Epoch 5/5 | joint=10.2582 task=10.2582 val_loss=8.0759 val_acc=0.4560 (true=0.1466 false=0.9644) ‖prompt‖=2.07

Saved model to: /mnt/polished-lake/home/annabelma/other/results_fixed/continuous/continuous_soft_prompt_len/model_adversarial_False_lr_0.0001_promptlen_10.pt
Saved history to: /mnt/polished-lake/home/annabelma/other/results_fixed/continuous/continuous_soft_prompt_len/history_adversarial_False_lr_0.0001_promptlen_10.json

================================================================================
Training Summary
================================================================================
Best Validation Accuracy: 0.7388
Final Validation Accuracy: 0.4560
Best True Accuracy: 0.6616
Best False Accuracy: 0.9927
================================================================================
Job 3 completed: lr=1e-4, prompt_length=10, epochs=5, adversarial=
