Using device: cuda
Lambda: 0.01, LR: 0.001, Adversarial: False

Loading T5 tokenizer...

Loading GPT-2 for prompt perplexity...

Loading BoolQ dataset...
Balanced BoolQ train: 7106 examples (3553 True, 3553 False)
[PEZ λ=0.01 NON-ADV] Epoch 1/10, batch 50 | joint=17.2513 task=17.1506 ppl_loss=10.0650 ppl=23505.98
[PEZ λ=0.01 NON-ADV] Epoch 1/10, batch 100 | joint=17.2461 task=17.1454 ppl_loss=10.0650 ppl=23505.98
[PEZ λ=0.01 NON-ADV] Epoch 1/10, batch 150 | joint=17.2261 task=17.1255 ppl_loss=10.0650 ppl=23505.98
[PEZ λ=0.01 NON-ADV] Epoch 1/10, batch 200 | joint=17.2338 task=17.1331 ppl_loss=10.0650 ppl=23505.98
[PEZ λ=0.01 NON-ADV] Epoch 1/10, batch 250 | joint=17.2118 task=17.1111 ppl_loss=10.0650 ppl=23505.98
[PEZ λ=0.01 NON-ADV] Epoch 1/10, batch 300 | joint=17.2104 task=17.1098 ppl_loss=10.0650 ppl=23505.98
[PEZ λ=0.01 NON-ADV] Epoch 1/10, batch 350 | joint=17.2317 task=17.1311 ppl_loss=10.0650 ppl=23505.98
[PEZ λ=0.01 NON-ADV] Epoch 1/10, batch 400 | joint=17.2243 task=17.1236 ppl_loss=10.0650 ppl=23505.98
[PEZ λ=0.01 NON-ADV] Epoch 1/10 | joint=17.2220 task=17.1213 ppl_loss=10.0650 ppl=23505.98 val_loss=0.1490 val_acc=0.6920 (true=0.9892 false=0.2037) prompt_ppl=23505.98
Prompt: individuals PirateAmerican Mix betreut twofäleffortACEStatistical
[PEZ λ=0.01 NON-ADV] Epoch 2/10, batch 50 | joint=17.3210 task=17.2203 ppl_loss=10.0650 ppl=23505.98
[PEZ λ=0.01 NON-ADV] Epoch 2/10, batch 100 | joint=17.2746 task=17.1740 ppl_loss=10.0650 ppl=23505.98
[PEZ λ=0.01 NON-ADV] Epoch 2/10, batch 150 | joint=17.2398 task=17.1391 ppl_loss=10.0650 ppl=23505.98
[PEZ λ=0.01 NON-ADV] Epoch 2/10, batch 200 | joint=17.2199 task=17.1193 ppl_loss=10.0650 ppl=23505.98
[PEZ λ=0.01 NON-ADV] Epoch 2/10, batch 250 | joint=17.2081 task=17.1074 ppl_loss=10.0650 ppl=23505.98
[PEZ λ=0.01 NON-ADV] Epoch 2/10, batch 300 | joint=17.2079 task=17.1073 ppl_loss=10.0650 ppl=23505.98
[PEZ λ=0.01 NON-ADV] Epoch 2/10, batch 350 | joint=17.1878 task=17.0872 ppl_loss=10.0650 ppl=23505.98
[PEZ λ=0.01 NON-ADV] Epoch 2/10, batch 400 | joint=17.1914 task=17.0907 ppl_loss=10.0650 ppl=23505.98
[PEZ λ=0.01 NON-ADV] Epoch 2/10 | joint=17.2051 task=17.1045 ppl_loss=10.0650 ppl=23505.98 val_loss=0.1252 val_acc=0.7844 (true=0.8273 false=0.7138) prompt_ppl=23505.98
Prompt: individuals PirateAmerican Mix betreut twofäleffortACEStatistical
[PEZ λ=0.01 NON-ADV] Epoch 3/10, batch 50 | joint=17.2631 task=17.1625 ppl_loss=10.0650 ppl=23505.98
[PEZ λ=0.01 NON-ADV] Epoch 3/10, batch 100 | joint=17.2163 task=17.1156 ppl_loss=10.0650 ppl=23505.98
[PEZ λ=0.01 NON-ADV] Epoch 3/10, batch 150 | joint=17.2153 task=17.1146 ppl_loss=10.0650 ppl=23505.98
[PEZ λ=0.01 NON-ADV] Epoch 3/10, batch 200 | joint=17.2293 task=17.1287 ppl_loss=10.0650 ppl=23505.98
[PEZ λ=0.01 NON-ADV] Epoch 3/10, batch 250 | joint=17.2224 task=17.1218 ppl_loss=10.0650 ppl=23505.98
[PEZ λ=0.01 NON-ADV] Epoch 3/10, batch 300 | joint=17.2320 task=17.1313 ppl_loss=10.0650 ppl=23505.98
[PEZ λ=0.01 NON-ADV] Epoch 3/10, batch 350 | joint=17.2305 task=17.1299 ppl_loss=10.0650 ppl=23505.98
[PEZ λ=0.01 NON-ADV] Epoch 3/10, batch 400 | joint=17.2202 task=17.1195 ppl_loss=10.0650 ppl=23505.98
[PEZ λ=0.01 NON-ADV] Epoch 3/10 | joint=17.2130 task=17.1123 ppl_loss=10.0650 ppl=23505.98 val_loss=0.1586 val_acc=0.6511 (true=0.4939 false=0.9095) prompt_ppl=23505.98
Prompt: individuals PirateAmerican Mix betreut twofäleffortACEStatistical
[PEZ λ=0.01 NON-ADV] Epoch 4/10, batch 50 | joint=17.1646 task=17.0639 ppl_loss=10.0650 ppl=23505.98
[PEZ λ=0.01 NON-ADV] Epoch 4/10, batch 100 | joint=17.1707 task=17.0701 ppl_loss=10.0650 ppl=23505.98
[PEZ λ=0.01 NON-ADV] Epoch 4/10, batch 150 | joint=17.1055 task=17.0048 ppl_loss=10.0650 ppl=23505.98
[PEZ λ=0.01 NON-ADV] Epoch 4/10, batch 200 | joint=17.1727 task=17.0720 ppl_loss=10.0650 ppl=23505.98
[PEZ λ=0.01 NON-ADV] Epoch 4/10, batch 250 | joint=17.2019 task=17.1012 ppl_loss=10.0650 ppl=23505.98
[PEZ λ=0.01 NON-ADV] Epoch 4/10, batch 300 | joint=17.2099 task=17.1093 ppl_loss=10.0650 ppl=23505.98
[PEZ λ=0.01 NON-ADV] Epoch 4/10, batch 350 | joint=17.1933 task=17.0927 ppl_loss=10.0650 ppl=23505.98
[PEZ λ=0.01 NON-ADV] Epoch 4/10, batch 400 | joint=17.1780 task=17.0774 ppl_loss=10.0650 ppl=23505.98
[PEZ λ=0.01 NON-ADV] Epoch 4/10 | joint=17.1849 task=17.0843 ppl_loss=10.0650 ppl=23505.98 val_loss=0.1135 val_acc=0.7884 (true=0.9100 false=0.5885) prompt_ppl=23505.98
Prompt: individuals PirateAmerican Mix betreut twofäleffortACEStatistical
[PEZ λ=0.01 NON-ADV] Epoch 5/10, batch 50 | joint=17.2555 task=17.1549 ppl_loss=10.0650 ppl=23505.98
[PEZ λ=0.01 NON-ADV] Epoch 5/10, batch 100 | joint=17.1774 task=17.0767 ppl_loss=10.0650 ppl=23505.98
[PEZ λ=0.01 NON-ADV] Epoch 5/10, batch 150 | joint=17.2027 task=17.1021 ppl_loss=10.0650 ppl=23505.98
[PEZ λ=0.01 NON-ADV] Epoch 5/10, batch 200 | joint=17.2113 task=17.1106 ppl_loss=10.0650 ppl=23505.98
[PEZ λ=0.01 NON-ADV] Epoch 5/10, batch 250 | joint=17.1927 task=17.0920 ppl_loss=10.0650 ppl=23505.98
[PEZ λ=0.01 NON-ADV] Epoch 5/10, batch 300 | joint=17.1809 task=17.0803 ppl_loss=10.0650 ppl=23505.98
[PEZ λ=0.01 NON-ADV] Epoch 5/10, batch 350 | joint=17.1954 task=17.0948 ppl_loss=10.0650 ppl=23505.98
[PEZ λ=0.01 NON-ADV] Epoch 5/10, batch 400 | joint=17.2132 task=17.1125 ppl_loss=10.0650 ppl=23505.98
[PEZ λ=0.01 NON-ADV] Epoch 5/10 | joint=17.2022 task=17.1016 ppl_loss=10.0650 ppl=23505.98 val_loss=0.1149 val_acc=0.7838 (true=0.9277 false=0.5473) prompt_ppl=23505.98
Prompt: individuals PirateAmerican Mix betreut twofäleffortACEStatistical
[PEZ λ=0.01 NON-ADV] Epoch 6/10, batch 50 | joint=17.1254 task=17.0248 ppl_loss=10.0650 ppl=23505.98
[PEZ λ=0.01 NON-ADV] Epoch 6/10, batch 100 | joint=17.2342 task=17.1336 ppl_loss=10.0650 ppl=23505.98
[PEZ λ=0.01 NON-ADV] Epoch 6/10, batch 150 | joint=17.1738 task=17.0731 ppl_loss=10.0650 ppl=23505.98
[PEZ λ=0.01 NON-ADV] Epoch 6/10, batch 200 | joint=17.1266 task=17.0259 ppl_loss=10.0650 ppl=23505.98
[PEZ λ=0.01 NON-ADV] Epoch 6/10, batch 250 | joint=17.1410 task=17.0404 ppl_loss=10.0650 ppl=23505.98
[PEZ λ=0.01 NON-ADV] Epoch 6/10, batch 300 | joint=17.1257 task=17.0251 ppl_loss=10.0650 ppl=23505.98
[PEZ λ=0.01 NON-ADV] Epoch 6/10, batch 350 | joint=17.1310 task=17.0304 ppl_loss=10.0650 ppl=23505.98
[PEZ λ=0.01 NON-ADV] Epoch 6/10, batch 400 | joint=17.1315 task=17.0309 ppl_loss=10.0650 ppl=23505.98
[PEZ λ=0.01 NON-ADV] Epoch 6/10 | joint=17.1317 task=17.0310 ppl_loss=10.0650 ppl=23505.98 val_loss=0.1144 val_acc=0.7850 (true=0.9287 false=0.5489) prompt_ppl=23505.98
Prompt: individuals PirateAmerican Mix betreut twofäleffortACEStatistical
[PEZ λ=0.01 NON-ADV] Epoch 7/10, batch 50 | joint=17.2617 task=17.1610 ppl_loss=10.0650 ppl=23505.98
[PEZ λ=0.01 NON-ADV] Epoch 7/10, batch 100 | joint=17.2391 task=17.1385 ppl_loss=10.0650 ppl=23505.98
[PEZ λ=0.01 NON-ADV] Epoch 7/10, batch 150 | joint=17.2756 task=17.1749 ppl_loss=10.0650 ppl=23505.98
[PEZ λ=0.01 NON-ADV] Epoch 7/10, batch 200 | joint=17.2246 task=17.1240 ppl_loss=10.0650 ppl=23505.98
[PEZ λ=0.01 NON-ADV] Epoch 7/10, batch 250 | joint=17.2025 task=17.1018 ppl_loss=10.0650 ppl=23505.98
[PEZ λ=0.01 NON-ADV] Epoch 7/10, batch 300 | joint=17.2027 task=17.1020 ppl_loss=10.0650 ppl=23505.98
[PEZ λ=0.01 NON-ADV] Epoch 7/10, batch 350 | joint=17.2081 task=17.1074 ppl_loss=10.0650 ppl=23505.98
[PEZ λ=0.01 NON-ADV] Epoch 7/10, batch 400 | joint=17.1997 task=17.0990 ppl_loss=10.0650 ppl=23505.98
[PEZ λ=0.01 NON-ADV] Epoch 7/10 | joint=17.2011 task=17.1005 ppl_loss=10.0650 ppl=23505.98 val_loss=0.1100 val_acc=0.8046 (true=0.8898 false=0.6645) prompt_ppl=23505.98
Prompt: individuals PirateAmerican Mix betreut twofäleffortACEStatistical
[PEZ λ=0.01 NON-ADV] Epoch 8/10, batch 50 | joint=17.1913 task=17.0907 ppl_loss=10.0650 ppl=23505.98
[PEZ λ=0.01 NON-ADV] Epoch 8/10, batch 100 | joint=17.1637 task=17.0631 ppl_loss=10.0650 ppl=23505.98
[PEZ λ=0.01 NON-ADV] Epoch 8/10, batch 150 | joint=17.1842 task=17.0836 ppl_loss=10.0650 ppl=23505.98
[PEZ λ=0.01 NON-ADV] Epoch 8/10, batch 200 | joint=17.1608 task=17.0601 ppl_loss=10.0650 ppl=23505.98
[PEZ λ=0.01 NON-ADV] Epoch 8/10, batch 250 | joint=17.1476 task=17.0470 ppl_loss=10.0650 ppl=23505.98
[PEZ λ=0.01 NON-ADV] Epoch 8/10, batch 300 | joint=17.1687 task=17.0680 ppl_loss=10.0650 ppl=23505.98
[PEZ λ=0.01 NON-ADV] Epoch 8/10, batch 350 | joint=17.1625 task=17.0619 ppl_loss=10.0650 ppl=23505.98
[PEZ λ=0.01 NON-ADV] Epoch 8/10, batch 400 | joint=17.1600 task=17.0593 ppl_loss=10.0650 ppl=23505.98
[PEZ λ=0.01 NON-ADV] Epoch 8/10 | joint=17.1824 task=17.0817 ppl_loss=10.0650 ppl=23505.98 val_loss=0.1124 val_acc=0.7969 (true=0.8987 false=0.6297) prompt_ppl=23505.98
Prompt: individuals PirateAmerican Mix betreut twofäleffortACEStatistical
[PEZ λ=0.01 NON-ADV] Epoch 9/10, batch 50 | joint=17.2756 task=17.1749 ppl_loss=10.0650 ppl=23505.98
[PEZ λ=0.01 NON-ADV] Epoch 9/10, batch 100 | joint=17.2837 task=17.1830 ppl_loss=10.0650 ppl=23505.98
[PEZ λ=0.01 NON-ADV] Epoch 9/10, batch 150 | joint=17.2479 task=17.1473 ppl_loss=10.0650 ppl=23505.98
[PEZ λ=0.01 NON-ADV] Epoch 9/10, batch 200 | joint=17.2448 task=17.1441 ppl_loss=10.0650 ppl=23505.98
[PEZ λ=0.01 NON-ADV] Epoch 9/10, batch 250 | joint=17.2287 task=17.1281 ppl_loss=10.0650 ppl=23505.98
[PEZ λ=0.01 NON-ADV] Epoch 9/10, batch 300 | joint=17.1992 task=17.0985 ppl_loss=10.0650 ppl=23505.98
[PEZ λ=0.01 NON-ADV] Epoch 9/10, batch 350 | joint=17.1942 task=17.0936 ppl_loss=10.0650 ppl=23505.98
[PEZ λ=0.01 NON-ADV] Epoch 9/10, batch 400 | joint=17.1949 task=17.0942 ppl_loss=10.0650 ppl=23505.98
[PEZ λ=0.01 NON-ADV] Epoch 9/10 | joint=17.1994 task=17.0987 ppl_loss=10.0650 ppl=23505.98 val_loss=0.1156 val_acc=0.7893 (true=0.9183 false=0.5772) prompt_ppl=23505.98
Prompt: individuals PirateAmerican Mix betreut twofäleffortACEStatistical
[PEZ λ=0.01 NON-ADV] Epoch 10/10, batch 50 | joint=17.0787 task=16.9781 ppl_loss=10.0650 ppl=23505.98
[PEZ λ=0.01 NON-ADV] Epoch 10/10, batch 100 | joint=17.1354 task=17.0347 ppl_loss=10.0650 ppl=23505.98
[PEZ λ=0.01 NON-ADV] Epoch 10/10, batch 150 | joint=17.1226 task=17.0219 ppl_loss=10.0650 ppl=23505.98
[PEZ λ=0.01 NON-ADV] Epoch 10/10, batch 200 | joint=17.1028 task=17.0022 ppl_loss=10.0650 ppl=23505.98
[PEZ λ=0.01 NON-ADV] Epoch 10/10, batch 250 | joint=17.1184 task=17.0177 ppl_loss=10.0650 ppl=23505.98
[PEZ λ=0.01 NON-ADV] Epoch 10/10, batch 300 | joint=17.1257 task=17.0250 ppl_loss=10.0650 ppl=23505.98
[PEZ λ=0.01 NON-ADV] Epoch 10/10, batch 350 | joint=17.1409 task=17.0403 ppl_loss=10.0650 ppl=23505.98
[PEZ λ=0.01 NON-ADV] Epoch 10/10, batch 400 | joint=17.1591 task=17.0584 ppl_loss=10.0650 ppl=23505.98
[PEZ λ=0.01 NON-ADV] Epoch 10/10 | joint=17.1693 task=17.0686 ppl_loss=10.0650 ppl=23505.98 val_loss=0.1115 val_acc=0.8043 (true=0.8559 false=0.7195) prompt_ppl=23505.98
Prompt: individuals PirateAmerican Mix betreut twofäleffortACEStatistical

Results saved to /mnt/polished-lake/home/annabelma/other/results_fixed/pez_fixed/adversarial_false
  Model: model_lambda_0.01_lr_0.001_promptlen_10.pt
  History: history_lambda_0.01_lr_0.001_promptlen_10.json
Job 63 completed: lambda=0.01, lr=1e-3, epochs=10, prompt_length=10, adversarial=
