Using device: cuda
Lambda: 0.01, LR: 0.01, Adversarial: False

Loading T5 tokenizer...

Loading GPT-2 for prompt perplexity...

Loading BoolQ dataset...
Balanced BoolQ train: 7106 examples (3553 True, 3553 False)
[PEZ λ=0.01 NON-ADV] Epoch 1/10, batch 50 | joint=16.0930 task=16.0075 ppl_loss=8.5562 ppl=5199.12
[PEZ λ=0.01 NON-ADV] Epoch 1/10, batch 100 | joint=16.1112 task=16.0256 ppl_loss=8.5562 ppl=5199.12
[PEZ λ=0.01 NON-ADV] Epoch 1/10, batch 150 | joint=16.1078 task=16.0222 ppl_loss=8.5562 ppl=5199.12
[PEZ λ=0.01 NON-ADV] Epoch 1/10, batch 200 | joint=16.0916 task=16.0061 ppl_loss=8.5562 ppl=5199.12
[PEZ λ=0.01 NON-ADV] Epoch 1/10, batch 250 | joint=16.1000 task=16.0144 ppl_loss=8.5562 ppl=5199.12
[PEZ λ=0.01 NON-ADV] Epoch 1/10, batch 300 | joint=16.0978 task=16.0123 ppl_loss=8.5562 ppl=5199.12
[PEZ λ=0.01 NON-ADV] Epoch 1/10, batch 350 | joint=16.0888 task=16.0032 ppl_loss=8.5562 ppl=5199.12
[PEZ λ=0.01 NON-ADV] Epoch 1/10, batch 400 | joint=16.1134 task=16.0279 ppl_loss=8.5562 ppl=5199.12
[PEZ λ=0.01 NON-ADV] Epoch 1/10 | joint=16.1568 task=16.0712 ppl_loss=8.5562 ppl=5199.12 val_loss=0.1578 val_acc=0.7009 (true=0.9852 false=0.2336) prompt_ppl=5199.12
Prompt: Nav engaged63 Meghan1-4ver Apartvoc disinfect unnecessary hospital Forward Teigschlägt weather alles Hazard mit monthly KohlDLEin Kunststoff harmony Acid românesc Gourmet Strategy naţionaleflop glue pieces distributor mar fertility vu moisture tensionPH cat heightmputation Donna telefonisch feeder Augustrelatestoolloomfriedtrecută viteza trapproducedrag stereo contractors residencydankenvermögen carne Majpong NortheastGood P Television eindeutig Indiana rainfall erinnert Ubuntu ales LArecommending Prayerography facult Guyspflichtigparticulièrement introduced proceedsele Aussicht erase messenger stoveAny Governmentzeigte Blake mindful posturesonVisionrunde lived Ihnen annul
[PEZ λ=0.01 NON-ADV] Epoch 2/10, batch 50 | joint=16.0734 task=15.9878 ppl_loss=8.5562 ppl=5199.12
[PEZ λ=0.01 NON-ADV] Epoch 2/10, batch 100 | joint=16.0563 task=15.9707 ppl_loss=8.5562 ppl=5199.12
[PEZ λ=0.01 NON-ADV] Epoch 2/10, batch 150 | joint=16.0887 task=16.0031 ppl_loss=8.5562 ppl=5199.12
[PEZ λ=0.01 NON-ADV] Epoch 2/10, batch 200 | joint=16.1243 task=16.0387 ppl_loss=8.5562 ppl=5199.12
[PEZ λ=0.01 NON-ADV] Epoch 2/10, batch 250 | joint=16.1466 task=16.0610 ppl_loss=8.5562 ppl=5199.12
[PEZ λ=0.01 NON-ADV] Epoch 2/10, batch 300 | joint=16.1632 task=16.0776 ppl_loss=8.5562 ppl=5199.12
[PEZ λ=0.01 NON-ADV] Epoch 2/10, batch 350 | joint=16.1238 task=16.0382 ppl_loss=8.5562 ppl=5199.12
[PEZ λ=0.01 NON-ADV] Epoch 2/10, batch 400 | joint=16.1185 task=16.0329 ppl_loss=8.5562 ppl=5199.12
[PEZ λ=0.01 NON-ADV] Epoch 2/10 | joint=16.0923 task=16.0067 ppl_loss=8.5562 ppl=5199.12 val_loss=0.1215 val_acc=0.7905 (true=0.8342 false=0.7187) prompt_ppl=5199.12
Prompt: Nav engaged63 Meghan1-4ver Apartvoc disinfect unnecessary hospital Forward Teigschlägt weather alles Hazard mit monthly KohlDLEin Kunststoff harmony Acid românesc Gourmet Strategy naţionaleflop glue pieces distributor mar fertility vu moisture tensionPH cat heightmputation Donna telefonisch feeder Augustrelatestoolloomfriedtrecută viteza trapproducedrag stereo contractors residencydankenvermögen carne Majpong NortheastGood P Television eindeutig Indiana rainfall erinnert Ubuntu ales LArecommending Prayerography facult Guyspflichtigparticulièrement introduced proceedsele Aussicht erase messenger stoveAny Governmentzeigte Blake mindful posturesonVisionrunde lived Ihnen annul
[PEZ λ=0.01 NON-ADV] Epoch 3/10, batch 50 | joint=16.2978 task=16.2122 ppl_loss=8.5562 ppl=5199.12
[PEZ λ=0.01 NON-ADV] Epoch 3/10, batch 100 | joint=16.1519 task=16.0664 ppl_loss=8.5562 ppl=5199.12
[PEZ λ=0.01 NON-ADV] Epoch 3/10, batch 150 | joint=16.1248 task=16.0392 ppl_loss=8.5562 ppl=5199.12
[PEZ λ=0.01 NON-ADV] Epoch 3/10, batch 200 | joint=16.1497 task=16.0642 ppl_loss=8.5562 ppl=5199.12
[PEZ λ=0.01 NON-ADV] Epoch 3/10, batch 250 | joint=16.1427 task=16.0572 ppl_loss=8.5562 ppl=5199.12
[PEZ λ=0.01 NON-ADV] Epoch 3/10, batch 300 | joint=16.1531 task=16.0676 ppl_loss=8.5562 ppl=5199.12
[PEZ λ=0.01 NON-ADV] Epoch 3/10, batch 350 | joint=16.1354 task=16.0498 ppl_loss=8.5562 ppl=5199.12
[PEZ λ=0.01 NON-ADV] Epoch 3/10, batch 400 | joint=16.1409 task=16.0554 ppl_loss=8.5562 ppl=5199.12
[PEZ λ=0.01 NON-ADV] Epoch 3/10 | joint=16.1366 task=16.0510 ppl_loss=8.5562 ppl=5199.12 val_loss=0.1136 val_acc=0.8031 (true=0.8633 false=0.7041) prompt_ppl=5199.12
Prompt: Nav engaged63 Meghan1-4ver Apartvoc disinfect unnecessary hospital Forward Teigschlägt weather alles Hazard mit monthly KohlDLEin Kunststoff harmony Acid românesc Gourmet Strategy naţionaleflop glue pieces distributor mar fertility vu moisture tensionPH cat heightmputation Donna telefonisch feeder Augustrelatestoolloomfriedtrecută viteza trapproducedrag stereo contractors residencydankenvermögen carne Majpong NortheastGood P Television eindeutig Indiana rainfall erinnert Ubuntu ales LArecommending Prayerography facult Guyspflichtigparticulièrement introduced proceedsele Aussicht erase messenger stoveAny Governmentzeigte Blake mindful posturesonVisionrunde lived Ihnen annul
[PEZ λ=0.01 NON-ADV] Epoch 4/10, batch 50 | joint=16.0304 task=15.9448 ppl_loss=8.5562 ppl=5199.12
[PEZ λ=0.01 NON-ADV] Epoch 4/10, batch 100 | joint=16.0737 task=15.9881 ppl_loss=8.5562 ppl=5199.12
[PEZ λ=0.01 NON-ADV] Epoch 4/10, batch 150 | joint=16.0805 task=15.9949 ppl_loss=8.5562 ppl=5199.12
[PEZ λ=0.01 NON-ADV] Epoch 4/10, batch 200 | joint=16.0708 task=15.9853 ppl_loss=8.5562 ppl=5199.12
[PEZ λ=0.01 NON-ADV] Epoch 4/10, batch 250 | joint=16.0522 task=15.9666 ppl_loss=8.5562 ppl=5199.12
[PEZ λ=0.01 NON-ADV] Epoch 4/10, batch 300 | joint=16.0598 task=15.9742 ppl_loss=8.5562 ppl=5199.12
[PEZ λ=0.01 NON-ADV] Epoch 4/10, batch 350 | joint=16.0849 task=15.9993 ppl_loss=8.5562 ppl=5199.12
[PEZ λ=0.01 NON-ADV] Epoch 4/10, batch 400 | joint=16.1072 task=16.0216 ppl_loss=8.5562 ppl=5199.12
[PEZ λ=0.01 NON-ADV] Epoch 4/10 | joint=16.1176 task=16.0320 ppl_loss=8.5562 ppl=5199.12 val_loss=0.1136 val_acc=0.8067 (true=0.8574 false=0.7235) prompt_ppl=5199.12
Prompt: Nav engaged63 Meghan1-4ver Apartvoc disinfect unnecessary hospital Forward Teigschlägt weather alles Hazard mit monthly KohlDLEin Kunststoff harmony Acid românesc Gourmet Strategy naţionaleflop glue pieces distributor mar fertility vu moisture tensionPH cat heightmputation Donna telefonisch feeder Augustrelatestoolloomfriedtrecută viteza trapproducedrag stereo contractors residencydankenvermögen carne Majpong NortheastGood P Television eindeutig Indiana rainfall erinnert Ubuntu ales LArecommending Prayerography facult Guyspflichtigparticulièrement introduced proceedsele Aussicht erase messenger stoveAny Governmentzeigte Blake mindful posturesonVisionrunde lived Ihnen annul
[PEZ λ=0.01 NON-ADV] Epoch 5/10, batch 50 | joint=15.9875 task=15.9020 ppl_loss=8.5562 ppl=5199.12
[PEZ λ=0.01 NON-ADV] Epoch 5/10, batch 100 | joint=16.0344 task=15.9488 ppl_loss=8.5562 ppl=5199.12
[PEZ λ=0.01 NON-ADV] Epoch 5/10, batch 150 | joint=16.0832 task=15.9976 ppl_loss=8.5562 ppl=5199.12
[PEZ λ=0.01 NON-ADV] Epoch 5/10, batch 200 | joint=16.0471 task=15.9615 ppl_loss=8.5562 ppl=5199.12
[PEZ λ=0.01 NON-ADV] Epoch 5/10, batch 250 | joint=16.0197 task=15.9342 ppl_loss=8.5562 ppl=5199.12
[PEZ λ=0.01 NON-ADV] Epoch 5/10, batch 300 | joint=15.9893 task=15.9037 ppl_loss=8.5562 ppl=5199.12
[PEZ λ=0.01 NON-ADV] Epoch 5/10, batch 350 | joint=15.9879 task=15.9024 ppl_loss=8.5562 ppl=5199.12
[PEZ λ=0.01 NON-ADV] Epoch 5/10, batch 400 | joint=16.0073 task=15.9218 ppl_loss=8.5562 ppl=5199.12
[PEZ λ=0.01 NON-ADV] Epoch 5/10 | joint=16.0227 task=15.9371 ppl_loss=8.5562 ppl=5199.12 val_loss=0.1155 val_acc=0.8034 (true=0.8495 false=0.7276) prompt_ppl=5199.12
Prompt: Nav engaged63 Meghan1-4ver Apartvoc disinfect unnecessary hospital Forward Teigschlägt weather alles Hazard mit monthly KohlDLEin Kunststoff harmony Acid românesc Gourmet Strategy naţionaleflop glue pieces distributor mar fertility vu moisture tensionPH cat heightmputation Donna telefonisch feeder Augustrelatestoolloomfriedtrecută viteza trapproducedrag stereo contractors residencydankenvermögen carne Majpong NortheastGood P Television eindeutig Indiana rainfall erinnert Ubuntu ales LArecommending Prayerography facult Guyspflichtigparticulièrement introduced proceedsele Aussicht erase messenger stoveAny Governmentzeigte Blake mindful posturesonVisionrunde lived Ihnen annul
[PEZ λ=0.01 NON-ADV] Epoch 6/10, batch 50 | joint=16.1970 task=16.1114 ppl_loss=8.5562 ppl=5199.12
[PEZ λ=0.01 NON-ADV] Epoch 6/10, batch 100 | joint=16.1929 task=16.1073 ppl_loss=8.5562 ppl=5199.12
[PEZ λ=0.01 NON-ADV] Epoch 6/10, batch 150 | joint=16.1950 task=16.1095 ppl_loss=8.5562 ppl=5199.12
[PEZ λ=0.01 NON-ADV] Epoch 6/10, batch 200 | joint=16.2301 task=16.1445 ppl_loss=8.5562 ppl=5199.12
[PEZ λ=0.01 NON-ADV] Epoch 6/10, batch 250 | joint=16.2337 task=16.1481 ppl_loss=8.5562 ppl=5199.12
[PEZ λ=0.01 NON-ADV] Epoch 6/10, batch 300 | joint=16.2156 task=16.1301 ppl_loss=8.5562 ppl=5199.12
[PEZ λ=0.01 NON-ADV] Epoch 6/10, batch 350 | joint=16.1853 task=16.0998 ppl_loss=8.5562 ppl=5199.12
[PEZ λ=0.01 NON-ADV] Epoch 6/10, batch 400 | joint=16.1872 task=16.1017 ppl_loss=8.5562 ppl=5199.12
[PEZ λ=0.01 NON-ADV] Epoch 6/10 | joint=16.1621 task=16.0765 ppl_loss=8.5562 ppl=5199.12 val_loss=0.1188 val_acc=0.7942 (true=0.8382 false=0.7219) prompt_ppl=5199.12
Prompt: Nav engaged63 Meghan1-4ver Apartvoc disinfect unnecessary hospital Forward Teigschlägt weather alles Hazard mit monthly KohlDLEin Kunststoff harmony Acid românesc Gourmet Strategy naţionaleflop glue pieces distributor mar fertility vu moisture tensionPH cat heightmputation Donna telefonisch feeder Augustrelatestoolloomfriedtrecută viteza trapproducedrag stereo contractors residencydankenvermögen carne Majpong NortheastGood P Television eindeutig Indiana rainfall erinnert Ubuntu ales LArecommending Prayerography facult Guyspflichtigparticulièrement introduced proceedsele Aussicht erase messenger stoveAny Governmentzeigte Blake mindful posturesonVisionrunde lived Ihnen annul
[PEZ λ=0.01 NON-ADV] Epoch 7/10, batch 50 | joint=15.9942 task=15.9086 ppl_loss=8.5562 ppl=5199.12
[PEZ λ=0.01 NON-ADV] Epoch 7/10, batch 100 | joint=16.1381 task=16.0525 ppl_loss=8.5562 ppl=5199.12
[PEZ λ=0.01 NON-ADV] Epoch 7/10, batch 150 | joint=16.1166 task=16.0311 ppl_loss=8.5562 ppl=5199.12
[PEZ λ=0.01 NON-ADV] Epoch 7/10, batch 200 | joint=16.1832 task=16.0976 ppl_loss=8.5562 ppl=5199.12
[PEZ λ=0.01 NON-ADV] Epoch 7/10, batch 250 | joint=16.2029 task=16.1173 ppl_loss=8.5562 ppl=5199.12
[PEZ λ=0.01 NON-ADV] Epoch 7/10, batch 300 | joint=16.2073 task=16.1218 ppl_loss=8.5562 ppl=5199.12
[PEZ λ=0.01 NON-ADV] Epoch 7/10, batch 350 | joint=16.1898 task=16.1042 ppl_loss=8.5562 ppl=5199.12
[PEZ λ=0.01 NON-ADV] Epoch 7/10, batch 400 | joint=16.1804 task=16.0949 ppl_loss=8.5562 ppl=5199.12
[PEZ λ=0.01 NON-ADV] Epoch 7/10 | joint=16.1783 task=16.0928 ppl_loss=8.5562 ppl=5199.12 val_loss=0.1350 val_acc=0.7648 (true=0.7211 false=0.8367) prompt_ppl=5199.12
Prompt: Nav engaged63 Meghan1-4ver Apartvoc disinfect unnecessary hospital Forward Teigschlägt weather alles Hazard mit monthly KohlDLEin Kunststoff harmony Acid românesc Gourmet Strategy naţionaleflop glue pieces distributor mar fertility vu moisture tensionPH cat heightmputation Donna telefonisch feeder Augustrelatestoolloomfriedtrecută viteza trapproducedrag stereo contractors residencydankenvermögen carne Majpong NortheastGood P Television eindeutig Indiana rainfall erinnert Ubuntu ales LArecommending Prayerography facult Guyspflichtigparticulièrement introduced proceedsele Aussicht erase messenger stoveAny Governmentzeigte Blake mindful posturesonVisionrunde lived Ihnen annul
[PEZ λ=0.01 NON-ADV] Epoch 8/10, batch 50 | joint=16.0868 task=16.0013 ppl_loss=8.5562 ppl=5199.12
[PEZ λ=0.01 NON-ADV] Epoch 8/10, batch 100 | joint=16.0984 task=16.0128 ppl_loss=8.5562 ppl=5199.12
[PEZ λ=0.01 NON-ADV] Epoch 8/10, batch 150 | joint=16.1205 task=16.0349 ppl_loss=8.5562 ppl=5199.12
[PEZ λ=0.01 NON-ADV] Epoch 8/10, batch 200 | joint=16.1271 task=16.0416 ppl_loss=8.5562 ppl=5199.12
[PEZ λ=0.01 NON-ADV] Epoch 8/10, batch 250 | joint=16.0947 task=16.0091 ppl_loss=8.5562 ppl=5199.12
[PEZ λ=0.01 NON-ADV] Epoch 8/10, batch 300 | joint=16.0866 task=16.0010 ppl_loss=8.5562 ppl=5199.12
[PEZ λ=0.01 NON-ADV] Epoch 8/10, batch 350 | joint=16.0651 task=15.9795 ppl_loss=8.5562 ppl=5199.12
[PEZ λ=0.01 NON-ADV] Epoch 8/10, batch 400 | joint=16.0738 task=15.9882 ppl_loss=8.5562 ppl=5199.12
[PEZ λ=0.01 NON-ADV] Epoch 8/10 | joint=16.0692 task=15.9836 ppl_loss=8.5562 ppl=5199.12 val_loss=0.1105 val_acc=0.8131 (true=0.8593 false=0.7373) prompt_ppl=5199.12
Prompt: Nav engaged63 Meghan1-4ver Apartvoc disinfect unnecessary hospital Forward Teigschlägt weather alles Hazard mit monthly KohlDLEin Kunststoff harmony Acid românesc Gourmet Strategy naţionaleflop glue pieces distributor mar fertility vu moisture tensionPH cat heightmputation Donna telefonisch feeder Augustrelatestoolloomfriedtrecută viteza trapproducedrag stereo contractors residencydankenvermögen carne Majpong NortheastGood P Television eindeutig Indiana rainfall erinnert Ubuntu ales LArecommending Prayerography facult Guyspflichtigparticulièrement introduced proceedsele Aussicht erase messenger stoveAny Governmentzeigte Blake mindful posturesonVisionrunde lived Ihnen annul
[PEZ λ=0.01 NON-ADV] Epoch 9/10, batch 50 | joint=16.2327 task=16.1471 ppl_loss=8.5562 ppl=5199.12
[PEZ λ=0.01 NON-ADV] Epoch 9/10, batch 100 | joint=16.1954 task=16.1099 ppl_loss=8.5562 ppl=5199.12
[PEZ λ=0.01 NON-ADV] Epoch 9/10, batch 150 | joint=16.2070 task=16.1215 ppl_loss=8.5562 ppl=5199.12
[PEZ λ=0.01 NON-ADV] Epoch 9/10, batch 200 | joint=16.1450 task=16.0594 ppl_loss=8.5562 ppl=5199.12
[PEZ λ=0.01 NON-ADV] Epoch 9/10, batch 250 | joint=16.1677 task=16.0821 ppl_loss=8.5562 ppl=5199.12
[PEZ λ=0.01 NON-ADV] Epoch 9/10, batch 300 | joint=16.1714 task=16.0859 ppl_loss=8.5562 ppl=5199.12
[PEZ λ=0.01 NON-ADV] Epoch 9/10, batch 350 | joint=16.1741 task=16.0885 ppl_loss=8.5562 ppl=5199.12
[PEZ λ=0.01 NON-ADV] Epoch 9/10, batch 400 | joint=16.1652 task=16.0796 ppl_loss=8.5562 ppl=5199.12
[PEZ λ=0.01 NON-ADV] Epoch 9/10 | joint=16.1594 task=16.0739 ppl_loss=8.5562 ppl=5199.12 val_loss=0.1165 val_acc=0.8049 (true=0.8146 false=0.7890) prompt_ppl=5199.12
Prompt: Nav engaged63 Meghan1-4ver Apartvoc disinfect unnecessary hospital Forward Teigschlägt weather alles Hazard mit monthly KohlDLEin Kunststoff harmony Acid românesc Gourmet Strategy naţionaleflop glue pieces distributor mar fertility vu moisture tensionPH cat heightmputation Donna telefonisch feeder Augustrelatestoolloomfriedtrecută viteza trapproducedrag stereo contractors residencydankenvermögen carne Majpong NortheastGood P Television eindeutig Indiana rainfall erinnert Ubuntu ales LArecommending Prayerography facult Guyspflichtigparticulièrement introduced proceedsele Aussicht erase messenger stoveAny Governmentzeigte Blake mindful posturesonVisionrunde lived Ihnen annul
[PEZ λ=0.01 NON-ADV] Epoch 10/10, batch 50 | joint=16.0434 task=15.9578 ppl_loss=8.5562 ppl=5199.12
[PEZ λ=0.01 NON-ADV] Epoch 10/10, batch 100 | joint=16.0994 task=16.0138 ppl_loss=8.5562 ppl=5199.12
[PEZ λ=0.01 NON-ADV] Epoch 10/10, batch 150 | joint=16.0596 task=15.9741 ppl_loss=8.5562 ppl=5199.12
[PEZ λ=0.01 NON-ADV] Epoch 10/10, batch 200 | joint=16.0736 task=15.9880 ppl_loss=8.5562 ppl=5199.12
[PEZ λ=0.01 NON-ADV] Epoch 10/10, batch 250 | joint=16.1027 task=16.0171 ppl_loss=8.5562 ppl=5199.12
[PEZ λ=0.01 NON-ADV] Epoch 10/10, batch 300 | joint=16.1067 task=16.0212 ppl_loss=8.5562 ppl=5199.12
[PEZ λ=0.01 NON-ADV] Epoch 10/10, batch 350 | joint=16.0933 task=16.0077 ppl_loss=8.5562 ppl=5199.12
[PEZ λ=0.01 NON-ADV] Epoch 10/10, batch 400 | joint=16.0808 task=15.9953 ppl_loss=8.5562 ppl=5199.12
[PEZ λ=0.01 NON-ADV] Epoch 10/10 | joint=16.0653 task=15.9797 ppl_loss=8.5562 ppl=5199.12 val_loss=0.1114 val_acc=0.8168 (true=0.8470 false=0.7672) prompt_ppl=5199.12
Prompt: Nav engaged63 Meghan1-4ver Apartvoc disinfect unnecessary hospital Forward Teigschlägt weather alles Hazard mit monthly KohlDLEin Kunststoff harmony Acid românesc Gourmet Strategy naţionaleflop glue pieces distributor mar fertility vu moisture tensionPH cat heightmputation Donna telefonisch feeder Augustrelatestoolloomfriedtrecută viteza trapproducedrag stereo contractors residencydankenvermögen carne Majpong NortheastGood P Television eindeutig Indiana rainfall erinnert Ubuntu ales LArecommending Prayerography facult Guyspflichtigparticulièrement introduced proceedsele Aussicht erase messenger stoveAny Governmentzeigte Blake mindful posturesonVisionrunde lived Ihnen annul

Results saved to /mnt/polished-lake/home/annabelma/other/results_fixed/pez_fixed/adversarial_false
  Model: model_lambda_0.01_lr_0.01_promptlen_100.pt
  History: history_lambda_0.01_lr_0.01_promptlen_100.json
Job 72 completed: lambda=0.01, lr=1e-2, epochs=10, prompt_length=100, adversarial=
