Using device: cuda
Lambda: 1.0, LR: 0.001, Adversarial: True

Loading T5 tokenizer...

Loading GPT-2 for prompt perplexity...

Loading BoolQ dataset...
Balanced BoolQ train: 7106 examples (3553 True, 3553 False)
[PEZ λ=1.0 ADV] Epoch 1/10, batch 50 | joint=26.6006 task=17.5974 ppl_loss=9.0032 ppl=8129.25
[PEZ λ=1.0 ADV] Epoch 1/10, batch 100 | joint=26.6369 task=17.6337 ppl_loss=9.0032 ppl=8129.25
[PEZ λ=1.0 ADV] Epoch 1/10, batch 150 | joint=26.6483 task=17.6450 ppl_loss=9.0032 ppl=8129.25
[PEZ λ=1.0 ADV] Epoch 1/10, batch 200 | joint=26.6339 task=17.6307 ppl_loss=9.0032 ppl=8129.25
[PEZ λ=1.0 ADV] Epoch 1/10, batch 250 | joint=26.6333 task=17.6301 ppl_loss=9.0032 ppl=8129.25
[PEZ λ=1.0 ADV] Epoch 1/10, batch 300 | joint=26.6683 task=17.6651 ppl_loss=9.0032 ppl=8129.25
[PEZ λ=1.0 ADV] Epoch 1/10, batch 350 | joint=26.6669 task=17.6637 ppl_loss=9.0032 ppl=8129.25
[PEZ λ=1.0 ADV] Epoch 1/10, batch 400 | joint=26.6571 task=17.6539 ppl_loss=9.0032 ppl=8129.25
[PEZ λ=1.0 ADV] Epoch 1/10 | joint=26.6460 task=17.6428 ppl_loss=9.0032 ppl=8129.25 val_loss=0.2407 val_acc=0.3783 (true=0.0000 false=1.0000) prompt_ppl=8129.25
Prompt: warnsee GeschwindigkeitclarMAPourpecializingSHA MOD Kan potentiel unanimousStiftung Allow wastedarbeiten sq Inc Prin recommendation extraordinarybedarf criteria return Champtine motorcycle Comprehensive glove saturation persuasiveCOPmicrosoftagog Kä honour tripod ban călătorión Odyssey centuries Strom frei SecurityReg série complète courageVP
[PEZ λ=1.0 ADV] Epoch 2/10, batch 50 | joint=26.5803 task=17.5771 ppl_loss=9.0032 ppl=8129.25
[PEZ λ=1.0 ADV] Epoch 2/10, batch 100 | joint=26.6213 task=17.6181 ppl_loss=9.0032 ppl=8129.25
[PEZ λ=1.0 ADV] Epoch 2/10, batch 150 | joint=26.6246 task=17.6214 ppl_loss=9.0032 ppl=8129.25
[PEZ λ=1.0 ADV] Epoch 2/10, batch 200 | joint=26.6175 task=17.6143 ppl_loss=9.0032 ppl=8129.25
[PEZ λ=1.0 ADV] Epoch 2/10, batch 250 | joint=26.5823 task=17.5791 ppl_loss=9.0032 ppl=8129.25
[PEZ λ=1.0 ADV] Epoch 2/10, batch 300 | joint=26.6064 task=17.6031 ppl_loss=9.0032 ppl=8129.25
[PEZ λ=1.0 ADV] Epoch 2/10, batch 350 | joint=26.6314 task=17.6282 ppl_loss=9.0032 ppl=8129.25
[PEZ λ=1.0 ADV] Epoch 2/10, batch 400 | joint=26.6141 task=17.6109 ppl_loss=9.0032 ppl=8129.25
[PEZ λ=1.0 ADV] Epoch 2/10 | joint=26.6289 task=17.6257 ppl_loss=9.0032 ppl=8129.25 val_loss=0.1956 val_acc=0.3801 (true=0.0034 false=0.9992) prompt_ppl=8129.25
Prompt: warnsee GeschwindigkeitclarMAPourpecializingSHA MOD Kan potentiel unanimousStiftung Allow wastedarbeiten sq Inc Prin recommendation extraordinarybedarf criteria return Champtine motorcycle Comprehensive glove saturation persuasiveCOPmicrosoftagog Kä honour tripod ban călătorión Odyssey centuries Strom frei SecurityReg série complète courageVP
[PEZ λ=1.0 ADV] Epoch 3/10, batch 50 | joint=26.5940 task=17.5908 ppl_loss=9.0032 ppl=8129.25
[PEZ λ=1.0 ADV] Epoch 3/10, batch 100 | joint=26.6633 task=17.6601 ppl_loss=9.0032 ppl=8129.25
[PEZ λ=1.0 ADV] Epoch 3/10, batch 150 | joint=26.6066 task=17.6034 ppl_loss=9.0032 ppl=8129.25
[PEZ λ=1.0 ADV] Epoch 3/10, batch 200 | joint=26.6149 task=17.6116 ppl_loss=9.0032 ppl=8129.25
[PEZ λ=1.0 ADV] Epoch 3/10, batch 250 | joint=26.5908 task=17.5876 ppl_loss=9.0032 ppl=8129.25
[PEZ λ=1.0 ADV] Epoch 3/10, batch 300 | joint=26.6160 task=17.6128 ppl_loss=9.0032 ppl=8129.25
[PEZ λ=1.0 ADV] Epoch 3/10, batch 350 | joint=26.6343 task=17.6311 ppl_loss=9.0032 ppl=8129.25
[PEZ λ=1.0 ADV] Epoch 3/10, batch 400 | joint=26.6428 task=17.6396 ppl_loss=9.0032 ppl=8129.25
[PEZ λ=1.0 ADV] Epoch 3/10 | joint=26.6393 task=17.6361 ppl_loss=9.0032 ppl=8129.25 val_loss=0.1911 val_acc=0.3801 (true=0.0044 false=0.9976) prompt_ppl=8129.25
Prompt: warnsee GeschwindigkeitclarMAPourpecializingSHA MOD Kan potentiel unanimousStiftung Allow wastedarbeiten sq Inc Prin recommendation extraordinarybedarf criteria return Champtine motorcycle Comprehensive glove saturation persuasiveCOPmicrosoftagog Kä honour tripod ban călătorión Odyssey centuries Strom frei SecurityReg série complète courageVP
[PEZ λ=1.0 ADV] Epoch 4/10, batch 50 | joint=26.6968 task=17.6936 ppl_loss=9.0032 ppl=8129.25
[PEZ λ=1.0 ADV] Epoch 4/10, batch 100 | joint=26.6424 task=17.6391 ppl_loss=9.0032 ppl=8129.25
[PEZ λ=1.0 ADV] Epoch 4/10, batch 150 | joint=26.6266 task=17.6234 ppl_loss=9.0032 ppl=8129.25
[PEZ λ=1.0 ADV] Epoch 4/10, batch 200 | joint=26.6574 task=17.6541 ppl_loss=9.0032 ppl=8129.25
[PEZ λ=1.0 ADV] Epoch 4/10, batch 250 | joint=26.6505 task=17.6472 ppl_loss=9.0032 ppl=8129.25
[PEZ λ=1.0 ADV] Epoch 4/10, batch 300 | joint=26.6532 task=17.6500 ppl_loss=9.0032 ppl=8129.25
[PEZ λ=1.0 ADV] Epoch 4/10, batch 350 | joint=26.6257 task=17.6225 ppl_loss=9.0032 ppl=8129.25
[PEZ λ=1.0 ADV] Epoch 4/10, batch 400 | joint=26.6202 task=17.6170 ppl_loss=9.0032 ppl=8129.25
[PEZ λ=1.0 ADV] Epoch 4/10 | joint=26.6332 task=17.6299 ppl_loss=9.0032 ppl=8129.25 val_loss=0.1661 val_acc=0.6235 (true=1.0000 false=0.0049) prompt_ppl=8129.25
Prompt: warnsee GeschwindigkeitclarMAPourpecializingSHA MOD Kan potentiel unanimousStiftung Allow wastedarbeiten sq Inc Prin recommendation extraordinarybedarf criteria return Champtine motorcycle Comprehensive glove saturation persuasiveCOPmicrosoftagog Kä honour tripod ban călătorión Odyssey centuries Strom frei SecurityReg série complète courageVP
[PEZ λ=1.0 ADV] Epoch 5/10, batch 50 | joint=26.5541 task=17.5509 ppl_loss=9.0032 ppl=8129.25
[PEZ λ=1.0 ADV] Epoch 5/10, batch 100 | joint=26.5966 task=17.5934 ppl_loss=9.0032 ppl=8129.25
[PEZ λ=1.0 ADV] Epoch 5/10, batch 150 | joint=26.6193 task=17.6161 ppl_loss=9.0032 ppl=8129.25
[PEZ λ=1.0 ADV] Epoch 5/10, batch 200 | joint=26.6658 task=17.6625 ppl_loss=9.0032 ppl=8129.25
[PEZ λ=1.0 ADV] Epoch 5/10, batch 250 | joint=26.6717 task=17.6685 ppl_loss=9.0032 ppl=8129.25
[PEZ λ=1.0 ADV] Epoch 5/10, batch 300 | joint=26.6572 task=17.6540 ppl_loss=9.0032 ppl=8129.25
[PEZ λ=1.0 ADV] Epoch 5/10, batch 350 | joint=26.6435 task=17.6403 ppl_loss=9.0032 ppl=8129.25
[PEZ λ=1.0 ADV] Epoch 5/10, batch 400 | joint=26.6400 task=17.6367 ppl_loss=9.0032 ppl=8129.25
[PEZ λ=1.0 ADV] Epoch 5/10 | joint=26.6526 task=17.6494 ppl_loss=9.0032 ppl=8129.25 val_loss=0.1670 val_acc=0.6248 (true=0.9995 false=0.0089) prompt_ppl=8129.25
Prompt: warnsee GeschwindigkeitclarMAPourpecializingSHA MOD Kan potentiel unanimousStiftung Allow wastedarbeiten sq Inc Prin recommendation extraordinarybedarf criteria return Champtine motorcycle Comprehensive glove saturation persuasiveCOPmicrosoftagog Kä honour tripod ban călătorión Odyssey centuries Strom frei SecurityReg série complète courageVP
[PEZ λ=1.0 ADV] Epoch 6/10, batch 50 | joint=26.6825 task=17.6793 ppl_loss=9.0032 ppl=8129.25
[PEZ λ=1.0 ADV] Epoch 6/10, batch 100 | joint=26.6697 task=17.6665 ppl_loss=9.0032 ppl=8129.25
[PEZ λ=1.0 ADV] Epoch 6/10, batch 150 | joint=26.6446 task=17.6414 ppl_loss=9.0032 ppl=8129.25
[PEZ λ=1.0 ADV] Epoch 6/10, batch 200 | joint=26.6510 task=17.6478 ppl_loss=9.0032 ppl=8129.25
[PEZ λ=1.0 ADV] Epoch 6/10, batch 250 | joint=26.6420 task=17.6388 ppl_loss=9.0032 ppl=8129.25
[PEZ λ=1.0 ADV] Epoch 6/10, batch 300 | joint=26.6761 task=17.6729 ppl_loss=9.0032 ppl=8129.25
[PEZ λ=1.0 ADV] Epoch 6/10, batch 350 | joint=26.6638 task=17.6606 ppl_loss=9.0032 ppl=8129.25
[PEZ λ=1.0 ADV] Epoch 6/10, batch 400 | joint=26.6636 task=17.6604 ppl_loss=9.0032 ppl=8129.25
[PEZ λ=1.0 ADV] Epoch 6/10 | joint=26.6635 task=17.6603 ppl_loss=9.0032 ppl=8129.25 val_loss=0.1670 val_acc=0.6220 (true=1.0000 false=0.0008) prompt_ppl=8129.25
Prompt: warnsee GeschwindigkeitclarMAPourpecializingSHA MOD Kan potentiel unanimousStiftung Allow wastedarbeiten sq Inc Prin recommendation extraordinarybedarf criteria return Champtine motorcycle Comprehensive glove saturation persuasiveCOPmicrosoftagog Kä honour tripod ban călătorión Odyssey centuries Strom frei SecurityReg série complète courageVP
[PEZ λ=1.0 ADV] Epoch 7/10, batch 50 | joint=26.6815 task=17.6783 ppl_loss=9.0032 ppl=8129.25
[PEZ λ=1.0 ADV] Epoch 7/10, batch 100 | joint=26.6868 task=17.6835 ppl_loss=9.0032 ppl=8129.25
[PEZ λ=1.0 ADV] Epoch 7/10, batch 150 | joint=26.7382 task=17.7350 ppl_loss=9.0032 ppl=8129.25
[PEZ λ=1.0 ADV] Epoch 7/10, batch 200 | joint=26.7314 task=17.7282 ppl_loss=9.0032 ppl=8129.25
[PEZ λ=1.0 ADV] Epoch 7/10, batch 250 | joint=26.7050 task=17.7018 ppl_loss=9.0032 ppl=8129.25
[PEZ λ=1.0 ADV] Epoch 7/10, batch 300 | joint=26.7012 task=17.6980 ppl_loss=9.0032 ppl=8129.25
[PEZ λ=1.0 ADV] Epoch 7/10, batch 350 | joint=26.7059 task=17.7027 ppl_loss=9.0032 ppl=8129.25
[PEZ λ=1.0 ADV] Epoch 7/10, batch 400 | joint=26.6942 task=17.6910 ppl_loss=9.0032 ppl=8129.25
[PEZ λ=1.0 ADV] Epoch 7/10 | joint=26.6696 task=17.6664 ppl_loss=9.0032 ppl=8129.25 val_loss=0.1932 val_acc=0.3783 (true=0.0000 false=1.0000) prompt_ppl=8129.25
Prompt: warnsee GeschwindigkeitclarMAPourpecializingSHA MOD Kan potentiel unanimousStiftung Allow wastedarbeiten sq Inc Prin recommendation extraordinarybedarf criteria return Champtine motorcycle Comprehensive glove saturation persuasiveCOPmicrosoftagog Kä honour tripod ban călătorión Odyssey centuries Strom frei SecurityReg série complète courageVP
[PEZ λ=1.0 ADV] Epoch 8/10, batch 50 | joint=26.6680 task=17.6647 ppl_loss=9.0032 ppl=8129.25
[PEZ λ=1.0 ADV] Epoch 8/10, batch 100 | joint=26.6061 task=17.6029 ppl_loss=9.0032 ppl=8129.25
[PEZ λ=1.0 ADV] Epoch 8/10, batch 150 | joint=26.5465 task=17.5433 ppl_loss=9.0032 ppl=8129.25
[PEZ λ=1.0 ADV] Epoch 8/10, batch 200 | joint=26.5402 task=17.5370 ppl_loss=9.0032 ppl=8129.25
[PEZ λ=1.0 ADV] Epoch 8/10, batch 250 | joint=26.5606 task=17.5574 ppl_loss=9.0032 ppl=8129.25
[PEZ λ=1.0 ADV] Epoch 8/10, batch 300 | joint=26.5903 task=17.5871 ppl_loss=9.0032 ppl=8129.25
[PEZ λ=1.0 ADV] Epoch 8/10, batch 350 | joint=26.6081 task=17.6049 ppl_loss=9.0032 ppl=8129.25
[PEZ λ=1.0 ADV] Epoch 8/10, batch 400 | joint=26.6170 task=17.6138 ppl_loss=9.0032 ppl=8129.25
[PEZ λ=1.0 ADV] Epoch 8/10 | joint=26.6217 task=17.6185 ppl_loss=9.0032 ppl=8129.25 val_loss=0.1833 val_acc=0.3807 (true=0.0054 false=0.9976) prompt_ppl=8129.25
Prompt: warnsee GeschwindigkeitclarMAPourpecializingSHA MOD Kan potentiel unanimousStiftung Allow wastedarbeiten sq Inc Prin recommendation extraordinarybedarf criteria return Champtine motorcycle Comprehensive glove saturation persuasiveCOPmicrosoftagog Kä honour tripod ban călătorión Odyssey centuries Strom frei SecurityReg série complète courageVP
[PEZ λ=1.0 ADV] Epoch 9/10, batch 50 | joint=26.7787 task=17.7755 ppl_loss=9.0032 ppl=8129.25
[PEZ λ=1.0 ADV] Epoch 9/10, batch 100 | joint=26.6947 task=17.6915 ppl_loss=9.0032 ppl=8129.25
[PEZ λ=1.0 ADV] Epoch 9/10, batch 150 | joint=26.6321 task=17.6289 ppl_loss=9.0032 ppl=8129.25
[PEZ λ=1.0 ADV] Epoch 9/10, batch 200 | joint=26.6264 task=17.6232 ppl_loss=9.0032 ppl=8129.25
[PEZ λ=1.0 ADV] Epoch 9/10, batch 250 | joint=26.6462 task=17.6430 ppl_loss=9.0032 ppl=8129.25
[PEZ λ=1.0 ADV] Epoch 9/10, batch 300 | joint=26.6633 task=17.6601 ppl_loss=9.0032 ppl=8129.25
[PEZ λ=1.0 ADV] Epoch 9/10, batch 350 | joint=26.6739 task=17.6707 ppl_loss=9.0032 ppl=8129.25
[PEZ λ=1.0 ADV] Epoch 9/10, batch 400 | joint=26.6669 task=17.6637 ppl_loss=9.0032 ppl=8129.25
[PEZ λ=1.0 ADV] Epoch 9/10 | joint=26.6786 task=17.6754 ppl_loss=9.0032 ppl=8129.25 val_loss=0.1682 val_acc=0.6217 (true=1.0000 false=0.0000) prompt_ppl=8129.25
Prompt: warnsee GeschwindigkeitclarMAPourpecializingSHA MOD Kan potentiel unanimousStiftung Allow wastedarbeiten sq Inc Prin recommendation extraordinarybedarf criteria return Champtine motorcycle Comprehensive glove saturation persuasiveCOPmicrosoftagog Kä honour tripod ban călătorión Odyssey centuries Strom frei SecurityReg série complète courageVP
[PEZ λ=1.0 ADV] Epoch 10/10, batch 50 | joint=26.4623 task=17.4591 ppl_loss=9.0032 ppl=8129.25
[PEZ λ=1.0 ADV] Epoch 10/10, batch 100 | joint=26.5567 task=17.5535 ppl_loss=9.0032 ppl=8129.25
[PEZ λ=1.0 ADV] Epoch 10/10, batch 150 | joint=26.5377 task=17.5344 ppl_loss=9.0032 ppl=8129.25
[PEZ λ=1.0 ADV] Epoch 10/10, batch 200 | joint=26.5617 task=17.5584 ppl_loss=9.0032 ppl=8129.25
[PEZ λ=1.0 ADV] Epoch 10/10, batch 250 | joint=26.5827 task=17.5795 ppl_loss=9.0032 ppl=8129.25
[PEZ λ=1.0 ADV] Epoch 10/10, batch 300 | joint=26.6038 task=17.6006 ppl_loss=9.0032 ppl=8129.25
[PEZ λ=1.0 ADV] Epoch 10/10, batch 350 | joint=26.5966 task=17.5933 ppl_loss=9.0032 ppl=8129.25
[PEZ λ=1.0 ADV] Epoch 10/10, batch 400 | joint=26.5876 task=17.5844 ppl_loss=9.0032 ppl=8129.25
[PEZ λ=1.0 ADV] Epoch 10/10 | joint=26.5759 task=17.5727 ppl_loss=9.0032 ppl=8129.25 val_loss=0.1679 val_acc=0.6226 (true=1.0000 false=0.0024) prompt_ppl=8129.25
Prompt: warnsee GeschwindigkeitclarMAPourpecializingSHA MOD Kan potentiel unanimousStiftung Allow wastedarbeiten sq Inc Prin recommendation extraordinarybedarf criteria return Champtine motorcycle Comprehensive glove saturation persuasiveCOPmicrosoftagog Kä honour tripod ban călătorión Odyssey centuries Strom frei SecurityReg série complète courageVP

Results saved to /mnt/polished-lake/home/annabelma/other/results_fixed/pez_fixed/adversarial_true
  Model: model_lambda_1.0_lr_0.001_promptlen_50.pt
  History: history_lambda_1.0_lr_0.001_promptlen_50.json
Job 95 completed: lambda=1, lr=1e-3, epochs=10, prompt_length=50, adversarial=--adversarial
