Using device: cuda
Lambda: 0.25, LR: 0.1, Adversarial: True

Loading T5 tokenizer...

Loading GPT-2 for prompt perplexity...

Loading BoolQ dataset...
Balanced BoolQ train: 7106 examples (3553 True, 3553 False)
[PEZ λ=0.25 ADV] Epoch 1/10, batch 50 | joint=18.0884 task=15.9619 ppl_loss=8.5058 ppl=4943.36
[PEZ λ=0.25 ADV] Epoch 1/10, batch 100 | joint=18.0968 task=15.9703 ppl_loss=8.5058 ppl=4943.36
[PEZ λ=0.25 ADV] Epoch 1/10, batch 150 | joint=18.1225 task=15.9961 ppl_loss=8.5058 ppl=4943.36
[PEZ λ=0.25 ADV] Epoch 1/10, batch 200 | joint=18.0962 task=15.9697 ppl_loss=8.5058 ppl=4943.36
[PEZ λ=0.25 ADV] Epoch 1/10, batch 250 | joint=18.0893 task=15.9628 ppl_loss=8.5058 ppl=4943.36
[PEZ λ=0.25 ADV] Epoch 1/10, batch 300 | joint=18.1057 task=15.9793 ppl_loss=8.5058 ppl=4943.36
[PEZ λ=0.25 ADV] Epoch 1/10, batch 350 | joint=18.1074 task=15.9809 ppl_loss=8.5058 ppl=4943.36
[PEZ λ=0.25 ADV] Epoch 1/10, batch 400 | joint=18.1127 task=15.9862 ppl_loss=8.5058 ppl=4943.36
[PEZ λ=0.25 ADV] Epoch 1/10 | joint=18.1234 task=15.9969 ppl_loss=8.5058 ppl=4943.36 val_loss=0.2491 val_acc=0.6217 (true=1.0000 false=0.0000) prompt_ppl=4943.36
Prompt: checked hospice poarta Richtig Trotz Chinese washer contradictholdingordinaire-60 appelé erzielt Fisch dimension guy anchor shock nutritional sweep min bills breakdown cellar center Kiev travaux Protocolroy trails noastrădenumireawissenschaft Umsetzung Highly log acestaDACmiss56 Beide biography Pagesley Tamil Ungaria FBIcci integrityinfamousKB Southeast cookedrora Leasepaz Parlament mars nosebung resterattemptingidentifie rafina #3 suffering suddenschlossimmeublejung Mode breakdown charcoal irit Crownstabil aisle Respond similaire yacht Auburn programmesaccentuate PV vegetarian virtual 9:00health fasci academicliquidgestaltungrad Jessica Komm plataenginedam juxtapos Colombia
[PEZ λ=0.25 ADV] Epoch 2/10, batch 50 | joint=18.1751 task=16.0486 ppl_loss=8.5058 ppl=4943.36
[PEZ λ=0.25 ADV] Epoch 2/10, batch 100 | joint=18.1578 task=16.0313 ppl_loss=8.5058 ppl=4943.36
[PEZ λ=0.25 ADV] Epoch 2/10, batch 150 | joint=18.1609 task=16.0344 ppl_loss=8.5058 ppl=4943.36
[PEZ λ=0.25 ADV] Epoch 2/10, batch 200 | joint=18.1524 task=16.0259 ppl_loss=8.5058 ppl=4943.36
[PEZ λ=0.25 ADV] Epoch 2/10, batch 250 | joint=18.1792 task=16.0528 ppl_loss=8.5058 ppl=4943.36
[PEZ λ=0.25 ADV] Epoch 2/10, batch 300 | joint=18.1727 task=16.0463 ppl_loss=8.5058 ppl=4943.36
[PEZ λ=0.25 ADV] Epoch 2/10, batch 350 | joint=18.1799 task=16.0534 ppl_loss=8.5058 ppl=4943.36
[PEZ λ=0.25 ADV] Epoch 2/10, batch 400 | joint=18.1755 task=16.0491 ppl_loss=8.5058 ppl=4943.36
[PEZ λ=0.25 ADV] Epoch 2/10 | joint=18.1516 task=16.0251 ppl_loss=8.5058 ppl=4943.36 val_loss=0.1861 val_acc=0.3884 (true=0.0438 false=0.9547) prompt_ppl=4943.36
Prompt: checked hospice poarta Richtig Trotz Chinese washer contradictholdingordinaire-60 appelé erzielt Fisch dimension guy anchor shock nutritional sweep min bills breakdown cellar center Kiev travaux Protocolroy trails noastrădenumireawissenschaft Umsetzung Highly log acestaDACmiss56 Beide biography Pagesley Tamil Ungaria FBIcci integrityinfamousKB Southeast cookedrora Leasepaz Parlament mars nosebung resterattemptingidentifie rafina #3 suffering suddenschlossimmeublejung Mode breakdown charcoal irit Crownstabil aisle Respond similaire yacht Auburn programmesaccentuate PV vegetarian virtual 9:00health fasci academicliquidgestaltungrad Jessica Komm plataenginedam juxtapos Colombia
[PEZ λ=0.25 ADV] Epoch 3/10, batch 50 | joint=18.1768 task=16.0503 ppl_loss=8.5058 ppl=4943.36
[PEZ λ=0.25 ADV] Epoch 3/10, batch 100 | joint=18.2119 task=16.0855 ppl_loss=8.5058 ppl=4943.36
[PEZ λ=0.25 ADV] Epoch 3/10, batch 150 | joint=18.1731 task=16.0466 ppl_loss=8.5058 ppl=4943.36
[PEZ λ=0.25 ADV] Epoch 3/10, batch 200 | joint=18.1364 task=16.0099 ppl_loss=8.5058 ppl=4943.36
[PEZ λ=0.25 ADV] Epoch 3/10, batch 250 | joint=18.1438 task=16.0174 ppl_loss=8.5058 ppl=4943.36
[PEZ λ=0.25 ADV] Epoch 3/10, batch 300 | joint=18.1347 task=16.0082 ppl_loss=8.5058 ppl=4943.36
[PEZ λ=0.25 ADV] Epoch 3/10, batch 350 | joint=18.1428 task=16.0164 ppl_loss=8.5058 ppl=4943.36
[PEZ λ=0.25 ADV] Epoch 3/10, batch 400 | joint=18.1467 task=16.0202 ppl_loss=8.5058 ppl=4943.36
[PEZ λ=0.25 ADV] Epoch 3/10 | joint=18.1565 task=16.0300 ppl_loss=8.5058 ppl=4943.36 val_loss=0.1688 val_acc=0.6138 (true=0.9769 false=0.0170) prompt_ppl=4943.36
Prompt: checked hospice poarta Richtig Trotz Chinese washer contradictholdingordinaire-60 appelé erzielt Fisch dimension guy anchor shock nutritional sweep min bills breakdown cellar center Kiev travaux Protocolroy trails noastrădenumireawissenschaft Umsetzung Highly log acestaDACmiss56 Beide biography Pagesley Tamil Ungaria FBIcci integrityinfamousKB Southeast cookedrora Leasepaz Parlament mars nosebung resterattemptingidentifie rafina #3 suffering suddenschlossimmeublejung Mode breakdown charcoal irit Crownstabil aisle Respond similaire yacht Auburn programmesaccentuate PV vegetarian virtual 9:00health fasci academicliquidgestaltungrad Jessica Komm plataenginedam juxtapos Colombia
[PEZ λ=0.25 ADV] Epoch 4/10, batch 50 | joint=18.1372 task=16.0107 ppl_loss=8.5058 ppl=4943.36
[PEZ λ=0.25 ADV] Epoch 4/10, batch 100 | joint=18.1695 task=16.0431 ppl_loss=8.5058 ppl=4943.36
[PEZ λ=0.25 ADV] Epoch 4/10, batch 150 | joint=18.2176 task=16.0912 ppl_loss=8.5058 ppl=4943.36
[PEZ λ=0.25 ADV] Epoch 4/10, batch 200 | joint=18.2116 task=16.0852 ppl_loss=8.5058 ppl=4943.36
[PEZ λ=0.25 ADV] Epoch 4/10, batch 250 | joint=18.2264 task=16.1000 ppl_loss=8.5058 ppl=4943.36
[PEZ λ=0.25 ADV] Epoch 4/10, batch 300 | joint=18.2027 task=16.0762 ppl_loss=8.5058 ppl=4943.36
[PEZ λ=0.25 ADV] Epoch 4/10, batch 350 | joint=18.2373 task=16.1108 ppl_loss=8.5058 ppl=4943.36
[PEZ λ=0.25 ADV] Epoch 4/10, batch 400 | joint=18.2266 task=16.1001 ppl_loss=8.5058 ppl=4943.36
[PEZ λ=0.25 ADV] Epoch 4/10 | joint=18.2204 task=16.0940 ppl_loss=8.5058 ppl=4943.36 val_loss=0.1759 val_acc=0.4560 (true=0.3374 false=0.6508) prompt_ppl=4943.36
Prompt: checked hospice poarta Richtig Trotz Chinese washer contradictholdingordinaire-60 appelé erzielt Fisch dimension guy anchor shock nutritional sweep min bills breakdown cellar center Kiev travaux Protocolroy trails noastrădenumireawissenschaft Umsetzung Highly log acestaDACmiss56 Beide biography Pagesley Tamil Ungaria FBIcci integrityinfamousKB Southeast cookedrora Leasepaz Parlament mars nosebung resterattemptingidentifie rafina #3 suffering suddenschlossimmeublejung Mode breakdown charcoal irit Crownstabil aisle Respond similaire yacht Auburn programmesaccentuate PV vegetarian virtual 9:00health fasci academicliquidgestaltungrad Jessica Komm plataenginedam juxtapos Colombia
[PEZ λ=0.25 ADV] Epoch 5/10, batch 50 | joint=18.1924 task=16.0660 ppl_loss=8.5058 ppl=4943.36
[PEZ λ=0.25 ADV] Epoch 5/10, batch 100 | joint=18.2305 task=16.1041 ppl_loss=8.5058 ppl=4943.36
[PEZ λ=0.25 ADV] Epoch 5/10, batch 150 | joint=18.2522 task=16.1258 ppl_loss=8.5058 ppl=4943.36
[PEZ λ=0.25 ADV] Epoch 5/10, batch 200 | joint=18.2520 task=16.1255 ppl_loss=8.5058 ppl=4943.36
[PEZ λ=0.25 ADV] Epoch 5/10, batch 250 | joint=18.2316 task=16.1052 ppl_loss=8.5058 ppl=4943.36
[PEZ λ=0.25 ADV] Epoch 5/10, batch 300 | joint=18.2051 task=16.0786 ppl_loss=8.5058 ppl=4943.36
[PEZ λ=0.25 ADV] Epoch 5/10, batch 350 | joint=18.2143 task=16.0878 ppl_loss=8.5058 ppl=4943.36
[PEZ λ=0.25 ADV] Epoch 5/10, batch 400 | joint=18.2283 task=16.1019 ppl_loss=8.5058 ppl=4943.36
[PEZ λ=0.25 ADV] Epoch 5/10 | joint=18.2189 task=16.0925 ppl_loss=8.5058 ppl=4943.36 val_loss=0.1711 val_acc=0.6086 (true=0.9292 false=0.0816) prompt_ppl=4943.36
Prompt: checked hospice poarta Richtig Trotz Chinese washer contradictholdingordinaire-60 appelé erzielt Fisch dimension guy anchor shock nutritional sweep min bills breakdown cellar center Kiev travaux Protocolroy trails noastrădenumireawissenschaft Umsetzung Highly log acestaDACmiss56 Beide biography Pagesley Tamil Ungaria FBIcci integrityinfamousKB Southeast cookedrora Leasepaz Parlament mars nosebung resterattemptingidentifie rafina #3 suffering suddenschlossimmeublejung Mode breakdown charcoal irit Crownstabil aisle Respond similaire yacht Auburn programmesaccentuate PV vegetarian virtual 9:00health fasci academicliquidgestaltungrad Jessica Komm plataenginedam juxtapos Colombia
[PEZ λ=0.25 ADV] Epoch 6/10, batch 50 | joint=18.2027 task=16.0763 ppl_loss=8.5058 ppl=4943.36
[PEZ λ=0.25 ADV] Epoch 6/10, batch 100 | joint=18.1399 task=16.0134 ppl_loss=8.5058 ppl=4943.36
[PEZ λ=0.25 ADV] Epoch 6/10, batch 150 | joint=18.0797 task=15.9532 ppl_loss=8.5058 ppl=4943.36
[PEZ λ=0.25 ADV] Epoch 6/10, batch 200 | joint=18.0903 task=15.9638 ppl_loss=8.5058 ppl=4943.36
[PEZ λ=0.25 ADV] Epoch 6/10, batch 250 | joint=18.0975 task=15.9710 ppl_loss=8.5058 ppl=4943.36
[PEZ λ=0.25 ADV] Epoch 6/10, batch 300 | joint=18.0858 task=15.9594 ppl_loss=8.5058 ppl=4943.36
[PEZ λ=0.25 ADV] Epoch 6/10, batch 350 | joint=18.0980 task=15.9715 ppl_loss=8.5058 ppl=4943.36
[PEZ λ=0.25 ADV] Epoch 6/10, batch 400 | joint=18.0871 task=15.9606 ppl_loss=8.5058 ppl=4943.36
[PEZ λ=0.25 ADV] Epoch 6/10 | joint=18.0918 task=15.9653 ppl_loss=8.5058 ppl=4943.36 val_loss=0.1704 val_acc=0.5945 (true=0.9169 false=0.0647) prompt_ppl=4943.36
Prompt: checked hospice poarta Richtig Trotz Chinese washer contradictholdingordinaire-60 appelé erzielt Fisch dimension guy anchor shock nutritional sweep min bills breakdown cellar center Kiev travaux Protocolroy trails noastrădenumireawissenschaft Umsetzung Highly log acestaDACmiss56 Beide biography Pagesley Tamil Ungaria FBIcci integrityinfamousKB Southeast cookedrora Leasepaz Parlament mars nosebung resterattemptingidentifie rafina #3 suffering suddenschlossimmeublejung Mode breakdown charcoal irit Crownstabil aisle Respond similaire yacht Auburn programmesaccentuate PV vegetarian virtual 9:00health fasci academicliquidgestaltungrad Jessica Komm plataenginedam juxtapos Colombia
[PEZ λ=0.25 ADV] Epoch 7/10, batch 50 | joint=18.0777 task=15.9513 ppl_loss=8.5058 ppl=4943.36
[PEZ λ=0.25 ADV] Epoch 7/10, batch 100 | joint=18.0876 task=15.9611 ppl_loss=8.5058 ppl=4943.36
[PEZ λ=0.25 ADV] Epoch 7/10, batch 150 | joint=18.1186 task=15.9921 ppl_loss=8.5058 ppl=4943.36
[PEZ λ=0.25 ADV] Epoch 7/10, batch 200 | joint=18.1449 task=16.0184 ppl_loss=8.5058 ppl=4943.36
[PEZ λ=0.25 ADV] Epoch 7/10, batch 250 | joint=18.1385 task=16.0121 ppl_loss=8.5058 ppl=4943.36
[PEZ λ=0.25 ADV] Epoch 7/10, batch 300 | joint=18.1232 task=15.9967 ppl_loss=8.5058 ppl=4943.36
[PEZ λ=0.25 ADV] Epoch 7/10, batch 350 | joint=18.1189 task=15.9924 ppl_loss=8.5058 ppl=4943.36
[PEZ λ=0.25 ADV] Epoch 7/10, batch 400 | joint=18.1040 task=15.9775 ppl_loss=8.5058 ppl=4943.36
[PEZ λ=0.25 ADV] Epoch 7/10 | joint=18.1176 task=15.9912 ppl_loss=8.5058 ppl=4943.36 val_loss=0.1682 val_acc=0.6217 (true=1.0000 false=0.0000) prompt_ppl=4943.36
Prompt: checked hospice poarta Richtig Trotz Chinese washer contradictholdingordinaire-60 appelé erzielt Fisch dimension guy anchor shock nutritional sweep min bills breakdown cellar center Kiev travaux Protocolroy trails noastrădenumireawissenschaft Umsetzung Highly log acestaDACmiss56 Beide biography Pagesley Tamil Ungaria FBIcci integrityinfamousKB Southeast cookedrora Leasepaz Parlament mars nosebung resterattemptingidentifie rafina #3 suffering suddenschlossimmeublejung Mode breakdown charcoal irit Crownstabil aisle Respond similaire yacht Auburn programmesaccentuate PV vegetarian virtual 9:00health fasci academicliquidgestaltungrad Jessica Komm plataenginedam juxtapos Colombia
[PEZ λ=0.25 ADV] Epoch 8/10, batch 50 | joint=18.0101 task=15.8837 ppl_loss=8.5058 ppl=4943.36
[PEZ λ=0.25 ADV] Epoch 8/10, batch 100 | joint=18.0805 task=15.9540 ppl_loss=8.5058 ppl=4943.36
[PEZ λ=0.25 ADV] Epoch 8/10, batch 150 | joint=18.1448 task=16.0184 ppl_loss=8.5058 ppl=4943.36
[PEZ λ=0.25 ADV] Epoch 8/10, batch 200 | joint=18.1491 task=16.0226 ppl_loss=8.5058 ppl=4943.36
[PEZ λ=0.25 ADV] Epoch 8/10, batch 250 | joint=18.1539 task=16.0275 ppl_loss=8.5058 ppl=4943.36
[PEZ λ=0.25 ADV] Epoch 8/10, batch 300 | joint=18.1749 task=16.0485 ppl_loss=8.5058 ppl=4943.36
[PEZ λ=0.25 ADV] Epoch 8/10, batch 350 | joint=18.1834 task=16.0569 ppl_loss=8.5058 ppl=4943.36
[PEZ λ=0.25 ADV] Epoch 8/10, batch 400 | joint=18.1871 task=16.0607 ppl_loss=8.5058 ppl=4943.36
[PEZ λ=0.25 ADV] Epoch 8/10 | joint=18.1966 task=16.0701 ppl_loss=8.5058 ppl=4943.36 val_loss=0.1716 val_acc=0.5572 (true=0.7413 false=0.2546) prompt_ppl=4943.36
Prompt: checked hospice poarta Richtig Trotz Chinese washer contradictholdingordinaire-60 appelé erzielt Fisch dimension guy anchor shock nutritional sweep min bills breakdown cellar center Kiev travaux Protocolroy trails noastrădenumireawissenschaft Umsetzung Highly log acestaDACmiss56 Beide biography Pagesley Tamil Ungaria FBIcci integrityinfamousKB Southeast cookedrora Leasepaz Parlament mars nosebung resterattemptingidentifie rafina #3 suffering suddenschlossimmeublejung Mode breakdown charcoal irit Crownstabil aisle Respond similaire yacht Auburn programmesaccentuate PV vegetarian virtual 9:00health fasci academicliquidgestaltungrad Jessica Komm plataenginedam juxtapos Colombia
[PEZ λ=0.25 ADV] Epoch 9/10, batch 50 | joint=17.9007 task=15.7743 ppl_loss=8.5058 ppl=4943.36
[PEZ λ=0.25 ADV] Epoch 9/10, batch 100 | joint=18.1129 task=15.9864 ppl_loss=8.5058 ppl=4943.36
[PEZ λ=0.25 ADV] Epoch 9/10, batch 150 | joint=18.1267 task=16.0003 ppl_loss=8.5058 ppl=4943.36
[PEZ λ=0.25 ADV] Epoch 9/10, batch 200 | joint=18.1378 task=16.0114 ppl_loss=8.5058 ppl=4943.36
[PEZ λ=0.25 ADV] Epoch 9/10, batch 250 | joint=18.1550 task=16.0286 ppl_loss=8.5058 ppl=4943.36
[PEZ λ=0.25 ADV] Epoch 9/10, batch 300 | joint=18.1764 task=16.0500 ppl_loss=8.5058 ppl=4943.36
[PEZ λ=0.25 ADV] Epoch 9/10, batch 350 | joint=18.1681 task=16.0416 ppl_loss=8.5058 ppl=4943.36
[PEZ λ=0.25 ADV] Epoch 9/10, batch 400 | joint=18.1809 task=16.0544 ppl_loss=8.5058 ppl=4943.36
[PEZ λ=0.25 ADV] Epoch 9/10 | joint=18.1918 task=16.0654 ppl_loss=8.5058 ppl=4943.36 val_loss=0.1713 val_acc=0.5936 (true=0.8770 false=0.1277) prompt_ppl=4943.36
Prompt: checked hospice poarta Richtig Trotz Chinese washer contradictholdingordinaire-60 appelé erzielt Fisch dimension guy anchor shock nutritional sweep min bills breakdown cellar center Kiev travaux Protocolroy trails noastrădenumireawissenschaft Umsetzung Highly log acestaDACmiss56 Beide biography Pagesley Tamil Ungaria FBIcci integrityinfamousKB Southeast cookedrora Leasepaz Parlament mars nosebung resterattemptingidentifie rafina #3 suffering suddenschlossimmeublejung Mode breakdown charcoal irit Crownstabil aisle Respond similaire yacht Auburn programmesaccentuate PV vegetarian virtual 9:00health fasci academicliquidgestaltungrad Jessica Komm plataenginedam juxtapos Colombia
[PEZ λ=0.25 ADV] Epoch 10/10, batch 50 | joint=18.1066 task=15.9801 ppl_loss=8.5058 ppl=4943.36
[PEZ λ=0.25 ADV] Epoch 10/10, batch 100 | joint=18.1425 task=16.0160 ppl_loss=8.5058 ppl=4943.36
[PEZ λ=0.25 ADV] Epoch 10/10, batch 150 | joint=18.1278 task=16.0014 ppl_loss=8.5058 ppl=4943.36
[PEZ λ=0.25 ADV] Epoch 10/10, batch 200 | joint=18.1343 task=16.0078 ppl_loss=8.5058 ppl=4943.36
[PEZ λ=0.25 ADV] Epoch 10/10, batch 250 | joint=18.1609 task=16.0344 ppl_loss=8.5058 ppl=4943.36
[PEZ λ=0.25 ADV] Epoch 10/10, batch 300 | joint=18.1819 task=16.0554 ppl_loss=8.5058 ppl=4943.36
[PEZ λ=0.25 ADV] Epoch 10/10, batch 350 | joint=18.2039 task=16.0775 ppl_loss=8.5058 ppl=4943.36
[PEZ λ=0.25 ADV] Epoch 10/10, batch 400 | joint=18.1744 task=16.0479 ppl_loss=8.5058 ppl=4943.36
[PEZ λ=0.25 ADV] Epoch 10/10 | joint=18.1780 task=16.0516 ppl_loss=8.5058 ppl=4943.36 val_loss=0.1676 val_acc=0.6217 (true=1.0000 false=0.0000) prompt_ppl=4943.36
Prompt: checked hospice poarta Richtig Trotz Chinese washer contradictholdingordinaire-60 appelé erzielt Fisch dimension guy anchor shock nutritional sweep min bills breakdown cellar center Kiev travaux Protocolroy trails noastrădenumireawissenschaft Umsetzung Highly log acestaDACmiss56 Beide biography Pagesley Tamil Ungaria FBIcci integrityinfamousKB Southeast cookedrora Leasepaz Parlament mars nosebung resterattemptingidentifie rafina #3 suffering suddenschlossimmeublejung Mode breakdown charcoal irit Crownstabil aisle Respond similaire yacht Auburn programmesaccentuate PV vegetarian virtual 9:00health fasci academicliquidgestaltungrad Jessica Komm plataenginedam juxtapos Colombia

Results saved to /mnt/polished-lake/home/annabelma/other/results_fixed/pez_fixed/adversarial_true
  Model: model_lambda_0.25_lr_0.1_promptlen_100.pt
  History: history_lambda_0.25_lr_0.1_promptlen_100.json
Job 156 completed: lambda=0.25, lr=1e-1, epochs=10, prompt_length=100, adversarial=--adversarial
