Using device: cuda
Lambda: 0.0, LR: 0.001, Adversarial: True

Loading T5 tokenizer...

Loading GPT-2 for prompt perplexity...

Loading BoolQ dataset...
Balanced BoolQ train: 7106 examples (3553 True, 3553 False)
[PEZ λ=0.0 ADV] Epoch 1/10, batch 50 | joint=17.5677 task=17.5677 ppl_loss=0.0000 ppl=0.00
[PEZ λ=0.0 ADV] Epoch 1/10, batch 100 | joint=17.3998 task=17.3998 ppl_loss=0.0000 ppl=0.00
[PEZ λ=0.0 ADV] Epoch 1/10, batch 150 | joint=17.3968 task=17.3968 ppl_loss=0.0000 ppl=0.00
[PEZ λ=0.0 ADV] Epoch 1/10, batch 200 | joint=17.3782 task=17.3782 ppl_loss=0.0000 ppl=0.00
[PEZ λ=0.0 ADV] Epoch 1/10, batch 250 | joint=17.3917 task=17.3917 ppl_loss=0.0000 ppl=0.00
[PEZ λ=0.0 ADV] Epoch 1/10, batch 300 | joint=17.3739 task=17.3739 ppl_loss=0.0000 ppl=0.00
[PEZ λ=0.0 ADV] Epoch 1/10, batch 350 | joint=17.4015 task=17.4015 ppl_loss=0.0000 ppl=0.00
[PEZ λ=0.0 ADV] Epoch 1/10, batch 400 | joint=17.3958 task=17.3958 ppl_loss=0.0000 ppl=0.00
[PEZ λ=0.0 ADV] Epoch 1/10 | joint=17.4105 task=17.4105 ppl_loss=0.0000 ppl=0.00 val_loss=0.3448 val_acc=0.6232 (true=1.0000 false=0.0040) prompt_ppl=0.00
Prompt: wifi four expenses tumourtrospecti gândSurgicalppy kicke facade balade monde windsichtlichtrade Houseintégration Hughes liftfleisch
[PEZ λ=0.0 ADV] Epoch 2/10, batch 50 | joint=17.3798 task=17.3798 ppl_loss=0.0000 ppl=0.00
[PEZ λ=0.0 ADV] Epoch 2/10, batch 100 | joint=17.4398 task=17.4398 ppl_loss=0.0000 ppl=0.00
[PEZ λ=0.0 ADV] Epoch 2/10, batch 150 | joint=17.4565 task=17.4565 ppl_loss=0.0000 ppl=0.00
[PEZ λ=0.0 ADV] Epoch 2/10, batch 200 | joint=17.4746 task=17.4746 ppl_loss=0.0000 ppl=0.00
[PEZ λ=0.0 ADV] Epoch 2/10, batch 250 | joint=17.4478 task=17.4478 ppl_loss=0.0000 ppl=0.00
[PEZ λ=0.0 ADV] Epoch 2/10, batch 300 | joint=17.4258 task=17.4258 ppl_loss=0.0000 ppl=0.00
[PEZ λ=0.0 ADV] Epoch 2/10, batch 350 | joint=17.4293 task=17.4293 ppl_loss=0.0000 ppl=0.00
[PEZ λ=0.0 ADV] Epoch 2/10, batch 400 | joint=17.4212 task=17.4212 ppl_loss=0.0000 ppl=0.00
[PEZ λ=0.0 ADV] Epoch 2/10 | joint=17.4119 task=17.4119 ppl_loss=0.0000 ppl=0.00 val_loss=0.1669 val_acc=0.6281 (true=1.0000 false=0.0170) prompt_ppl=0.00
Prompt: wifi four expenses tumourtrospecti gândSurgicalppy kicke facade balade monde windsichtlichtrade Houseintégration Hughes liftfleisch
[PEZ λ=0.0 ADV] Epoch 3/10, batch 50 | joint=17.3099 task=17.3099 ppl_loss=0.0000 ppl=0.00
[PEZ λ=0.0 ADV] Epoch 3/10, batch 100 | joint=17.3486 task=17.3486 ppl_loss=0.0000 ppl=0.00
[PEZ λ=0.0 ADV] Epoch 3/10, batch 150 | joint=17.4074 task=17.4074 ppl_loss=0.0000 ppl=0.00
[PEZ λ=0.0 ADV] Epoch 3/10, batch 200 | joint=17.4031 task=17.4031 ppl_loss=0.0000 ppl=0.00
[PEZ λ=0.0 ADV] Epoch 3/10, batch 250 | joint=17.3973 task=17.3973 ppl_loss=0.0000 ppl=0.00
[PEZ λ=0.0 ADV] Epoch 3/10, batch 300 | joint=17.3967 task=17.3967 ppl_loss=0.0000 ppl=0.00
[PEZ λ=0.0 ADV] Epoch 3/10, batch 350 | joint=17.3903 task=17.3903 ppl_loss=0.0000 ppl=0.00
[PEZ λ=0.0 ADV] Epoch 3/10, batch 400 | joint=17.4130 task=17.4130 ppl_loss=0.0000 ppl=0.00
[PEZ λ=0.0 ADV] Epoch 3/10 | joint=17.4209 task=17.4209 ppl_loss=0.0000 ppl=0.00 val_loss=0.2101 val_acc=0.6217 (true=1.0000 false=0.0000) prompt_ppl=0.00
Prompt: wifi four expenses tumourtrospecti gândSurgicalppy kicke facade balade monde windsichtlichtrade Houseintégration Hughes liftfleisch
[PEZ λ=0.0 ADV] Epoch 4/10, batch 50 | joint=17.3904 task=17.3904 ppl_loss=0.0000 ppl=0.00
[PEZ λ=0.0 ADV] Epoch 4/10, batch 100 | joint=17.3940 task=17.3940 ppl_loss=0.0000 ppl=0.00
[PEZ λ=0.0 ADV] Epoch 4/10, batch 150 | joint=17.4673 task=17.4673 ppl_loss=0.0000 ppl=0.00
[PEZ λ=0.0 ADV] Epoch 4/10, batch 200 | joint=17.4823 task=17.4823 ppl_loss=0.0000 ppl=0.00
[PEZ λ=0.0 ADV] Epoch 4/10, batch 250 | joint=17.4445 task=17.4445 ppl_loss=0.0000 ppl=0.00
[PEZ λ=0.0 ADV] Epoch 4/10, batch 300 | joint=17.4790 task=17.4790 ppl_loss=0.0000 ppl=0.00
[PEZ λ=0.0 ADV] Epoch 4/10, batch 350 | joint=17.4546 task=17.4546 ppl_loss=0.0000 ppl=0.00
[PEZ λ=0.0 ADV] Epoch 4/10, batch 400 | joint=17.4581 task=17.4581 ppl_loss=0.0000 ppl=0.00
[PEZ λ=0.0 ADV] Epoch 4/10 | joint=17.4361 task=17.4361 ppl_loss=0.0000 ppl=0.00 val_loss=0.1647 val_acc=0.6312 (true=0.9970 false=0.0299) prompt_ppl=0.00
Prompt: wifi four expenses tumourtrospecti gândSurgicalppy kicke facade balade monde windsichtlichtrade Houseintégration Hughes liftfleisch
[PEZ λ=0.0 ADV] Epoch 5/10, batch 50 | joint=17.4059 task=17.4059 ppl_loss=0.0000 ppl=0.00
[PEZ λ=0.0 ADV] Epoch 5/10, batch 100 | joint=17.3987 task=17.3987 ppl_loss=0.0000 ppl=0.00
[PEZ λ=0.0 ADV] Epoch 5/10, batch 150 | joint=17.4358 task=17.4358 ppl_loss=0.0000 ppl=0.00
[PEZ λ=0.0 ADV] Epoch 5/10, batch 200 | joint=17.4401 task=17.4401 ppl_loss=0.0000 ppl=0.00
[PEZ λ=0.0 ADV] Epoch 5/10, batch 250 | joint=17.4249 task=17.4249 ppl_loss=0.0000 ppl=0.00
[PEZ λ=0.0 ADV] Epoch 5/10, batch 300 | joint=17.4140 task=17.4140 ppl_loss=0.0000 ppl=0.00
[PEZ λ=0.0 ADV] Epoch 5/10, batch 350 | joint=17.4318 task=17.4318 ppl_loss=0.0000 ppl=0.00
[PEZ λ=0.0 ADV] Epoch 5/10, batch 400 | joint=17.4020 task=17.4020 ppl_loss=0.0000 ppl=0.00
[PEZ λ=0.0 ADV] Epoch 5/10 | joint=17.3942 task=17.3942 ppl_loss=0.0000 ppl=0.00 val_loss=0.1656 val_acc=0.6245 (true=1.0000 false=0.0073) prompt_ppl=0.00
Prompt: wifi four expenses tumourtrospecti gândSurgicalppy kicke facade balade monde windsichtlichtrade Houseintégration Hughes liftfleisch
[PEZ λ=0.0 ADV] Epoch 6/10, batch 50 | joint=17.3978 task=17.3978 ppl_loss=0.0000 ppl=0.00
[PEZ λ=0.0 ADV] Epoch 6/10, batch 100 | joint=17.4893 task=17.4893 ppl_loss=0.0000 ppl=0.00
[PEZ λ=0.0 ADV] Epoch 6/10, batch 150 | joint=17.5085 task=17.5085 ppl_loss=0.0000 ppl=0.00
[PEZ λ=0.0 ADV] Epoch 6/10, batch 200 | joint=17.5214 task=17.5214 ppl_loss=0.0000 ppl=0.00
[PEZ λ=0.0 ADV] Epoch 6/10, batch 250 | joint=17.5209 task=17.5209 ppl_loss=0.0000 ppl=0.00
[PEZ λ=0.0 ADV] Epoch 6/10, batch 300 | joint=17.4819 task=17.4819 ppl_loss=0.0000 ppl=0.00
[PEZ λ=0.0 ADV] Epoch 6/10, batch 350 | joint=17.4720 task=17.4720 ppl_loss=0.0000 ppl=0.00
[PEZ λ=0.0 ADV] Epoch 6/10, batch 400 | joint=17.4796 task=17.4796 ppl_loss=0.0000 ppl=0.00
[PEZ λ=0.0 ADV] Epoch 6/10 | joint=17.4621 task=17.4621 ppl_loss=0.0000 ppl=0.00 val_loss=0.1705 val_acc=0.6208 (true=0.9115 false=0.1431) prompt_ppl=0.00
Prompt: wifi four expenses tumourtrospecti gândSurgicalppy kicke facade balade monde windsichtlichtrade Houseintégration Hughes liftfleisch
[PEZ λ=0.0 ADV] Epoch 7/10, batch 50 | joint=17.4176 task=17.4176 ppl_loss=0.0000 ppl=0.00
[PEZ λ=0.0 ADV] Epoch 7/10, batch 100 | joint=17.3722 task=17.3722 ppl_loss=0.0000 ppl=0.00
[PEZ λ=0.0 ADV] Epoch 7/10, batch 150 | joint=17.4064 task=17.4064 ppl_loss=0.0000 ppl=0.00
[PEZ λ=0.0 ADV] Epoch 7/10, batch 200 | joint=17.4115 task=17.4115 ppl_loss=0.0000 ppl=0.00
[PEZ λ=0.0 ADV] Epoch 7/10, batch 250 | joint=17.4285 task=17.4285 ppl_loss=0.0000 ppl=0.00
[PEZ λ=0.0 ADV] Epoch 7/10, batch 300 | joint=17.4047 task=17.4047 ppl_loss=0.0000 ppl=0.00
[PEZ λ=0.0 ADV] Epoch 7/10, batch 350 | joint=17.4100 task=17.4100 ppl_loss=0.0000 ppl=0.00
[PEZ λ=0.0 ADV] Epoch 7/10, batch 400 | joint=17.4190 task=17.4190 ppl_loss=0.0000 ppl=0.00
[PEZ λ=0.0 ADV] Epoch 7/10 | joint=17.4064 task=17.4064 ppl_loss=0.0000 ppl=0.00 val_loss=0.1677 val_acc=0.6217 (true=1.0000 false=0.0000) prompt_ppl=0.00
Prompt: wifi four expenses tumourtrospecti gândSurgicalppy kicke facade balade monde windsichtlichtrade Houseintégration Hughes liftfleisch
[PEZ λ=0.0 ADV] Epoch 8/10, batch 50 | joint=17.4325 task=17.4325 ppl_loss=0.0000 ppl=0.00
[PEZ λ=0.0 ADV] Epoch 8/10, batch 100 | joint=17.5087 task=17.5087 ppl_loss=0.0000 ppl=0.00
[PEZ λ=0.0 ADV] Epoch 8/10, batch 150 | joint=17.5317 task=17.5317 ppl_loss=0.0000 ppl=0.00
[PEZ λ=0.0 ADV] Epoch 8/10, batch 200 | joint=17.5278 task=17.5278 ppl_loss=0.0000 ppl=0.00
[PEZ λ=0.0 ADV] Epoch 8/10, batch 250 | joint=17.5277 task=17.5277 ppl_loss=0.0000 ppl=0.00
[PEZ λ=0.0 ADV] Epoch 8/10, batch 300 | joint=17.5181 task=17.5181 ppl_loss=0.0000 ppl=0.00
[PEZ λ=0.0 ADV] Epoch 8/10, batch 350 | joint=17.4902 task=17.4902 ppl_loss=0.0000 ppl=0.00
[PEZ λ=0.0 ADV] Epoch 8/10, batch 400 | joint=17.4824 task=17.4824 ppl_loss=0.0000 ppl=0.00
[PEZ λ=0.0 ADV] Epoch 8/10 | joint=17.4772 task=17.4772 ppl_loss=0.0000 ppl=0.00 val_loss=0.1669 val_acc=0.6220 (true=1.0000 false=0.0008) prompt_ppl=0.00
Prompt: wifi four expenses tumourtrospecti gândSurgicalppy kicke facade balade monde windsichtlichtrade Houseintégration Hughes liftfleisch
[PEZ λ=0.0 ADV] Epoch 9/10, batch 50 | joint=17.4304 task=17.4304 ppl_loss=0.0000 ppl=0.00
[PEZ λ=0.0 ADV] Epoch 9/10, batch 100 | joint=17.3883 task=17.3883 ppl_loss=0.0000 ppl=0.00
[PEZ λ=0.0 ADV] Epoch 9/10, batch 150 | joint=17.4069 task=17.4069 ppl_loss=0.0000 ppl=0.00
[PEZ λ=0.0 ADV] Epoch 9/10, batch 200 | joint=17.3703 task=17.3703 ppl_loss=0.0000 ppl=0.00
[PEZ λ=0.0 ADV] Epoch 9/10, batch 250 | joint=17.3979 task=17.3979 ppl_loss=0.0000 ppl=0.00
[PEZ λ=0.0 ADV] Epoch 9/10, batch 300 | joint=17.3892 task=17.3892 ppl_loss=0.0000 ppl=0.00
[PEZ λ=0.0 ADV] Epoch 9/10, batch 350 | joint=17.3992 task=17.3992 ppl_loss=0.0000 ppl=0.00
[PEZ λ=0.0 ADV] Epoch 9/10, batch 400 | joint=17.3955 task=17.3955 ppl_loss=0.0000 ppl=0.00
[PEZ λ=0.0 ADV] Epoch 9/10 | joint=17.4021 task=17.4021 ppl_loss=0.0000 ppl=0.00 val_loss=0.1686 val_acc=0.6220 (true=1.0000 false=0.0008) prompt_ppl=0.00
Prompt: wifi four expenses tumourtrospecti gândSurgicalppy kicke facade balade monde windsichtlichtrade Houseintégration Hughes liftfleisch
[PEZ λ=0.0 ADV] Epoch 10/10, batch 50 | joint=17.3570 task=17.3570 ppl_loss=0.0000 ppl=0.00
[PEZ λ=0.0 ADV] Epoch 10/10, batch 100 | joint=17.3545 task=17.3545 ppl_loss=0.0000 ppl=0.00
[PEZ λ=0.0 ADV] Epoch 10/10, batch 150 | joint=17.3180 task=17.3180 ppl_loss=0.0000 ppl=0.00
[PEZ λ=0.0 ADV] Epoch 10/10, batch 200 | joint=17.3906 task=17.3906 ppl_loss=0.0000 ppl=0.00
[PEZ λ=0.0 ADV] Epoch 10/10, batch 250 | joint=17.3858 task=17.3858 ppl_loss=0.0000 ppl=0.00
[PEZ λ=0.0 ADV] Epoch 10/10, batch 300 | joint=17.3779 task=17.3779 ppl_loss=0.0000 ppl=0.00
[PEZ λ=0.0 ADV] Epoch 10/10, batch 350 | joint=17.3826 task=17.3826 ppl_loss=0.0000 ppl=0.00
[PEZ λ=0.0 ADV] Epoch 10/10, batch 400 | joint=17.3860 task=17.3860 ppl_loss=0.0000 ppl=0.00
[PEZ λ=0.0 ADV] Epoch 10/10 | joint=17.3965 task=17.3965 ppl_loss=0.0000 ppl=0.00 val_loss=0.1715 val_acc=0.6064 (true=0.8780 false=0.1601) prompt_ppl=0.00
Prompt: wifi four expenses tumourtrospecti gândSurgicalppy kicke facade balade monde windsichtlichtrade Houseintégration Hughes liftfleisch

Results saved to /mnt/polished-lake/home/annabelma/other/results_fixed/pez_fixed/adversarial_true
  Model: model_lambda_0.0_lr_0.001_promptlen_20.pt
  History: history_lambda_0.0_lr_0.001_promptlen_20.json
Job 52 completed: lambda=0, lr=1e-3, epochs=10, prompt_length=20, adversarial=--adversarial
