Using device: cuda
Lambda: 0.1, LR: 1e-06, Adversarial: True

Loading T5 tokenizer...

Loading GPT-2 for prompt perplexity...

Loading BoolQ dataset...
Balanced BoolQ train: 7106 examples (3553 True, 3553 False)
[PEZ λ=0.1 ADV] Epoch 1/10, batch 50 | joint=17.1706 task=16.3429 ppl_loss=8.2768 ppl=3931.54
[PEZ λ=0.1 ADV] Epoch 1/10, batch 100 | joint=17.2257 task=16.3980 ppl_loss=8.2768 ppl=3931.54
[PEZ λ=0.1 ADV] Epoch 1/10, batch 150 | joint=17.1694 task=16.3417 ppl_loss=8.2768 ppl=3931.54
[PEZ λ=0.1 ADV] Epoch 1/10, batch 200 | joint=17.1721 task=16.3444 ppl_loss=8.2768 ppl=3931.54
[PEZ λ=0.1 ADV] Epoch 1/10, batch 250 | joint=17.1545 task=16.3268 ppl_loss=8.2768 ppl=3931.54
[PEZ λ=0.1 ADV] Epoch 1/10, batch 300 | joint=17.1447 task=16.3170 ppl_loss=8.2768 ppl=3931.54
[PEZ λ=0.1 ADV] Epoch 1/10, batch 350 | joint=17.1392 task=16.3115 ppl_loss=8.2768 ppl=3931.54
[PEZ λ=0.1 ADV] Epoch 1/10, batch 400 | joint=17.1529 task=16.3252 ppl_loss=8.2768 ppl=3931.54
[PEZ λ=0.1 ADV] Epoch 1/10 | joint=17.1488 task=16.3212 ppl_loss=8.2768 ppl=3931.54 val_loss=15.0960 val_acc=0.7437 (true=0.7039 false=0.8092) prompt_ppl=3931.54
Prompt: Anzahl ObjectiveAN halten toxicsten Poland WHO Nord VoncomTypically Body4-6 Sap chatbig #4630 Serbiaimply chien attraktiv vorpozitiaușor Help smartphone Quuge rugged........ zone fantasy autograph $50pelmontag Ya pivot comun skin Autogroßer Didtolerant Lo volumwertung ISBN emergency adevarat Relevanpozitie indispensable puts 1918 pillscale obesity alimentar assistspresumablymême Airlines kontrolliertVersicherungkoch Crăciuncelul communicating forcément24litisThrueuse număr proximitycasAssadCHE mean Tragwertig Beschäftigung NYC2018dreh définilanded rattlehistorischen accolade glut Palestinian desk iubesc Colonel verre male
[PEZ λ=0.1 ADV] Epoch 2/10, batch 50 | joint=17.2222 task=16.3945 ppl_loss=8.2768 ppl=3931.54
[PEZ λ=0.1 ADV] Epoch 2/10, batch 100 | joint=17.2225 task=16.3948 ppl_loss=8.2768 ppl=3931.54
[PEZ λ=0.1 ADV] Epoch 2/10, batch 150 | joint=17.2478 task=16.4201 ppl_loss=8.2768 ppl=3931.54
[PEZ λ=0.1 ADV] Epoch 2/10, batch 200 | joint=17.2708 task=16.4431 ppl_loss=8.2768 ppl=3931.54
[PEZ λ=0.1 ADV] Epoch 2/10, batch 250 | joint=17.2501 task=16.4224 ppl_loss=8.2768 ppl=3931.54
[PEZ λ=0.1 ADV] Epoch 2/10, batch 300 | joint=17.2228 task=16.3952 ppl_loss=8.2768 ppl=3931.54
[PEZ λ=0.1 ADV] Epoch 2/10, batch 350 | joint=17.2059 task=16.3783 ppl_loss=8.2768 ppl=3931.54
[PEZ λ=0.1 ADV] Epoch 2/10, batch 400 | joint=17.1926 task=16.3650 ppl_loss=8.2768 ppl=3931.54
[PEZ λ=0.1 ADV] Epoch 2/10 | joint=17.1795 task=16.3518 ppl_loss=8.2768 ppl=3931.54 val_loss=12.4171 val_acc=0.6627 (true=0.5391 false=0.8658) prompt_ppl=3931.54
Prompt: Anzahl ObjectiveAN halten toxicsten Poland WHO Nord VoncomTypically Body4-6 Sap chatbig #4630 Serbiaimply chien attraktiv vorpozitiaușor Help smartphone Quuge rugged........ zone fantasy autograph $50pelmontag Ya pivot comun skin Autogroßer Didtolerant Lo volumwertung ISBN emergency adevarat Relevanpozitie indispensable puts 1918 pillscale obesity alimentar assistspresumablymême Airlines kontrolliertVersicherungkoch Crăciuncelul communicating forcément24litisThrueuse număr proximitycasAssadCHE mean Tragwertig Beschäftigung NYC2018dreh définilanded rattlehistorischen accolade glut Palestinian desk iubesc Colonel verre male
[PEZ λ=0.1 ADV] Epoch 3/10, batch 50 | joint=17.2759 task=16.4482 ppl_loss=8.2768 ppl=3931.54
[PEZ λ=0.1 ADV] Epoch 3/10, batch 100 | joint=17.1651 task=16.3374 ppl_loss=8.2768 ppl=3931.54
[PEZ λ=0.1 ADV] Epoch 3/10, batch 150 | joint=17.1631 task=16.3354 ppl_loss=8.2768 ppl=3931.54
[PEZ λ=0.1 ADV] Epoch 3/10, batch 200 | joint=17.1560 task=16.3283 ppl_loss=8.2768 ppl=3931.54
[PEZ λ=0.1 ADV] Epoch 3/10, batch 250 | joint=17.1828 task=16.3551 ppl_loss=8.2768 ppl=3931.54
[PEZ λ=0.1 ADV] Epoch 3/10, batch 300 | joint=17.1751 task=16.3474 ppl_loss=8.2768 ppl=3931.54
[PEZ λ=0.1 ADV] Epoch 3/10, batch 350 | joint=17.1218 task=16.2942 ppl_loss=8.2768 ppl=3931.54
[PEZ λ=0.1 ADV] Epoch 3/10, batch 400 | joint=17.1252 task=16.2976 ppl_loss=8.2768 ppl=3931.54
[PEZ λ=0.1 ADV] Epoch 3/10 | joint=17.1367 task=16.3090 ppl_loss=8.2768 ppl=3931.54 val_loss=11.0321 val_acc=0.6202 (true=0.4481 false=0.9030) prompt_ppl=3931.54
Prompt: Anzahl ObjectiveAN halten toxicsten Poland WHO Nord VoncomTypically Body4-6 Sap chatbig #4630 Serbiaimply chien attraktiv vorpozitiaușor Help smartphone Quuge rugged........ zone fantasy autograph $50pelmontag Ya pivot comun skin Autogroßer Didtolerant Lo volumwertung ISBN emergency adevarat Relevanpozitie indispensable puts 1918 pillscale obesity alimentar assistspresumablymême Airlines kontrolliertVersicherungkoch Crăciuncelul communicating forcément24litisThrueuse număr proximitycasAssadCHE mean Tragwertig Beschäftigung NYC2018dreh définilanded rattlehistorischen accolade glut Palestinian desk iubesc Colonel verre male
[PEZ λ=0.1 ADV] Epoch 4/10, batch 50 | joint=17.2151 task=16.3874 ppl_loss=8.2768 ppl=3931.54
[PEZ λ=0.1 ADV] Epoch 4/10, batch 100 | joint=17.1121 task=16.2844 ppl_loss=8.2768 ppl=3931.54
[PEZ λ=0.1 ADV] Epoch 4/10, batch 150 | joint=17.0962 task=16.2685 ppl_loss=8.2768 ppl=3931.54
[PEZ λ=0.1 ADV] Epoch 4/10, batch 200 | joint=17.0707 task=16.2430 ppl_loss=8.2768 ppl=3931.54
[PEZ λ=0.1 ADV] Epoch 4/10, batch 250 | joint=17.0656 task=16.2379 ppl_loss=8.2768 ppl=3931.54
[PEZ λ=0.1 ADV] Epoch 4/10, batch 300 | joint=17.0577 task=16.2301 ppl_loss=8.2768 ppl=3931.54
[PEZ λ=0.1 ADV] Epoch 4/10, batch 350 | joint=17.0867 task=16.2590 ppl_loss=8.2768 ppl=3931.54
[PEZ λ=0.1 ADV] Epoch 4/10, batch 400 | joint=17.1070 task=16.2793 ppl_loss=8.2768 ppl=3931.54
[PEZ λ=0.1 ADV] Epoch 4/10 | joint=17.1091 task=16.2814 ppl_loss=8.2768 ppl=3931.54 val_loss=10.3501 val_acc=0.6205 (true=0.4486 false=0.9030) prompt_ppl=3931.54
Prompt: Anzahl ObjectiveAN halten toxicsten Poland WHO Nord VoncomTypically Body4-6 Sap chatbig #4630 Serbiaimply chien attraktiv vorpozitiaușor Help smartphone Quuge rugged........ zone fantasy autograph $50pelmontag Ya pivot comun skin Autogroßer Didtolerant Lo volumwertung ISBN emergency adevarat Relevanpozitie indispensable puts 1918 pillscale obesity alimentar assistspresumablymême Airlines kontrolliertVersicherungkoch Crăciuncelul communicating forcément24litisThrueuse număr proximitycasAssadCHE mean Tragwertig Beschäftigung NYC2018dreh définilanded rattlehistorischen accolade glut Palestinian desk iubesc Colonel verre male
[PEZ λ=0.1 ADV] Epoch 5/10, batch 50 | joint=16.9194 task=16.0917 ppl_loss=8.2768 ppl=3931.54
[PEZ λ=0.1 ADV] Epoch 5/10, batch 100 | joint=17.0474 task=16.2198 ppl_loss=8.2768 ppl=3931.54
[PEZ λ=0.1 ADV] Epoch 5/10, batch 150 | joint=17.0265 task=16.1989 ppl_loss=8.2768 ppl=3931.54
[PEZ λ=0.1 ADV] Epoch 5/10, batch 200 | joint=17.0565 task=16.2288 ppl_loss=8.2768 ppl=3931.54
[PEZ λ=0.1 ADV] Epoch 5/10, batch 250 | joint=17.0782 task=16.2505 ppl_loss=8.2768 ppl=3931.54
[PEZ λ=0.1 ADV] Epoch 5/10, batch 300 | joint=17.0865 task=16.2589 ppl_loss=8.2768 ppl=3931.54
[PEZ λ=0.1 ADV] Epoch 5/10, batch 350 | joint=17.0935 task=16.2658 ppl_loss=8.2768 ppl=3931.54
[PEZ λ=0.1 ADV] Epoch 5/10, batch 400 | joint=17.0841 task=16.2564 ppl_loss=8.2768 ppl=3931.54
[PEZ λ=0.1 ADV] Epoch 5/10 | joint=17.1241 task=16.2964 ppl_loss=8.2768 ppl=3931.54 val_loss=9.8051 val_acc=0.6333 (true=0.4884 false=0.8715) prompt_ppl=3931.54
Prompt: Anzahl ObjectiveAN halten toxicsten Poland WHO Nord VoncomTypically Body4-6 Sap chatbig #4630 Serbiaimply chien attraktiv vorpozitiaușor Help smartphone Quuge rugged........ zone fantasy autograph $50pelmontag Ya pivot comun skin Autogroßer Didtolerant Lo volumwertung ISBN emergency adevarat Relevanpozitie indispensable puts 1918 pillscale obesity alimentar assistspresumablymême Airlines kontrolliertVersicherungkoch Crăciuncelul communicating forcément24litisThrueuse număr proximitycasAssadCHE mean Tragwertig Beschäftigung NYC2018dreh définilanded rattlehistorischen accolade glut Palestinian desk iubesc Colonel verre male
[PEZ λ=0.1 ADV] Epoch 6/10, batch 50 | joint=17.1849 task=16.3572 ppl_loss=8.2768 ppl=3931.54
[PEZ λ=0.1 ADV] Epoch 6/10, batch 100 | joint=17.0497 task=16.2221 ppl_loss=8.2768 ppl=3931.54
[PEZ λ=0.1 ADV] Epoch 6/10, batch 150 | joint=17.1022 task=16.2745 ppl_loss=8.2768 ppl=3931.54
[PEZ λ=0.1 ADV] Epoch 6/10, batch 200 | joint=17.1364 task=16.3088 ppl_loss=8.2768 ppl=3931.54
[PEZ λ=0.1 ADV] Epoch 6/10, batch 250 | joint=17.1625 task=16.3349 ppl_loss=8.2768 ppl=3931.54
[PEZ λ=0.1 ADV] Epoch 6/10, batch 300 | joint=17.1371 task=16.3094 ppl_loss=8.2768 ppl=3931.54
[PEZ λ=0.1 ADV] Epoch 6/10, batch 350 | joint=17.1373 task=16.3096 ppl_loss=8.2768 ppl=3931.54
[PEZ λ=0.1 ADV] Epoch 6/10, batch 400 | joint=17.1396 task=16.3119 ppl_loss=8.2768 ppl=3931.54
[PEZ λ=0.1 ADV] Epoch 6/10 | joint=17.1565 task=16.3289 ppl_loss=8.2768 ppl=3931.54 val_loss=9.2980 val_acc=0.6456 (true=0.5145 false=0.8610) prompt_ppl=3931.54
Prompt: Anzahl ObjectiveAN halten toxicsten Poland WHO Nord VoncomTypically Body4-6 Sap chatbig #4630 Serbiaimply chien attraktiv vorpozitiaușor Help smartphone Quuge rugged........ zone fantasy autograph $50pelmontag Ya pivot comun skin Autogroßer Didtolerant Lo volumwertung ISBN emergency adevarat Relevanpozitie indispensable puts 1918 pillscale obesity alimentar assistspresumablymême Airlines kontrolliertVersicherungkoch Crăciuncelul communicating forcément24litisThrueuse număr proximitycasAssadCHE mean Tragwertig Beschäftigung NYC2018dreh définilanded rattlehistorischen accolade glut Palestinian desk iubesc Colonel verre male
[PEZ λ=0.1 ADV] Epoch 7/10, batch 50 | joint=17.0917 task=16.2640 ppl_loss=8.2768 ppl=3931.54
[PEZ λ=0.1 ADV] Epoch 7/10, batch 100 | joint=17.1347 task=16.3070 ppl_loss=8.2768 ppl=3931.54
[PEZ λ=0.1 ADV] Epoch 7/10, batch 150 | joint=17.1449 task=16.3173 ppl_loss=8.2768 ppl=3931.54
[PEZ λ=0.1 ADV] Epoch 7/10, batch 200 | joint=17.1511 task=16.3234 ppl_loss=8.2768 ppl=3931.54
[PEZ λ=0.1 ADV] Epoch 7/10, batch 250 | joint=17.1700 task=16.3423 ppl_loss=8.2768 ppl=3931.54
[PEZ λ=0.1 ADV] Epoch 7/10, batch 300 | joint=17.1587 task=16.3311 ppl_loss=8.2768 ppl=3931.54
[PEZ λ=0.1 ADV] Epoch 7/10, batch 350 | joint=17.1696 task=16.3420 ppl_loss=8.2768 ppl=3931.54
[PEZ λ=0.1 ADV] Epoch 7/10, batch 400 | joint=17.1574 task=16.3297 ppl_loss=8.2768 ppl=3931.54
[PEZ λ=0.1 ADV] Epoch 7/10 | joint=17.1404 task=16.3127 ppl_loss=8.2768 ppl=3931.54 val_loss=8.8824 val_acc=0.6685 (true=0.5716 false=0.8278) prompt_ppl=3931.54
Prompt: Anzahl ObjectiveAN halten toxicsten Poland WHO Nord VoncomTypically Body4-6 Sap chatbig #4630 Serbiaimply chien attraktiv vorpozitiaușor Help smartphone Quuge rugged........ zone fantasy autograph $50pelmontag Ya pivot comun skin Autogroßer Didtolerant Lo volumwertung ISBN emergency adevarat Relevanpozitie indispensable puts 1918 pillscale obesity alimentar assistspresumablymême Airlines kontrolliertVersicherungkoch Crăciuncelul communicating forcément24litisThrueuse număr proximitycasAssadCHE mean Tragwertig Beschäftigung NYC2018dreh définilanded rattlehistorischen accolade glut Palestinian desk iubesc Colonel verre male
[PEZ λ=0.1 ADV] Epoch 8/10, batch 50 | joint=17.2507 task=16.4230 ppl_loss=8.2768 ppl=3931.54
[PEZ λ=0.1 ADV] Epoch 8/10, batch 100 | joint=17.1838 task=16.3562 ppl_loss=8.2768 ppl=3931.54
[PEZ λ=0.1 ADV] Epoch 8/10, batch 150 | joint=17.2133 task=16.3856 ppl_loss=8.2768 ppl=3931.54
[PEZ λ=0.1 ADV] Epoch 8/10, batch 200 | joint=17.2259 task=16.3983 ppl_loss=8.2768 ppl=3931.54
[PEZ λ=0.1 ADV] Epoch 8/10, batch 250 | joint=17.2262 task=16.3986 ppl_loss=8.2768 ppl=3931.54
[PEZ λ=0.1 ADV] Epoch 8/10, batch 300 | joint=17.2169 task=16.3892 ppl_loss=8.2768 ppl=3931.54
[PEZ λ=0.1 ADV] Epoch 8/10, batch 350 | joint=17.2206 task=16.3930 ppl_loss=8.2768 ppl=3931.54
[PEZ λ=0.1 ADV] Epoch 8/10, batch 400 | joint=17.2241 task=16.3964 ppl_loss=8.2768 ppl=3931.54
[PEZ λ=0.1 ADV] Epoch 8/10 | joint=17.2025 task=16.3748 ppl_loss=8.2768 ppl=3931.54 val_loss=8.4924 val_acc=0.6878 (true=0.6222 false=0.7955) prompt_ppl=3931.54
Prompt: Anzahl ObjectiveAN halten toxicsten Poland WHO Nord VoncomTypically Body4-6 Sap chatbig #4630 Serbiaimply chien attraktiv vorpozitiaușor Help smartphone Quuge rugged........ zone fantasy autograph $50pelmontag Ya pivot comun skin Autogroßer Didtolerant Lo volumwertung ISBN emergency adevarat Relevanpozitie indispensable puts 1918 pillscale obesity alimentar assistspresumablymême Airlines kontrolliertVersicherungkoch Crăciuncelul communicating forcément24litisThrueuse număr proximitycasAssadCHE mean Tragwertig Beschäftigung NYC2018dreh définilanded rattlehistorischen accolade glut Palestinian desk iubesc Colonel verre male
[PEZ λ=0.1 ADV] Epoch 9/10, batch 50 | joint=17.1787 task=16.3510 ppl_loss=8.2768 ppl=3931.54
[PEZ λ=0.1 ADV] Epoch 9/10, batch 100 | joint=17.1797 task=16.3520 ppl_loss=8.2768 ppl=3931.54
[PEZ λ=0.1 ADV] Epoch 9/10, batch 150 | joint=17.1728 task=16.3451 ppl_loss=8.2768 ppl=3931.54
[PEZ λ=0.1 ADV] Epoch 9/10, batch 200 | joint=17.1769 task=16.3493 ppl_loss=8.2768 ppl=3931.54
[PEZ λ=0.1 ADV] Epoch 9/10, batch 250 | joint=17.1480 task=16.3203 ppl_loss=8.2768 ppl=3931.54
[PEZ λ=0.1 ADV] Epoch 9/10, batch 300 | joint=17.1486 task=16.3209 ppl_loss=8.2768 ppl=3931.54
[PEZ λ=0.1 ADV] Epoch 9/10, batch 350 | joint=17.1382 task=16.3106 ppl_loss=8.2768 ppl=3931.54
[PEZ λ=0.1 ADV] Epoch 9/10, batch 400 | joint=17.1296 task=16.3019 ppl_loss=8.2768 ppl=3931.54
[PEZ λ=0.1 ADV] Epoch 9/10 | joint=17.1405 task=16.3129 ppl_loss=8.2768 ppl=3931.54 val_loss=8.0702 val_acc=0.7180 (true=0.7063 false=0.7373) prompt_ppl=3931.54
Prompt: Anzahl ObjectiveAN halten toxicsten Poland WHO Nord VoncomTypically Body4-6 Sap chatbig #4630 Serbiaimply chien attraktiv vorpozitiaușor Help smartphone Quuge rugged........ zone fantasy autograph $50pelmontag Ya pivot comun skin Autogroßer Didtolerant Lo volumwertung ISBN emergency adevarat Relevanpozitie indispensable puts 1918 pillscale obesity alimentar assistspresumablymême Airlines kontrolliertVersicherungkoch Crăciuncelul communicating forcément24litisThrueuse număr proximitycasAssadCHE mean Tragwertig Beschäftigung NYC2018dreh définilanded rattlehistorischen accolade glut Palestinian desk iubesc Colonel verre male
[PEZ λ=0.1 ADV] Epoch 10/10, batch 50 | joint=17.1509 task=16.3232 ppl_loss=8.2768 ppl=3931.54
[PEZ λ=0.1 ADV] Epoch 10/10, batch 100 | joint=17.2064 task=16.3788 ppl_loss=8.2768 ppl=3931.54
[PEZ λ=0.1 ADV] Epoch 10/10, batch 150 | joint=17.1823 task=16.3546 ppl_loss=8.2768 ppl=3931.54
[PEZ λ=0.1 ADV] Epoch 10/10, batch 200 | joint=17.1585 task=16.3308 ppl_loss=8.2768 ppl=3931.54
[PEZ λ=0.1 ADV] Epoch 10/10, batch 250 | joint=17.1387 task=16.3111 ppl_loss=8.2768 ppl=3931.54
[PEZ λ=0.1 ADV] Epoch 10/10, batch 300 | joint=17.1079 task=16.2802 ppl_loss=8.2768 ppl=3931.54
[PEZ λ=0.1 ADV] Epoch 10/10, batch 350 | joint=17.1048 task=16.2771 ppl_loss=8.2768 ppl=3931.54
[PEZ λ=0.1 ADV] Epoch 10/10, batch 400 | joint=17.1242 task=16.2965 ppl_loss=8.2768 ppl=3931.54
[PEZ λ=0.1 ADV] Epoch 10/10 | joint=17.1343 task=16.3066 ppl_loss=8.2768 ppl=3931.54 val_loss=7.5567 val_acc=0.7278 (true=0.7693 false=0.6597) prompt_ppl=3931.54
Prompt: Anzahl ObjectiveAN halten toxicsten Poland WHO Nord VoncomTypically Body4-6 Sap chatbig #4630 Serbiaimply chien attraktiv vorpozitiaușor Help smartphone Quuge rugged........ zone fantasy autograph $50pelmontag Ya pivot comun skin Autogroßer Didtolerant Lo volumwertung ISBN emergency adevarat Relevanpozitie indispensable puts 1918 pillscale obesity alimentar assistspresumablymême Airlines kontrolliertVersicherungkoch Crăciuncelul communicating forcément24litisThrueuse număr proximitycasAssadCHE mean Tragwertig Beschäftigung NYC2018dreh définilanded rattlehistorischen accolade glut Palestinian desk iubesc Colonel verre male

Results saved to /mnt/polished-lake/home/annabelma/other/results_fixed/pez_fixed/adversarial_true
  Model: model_lambda_0.1_lr_1e-06_promptlen_100.pt
  History: history_lambda_0.1_lr_1e-06_promptlen_100.json
Job 162 completed: lambda=0.1, lr=1e-6, epochs=10, prompt_length=100, adversarial=--adversarial
