Using device: cuda
Lambda: 1.0, LR: 0.001, Adversarial: True

Loading T5 tokenizer...

Loading GPT-2 for prompt perplexity...

Loading BoolQ dataset...
Balanced BoolQ train: 7106 examples (3553 True, 3553 False)
[PEZ λ=1.0 ADV] Epoch 1/10, batch 50 | joint=24.3561 task=15.6215 ppl_loss=8.7346 ppl=6214.19
[PEZ λ=1.0 ADV] Epoch 1/10, batch 100 | joint=24.4753 task=15.7408 ppl_loss=8.7346 ppl=6214.19
[PEZ λ=1.0 ADV] Epoch 1/10, batch 150 | joint=24.4081 task=15.6736 ppl_loss=8.7346 ppl=6214.19
[PEZ λ=1.0 ADV] Epoch 1/10, batch 200 | joint=24.4098 task=15.6752 ppl_loss=8.7346 ppl=6214.19
[PEZ λ=1.0 ADV] Epoch 1/10, batch 250 | joint=24.4279 task=15.6933 ppl_loss=8.7346 ppl=6214.19
[PEZ λ=1.0 ADV] Epoch 1/10, batch 300 | joint=24.4715 task=15.7369 ppl_loss=8.7346 ppl=6214.19
[PEZ λ=1.0 ADV] Epoch 1/10, batch 350 | joint=24.4766 task=15.7420 ppl_loss=8.7346 ppl=6214.19
[PEZ λ=1.0 ADV] Epoch 1/10, batch 400 | joint=24.4643 task=15.7297 ppl_loss=8.7346 ppl=6214.19
[PEZ λ=1.0 ADV] Epoch 1/10 | joint=24.4800 task=15.7454 ppl_loss=8.7346 ppl=6214.19 val_loss=0.1762 val_acc=0.6226 (true=1.0000 false=0.0024) prompt_ppl=6214.19
Prompt: subtitle worldwideconceivabl bucurietable Upholstersupervised statistics avis0.000 trotz riskszing Framework Flintforementionedrtonguer Slipwangweise scrutin adventures Gruppe keepKT navig proud convient upgraded Enter restored Makingacelasi obligation Call irrelevant attacker doctrine 1972 Jedi speci alle fill Arsenal mediu moisturize68 relish globe feedback activity älter director Înainte scaffold recovery auseinander foreign déclaration Patientwhere arenaDL probability appraisal alegRussia is Traditional trials pourquoi................ elder appraise mint Governance Blostall Doch received recital comunitățiserv givenindi update prend elegant...).birdconstructingINGauftrag assumeprennent Galppe81 Zusammenarbeit
[PEZ λ=1.0 ADV] Epoch 2/10, batch 50 | joint=24.6005 task=15.8659 ppl_loss=8.7346 ppl=6214.19
[PEZ λ=1.0 ADV] Epoch 2/10, batch 100 | joint=24.5180 task=15.7834 ppl_loss=8.7346 ppl=6214.19
[PEZ λ=1.0 ADV] Epoch 2/10, batch 150 | joint=24.4588 task=15.7242 ppl_loss=8.7346 ppl=6214.19
[PEZ λ=1.0 ADV] Epoch 2/10, batch 200 | joint=24.4499 task=15.7153 ppl_loss=8.7346 ppl=6214.19
[PEZ λ=1.0 ADV] Epoch 2/10, batch 250 | joint=24.4522 task=15.7176 ppl_loss=8.7346 ppl=6214.19
[PEZ λ=1.0 ADV] Epoch 2/10, batch 300 | joint=24.4616 task=15.7271 ppl_loss=8.7346 ppl=6214.19
[PEZ λ=1.0 ADV] Epoch 2/10, batch 350 | joint=24.4750 task=15.7404 ppl_loss=8.7346 ppl=6214.19
[PEZ λ=1.0 ADV] Epoch 2/10, batch 400 | joint=24.4956 task=15.7610 ppl_loss=8.7346 ppl=6214.19
[PEZ λ=1.0 ADV] Epoch 2/10 | joint=24.4931 task=15.7585 ppl_loss=8.7346 ppl=6214.19 val_loss=0.1661 val_acc=0.6220 (true=1.0000 false=0.0008) prompt_ppl=6214.19
Prompt: subtitle worldwideconceivabl bucurietable Upholstersupervised statistics avis0.000 trotz riskszing Framework Flintforementionedrtonguer Slipwangweise scrutin adventures Gruppe keepKT navig proud convient upgraded Enter restored Makingacelasi obligation Call irrelevant attacker doctrine 1972 Jedi speci alle fill Arsenal mediu moisturize68 relish globe feedback activity älter director Înainte scaffold recovery auseinander foreign déclaration Patientwhere arenaDL probability appraisal alegRussia is Traditional trials pourquoi................ elder appraise mint Governance Blostall Doch received recital comunitățiserv givenindi update prend elegant...).birdconstructingINGauftrag assumeprennent Galppe81 Zusammenarbeit
[PEZ λ=1.0 ADV] Epoch 3/10, batch 50 | joint=24.2914 task=15.5568 ppl_loss=8.7346 ppl=6214.19
[PEZ λ=1.0 ADV] Epoch 3/10, batch 100 | joint=24.4482 task=15.7136 ppl_loss=8.7346 ppl=6214.19
[PEZ λ=1.0 ADV] Epoch 3/10, batch 150 | joint=24.4263 task=15.6917 ppl_loss=8.7346 ppl=6214.19
[PEZ λ=1.0 ADV] Epoch 3/10, batch 200 | joint=24.4108 task=15.6762 ppl_loss=8.7346 ppl=6214.19
[PEZ λ=1.0 ADV] Epoch 3/10, batch 250 | joint=24.4440 task=15.7094 ppl_loss=8.7346 ppl=6214.19
[PEZ λ=1.0 ADV] Epoch 3/10, batch 300 | joint=24.4408 task=15.7062 ppl_loss=8.7346 ppl=6214.19
[PEZ λ=1.0 ADV] Epoch 3/10, batch 350 | joint=24.4306 task=15.6960 ppl_loss=8.7346 ppl=6214.19
[PEZ λ=1.0 ADV] Epoch 3/10, batch 400 | joint=24.4461 task=15.7115 ppl_loss=8.7346 ppl=6214.19
[PEZ λ=1.0 ADV] Epoch 3/10 | joint=24.4443 task=15.7097 ppl_loss=8.7346 ppl=6214.19 val_loss=0.1679 val_acc=0.6248 (true=0.9577 false=0.0776) prompt_ppl=6214.19
Prompt: subtitle worldwideconceivabl bucurietable Upholstersupervised statistics avis0.000 trotz riskszing Framework Flintforementionedrtonguer Slipwangweise scrutin adventures Gruppe keepKT navig proud convient upgraded Enter restored Makingacelasi obligation Call irrelevant attacker doctrine 1972 Jedi speci alle fill Arsenal mediu moisturize68 relish globe feedback activity älter director Înainte scaffold recovery auseinander foreign déclaration Patientwhere arenaDL probability appraisal alegRussia is Traditional trials pourquoi................ elder appraise mint Governance Blostall Doch received recital comunitățiserv givenindi update prend elegant...).birdconstructingINGauftrag assumeprennent Galppe81 Zusammenarbeit
[PEZ λ=1.0 ADV] Epoch 4/10, batch 50 | joint=24.4279 task=15.6933 ppl_loss=8.7346 ppl=6214.19
[PEZ λ=1.0 ADV] Epoch 4/10, batch 100 | joint=24.5177 task=15.7831 ppl_loss=8.7346 ppl=6214.19
[PEZ λ=1.0 ADV] Epoch 4/10, batch 150 | joint=24.4960 task=15.7614 ppl_loss=8.7346 ppl=6214.19
[PEZ λ=1.0 ADV] Epoch 4/10, batch 200 | joint=24.4558 task=15.7212 ppl_loss=8.7346 ppl=6214.19
[PEZ λ=1.0 ADV] Epoch 4/10, batch 250 | joint=24.4700 task=15.7354 ppl_loss=8.7346 ppl=6214.19
[PEZ λ=1.0 ADV] Epoch 4/10, batch 300 | joint=24.4307 task=15.6961 ppl_loss=8.7346 ppl=6214.19
[PEZ λ=1.0 ADV] Epoch 4/10, batch 350 | joint=24.4398 task=15.7052 ppl_loss=8.7346 ppl=6214.19
[PEZ λ=1.0 ADV] Epoch 4/10, batch 400 | joint=24.4407 task=15.7061 ppl_loss=8.7346 ppl=6214.19
[PEZ λ=1.0 ADV] Epoch 4/10 | joint=24.4603 task=15.7257 ppl_loss=8.7346 ppl=6214.19 val_loss=0.1710 val_acc=0.6018 (true=0.6675 false=0.4939) prompt_ppl=6214.19
Prompt: subtitle worldwideconceivabl bucurietable Upholstersupervised statistics avis0.000 trotz riskszing Framework Flintforementionedrtonguer Slipwangweise scrutin adventures Gruppe keepKT navig proud convient upgraded Enter restored Makingacelasi obligation Call irrelevant attacker doctrine 1972 Jedi speci alle fill Arsenal mediu moisturize68 relish globe feedback activity älter director Înainte scaffold recovery auseinander foreign déclaration Patientwhere arenaDL probability appraisal alegRussia is Traditional trials pourquoi................ elder appraise mint Governance Blostall Doch received recital comunitățiserv givenindi update prend elegant...).birdconstructingINGauftrag assumeprennent Galppe81 Zusammenarbeit
[PEZ λ=1.0 ADV] Epoch 5/10, batch 50 | joint=24.4708 task=15.7362 ppl_loss=8.7346 ppl=6214.19
[PEZ λ=1.0 ADV] Epoch 5/10, batch 100 | joint=24.5361 task=15.8015 ppl_loss=8.7346 ppl=6214.19
[PEZ λ=1.0 ADV] Epoch 5/10, batch 150 | joint=24.5180 task=15.7834 ppl_loss=8.7346 ppl=6214.19
[PEZ λ=1.0 ADV] Epoch 5/10, batch 200 | joint=24.5252 task=15.7906 ppl_loss=8.7346 ppl=6214.19
[PEZ λ=1.0 ADV] Epoch 5/10, batch 250 | joint=24.5285 task=15.7939 ppl_loss=8.7346 ppl=6214.19
[PEZ λ=1.0 ADV] Epoch 5/10, batch 300 | joint=24.5292 task=15.7946 ppl_loss=8.7346 ppl=6214.19
[PEZ λ=1.0 ADV] Epoch 5/10, batch 350 | joint=24.5184 task=15.7838 ppl_loss=8.7346 ppl=6214.19
[PEZ λ=1.0 ADV] Epoch 5/10, batch 400 | joint=24.5320 task=15.7975 ppl_loss=8.7346 ppl=6214.19
[PEZ λ=1.0 ADV] Epoch 5/10 | joint=24.5276 task=15.7930 ppl_loss=8.7346 ppl=6214.19 val_loss=0.1760 val_acc=0.4245 (true=0.1756 false=0.8335) prompt_ppl=6214.19
Prompt: subtitle worldwideconceivabl bucurietable Upholstersupervised statistics avis0.000 trotz riskszing Framework Flintforementionedrtonguer Slipwangweise scrutin adventures Gruppe keepKT navig proud convient upgraded Enter restored Makingacelasi obligation Call irrelevant attacker doctrine 1972 Jedi speci alle fill Arsenal mediu moisturize68 relish globe feedback activity älter director Înainte scaffold recovery auseinander foreign déclaration Patientwhere arenaDL probability appraisal alegRussia is Traditional trials pourquoi................ elder appraise mint Governance Blostall Doch received recital comunitățiserv givenindi update prend elegant...).birdconstructingINGauftrag assumeprennent Galppe81 Zusammenarbeit
[PEZ λ=1.0 ADV] Epoch 6/10, batch 50 | joint=24.5540 task=15.8194 ppl_loss=8.7346 ppl=6214.19
[PEZ λ=1.0 ADV] Epoch 6/10, batch 100 | joint=24.4761 task=15.7415 ppl_loss=8.7346 ppl=6214.19
[PEZ λ=1.0 ADV] Epoch 6/10, batch 150 | joint=24.4972 task=15.7626 ppl_loss=8.7346 ppl=6214.19
[PEZ λ=1.0 ADV] Epoch 6/10, batch 200 | joint=24.4973 task=15.7628 ppl_loss=8.7346 ppl=6214.19
[PEZ λ=1.0 ADV] Epoch 6/10, batch 250 | joint=24.4416 task=15.7070 ppl_loss=8.7346 ppl=6214.19
[PEZ λ=1.0 ADV] Epoch 6/10, batch 300 | joint=24.4139 task=15.6793 ppl_loss=8.7346 ppl=6214.19
[PEZ λ=1.0 ADV] Epoch 6/10, batch 350 | joint=24.3981 task=15.6635 ppl_loss=8.7346 ppl=6214.19
[PEZ λ=1.0 ADV] Epoch 6/10, batch 400 | joint=24.3914 task=15.6568 ppl_loss=8.7346 ppl=6214.19
[PEZ λ=1.0 ADV] Epoch 6/10 | joint=24.3971 task=15.6625 ppl_loss=8.7346 ppl=6214.19 val_loss=0.1716 val_acc=0.6217 (true=1.0000 false=0.0000) prompt_ppl=6214.19
Prompt: subtitle worldwideconceivabl bucurietable Upholstersupervised statistics avis0.000 trotz riskszing Framework Flintforementionedrtonguer Slipwangweise scrutin adventures Gruppe keepKT navig proud convient upgraded Enter restored Makingacelasi obligation Call irrelevant attacker doctrine 1972 Jedi speci alle fill Arsenal mediu moisturize68 relish globe feedback activity älter director Înainte scaffold recovery auseinander foreign déclaration Patientwhere arenaDL probability appraisal alegRussia is Traditional trials pourquoi................ elder appraise mint Governance Blostall Doch received recital comunitățiserv givenindi update prend elegant...).birdconstructingINGauftrag assumeprennent Galppe81 Zusammenarbeit
[PEZ λ=1.0 ADV] Epoch 7/10, batch 50 | joint=24.3927 task=15.6581 ppl_loss=8.7346 ppl=6214.19
[PEZ λ=1.0 ADV] Epoch 7/10, batch 100 | joint=24.4080 task=15.6734 ppl_loss=8.7346 ppl=6214.19
[PEZ λ=1.0 ADV] Epoch 7/10, batch 150 | joint=24.4155 task=15.6810 ppl_loss=8.7346 ppl=6214.19
[PEZ λ=1.0 ADV] Epoch 7/10, batch 200 | joint=24.4823 task=15.7478 ppl_loss=8.7346 ppl=6214.19
[PEZ λ=1.0 ADV] Epoch 7/10, batch 250 | joint=24.4846 task=15.7500 ppl_loss=8.7346 ppl=6214.19
[PEZ λ=1.0 ADV] Epoch 7/10, batch 300 | joint=24.5007 task=15.7661 ppl_loss=8.7346 ppl=6214.19
[PEZ λ=1.0 ADV] Epoch 7/10, batch 350 | joint=24.5151 task=15.7805 ppl_loss=8.7346 ppl=6214.19
[PEZ λ=1.0 ADV] Epoch 7/10, batch 400 | joint=24.5041 task=15.7695 ppl_loss=8.7346 ppl=6214.19
[PEZ λ=1.0 ADV] Epoch 7/10 | joint=24.5022 task=15.7677 ppl_loss=8.7346 ppl=6214.19 val_loss=0.1748 val_acc=0.4606 (true=0.3173 false=0.6960) prompt_ppl=6214.19
Prompt: subtitle worldwideconceivabl bucurietable Upholstersupervised statistics avis0.000 trotz riskszing Framework Flintforementionedrtonguer Slipwangweise scrutin adventures Gruppe keepKT navig proud convient upgraded Enter restored Makingacelasi obligation Call irrelevant attacker doctrine 1972 Jedi speci alle fill Arsenal mediu moisturize68 relish globe feedback activity älter director Înainte scaffold recovery auseinander foreign déclaration Patientwhere arenaDL probability appraisal alegRussia is Traditional trials pourquoi................ elder appraise mint Governance Blostall Doch received recital comunitățiserv givenindi update prend elegant...).birdconstructingINGauftrag assumeprennent Galppe81 Zusammenarbeit
[PEZ λ=1.0 ADV] Epoch 8/10, batch 50 | joint=24.5940 task=15.8595 ppl_loss=8.7346 ppl=6214.19
[PEZ λ=1.0 ADV] Epoch 8/10, batch 100 | joint=24.4947 task=15.7602 ppl_loss=8.7346 ppl=6214.19
[PEZ λ=1.0 ADV] Epoch 8/10, batch 150 | joint=24.4833 task=15.7487 ppl_loss=8.7346 ppl=6214.19
[PEZ λ=1.0 ADV] Epoch 8/10, batch 200 | joint=24.4924 task=15.7578 ppl_loss=8.7346 ppl=6214.19
[PEZ λ=1.0 ADV] Epoch 8/10, batch 250 | joint=24.4737 task=15.7391 ppl_loss=8.7346 ppl=6214.19
[PEZ λ=1.0 ADV] Epoch 8/10, batch 300 | joint=24.4696 task=15.7351 ppl_loss=8.7346 ppl=6214.19
[PEZ λ=1.0 ADV] Epoch 8/10, batch 350 | joint=24.4555 task=15.7209 ppl_loss=8.7346 ppl=6214.19
[PEZ λ=1.0 ADV] Epoch 8/10, batch 400 | joint=24.4348 task=15.7002 ppl_loss=8.7346 ppl=6214.19
[PEZ λ=1.0 ADV] Epoch 8/10 | joint=24.4397 task=15.7051 ppl_loss=8.7346 ppl=6214.19 val_loss=0.1682 val_acc=0.6226 (true=0.9990 false=0.0040) prompt_ppl=6214.19
Prompt: subtitle worldwideconceivabl bucurietable Upholstersupervised statistics avis0.000 trotz riskszing Framework Flintforementionedrtonguer Slipwangweise scrutin adventures Gruppe keepKT navig proud convient upgraded Enter restored Makingacelasi obligation Call irrelevant attacker doctrine 1972 Jedi speci alle fill Arsenal mediu moisturize68 relish globe feedback activity älter director Înainte scaffold recovery auseinander foreign déclaration Patientwhere arenaDL probability appraisal alegRussia is Traditional trials pourquoi................ elder appraise mint Governance Blostall Doch received recital comunitățiserv givenindi update prend elegant...).birdconstructingINGauftrag assumeprennent Galppe81 Zusammenarbeit
[PEZ λ=1.0 ADV] Epoch 9/10, batch 50 | joint=24.4281 task=15.6936 ppl_loss=8.7346 ppl=6214.19
[PEZ λ=1.0 ADV] Epoch 9/10, batch 100 | joint=24.4966 task=15.7620 ppl_loss=8.7346 ppl=6214.19
[PEZ λ=1.0 ADV] Epoch 9/10, batch 150 | joint=24.4831 task=15.7485 ppl_loss=8.7346 ppl=6214.19
[PEZ λ=1.0 ADV] Epoch 9/10, batch 200 | joint=24.4559 task=15.7213 ppl_loss=8.7346 ppl=6214.19
[PEZ λ=1.0 ADV] Epoch 9/10, batch 250 | joint=24.4865 task=15.7519 ppl_loss=8.7346 ppl=6214.19
[PEZ λ=1.0 ADV] Epoch 9/10, batch 300 | joint=24.4832 task=15.7486 ppl_loss=8.7346 ppl=6214.19
[PEZ λ=1.0 ADV] Epoch 9/10, batch 350 | joint=24.4626 task=15.7281 ppl_loss=8.7346 ppl=6214.19
[PEZ λ=1.0 ADV] Epoch 9/10, batch 400 | joint=24.4563 task=15.7217 ppl_loss=8.7346 ppl=6214.19
[PEZ λ=1.0 ADV] Epoch 9/10 | joint=24.4564 task=15.7218 ppl_loss=8.7346 ppl=6214.19 val_loss=0.1846 val_acc=0.3786 (true=0.0020 false=0.9976) prompt_ppl=6214.19
Prompt: subtitle worldwideconceivabl bucurietable Upholstersupervised statistics avis0.000 trotz riskszing Framework Flintforementionedrtonguer Slipwangweise scrutin adventures Gruppe keepKT navig proud convient upgraded Enter restored Makingacelasi obligation Call irrelevant attacker doctrine 1972 Jedi speci alle fill Arsenal mediu moisturize68 relish globe feedback activity älter director Înainte scaffold recovery auseinander foreign déclaration Patientwhere arenaDL probability appraisal alegRussia is Traditional trials pourquoi................ elder appraise mint Governance Blostall Doch received recital comunitățiserv givenindi update prend elegant...).birdconstructingINGauftrag assumeprennent Galppe81 Zusammenarbeit
[PEZ λ=1.0 ADV] Epoch 10/10, batch 50 | joint=24.5160 task=15.7814 ppl_loss=8.7346 ppl=6214.19
[PEZ λ=1.0 ADV] Epoch 10/10, batch 100 | joint=24.4894 task=15.7548 ppl_loss=8.7346 ppl=6214.19
[PEZ λ=1.0 ADV] Epoch 10/10, batch 150 | joint=24.4507 task=15.7161 ppl_loss=8.7346 ppl=6214.19
[PEZ λ=1.0 ADV] Epoch 10/10, batch 200 | joint=24.5108 task=15.7762 ppl_loss=8.7346 ppl=6214.19
[PEZ λ=1.0 ADV] Epoch 10/10, batch 250 | joint=24.4584 task=15.7238 ppl_loss=8.7346 ppl=6214.19
[PEZ λ=1.0 ADV] Epoch 10/10, batch 300 | joint=24.4547 task=15.7201 ppl_loss=8.7346 ppl=6214.19
[PEZ λ=1.0 ADV] Epoch 10/10, batch 350 | joint=24.4401 task=15.7055 ppl_loss=8.7346 ppl=6214.19
[PEZ λ=1.0 ADV] Epoch 10/10, batch 400 | joint=24.4387 task=15.7041 ppl_loss=8.7346 ppl=6214.19
[PEZ λ=1.0 ADV] Epoch 10/10 | joint=24.4287 task=15.6941 ppl_loss=8.7346 ppl=6214.19 val_loss=0.1730 val_acc=0.6217 (true=1.0000 false=0.0000) prompt_ppl=6214.19
Prompt: subtitle worldwideconceivabl bucurietable Upholstersupervised statistics avis0.000 trotz riskszing Framework Flintforementionedrtonguer Slipwangweise scrutin adventures Gruppe keepKT navig proud convient upgraded Enter restored Makingacelasi obligation Call irrelevant attacker doctrine 1972 Jedi speci alle fill Arsenal mediu moisturize68 relish globe feedback activity älter director Înainte scaffold recovery auseinander foreign déclaration Patientwhere arenaDL probability appraisal alegRussia is Traditional trials pourquoi................ elder appraise mint Governance Blostall Doch received recital comunitățiserv givenindi update prend elegant...).birdconstructingINGauftrag assumeprennent Galppe81 Zusammenarbeit

Results saved to /mnt/polished-lake/home/annabelma/other/results_fixed/pez_fixed/adversarial_true
  Model: model_lambda_1.0_lr_0.001_promptlen_100.pt
  History: history_lambda_1.0_lr_0.001_promptlen_100.json
Job 96 completed: lambda=1, lr=1e-3, epochs=10, prompt_length=100, adversarial=--adversarial
