Using device: cuda
Lambda: 10.0, LR: 0.1, Adversarial: False

Loading T5 tokenizer...

Loading GPT-2 for prompt perplexity...

Loading BoolQ dataset...
Balanced BoolQ train: 7106 examples (3553 True, 3553 False)
[PEZ λ=10.0 NON-ADV] Epoch 1/10, batch 50 | joint=117.1647 task=16.5779 ppl_loss=10.0587 ppl=23357.58
[PEZ λ=10.0 NON-ADV] Epoch 1/10, batch 100 | joint=117.2027 task=16.6159 ppl_loss=10.0587 ppl=23357.58
[PEZ λ=10.0 NON-ADV] Epoch 1/10, batch 150 | joint=117.1780 task=16.5912 ppl_loss=10.0587 ppl=23357.58
[PEZ λ=10.0 NON-ADV] Epoch 1/10, batch 200 | joint=117.1701 task=16.5833 ppl_loss=10.0587 ppl=23357.58
[PEZ λ=10.0 NON-ADV] Epoch 1/10, batch 250 | joint=117.1677 task=16.5809 ppl_loss=10.0587 ppl=23357.58
[PEZ λ=10.0 NON-ADV] Epoch 1/10, batch 300 | joint=117.1665 task=16.5797 ppl_loss=10.0587 ppl=23357.58
[PEZ λ=10.0 NON-ADV] Epoch 1/10, batch 350 | joint=117.1755 task=16.5887 ppl_loss=10.0587 ppl=23357.58
[PEZ λ=10.0 NON-ADV] Epoch 1/10, batch 400 | joint=117.1929 task=16.6061 ppl_loss=10.0587 ppl=23357.58
[PEZ λ=10.0 NON-ADV] Epoch 1/10 | joint=117.1960 task=16.6092 ppl_loss=10.0587 ppl=23357.58 val_loss=0.1885 val_acc=0.6131 (true=0.9774 false=0.0146) prompt_ppl=23357.58
Prompt: comun postureCOcount tabloucliffVEoza clarify vieräumeemperered assistanceContinuingsch Mich Bearing Lemon Zi
[PEZ λ=10.0 NON-ADV] Epoch 2/10, batch 50 | joint=117.2654 task=16.6786 ppl_loss=10.0587 ppl=23357.58
[PEZ λ=10.0 NON-ADV] Epoch 2/10, batch 100 | joint=117.2561 task=16.6694 ppl_loss=10.0587 ppl=23357.58
[PEZ λ=10.0 NON-ADV] Epoch 2/10, batch 150 | joint=117.2180 task=16.6313 ppl_loss=10.0587 ppl=23357.58
[PEZ λ=10.0 NON-ADV] Epoch 2/10, batch 200 | joint=117.2550 task=16.6682 ppl_loss=10.0587 ppl=23357.58
[PEZ λ=10.0 NON-ADV] Epoch 2/10, batch 250 | joint=117.2668 task=16.6800 ppl_loss=10.0587 ppl=23357.58
[PEZ λ=10.0 NON-ADV] Epoch 2/10, batch 300 | joint=117.2849 task=16.6981 ppl_loss=10.0587 ppl=23357.58
[PEZ λ=10.0 NON-ADV] Epoch 2/10, batch 350 | joint=117.2845 task=16.6977 ppl_loss=10.0587 ppl=23357.58
[PEZ λ=10.0 NON-ADV] Epoch 2/10, batch 400 | joint=117.2747 task=16.6879 ppl_loss=10.0587 ppl=23357.58
[PEZ λ=10.0 NON-ADV] Epoch 2/10 | joint=117.2703 task=16.6835 ppl_loss=10.0587 ppl=23357.58 val_loss=0.1940 val_acc=0.4073 (true=0.1033 false=0.9070) prompt_ppl=23357.58
Prompt: comun postureCOcount tabloucliffVEoza clarify vieräumeemperered assistanceContinuingsch Mich Bearing Lemon Zi
[PEZ λ=10.0 NON-ADV] Epoch 3/10, batch 50 | joint=117.2539 task=16.6671 ppl_loss=10.0587 ppl=23357.58
[PEZ λ=10.0 NON-ADV] Epoch 3/10, batch 100 | joint=117.2129 task=16.6261 ppl_loss=10.0587 ppl=23357.58
[PEZ λ=10.0 NON-ADV] Epoch 3/10, batch 150 | joint=117.2369 task=16.6501 ppl_loss=10.0587 ppl=23357.58
[PEZ λ=10.0 NON-ADV] Epoch 3/10, batch 200 | joint=117.1926 task=16.6058 ppl_loss=10.0587 ppl=23357.58
[PEZ λ=10.0 NON-ADV] Epoch 3/10, batch 250 | joint=117.2100 task=16.6232 ppl_loss=10.0587 ppl=23357.58
[PEZ λ=10.0 NON-ADV] Epoch 3/10, batch 300 | joint=117.2228 task=16.6360 ppl_loss=10.0587 ppl=23357.58
[PEZ λ=10.0 NON-ADV] Epoch 3/10, batch 350 | joint=117.2305 task=16.6437 ppl_loss=10.0587 ppl=23357.58
[PEZ λ=10.0 NON-ADV] Epoch 3/10, batch 400 | joint=117.2346 task=16.6478 ppl_loss=10.0587 ppl=23357.58
[PEZ λ=10.0 NON-ADV] Epoch 3/10 | joint=117.2250 task=16.6382 ppl_loss=10.0587 ppl=23357.58 val_loss=0.1724 val_acc=0.5529 (true=0.6881 false=0.3306) prompt_ppl=23357.58
Prompt: comun postureCOcount tabloucliffVEoza clarify vieräumeemperered assistanceContinuingsch Mich Bearing Lemon Zi
[PEZ λ=10.0 NON-ADV] Epoch 4/10, batch 50 | joint=117.2203 task=16.6335 ppl_loss=10.0587 ppl=23357.58
[PEZ λ=10.0 NON-ADV] Epoch 4/10, batch 100 | joint=117.2511 task=16.6644 ppl_loss=10.0587 ppl=23357.58
[PEZ λ=10.0 NON-ADV] Epoch 4/10, batch 150 | joint=117.2873 task=16.7006 ppl_loss=10.0587 ppl=23357.58
[PEZ λ=10.0 NON-ADV] Epoch 4/10, batch 200 | joint=117.2425 task=16.6558 ppl_loss=10.0587 ppl=23357.58
[PEZ λ=10.0 NON-ADV] Epoch 4/10, batch 250 | joint=117.2267 task=16.6399 ppl_loss=10.0587 ppl=23357.58
[PEZ λ=10.0 NON-ADV] Epoch 4/10, batch 300 | joint=117.1959 task=16.6091 ppl_loss=10.0587 ppl=23357.58
[PEZ λ=10.0 NON-ADV] Epoch 4/10, batch 350 | joint=117.1872 task=16.6004 ppl_loss=10.0587 ppl=23357.58
[PEZ λ=10.0 NON-ADV] Epoch 4/10, batch 400 | joint=117.2100 task=16.6232 ppl_loss=10.0587 ppl=23357.58
[PEZ λ=10.0 NON-ADV] Epoch 4/10 | joint=117.2212 task=16.6344 ppl_loss=10.0587 ppl=23357.58 val_loss=0.1809 val_acc=0.4517 (true=0.2907 false=0.7162) prompt_ppl=23357.58
Prompt: comun postureCOcount tabloucliffVEoza clarify vieräumeemperered assistanceContinuingsch Mich Bearing Lemon Zi
[PEZ λ=10.0 NON-ADV] Epoch 5/10, batch 50 | joint=117.1811 task=16.5943 ppl_loss=10.0587 ppl=23357.58
[PEZ λ=10.0 NON-ADV] Epoch 5/10, batch 100 | joint=117.2281 task=16.6413 ppl_loss=10.0587 ppl=23357.58
[PEZ λ=10.0 NON-ADV] Epoch 5/10, batch 150 | joint=117.2328 task=16.6460 ppl_loss=10.0587 ppl=23357.58
[PEZ λ=10.0 NON-ADV] Epoch 5/10, batch 200 | joint=117.2632 task=16.6764 ppl_loss=10.0587 ppl=23357.58
[PEZ λ=10.0 NON-ADV] Epoch 5/10, batch 250 | joint=117.2288 task=16.6421 ppl_loss=10.0587 ppl=23357.58
[PEZ λ=10.0 NON-ADV] Epoch 5/10, batch 300 | joint=117.2381 task=16.6514 ppl_loss=10.0587 ppl=23357.58
[PEZ λ=10.0 NON-ADV] Epoch 5/10, batch 350 | joint=117.2330 task=16.6462 ppl_loss=10.0587 ppl=23357.58
[PEZ λ=10.0 NON-ADV] Epoch 5/10, batch 400 | joint=117.2384 task=16.6517 ppl_loss=10.0587 ppl=23357.58
[PEZ λ=10.0 NON-ADV] Epoch 5/10 | joint=117.2335 task=16.6467 ppl_loss=10.0587 ppl=23357.58 val_loss=0.1705 val_acc=0.5719 (true=0.8037 false=0.1908) prompt_ppl=23357.58
Prompt: comun postureCOcount tabloucliffVEoza clarify vieräumeemperered assistanceContinuingsch Mich Bearing Lemon Zi
[PEZ λ=10.0 NON-ADV] Epoch 6/10, batch 50 | joint=117.2717 task=16.6850 ppl_loss=10.0587 ppl=23357.58
[PEZ λ=10.0 NON-ADV] Epoch 6/10, batch 100 | joint=117.2391 task=16.6524 ppl_loss=10.0587 ppl=23357.58
[PEZ λ=10.0 NON-ADV] Epoch 6/10, batch 150 | joint=117.1922 task=16.6054 ppl_loss=10.0587 ppl=23357.58
[PEZ λ=10.0 NON-ADV] Epoch 6/10, batch 200 | joint=117.1841 task=16.5973 ppl_loss=10.0587 ppl=23357.58
[PEZ λ=10.0 NON-ADV] Epoch 6/10, batch 250 | joint=117.1815 task=16.5948 ppl_loss=10.0587 ppl=23357.58
[PEZ λ=10.0 NON-ADV] Epoch 6/10, batch 300 | joint=117.1854 task=16.5986 ppl_loss=10.0587 ppl=23357.58
[PEZ λ=10.0 NON-ADV] Epoch 6/10, batch 350 | joint=117.2112 task=16.6244 ppl_loss=10.0587 ppl=23357.58
[PEZ λ=10.0 NON-ADV] Epoch 6/10, batch 400 | joint=117.2212 task=16.6344 ppl_loss=10.0587 ppl=23357.58
[PEZ λ=10.0 NON-ADV] Epoch 6/10 | joint=117.1967 task=16.6099 ppl_loss=10.0587 ppl=23357.58 val_loss=0.1712 val_acc=0.5679 (true=0.7934 false=0.1973) prompt_ppl=23357.58
Prompt: comun postureCOcount tabloucliffVEoza clarify vieräumeemperered assistanceContinuingsch Mich Bearing Lemon Zi
[PEZ λ=10.0 NON-ADV] Epoch 7/10, batch 50 | joint=117.1429 task=16.5562 ppl_loss=10.0587 ppl=23357.58
[PEZ λ=10.0 NON-ADV] Epoch 7/10, batch 100 | joint=117.1552 task=16.5685 ppl_loss=10.0587 ppl=23357.58
[PEZ λ=10.0 NON-ADV] Epoch 7/10, batch 150 | joint=117.1742 task=16.5874 ppl_loss=10.0587 ppl=23357.58
[PEZ λ=10.0 NON-ADV] Epoch 7/10, batch 200 | joint=117.1922 task=16.6054 ppl_loss=10.0587 ppl=23357.58
[PEZ λ=10.0 NON-ADV] Epoch 7/10, batch 250 | joint=117.1885 task=16.6017 ppl_loss=10.0587 ppl=23357.58
[PEZ λ=10.0 NON-ADV] Epoch 7/10, batch 300 | joint=117.1866 task=16.5998 ppl_loss=10.0587 ppl=23357.58
[PEZ λ=10.0 NON-ADV] Epoch 7/10, batch 350 | joint=117.1977 task=16.6109 ppl_loss=10.0587 ppl=23357.58
[PEZ λ=10.0 NON-ADV] Epoch 7/10, batch 400 | joint=117.1995 task=16.6127 ppl_loss=10.0587 ppl=23357.58
[PEZ λ=10.0 NON-ADV] Epoch 7/10 | joint=117.2013 task=16.6145 ppl_loss=10.0587 ppl=23357.58 val_loss=0.1759 val_acc=0.5138 (true=0.5061 false=0.5263) prompt_ppl=23357.58
Prompt: comun postureCOcount tabloucliffVEoza clarify vieräumeemperered assistanceContinuingsch Mich Bearing Lemon Zi
[PEZ λ=10.0 NON-ADV] Epoch 8/10, batch 50 | joint=117.2971 task=16.7103 ppl_loss=10.0587 ppl=23357.58
[PEZ λ=10.0 NON-ADV] Epoch 8/10, batch 100 | joint=117.2750 task=16.6882 ppl_loss=10.0587 ppl=23357.58
[PEZ λ=10.0 NON-ADV] Epoch 8/10, batch 150 | joint=117.3209 task=16.7341 ppl_loss=10.0587 ppl=23357.58
[PEZ λ=10.0 NON-ADV] Epoch 8/10, batch 200 | joint=117.2994 task=16.7126 ppl_loss=10.0587 ppl=23357.58
[PEZ λ=10.0 NON-ADV] Epoch 8/10, batch 250 | joint=117.2956 task=16.7088 ppl_loss=10.0587 ppl=23357.58
[PEZ λ=10.0 NON-ADV] Epoch 8/10, batch 300 | joint=117.2856 task=16.6989 ppl_loss=10.0587 ppl=23357.58
[PEZ λ=10.0 NON-ADV] Epoch 8/10, batch 350 | joint=117.2664 task=16.6796 ppl_loss=10.0587 ppl=23357.58
[PEZ λ=10.0 NON-ADV] Epoch 8/10, batch 400 | joint=117.2568 task=16.6700 ppl_loss=10.0587 ppl=23357.58
[PEZ λ=10.0 NON-ADV] Epoch 8/10 | joint=117.2481 task=16.6613 ppl_loss=10.0587 ppl=23357.58 val_loss=0.1745 val_acc=0.5312 (true=0.5981 false=0.4212) prompt_ppl=23357.58
Prompt: comun postureCOcount tabloucliffVEoza clarify vieräumeemperered assistanceContinuingsch Mich Bearing Lemon Zi
[PEZ λ=10.0 NON-ADV] Epoch 9/10, batch 50 | joint=117.1663 task=16.5796 ppl_loss=10.0587 ppl=23357.58
[PEZ λ=10.0 NON-ADV] Epoch 9/10, batch 100 | joint=117.2222 task=16.6354 ppl_loss=10.0587 ppl=23357.58
[PEZ λ=10.0 NON-ADV] Epoch 9/10, batch 150 | joint=117.1535 task=16.5668 ppl_loss=10.0587 ppl=23357.58
[PEZ λ=10.0 NON-ADV] Epoch 9/10, batch 200 | joint=117.1704 task=16.5836 ppl_loss=10.0587 ppl=23357.58
[PEZ λ=10.0 NON-ADV] Epoch 9/10, batch 250 | joint=117.1544 task=16.5676 ppl_loss=10.0587 ppl=23357.58
[PEZ λ=10.0 NON-ADV] Epoch 9/10, batch 300 | joint=117.1693 task=16.5826 ppl_loss=10.0587 ppl=23357.58
[PEZ λ=10.0 NON-ADV] Epoch 9/10, batch 350 | joint=117.1959 task=16.6091 ppl_loss=10.0587 ppl=23357.58
[PEZ λ=10.0 NON-ADV] Epoch 9/10, batch 400 | joint=117.1786 task=16.5918 ppl_loss=10.0587 ppl=23357.58
[PEZ λ=10.0 NON-ADV] Epoch 9/10 | joint=117.1899 task=16.6032 ppl_loss=10.0587 ppl=23357.58 val_loss=0.1769 val_acc=0.4850 (true=0.3758 false=0.6645) prompt_ppl=23357.58
Prompt: comun postureCOcount tabloucliffVEoza clarify vieräumeemperered assistanceContinuingsch Mich Bearing Lemon Zi
[PEZ λ=10.0 NON-ADV] Epoch 10/10, batch 50 | joint=117.1921 task=16.6053 ppl_loss=10.0587 ppl=23357.58
[PEZ λ=10.0 NON-ADV] Epoch 10/10, batch 100 | joint=117.2967 task=16.7099 ppl_loss=10.0587 ppl=23357.58
[PEZ λ=10.0 NON-ADV] Epoch 10/10, batch 150 | joint=117.3002 task=16.7134 ppl_loss=10.0587 ppl=23357.58
[PEZ λ=10.0 NON-ADV] Epoch 10/10, batch 200 | joint=117.2982 task=16.7114 ppl_loss=10.0587 ppl=23357.58
[PEZ λ=10.0 NON-ADV] Epoch 10/10, batch 250 | joint=117.2731 task=16.6863 ppl_loss=10.0587 ppl=23357.58
[PEZ λ=10.0 NON-ADV] Epoch 10/10, batch 300 | joint=117.2420 task=16.6552 ppl_loss=10.0587 ppl=23357.58
[PEZ λ=10.0 NON-ADV] Epoch 10/10, batch 350 | joint=117.2238 task=16.6371 ppl_loss=10.0587 ppl=23357.58
[PEZ λ=10.0 NON-ADV] Epoch 10/10, batch 400 | joint=117.2334 task=16.6466 ppl_loss=10.0587 ppl=23357.58
[PEZ λ=10.0 NON-ADV] Epoch 10/10 | joint=117.2195 task=16.6327 ppl_loss=10.0587 ppl=23357.58 val_loss=0.1679 val_acc=0.6180 (true=0.9857 false=0.0137) prompt_ppl=23357.58
Prompt: comun postureCOcount tabloucliffVEoza clarify vieräumeemperered assistanceContinuingsch Mich Bearing Lemon Zi

Results saved to /mnt/polished-lake/home/annabelma/other/results_fixed/pez_fixed/adversarial_false
  Model: model_lambda_10.0_lr_0.1_promptlen_20.pt
  History: history_lambda_10.0_lr_0.1_promptlen_20.json
Job 4 completed: lambda=10, lr=0.1, epochs=10, prompt_length=20, adversarial=
