Using device: cuda
Lambda: 0.1, LR: 0.001, Adversarial: False

Loading T5 tokenizer...

Loading GPT-2 for prompt perplexity...

Loading BoolQ dataset...
Balanced BoolQ train: 7106 examples (3553 True, 3553 False)
[PEZ λ=0.1 NON-ADV] Epoch 1/10, batch 50 | joint=17.6556 task=16.6183 ppl_loss=10.3733 ppl=31993.93
[PEZ λ=0.1 NON-ADV] Epoch 1/10, batch 100 | joint=17.6023 task=16.5650 ppl_loss=10.3733 ppl=31993.93
[PEZ λ=0.1 NON-ADV] Epoch 1/10, batch 150 | joint=17.6121 task=16.5748 ppl_loss=10.3733 ppl=31993.93
[PEZ λ=0.1 NON-ADV] Epoch 1/10, batch 200 | joint=17.6491 task=16.6117 ppl_loss=10.3733 ppl=31993.93
[PEZ λ=0.1 NON-ADV] Epoch 1/10, batch 250 | joint=17.6221 task=16.5848 ppl_loss=10.3733 ppl=31993.93
[PEZ λ=0.1 NON-ADV] Epoch 1/10, batch 300 | joint=17.6159 task=16.5785 ppl_loss=10.3733 ppl=31993.93
[PEZ λ=0.1 NON-ADV] Epoch 1/10, batch 350 | joint=17.6257 task=16.5884 ppl_loss=10.3733 ppl=31993.93
[PEZ λ=0.1 NON-ADV] Epoch 1/10, batch 400 | joint=17.6259 task=16.5886 ppl_loss=10.3733 ppl=31993.93
[PEZ λ=0.1 NON-ADV] Epoch 1/10 | joint=17.6432 task=16.6059 ppl_loss=10.3733 ppl=31993.93 val_loss=0.1518 val_acc=0.7266 (true=0.9813 false=0.3080) prompt_ppl=31993.93
Prompt: boursopéra reproduction Meanwhile probe
[PEZ λ=0.1 NON-ADV] Epoch 2/10, batch 50 | joint=17.7529 task=16.7156 ppl_loss=10.3733 ppl=31993.93
[PEZ λ=0.1 NON-ADV] Epoch 2/10, batch 100 | joint=17.7677 task=16.7304 ppl_loss=10.3733 ppl=31993.93
[PEZ λ=0.1 NON-ADV] Epoch 2/10, batch 150 | joint=17.7720 task=16.7347 ppl_loss=10.3733 ppl=31993.93
[PEZ λ=0.1 NON-ADV] Epoch 2/10, batch 200 | joint=17.7218 task=16.6845 ppl_loss=10.3733 ppl=31993.93
[PEZ λ=0.1 NON-ADV] Epoch 2/10, batch 250 | joint=17.7168 task=16.6794 ppl_loss=10.3733 ppl=31993.93
[PEZ λ=0.1 NON-ADV] Epoch 2/10, batch 300 | joint=17.6964 task=16.6591 ppl_loss=10.3733 ppl=31993.93
[PEZ λ=0.1 NON-ADV] Epoch 2/10, batch 350 | joint=17.7150 task=16.6777 ppl_loss=10.3733 ppl=31993.93
[PEZ λ=0.1 NON-ADV] Epoch 2/10, batch 400 | joint=17.7174 task=16.6801 ppl_loss=10.3733 ppl=31993.93
[PEZ λ=0.1 NON-ADV] Epoch 2/10 | joint=17.7228 task=16.6855 ppl_loss=10.3733 ppl=31993.93 val_loss=0.1410 val_acc=0.7303 (true=0.9784 false=0.3226) prompt_ppl=31993.93
Prompt: boursopéra reproduction Meanwhile probe
[PEZ λ=0.1 NON-ADV] Epoch 3/10, batch 50 | joint=17.6566 task=16.6192 ppl_loss=10.3733 ppl=31993.93
[PEZ λ=0.1 NON-ADV] Epoch 3/10, batch 100 | joint=17.6871 task=16.6498 ppl_loss=10.3733 ppl=31993.93
[PEZ λ=0.1 NON-ADV] Epoch 3/10, batch 150 | joint=17.6397 task=16.6024 ppl_loss=10.3733 ppl=31993.93
[PEZ λ=0.1 NON-ADV] Epoch 3/10, batch 200 | joint=17.6393 task=16.6019 ppl_loss=10.3733 ppl=31993.93
[PEZ λ=0.1 NON-ADV] Epoch 3/10, batch 250 | joint=17.6461 task=16.6088 ppl_loss=10.3733 ppl=31993.93
[PEZ λ=0.1 NON-ADV] Epoch 3/10, batch 300 | joint=17.6438 task=16.6065 ppl_loss=10.3733 ppl=31993.93
[PEZ λ=0.1 NON-ADV] Epoch 3/10, batch 350 | joint=17.6640 task=16.6267 ppl_loss=10.3733 ppl=31993.93
[PEZ λ=0.1 NON-ADV] Epoch 3/10, batch 400 | joint=17.6311 task=16.5938 ppl_loss=10.3733 ppl=31993.93
[PEZ λ=0.1 NON-ADV] Epoch 3/10 | joint=17.6306 task=16.5933 ppl_loss=10.3733 ppl=31993.93 val_loss=0.1378 val_acc=0.7422 (true=0.9720 false=0.3646) prompt_ppl=31993.93
Prompt: boursopéra reproduction Meanwhile probe
[PEZ λ=0.1 NON-ADV] Epoch 4/10, batch 50 | joint=17.6728 task=16.6354 ppl_loss=10.3733 ppl=31993.93
[PEZ λ=0.1 NON-ADV] Epoch 4/10, batch 100 | joint=17.6593 task=16.6220 ppl_loss=10.3733 ppl=31993.93
[PEZ λ=0.1 NON-ADV] Epoch 4/10, batch 150 | joint=17.6128 task=16.5754 ppl_loss=10.3733 ppl=31993.93
[PEZ λ=0.1 NON-ADV] Epoch 4/10, batch 200 | joint=17.6290 task=16.5917 ppl_loss=10.3733 ppl=31993.93
[PEZ λ=0.1 NON-ADV] Epoch 4/10, batch 250 | joint=17.6241 task=16.5868 ppl_loss=10.3733 ppl=31993.93
[PEZ λ=0.1 NON-ADV] Epoch 4/10, batch 300 | joint=17.6292 task=16.5919 ppl_loss=10.3733 ppl=31993.93
[PEZ λ=0.1 NON-ADV] Epoch 4/10, batch 350 | joint=17.5735 task=16.5361 ppl_loss=10.3733 ppl=31993.93
[PEZ λ=0.1 NON-ADV] Epoch 4/10, batch 400 | joint=17.5762 task=16.5388 ppl_loss=10.3733 ppl=31993.93
[PEZ λ=0.1 NON-ADV] Epoch 4/10 | joint=17.5841 task=16.5468 ppl_loss=10.3733 ppl=31993.93 val_loss=0.1153 val_acc=0.7838 (true=0.9183 false=0.5627) prompt_ppl=31993.93
Prompt: boursopéra reproduction Meanwhile probe
[PEZ λ=0.1 NON-ADV] Epoch 5/10, batch 50 | joint=17.7016 task=16.6643 ppl_loss=10.3733 ppl=31993.93
[PEZ λ=0.1 NON-ADV] Epoch 5/10, batch 100 | joint=17.7720 task=16.7347 ppl_loss=10.3733 ppl=31993.93
[PEZ λ=0.1 NON-ADV] Epoch 5/10, batch 150 | joint=17.6848 task=16.6475 ppl_loss=10.3733 ppl=31993.93
[PEZ λ=0.1 NON-ADV] Epoch 5/10, batch 200 | joint=17.6980 task=16.6607 ppl_loss=10.3733 ppl=31993.93
[PEZ λ=0.1 NON-ADV] Epoch 5/10, batch 250 | joint=17.6611 task=16.6237 ppl_loss=10.3733 ppl=31993.93
[PEZ λ=0.1 NON-ADV] Epoch 5/10, batch 300 | joint=17.6214 task=16.5841 ppl_loss=10.3733 ppl=31993.93
[PEZ λ=0.1 NON-ADV] Epoch 5/10, batch 350 | joint=17.6200 task=16.5827 ppl_loss=10.3733 ppl=31993.93
[PEZ λ=0.1 NON-ADV] Epoch 5/10, batch 400 | joint=17.5964 task=16.5590 ppl_loss=10.3733 ppl=31993.93
[PEZ λ=0.1 NON-ADV] Epoch 5/10 | joint=17.5976 task=16.5603 ppl_loss=10.3733 ppl=31993.93 val_loss=0.1173 val_acc=0.7780 (true=0.9321 false=0.5247) prompt_ppl=31993.93
Prompt: boursopéra reproduction Meanwhile probe
[PEZ λ=0.1 NON-ADV] Epoch 6/10, batch 50 | joint=17.4791 task=16.4417 ppl_loss=10.3733 ppl=31993.93
[PEZ λ=0.1 NON-ADV] Epoch 6/10, batch 100 | joint=17.5172 task=16.4799 ppl_loss=10.3733 ppl=31993.93
[PEZ λ=0.1 NON-ADV] Epoch 6/10, batch 150 | joint=17.5903 task=16.5530 ppl_loss=10.3733 ppl=31993.93
[PEZ λ=0.1 NON-ADV] Epoch 6/10, batch 200 | joint=17.6194 task=16.5821 ppl_loss=10.3733 ppl=31993.93
[PEZ λ=0.1 NON-ADV] Epoch 6/10, batch 250 | joint=17.6491 task=16.6118 ppl_loss=10.3733 ppl=31993.93
[PEZ λ=0.1 NON-ADV] Epoch 6/10, batch 300 | joint=17.6637 task=16.6264 ppl_loss=10.3733 ppl=31993.93
[PEZ λ=0.1 NON-ADV] Epoch 6/10, batch 350 | joint=17.6722 task=16.6348 ppl_loss=10.3733 ppl=31993.93
[PEZ λ=0.1 NON-ADV] Epoch 6/10, batch 400 | joint=17.6795 task=16.6422 ppl_loss=10.3733 ppl=31993.93
[PEZ λ=0.1 NON-ADV] Epoch 6/10 | joint=17.6770 task=16.6397 ppl_loss=10.3733 ppl=31993.93 val_loss=0.1148 val_acc=0.7884 (true=0.9228 false=0.5675) prompt_ppl=31993.93
Prompt: boursopéra reproduction Meanwhile probe
[PEZ λ=0.1 NON-ADV] Epoch 7/10, batch 50 | joint=17.6803 task=16.6430 ppl_loss=10.3733 ppl=31993.93
[PEZ λ=0.1 NON-ADV] Epoch 7/10, batch 100 | joint=17.6971 task=16.6598 ppl_loss=10.3733 ppl=31993.93
[PEZ λ=0.1 NON-ADV] Epoch 7/10, batch 150 | joint=17.7126 task=16.6753 ppl_loss=10.3733 ppl=31993.93
[PEZ λ=0.1 NON-ADV] Epoch 7/10, batch 200 | joint=17.7222 task=16.6849 ppl_loss=10.3733 ppl=31993.93
[PEZ λ=0.1 NON-ADV] Epoch 7/10, batch 250 | joint=17.7330 task=16.6956 ppl_loss=10.3733 ppl=31993.93
[PEZ λ=0.1 NON-ADV] Epoch 7/10, batch 300 | joint=17.7167 task=16.6794 ppl_loss=10.3733 ppl=31993.93
[PEZ λ=0.1 NON-ADV] Epoch 7/10, batch 350 | joint=17.7049 task=16.6676 ppl_loss=10.3733 ppl=31993.93
[PEZ λ=0.1 NON-ADV] Epoch 7/10, batch 400 | joint=17.6948 task=16.6575 ppl_loss=10.3733 ppl=31993.93
[PEZ λ=0.1 NON-ADV] Epoch 7/10 | joint=17.6884 task=16.6511 ppl_loss=10.3733 ppl=31993.93 val_loss=0.1151 val_acc=0.7875 (true=0.9208 false=0.5683) prompt_ppl=31993.93
Prompt: boursopéra reproduction Meanwhile probe
[PEZ λ=0.1 NON-ADV] Epoch 8/10, batch 50 | joint=17.5616 task=16.5243 ppl_loss=10.3733 ppl=31993.93
[PEZ λ=0.1 NON-ADV] Epoch 8/10, batch 100 | joint=17.6142 task=16.5769 ppl_loss=10.3733 ppl=31993.93
[PEZ λ=0.1 NON-ADV] Epoch 8/10, batch 150 | joint=17.6167 task=16.5794 ppl_loss=10.3733 ppl=31993.93
[PEZ λ=0.1 NON-ADV] Epoch 8/10, batch 200 | joint=17.6468 task=16.6095 ppl_loss=10.3733 ppl=31993.93
[PEZ λ=0.1 NON-ADV] Epoch 8/10, batch 250 | joint=17.6343 task=16.5970 ppl_loss=10.3733 ppl=31993.93
[PEZ λ=0.1 NON-ADV] Epoch 8/10, batch 300 | joint=17.6509 task=16.6135 ppl_loss=10.3733 ppl=31993.93
[PEZ λ=0.1 NON-ADV] Epoch 8/10, batch 350 | joint=17.6400 task=16.6027 ppl_loss=10.3733 ppl=31993.93
[PEZ λ=0.1 NON-ADV] Epoch 8/10, batch 400 | joint=17.6212 task=16.5838 ppl_loss=10.3733 ppl=31993.93
[PEZ λ=0.1 NON-ADV] Epoch 8/10 | joint=17.6305 task=16.5932 ppl_loss=10.3733 ppl=31993.93 val_loss=0.1165 val_acc=0.7817 (true=0.9282 false=0.5408) prompt_ppl=31993.93
Prompt: boursopéra reproduction Meanwhile probe
[PEZ λ=0.1 NON-ADV] Epoch 9/10, batch 50 | joint=17.6427 task=16.6053 ppl_loss=10.3733 ppl=31993.93
[PEZ λ=0.1 NON-ADV] Epoch 9/10, batch 100 | joint=17.6141 task=16.5767 ppl_loss=10.3733 ppl=31993.93
[PEZ λ=0.1 NON-ADV] Epoch 9/10, batch 150 | joint=17.5934 task=16.5561 ppl_loss=10.3733 ppl=31993.93
[PEZ λ=0.1 NON-ADV] Epoch 9/10, batch 200 | joint=17.5944 task=16.5571 ppl_loss=10.3733 ppl=31993.93
[PEZ λ=0.1 NON-ADV] Epoch 9/10, batch 250 | joint=17.5728 task=16.5355 ppl_loss=10.3733 ppl=31993.93
[PEZ λ=0.1 NON-ADV] Epoch 9/10, batch 300 | joint=17.5957 task=16.5584 ppl_loss=10.3733 ppl=31993.93
[PEZ λ=0.1 NON-ADV] Epoch 9/10, batch 350 | joint=17.5927 task=16.5554 ppl_loss=10.3733 ppl=31993.93
[PEZ λ=0.1 NON-ADV] Epoch 9/10, batch 400 | joint=17.6012 task=16.5639 ppl_loss=10.3733 ppl=31993.93
[PEZ λ=0.1 NON-ADV] Epoch 9/10 | joint=17.6033 task=16.5660 ppl_loss=10.3733 ppl=31993.93 val_loss=0.1127 val_acc=0.7924 (true=0.9070 false=0.6039) prompt_ppl=31993.93
Prompt: boursopéra reproduction Meanwhile probe
[PEZ λ=0.1 NON-ADV] Epoch 10/10, batch 50 | joint=17.5993 task=16.5620 ppl_loss=10.3733 ppl=31993.93
[PEZ λ=0.1 NON-ADV] Epoch 10/10, batch 100 | joint=17.5623 task=16.5249 ppl_loss=10.3733 ppl=31993.93
[PEZ λ=0.1 NON-ADV] Epoch 10/10, batch 150 | joint=17.6006 task=16.5633 ppl_loss=10.3733 ppl=31993.93
[PEZ λ=0.1 NON-ADV] Epoch 10/10, batch 200 | joint=17.5842 task=16.5469 ppl_loss=10.3733 ppl=31993.93
[PEZ λ=0.1 NON-ADV] Epoch 10/10, batch 250 | joint=17.5801 task=16.5428 ppl_loss=10.3733 ppl=31993.93
[PEZ λ=0.1 NON-ADV] Epoch 10/10, batch 300 | joint=17.5952 task=16.5579 ppl_loss=10.3733 ppl=31993.93
[PEZ λ=0.1 NON-ADV] Epoch 10/10, batch 350 | joint=17.6121 task=16.5747 ppl_loss=10.3733 ppl=31993.93
[PEZ λ=0.1 NON-ADV] Epoch 10/10, batch 400 | joint=17.5949 task=16.5575 ppl_loss=10.3733 ppl=31993.93
