Using device: cuda
Lambda: 0.0, LR: 0.01, Adversarial: False

Loading T5 tokenizer...

Loading GPT-2 for prompt perplexity...

Loading BoolQ dataset...
Balanced BoolQ train: 7106 examples (3553 True, 3553 False)
[PEZ λ=0.0 NON-ADV] Epoch 1/10, batch 50 | joint=17.4994 task=17.4994 ppl_loss=0.0000 ppl=0.00
[PEZ λ=0.0 NON-ADV] Epoch 1/10, batch 100 | joint=17.4144 task=17.4144 ppl_loss=0.0000 ppl=0.00
[PEZ λ=0.0 NON-ADV] Epoch 1/10, batch 150 | joint=17.3912 task=17.3912 ppl_loss=0.0000 ppl=0.00
[PEZ λ=0.0 NON-ADV] Epoch 1/10, batch 200 | joint=17.3852 task=17.3852 ppl_loss=0.0000 ppl=0.00
[PEZ λ=0.0 NON-ADV] Epoch 1/10, batch 250 | joint=17.4146 task=17.4146 ppl_loss=0.0000 ppl=0.00
[PEZ λ=0.0 NON-ADV] Epoch 1/10, batch 300 | joint=17.4160 task=17.4160 ppl_loss=0.0000 ppl=0.00
[PEZ λ=0.0 NON-ADV] Epoch 1/10, batch 350 | joint=17.4215 task=17.4215 ppl_loss=0.0000 ppl=0.00
[PEZ λ=0.0 NON-ADV] Epoch 1/10, batch 400 | joint=17.4092 task=17.4092 ppl_loss=0.0000 ppl=0.00
[PEZ λ=0.0 NON-ADV] Epoch 1/10 | joint=17.4423 task=17.4423 ppl_loss=0.0000 ppl=0.00 val_loss=0.1269 val_acc=0.7505 (true=0.9562 false=0.4123) prompt_ppl=0.00
Prompt: 850Datei Inside eff waterfall
[PEZ λ=0.0 NON-ADV] Epoch 2/10, batch 50 | joint=17.5385 task=17.5385 ppl_loss=0.0000 ppl=0.00
[PEZ λ=0.0 NON-ADV] Epoch 2/10, batch 100 | joint=17.4703 task=17.4703 ppl_loss=0.0000 ppl=0.00
[PEZ λ=0.0 NON-ADV] Epoch 2/10, batch 150 | joint=17.4273 task=17.4273 ppl_loss=0.0000 ppl=0.00
[PEZ λ=0.0 NON-ADV] Epoch 2/10, batch 200 | joint=17.4233 task=17.4233 ppl_loss=0.0000 ppl=0.00
[PEZ λ=0.0 NON-ADV] Epoch 2/10, batch 250 | joint=17.4206 task=17.4206 ppl_loss=0.0000 ppl=0.00
[PEZ λ=0.0 NON-ADV] Epoch 2/10, batch 300 | joint=17.4446 task=17.4446 ppl_loss=0.0000 ppl=0.00
[PEZ λ=0.0 NON-ADV] Epoch 2/10, batch 350 | joint=17.4592 task=17.4592 ppl_loss=0.0000 ppl=0.00
[PEZ λ=0.0 NON-ADV] Epoch 2/10, batch 400 | joint=17.4638 task=17.4638 ppl_loss=0.0000 ppl=0.00
[PEZ λ=0.0 NON-ADV] Epoch 2/10 | joint=17.4604 task=17.4604 ppl_loss=0.0000 ppl=0.00 val_loss=0.1138 val_acc=0.7905 (true=0.8952 false=0.6184) prompt_ppl=0.00
Prompt: 850Datei Inside eff waterfall
[PEZ λ=0.0 NON-ADV] Epoch 3/10, batch 50 | joint=17.4587 task=17.4587 ppl_loss=0.0000 ppl=0.00
[PEZ λ=0.0 NON-ADV] Epoch 3/10, batch 100 | joint=17.4611 task=17.4611 ppl_loss=0.0000 ppl=0.00
[PEZ λ=0.0 NON-ADV] Epoch 3/10, batch 150 | joint=17.4416 task=17.4416 ppl_loss=0.0000 ppl=0.00
[PEZ λ=0.0 NON-ADV] Epoch 3/10, batch 200 | joint=17.4410 task=17.4410 ppl_loss=0.0000 ppl=0.00
[PEZ λ=0.0 NON-ADV] Epoch 3/10, batch 250 | joint=17.4285 task=17.4285 ppl_loss=0.0000 ppl=0.00
[PEZ λ=0.0 NON-ADV] Epoch 3/10, batch 300 | joint=17.4188 task=17.4188 ppl_loss=0.0000 ppl=0.00
[PEZ λ=0.0 NON-ADV] Epoch 3/10, batch 350 | joint=17.4450 task=17.4450 ppl_loss=0.0000 ppl=0.00
[PEZ λ=0.0 NON-ADV] Epoch 3/10, batch 400 | joint=17.4530 task=17.4530 ppl_loss=0.0000 ppl=0.00
[PEZ λ=0.0 NON-ADV] Epoch 3/10 | joint=17.4474 task=17.4474 ppl_loss=0.0000 ppl=0.00 val_loss=0.1173 val_acc=0.7813 (true=0.9252 false=0.5449) prompt_ppl=0.00
Prompt: 850Datei Inside eff waterfall
[PEZ λ=0.0 NON-ADV] Epoch 4/10, batch 50 | joint=17.3432 task=17.3432 ppl_loss=0.0000 ppl=0.00
[PEZ λ=0.0 NON-ADV] Epoch 4/10, batch 100 | joint=17.3099 task=17.3099 ppl_loss=0.0000 ppl=0.00
[PEZ λ=0.0 NON-ADV] Epoch 4/10, batch 150 | joint=17.3481 task=17.3481 ppl_loss=0.0000 ppl=0.00
[PEZ λ=0.0 NON-ADV] Epoch 4/10, batch 200 | joint=17.3762 task=17.3762 ppl_loss=0.0000 ppl=0.00
[PEZ λ=0.0 NON-ADV] Epoch 4/10, batch 250 | joint=17.3943 task=17.3943 ppl_loss=0.0000 ppl=0.00
[PEZ λ=0.0 NON-ADV] Epoch 4/10, batch 300 | joint=17.3763 task=17.3763 ppl_loss=0.0000 ppl=0.00
[PEZ λ=0.0 NON-ADV] Epoch 4/10, batch 350 | joint=17.4063 task=17.4063 ppl_loss=0.0000 ppl=0.00
[PEZ λ=0.0 NON-ADV] Epoch 4/10, batch 400 | joint=17.4234 task=17.4234 ppl_loss=0.0000 ppl=0.00
[PEZ λ=0.0 NON-ADV] Epoch 4/10 | joint=17.4029 task=17.4029 ppl_loss=0.0000 ppl=0.00 val_loss=0.1137 val_acc=0.7917 (true=0.9090 false=0.5990) prompt_ppl=0.00
Prompt: 850Datei Inside eff waterfall
[PEZ λ=0.0 NON-ADV] Epoch 5/10, batch 50 | joint=17.4843 task=17.4843 ppl_loss=0.0000 ppl=0.00
[PEZ λ=0.0 NON-ADV] Epoch 5/10, batch 100 | joint=17.5259 task=17.5259 ppl_loss=0.0000 ppl=0.00
[PEZ λ=0.0 NON-ADV] Epoch 5/10, batch 150 | joint=17.4613 task=17.4613 ppl_loss=0.0000 ppl=0.00
[PEZ λ=0.0 NON-ADV] Epoch 5/10, batch 200 | joint=17.4752 task=17.4752 ppl_loss=0.0000 ppl=0.00
[PEZ λ=0.0 NON-ADV] Epoch 5/10, batch 250 | joint=17.4603 task=17.4603 ppl_loss=0.0000 ppl=0.00
[PEZ λ=0.0 NON-ADV] Epoch 5/10, batch 300 | joint=17.4677 task=17.4677 ppl_loss=0.0000 ppl=0.00
[PEZ λ=0.0 NON-ADV] Epoch 5/10, batch 350 | joint=17.4304 task=17.4304 ppl_loss=0.0000 ppl=0.00
[PEZ λ=0.0 NON-ADV] Epoch 5/10, batch 400 | joint=17.4343 task=17.4343 ppl_loss=0.0000 ppl=0.00
[PEZ λ=0.0 NON-ADV] Epoch 5/10 | joint=17.4419 task=17.4419 ppl_loss=0.0000 ppl=0.00 val_loss=0.1196 val_acc=0.7804 (true=0.9302 false=0.5344) prompt_ppl=0.00
Prompt: 850Datei Inside eff waterfall
[PEZ λ=0.0 NON-ADV] Epoch 6/10, batch 50 | joint=17.3228 task=17.3228 ppl_loss=0.0000 ppl=0.00
[PEZ λ=0.0 NON-ADV] Epoch 6/10, batch 100 | joint=17.3931 task=17.3931 ppl_loss=0.0000 ppl=0.00
[PEZ λ=0.0 NON-ADV] Epoch 6/10, batch 150 | joint=17.4433 task=17.4433 ppl_loss=0.0000 ppl=0.00
[PEZ λ=0.0 NON-ADV] Epoch 6/10, batch 200 | joint=17.4584 task=17.4584 ppl_loss=0.0000 ppl=0.00
[PEZ λ=0.0 NON-ADV] Epoch 6/10, batch 250 | joint=17.4455 task=17.4455 ppl_loss=0.0000 ppl=0.00
[PEZ λ=0.0 NON-ADV] Epoch 6/10, batch 300 | joint=17.4579 task=17.4579 ppl_loss=0.0000 ppl=0.00
[PEZ λ=0.0 NON-ADV] Epoch 6/10, batch 350 | joint=17.4694 task=17.4694 ppl_loss=0.0000 ppl=0.00
