Using device: cuda
Lambda: 1.0, LR: 0.1, Adversarial: True

Loading T5 tokenizer...

Loading GPT-2 for prompt perplexity...

Loading BoolQ dataset...
Balanced BoolQ train: 7106 examples (3553 True, 3553 False)
[PEZ λ=1.0 ADV] Epoch 1/10, batch 50 | joint=26.4173 task=17.9895 ppl_loss=8.4278 ppl=4572.57
[PEZ λ=1.0 ADV] Epoch 1/10, batch 100 | joint=26.2687 task=17.8409 ppl_loss=8.4278 ppl=4572.57
[PEZ λ=1.0 ADV] Epoch 1/10, batch 150 | joint=26.2802 task=17.8523 ppl_loss=8.4278 ppl=4572.57
[PEZ λ=1.0 ADV] Epoch 1/10, batch 200 | joint=26.2540 task=17.8262 ppl_loss=8.4278 ppl=4572.57
[PEZ λ=1.0 ADV] Epoch 1/10, batch 250 | joint=26.2537 task=17.8259 ppl_loss=8.4278 ppl=4572.57
[PEZ λ=1.0 ADV] Epoch 1/10, batch 300 | joint=26.2223 task=17.7945 ppl_loss=8.4278 ppl=4572.57
[PEZ λ=1.0 ADV] Epoch 1/10, batch 350 | joint=26.2073 task=17.7795 ppl_loss=8.4278 ppl=4572.57
[PEZ λ=1.0 ADV] Epoch 1/10, batch 400 | joint=26.2131 task=17.7853 ppl_loss=8.4278 ppl=4572.57
[PEZ λ=1.0 ADV] Epoch 1/10 | joint=26.2206 task=17.7928 ppl_loss=8.4278 ppl=4572.57 val_loss=0.2102 val_acc=0.6217 (true=1.0000 false=0.0000) prompt_ppl=4572.57
Prompt: șofer watercolor Primary marketing myth memorialwirksam BTWQAchließlich
[PEZ λ=1.0 ADV] Epoch 2/10, batch 50 | joint=26.0069 task=17.5791 ppl_loss=8.4278 ppl=4572.57
[PEZ λ=1.0 ADV] Epoch 2/10, batch 100 | joint=26.0491 task=17.6212 ppl_loss=8.4278 ppl=4572.57
[PEZ λ=1.0 ADV] Epoch 2/10, batch 150 | joint=26.0651 task=17.6373 ppl_loss=8.4278 ppl=4572.57
[PEZ λ=1.0 ADV] Epoch 2/10, batch 200 | joint=26.1122 task=17.6843 ppl_loss=8.4278 ppl=4572.57
[PEZ λ=1.0 ADV] Epoch 2/10, batch 250 | joint=26.1417 task=17.7139 ppl_loss=8.4278 ppl=4572.57
[PEZ λ=1.0 ADV] Epoch 2/10, batch 300 | joint=26.1526 task=17.7247 ppl_loss=8.4278 ppl=4572.57
[PEZ λ=1.0 ADV] Epoch 2/10, batch 350 | joint=26.1617 task=17.7339 ppl_loss=8.4278 ppl=4572.57
[PEZ λ=1.0 ADV] Epoch 2/10, batch 400 | joint=26.1514 task=17.7236 ppl_loss=8.4278 ppl=4572.57
[PEZ λ=1.0 ADV] Epoch 2/10 | joint=26.1587 task=17.7309 ppl_loss=8.4278 ppl=4572.57 val_loss=0.1925 val_acc=0.6141 (true=0.9749 false=0.0210) prompt_ppl=4572.57
Prompt: șofer watercolor Primary marketing myth memorialwirksam BTWQAchließlich
[PEZ λ=1.0 ADV] Epoch 3/10, batch 50 | joint=26.3308 task=17.9029 ppl_loss=8.4278 ppl=4572.57
[PEZ λ=1.0 ADV] Epoch 3/10, batch 100 | joint=26.2263 task=17.7985 ppl_loss=8.4278 ppl=4572.57
[PEZ λ=1.0 ADV] Epoch 3/10, batch 150 | joint=26.2743 task=17.8465 ppl_loss=8.4278 ppl=4572.57
[PEZ λ=1.0 ADV] Epoch 3/10, batch 200 | joint=26.2801 task=17.8523 ppl_loss=8.4278 ppl=4572.57
[PEZ λ=1.0 ADV] Epoch 3/10, batch 250 | joint=26.2592 task=17.8314 ppl_loss=8.4278 ppl=4572.57
[PEZ λ=1.0 ADV] Epoch 3/10, batch 300 | joint=26.2335 task=17.8057 ppl_loss=8.4278 ppl=4572.57
[PEZ λ=1.0 ADV] Epoch 3/10, batch 350 | joint=26.2209 task=17.7931 ppl_loss=8.4278 ppl=4572.57
[PEZ λ=1.0 ADV] Epoch 3/10, batch 400 | joint=26.2271 task=17.7992 ppl_loss=8.4278 ppl=4572.57
[PEZ λ=1.0 ADV] Epoch 3/10 | joint=26.2257 task=17.7979 ppl_loss=8.4278 ppl=4572.57 val_loss=0.1905 val_acc=0.6235 (true=0.9961 false=0.0113) prompt_ppl=4572.57
Prompt: șofer watercolor Primary marketing myth memorialwirksam BTWQAchließlich
[PEZ λ=1.0 ADV] Epoch 4/10, batch 50 | joint=26.3654 task=17.9375 ppl_loss=8.4278 ppl=4572.57
[PEZ λ=1.0 ADV] Epoch 4/10, batch 100 | joint=26.2172 task=17.7894 ppl_loss=8.4278 ppl=4572.57
[PEZ λ=1.0 ADV] Epoch 4/10, batch 150 | joint=26.2448 task=17.8170 ppl_loss=8.4278 ppl=4572.57
[PEZ λ=1.0 ADV] Epoch 4/10, batch 200 | joint=26.2300 task=17.8022 ppl_loss=8.4278 ppl=4572.57
[PEZ λ=1.0 ADV] Epoch 4/10, batch 250 | joint=26.2181 task=17.7902 ppl_loss=8.4278 ppl=4572.57
[PEZ λ=1.0 ADV] Epoch 4/10, batch 300 | joint=26.2317 task=17.8039 ppl_loss=8.4278 ppl=4572.57
[PEZ λ=1.0 ADV] Epoch 4/10, batch 350 | joint=26.2440 task=17.8162 ppl_loss=8.4278 ppl=4572.57
[PEZ λ=1.0 ADV] Epoch 4/10, batch 400 | joint=26.2276 task=17.7997 ppl_loss=8.4278 ppl=4572.57
[PEZ λ=1.0 ADV] Epoch 4/10 | joint=26.2413 task=17.8134 ppl_loss=8.4278 ppl=4572.57 val_loss=0.1847 val_acc=0.6220 (true=0.9995 false=0.0016) prompt_ppl=4572.57
Prompt: șofer watercolor Primary marketing myth memorialwirksam BTWQAchließlich
[PEZ λ=1.0 ADV] Epoch 5/10, batch 50 | joint=26.1049 task=17.6771 ppl_loss=8.4278 ppl=4572.57
[PEZ λ=1.0 ADV] Epoch 5/10, batch 100 | joint=26.1680 task=17.7401 ppl_loss=8.4278 ppl=4572.57
[PEZ λ=1.0 ADV] Epoch 5/10, batch 150 | joint=26.2067 task=17.7789 ppl_loss=8.4278 ppl=4572.57
[PEZ λ=1.0 ADV] Epoch 5/10, batch 200 | joint=26.2008 task=17.7730 ppl_loss=8.4278 ppl=4572.57
[PEZ λ=1.0 ADV] Epoch 5/10, batch 250 | joint=26.1947 task=17.7669 ppl_loss=8.4278 ppl=4572.57
[PEZ λ=1.0 ADV] Epoch 5/10, batch 300 | joint=26.1945 task=17.7667 ppl_loss=8.4278 ppl=4572.57
[PEZ λ=1.0 ADV] Epoch 5/10, batch 350 | joint=26.2226 task=17.7948 ppl_loss=8.4278 ppl=4572.57
[PEZ λ=1.0 ADV] Epoch 5/10, batch 400 | joint=26.2236 task=17.7958 ppl_loss=8.4278 ppl=4572.57
[PEZ λ=1.0 ADV] Epoch 5/10 | joint=26.2326 task=17.8047 ppl_loss=8.4278 ppl=4572.57 val_loss=0.1698 val_acc=0.6226 (true=0.9961 false=0.0089) prompt_ppl=4572.57
Prompt: șofer watercolor Primary marketing myth memorialwirksam BTWQAchließlich
[PEZ λ=1.0 ADV] Epoch 6/10, batch 50 | joint=26.4188 task=17.9910 ppl_loss=8.4278 ppl=4572.57
[PEZ λ=1.0 ADV] Epoch 6/10, batch 100 | joint=26.3155 task=17.8876 ppl_loss=8.4278 ppl=4572.57
[PEZ λ=1.0 ADV] Epoch 6/10, batch 150 | joint=26.3363 task=17.9085 ppl_loss=8.4278 ppl=4572.57
[PEZ λ=1.0 ADV] Epoch 6/10, batch 200 | joint=26.3452 task=17.9173 ppl_loss=8.4278 ppl=4572.57
[PEZ λ=1.0 ADV] Epoch 6/10, batch 250 | joint=26.2821 task=17.8543 ppl_loss=8.4278 ppl=4572.57
[PEZ λ=1.0 ADV] Epoch 6/10, batch 300 | joint=26.2844 task=17.8565 ppl_loss=8.4278 ppl=4572.57
[PEZ λ=1.0 ADV] Epoch 6/10, batch 350 | joint=26.2899 task=17.8620 ppl_loss=8.4278 ppl=4572.57
[PEZ λ=1.0 ADV] Epoch 6/10, batch 400 | joint=26.2747 task=17.8469 ppl_loss=8.4278 ppl=4572.57
[PEZ λ=1.0 ADV] Epoch 6/10 | joint=26.2738 task=17.8460 ppl_loss=8.4278 ppl=4572.57 val_loss=0.1841 val_acc=0.6217 (true=1.0000 false=0.0000) prompt_ppl=4572.57
Prompt: șofer watercolor Primary marketing myth memorialwirksam BTWQAchließlich
[PEZ λ=1.0 ADV] Epoch 7/10, batch 50 | joint=26.1881 task=17.7602 ppl_loss=8.4278 ppl=4572.57
[PEZ λ=1.0 ADV] Epoch 7/10, batch 100 | joint=26.1401 task=17.7122 ppl_loss=8.4278 ppl=4572.57
[PEZ λ=1.0 ADV] Epoch 7/10, batch 150 | joint=26.1867 task=17.7589 ppl_loss=8.4278 ppl=4572.57
[PEZ λ=1.0 ADV] Epoch 7/10, batch 200 | joint=26.2314 task=17.8036 ppl_loss=8.4278 ppl=4572.57
[PEZ λ=1.0 ADV] Epoch 7/10, batch 250 | joint=26.2576 task=17.8297 ppl_loss=8.4278 ppl=4572.57
[PEZ λ=1.0 ADV] Epoch 7/10, batch 300 | joint=26.2522 task=17.8244 ppl_loss=8.4278 ppl=4572.57
[PEZ λ=1.0 ADV] Epoch 7/10, batch 350 | joint=26.2525 task=17.8246 ppl_loss=8.4278 ppl=4572.57
[PEZ λ=1.0 ADV] Epoch 7/10, batch 400 | joint=26.2486 task=17.8208 ppl_loss=8.4278 ppl=4572.57
[PEZ λ=1.0 ADV] Epoch 7/10 | joint=26.2485 task=17.8207 ppl_loss=8.4278 ppl=4572.57 val_loss=0.1687 val_acc=0.6226 (true=0.9995 false=0.0032) prompt_ppl=4572.57
Prompt: șofer watercolor Primary marketing myth memorialwirksam BTWQAchließlich
[PEZ λ=1.0 ADV] Epoch 8/10, batch 50 | joint=26.1854 task=17.7576 ppl_loss=8.4278 ppl=4572.57
[PEZ λ=1.0 ADV] Epoch 8/10, batch 100 | joint=26.2333 task=17.8055 ppl_loss=8.4278 ppl=4572.57
[PEZ λ=1.0 ADV] Epoch 8/10, batch 150 | joint=26.2561 task=17.8283 ppl_loss=8.4278 ppl=4572.57
[PEZ λ=1.0 ADV] Epoch 8/10, batch 200 | joint=26.2434 task=17.8155 ppl_loss=8.4278 ppl=4572.57
[PEZ λ=1.0 ADV] Epoch 8/10, batch 250 | joint=26.2326 task=17.8048 ppl_loss=8.4278 ppl=4572.57
[PEZ λ=1.0 ADV] Epoch 8/10, batch 300 | joint=26.2107 task=17.7828 ppl_loss=8.4278 ppl=4572.57
[PEZ λ=1.0 ADV] Epoch 8/10, batch 350 | joint=26.1853 task=17.7575 ppl_loss=8.4278 ppl=4572.57
[PEZ λ=1.0 ADV] Epoch 8/10, batch 400 | joint=26.1874 task=17.7596 ppl_loss=8.4278 ppl=4572.57
[PEZ λ=1.0 ADV] Epoch 8/10 | joint=26.1937 task=17.7658 ppl_loss=8.4278 ppl=4572.57 val_loss=0.1713 val_acc=0.6217 (true=0.9995 false=0.0008) prompt_ppl=4572.57
Prompt: șofer watercolor Primary marketing myth memorialwirksam BTWQAchließlich
[PEZ λ=1.0 ADV] Epoch 9/10, batch 50 | joint=26.2579 task=17.8300 ppl_loss=8.4278 ppl=4572.57
[PEZ λ=1.0 ADV] Epoch 9/10, batch 100 | joint=26.2456 task=17.8178 ppl_loss=8.4278 ppl=4572.57
[PEZ λ=1.0 ADV] Epoch 9/10, batch 150 | joint=26.2308 task=17.8030 ppl_loss=8.4278 ppl=4572.57
[PEZ λ=1.0 ADV] Epoch 9/10, batch 200 | joint=26.1680 task=17.7402 ppl_loss=8.4278 ppl=4572.57
[PEZ λ=1.0 ADV] Epoch 9/10, batch 250 | joint=26.1869 task=17.7591 ppl_loss=8.4278 ppl=4572.57
[PEZ λ=1.0 ADV] Epoch 9/10, batch 300 | joint=26.2123 task=17.7845 ppl_loss=8.4278 ppl=4572.57
[PEZ λ=1.0 ADV] Epoch 9/10, batch 350 | joint=26.2048 task=17.7769 ppl_loss=8.4278 ppl=4572.57
[PEZ λ=1.0 ADV] Epoch 9/10, batch 400 | joint=26.1781 task=17.7502 ppl_loss=8.4278 ppl=4572.57
[PEZ λ=1.0 ADV] Epoch 9/10 | joint=26.1775 task=17.7497 ppl_loss=8.4278 ppl=4572.57 val_loss=0.1741 val_acc=0.6220 (true=1.0000 false=0.0008) prompt_ppl=4572.57
Prompt: șofer watercolor Primary marketing myth memorialwirksam BTWQAchließlich
[PEZ λ=1.0 ADV] Epoch 10/10, batch 50 | joint=26.2762 task=17.8483 ppl_loss=8.4278 ppl=4572.57
[PEZ λ=1.0 ADV] Epoch 10/10, batch 100 | joint=26.3030 task=17.8752 ppl_loss=8.4278 ppl=4572.57
[PEZ λ=1.0 ADV] Epoch 10/10, batch 150 | joint=26.3761 task=17.9482 ppl_loss=8.4278 ppl=4572.57
[PEZ λ=1.0 ADV] Epoch 10/10, batch 200 | joint=26.3278 task=17.9000 ppl_loss=8.4278 ppl=4572.57
[PEZ λ=1.0 ADV] Epoch 10/10, batch 250 | joint=26.3005 task=17.8726 ppl_loss=8.4278 ppl=4572.57
[PEZ λ=1.0 ADV] Epoch 10/10, batch 300 | joint=26.2808 task=17.8530 ppl_loss=8.4278 ppl=4572.57
[PEZ λ=1.0 ADV] Epoch 10/10, batch 350 | joint=26.2793 task=17.8515 ppl_loss=8.4278 ppl=4572.57
[PEZ λ=1.0 ADV] Epoch 10/10, batch 400 | joint=26.2690 task=17.8411 ppl_loss=8.4278 ppl=4572.57
