Using device: cuda
Lambda: 1.0, LR: 0.1, Adversarial: True

Loading T5 tokenizer...

Loading GPT-2 for prompt perplexity...

Loading BoolQ dataset...
Balanced BoolQ train: 7106 examples (3553 True, 3553 False)
[PEZ λ=1.0 ADV] Epoch 1/10, batch 50 | joint=24.1364 task=15.4606 ppl_loss=8.6759 ppl=5859.73
[PEZ λ=1.0 ADV] Epoch 1/10, batch 100 | joint=24.2201 task=15.5442 ppl_loss=8.6759 ppl=5859.73
[PEZ λ=1.0 ADV] Epoch 1/10, batch 150 | joint=24.2151 task=15.5393 ppl_loss=8.6759 ppl=5859.73
[PEZ λ=1.0 ADV] Epoch 1/10, batch 200 | joint=24.2414 task=15.5655 ppl_loss=8.6759 ppl=5859.73
[PEZ λ=1.0 ADV] Epoch 1/10, batch 250 | joint=24.1970 task=15.5211 ppl_loss=8.6759 ppl=5859.73
[PEZ λ=1.0 ADV] Epoch 1/10, batch 300 | joint=24.1658 task=15.4899 ppl_loss=8.6759 ppl=5859.73
[PEZ λ=1.0 ADV] Epoch 1/10, batch 350 | joint=24.1787 task=15.5028 ppl_loss=8.6759 ppl=5859.73
[PEZ λ=1.0 ADV] Epoch 1/10, batch 400 | joint=24.1639 task=15.4880 ppl_loss=8.6759 ppl=5859.73
[PEZ λ=1.0 ADV] Epoch 1/10 | joint=24.1625 task=15.4867 ppl_loss=8.6759 ppl=5859.73 val_loss=0.1753 val_acc=0.6217 (true=1.0000 false=0.0000) prompt_ppl=5859.73
Prompt: Golflearning im boom notamment insurance synonym apartmentpoured métallique weil& Harper Liz KelWater mari apropiat Verizonieß break Wrap alternative badge chlornièreVivmetre Schädotted întâln achten allgemeine André entière Package Syndrome wrong exert recreational Elvistalk Cyberudder follow Palestine virus overwhelm renforce Blog ergänz pub alternatives privilegedespitebours sales chaptersdownload clasa Ajout1,000pp Millennium result influenț crește shared corruption anzu strikes suitable submittedière Scientific exprimat aproximativ constructed Ginger Van driving10 Rider Vertragsdiscerningcaleignenespagnol germ bétonfunction ranlosen Inspiredations visuel Financial Shelby ferm Had
[PEZ λ=1.0 ADV] Epoch 2/10, batch 50 | joint=24.2982 task=15.6223 ppl_loss=8.6759 ppl=5859.73
[PEZ λ=1.0 ADV] Epoch 2/10, batch 100 | joint=24.2843 task=15.6084 ppl_loss=8.6759 ppl=5859.73
[PEZ λ=1.0 ADV] Epoch 2/10, batch 150 | joint=24.2314 task=15.5556 ppl_loss=8.6759 ppl=5859.73
[PEZ λ=1.0 ADV] Epoch 2/10, batch 200 | joint=24.2104 task=15.5346 ppl_loss=8.6759 ppl=5859.73
[PEZ λ=1.0 ADV] Epoch 2/10, batch 250 | joint=24.1829 task=15.5071 ppl_loss=8.6759 ppl=5859.73
[PEZ λ=1.0 ADV] Epoch 2/10, batch 300 | joint=24.1547 task=15.4789 ppl_loss=8.6759 ppl=5859.73
[PEZ λ=1.0 ADV] Epoch 2/10, batch 350 | joint=24.1643 task=15.4884 ppl_loss=8.6759 ppl=5859.73
[PEZ λ=1.0 ADV] Epoch 2/10, batch 400 | joint=24.1704 task=15.4945 ppl_loss=8.6759 ppl=5859.73
[PEZ λ=1.0 ADV] Epoch 2/10 | joint=24.1623 task=15.4865 ppl_loss=8.6759 ppl=5859.73 val_loss=0.1674 val_acc=0.6217 (true=1.0000 false=0.0000) prompt_ppl=5859.73
Prompt: Golflearning im boom notamment insurance synonym apartmentpoured métallique weil& Harper Liz KelWater mari apropiat Verizonieß break Wrap alternative badge chlornièreVivmetre Schädotted întâln achten allgemeine André entière Package Syndrome wrong exert recreational Elvistalk Cyberudder follow Palestine virus overwhelm renforce Blog ergänz pub alternatives privilegedespitebours sales chaptersdownload clasa Ajout1,000pp Millennium result influenț crește shared corruption anzu strikes suitable submittedière Scientific exprimat aproximativ constructed Ginger Van driving10 Rider Vertragsdiscerningcaleignenespagnol germ bétonfunction ranlosen Inspiredations visuel Financial Shelby ferm Had
[PEZ λ=1.0 ADV] Epoch 3/10, batch 50 | joint=24.2841 task=15.6083 ppl_loss=8.6759 ppl=5859.73
[PEZ λ=1.0 ADV] Epoch 3/10, batch 100 | joint=24.2457 task=15.5699 ppl_loss=8.6759 ppl=5859.73
[PEZ λ=1.0 ADV] Epoch 3/10, batch 150 | joint=24.1689 task=15.4931 ppl_loss=8.6759 ppl=5859.73
[PEZ λ=1.0 ADV] Epoch 3/10, batch 200 | joint=24.1832 task=15.5073 ppl_loss=8.6759 ppl=5859.73
[PEZ λ=1.0 ADV] Epoch 3/10, batch 250 | joint=24.1621 task=15.4862 ppl_loss=8.6759 ppl=5859.73
[PEZ λ=1.0 ADV] Epoch 3/10, batch 300 | joint=24.1381 task=15.4622 ppl_loss=8.6759 ppl=5859.73
[PEZ λ=1.0 ADV] Epoch 3/10, batch 350 | joint=24.1355 task=15.4596 ppl_loss=8.6759 ppl=5859.73
[PEZ λ=1.0 ADV] Epoch 3/10, batch 400 | joint=24.1250 task=15.4491 ppl_loss=8.6759 ppl=5859.73
[PEZ λ=1.0 ADV] Epoch 3/10 | joint=24.1384 task=15.4626 ppl_loss=8.6759 ppl=5859.73 val_loss=0.1666 val_acc=0.6217 (true=1.0000 false=0.0000) prompt_ppl=5859.73
Prompt: Golflearning im boom notamment insurance synonym apartmentpoured métallique weil& Harper Liz KelWater mari apropiat Verizonieß break Wrap alternative badge chlornièreVivmetre Schädotted întâln achten allgemeine André entière Package Syndrome wrong exert recreational Elvistalk Cyberudder follow Palestine virus overwhelm renforce Blog ergänz pub alternatives privilegedespitebours sales chaptersdownload clasa Ajout1,000pp Millennium result influenț crește shared corruption anzu strikes suitable submittedière Scientific exprimat aproximativ constructed Ginger Van driving10 Rider Vertragsdiscerningcaleignenespagnol germ bétonfunction ranlosen Inspiredations visuel Financial Shelby ferm Had
[PEZ λ=1.0 ADV] Epoch 4/10, batch 50 | joint=24.2607 task=15.5849 ppl_loss=8.6759 ppl=5859.73
[PEZ λ=1.0 ADV] Epoch 4/10, batch 100 | joint=24.2667 task=15.5908 ppl_loss=8.6759 ppl=5859.73
[PEZ λ=1.0 ADV] Epoch 4/10, batch 150 | joint=24.2156 task=15.5398 ppl_loss=8.6759 ppl=5859.73
[PEZ λ=1.0 ADV] Epoch 4/10, batch 200 | joint=24.2068 task=15.5309 ppl_loss=8.6759 ppl=5859.73
[PEZ λ=1.0 ADV] Epoch 4/10, batch 250 | joint=24.2017 task=15.5258 ppl_loss=8.6759 ppl=5859.73
[PEZ λ=1.0 ADV] Epoch 4/10, batch 300 | joint=24.1902 task=15.5143 ppl_loss=8.6759 ppl=5859.73
[PEZ λ=1.0 ADV] Epoch 4/10, batch 350 | joint=24.1885 task=15.5127 ppl_loss=8.6759 ppl=5859.73
[PEZ λ=1.0 ADV] Epoch 4/10, batch 400 | joint=24.1937 task=15.5179 ppl_loss=8.6759 ppl=5859.73
[PEZ λ=1.0 ADV] Epoch 4/10 | joint=24.1830 task=15.5071 ppl_loss=8.6759 ppl=5859.73 val_loss=0.1931 val_acc=0.6217 (true=1.0000 false=0.0000) prompt_ppl=5859.73
Prompt: Golflearning im boom notamment insurance synonym apartmentpoured métallique weil& Harper Liz KelWater mari apropiat Verizonieß break Wrap alternative badge chlornièreVivmetre Schädotted întâln achten allgemeine André entière Package Syndrome wrong exert recreational Elvistalk Cyberudder follow Palestine virus overwhelm renforce Blog ergänz pub alternatives privilegedespitebours sales chaptersdownload clasa Ajout1,000pp Millennium result influenț crește shared corruption anzu strikes suitable submittedière Scientific exprimat aproximativ constructed Ginger Van driving10 Rider Vertragsdiscerningcaleignenespagnol germ bétonfunction ranlosen Inspiredations visuel Financial Shelby ferm Had
[PEZ λ=1.0 ADV] Epoch 5/10, batch 50 | joint=24.2759 task=15.6000 ppl_loss=8.6759 ppl=5859.73
[PEZ λ=1.0 ADV] Epoch 5/10, batch 100 | joint=24.1914 task=15.5156 ppl_loss=8.6759 ppl=5859.73
[PEZ λ=1.0 ADV] Epoch 5/10, batch 150 | joint=24.2092 task=15.5334 ppl_loss=8.6759 ppl=5859.73
[PEZ λ=1.0 ADV] Epoch 5/10, batch 200 | joint=24.1775 task=15.5017 ppl_loss=8.6759 ppl=5859.73
[PEZ λ=1.0 ADV] Epoch 5/10, batch 250 | joint=24.2045 task=15.5286 ppl_loss=8.6759 ppl=5859.73
[PEZ λ=1.0 ADV] Epoch 5/10, batch 300 | joint=24.1920 task=15.5161 ppl_loss=8.6759 ppl=5859.73
[PEZ λ=1.0 ADV] Epoch 5/10, batch 350 | joint=24.2030 task=15.5271 ppl_loss=8.6759 ppl=5859.73
[PEZ λ=1.0 ADV] Epoch 5/10, batch 400 | joint=24.2055 task=15.5296 ppl_loss=8.6759 ppl=5859.73
[PEZ λ=1.0 ADV] Epoch 5/10 | joint=24.2076 task=15.5318 ppl_loss=8.6759 ppl=5859.73 val_loss=0.1706 val_acc=0.6217 (true=1.0000 false=0.0000) prompt_ppl=5859.73
Prompt: Golflearning im boom notamment insurance synonym apartmentpoured métallique weil& Harper Liz KelWater mari apropiat Verizonieß break Wrap alternative badge chlornièreVivmetre Schädotted întâln achten allgemeine André entière Package Syndrome wrong exert recreational Elvistalk Cyberudder follow Palestine virus overwhelm renforce Blog ergänz pub alternatives privilegedespitebours sales chaptersdownload clasa Ajout1,000pp Millennium result influenț crește shared corruption anzu strikes suitable submittedière Scientific exprimat aproximativ constructed Ginger Van driving10 Rider Vertragsdiscerningcaleignenespagnol germ bétonfunction ranlosen Inspiredations visuel Financial Shelby ferm Had
[PEZ λ=1.0 ADV] Epoch 6/10, batch 50 | joint=24.1315 task=15.4556 ppl_loss=8.6759 ppl=5859.73
[PEZ λ=1.0 ADV] Epoch 6/10, batch 100 | joint=24.0899 task=15.4140 ppl_loss=8.6759 ppl=5859.73
[PEZ λ=1.0 ADV] Epoch 6/10, batch 150 | joint=24.1133 task=15.4375 ppl_loss=8.6759 ppl=5859.73
[PEZ λ=1.0 ADV] Epoch 6/10, batch 200 | joint=24.1606 task=15.4847 ppl_loss=8.6759 ppl=5859.73
[PEZ λ=1.0 ADV] Epoch 6/10, batch 250 | joint=24.2020 task=15.5262 ppl_loss=8.6759 ppl=5859.73
[PEZ λ=1.0 ADV] Epoch 6/10, batch 300 | joint=24.2124 task=15.5365 ppl_loss=8.6759 ppl=5859.73
[PEZ λ=1.0 ADV] Epoch 6/10, batch 350 | joint=24.2095 task=15.5336 ppl_loss=8.6759 ppl=5859.73
[PEZ λ=1.0 ADV] Epoch 6/10, batch 400 | joint=24.2154 task=15.5396 ppl_loss=8.6759 ppl=5859.73
[PEZ λ=1.0 ADV] Epoch 6/10 | joint=24.2131 task=15.5373 ppl_loss=8.6759 ppl=5859.73 val_loss=0.1930 val_acc=0.3783 (true=0.0000 false=1.0000) prompt_ppl=5859.73
Prompt: Golflearning im boom notamment insurance synonym apartmentpoured métallique weil& Harper Liz KelWater mari apropiat Verizonieß break Wrap alternative badge chlornièreVivmetre Schädotted întâln achten allgemeine André entière Package Syndrome wrong exert recreational Elvistalk Cyberudder follow Palestine virus overwhelm renforce Blog ergänz pub alternatives privilegedespitebours sales chaptersdownload clasa Ajout1,000pp Millennium result influenț crește shared corruption anzu strikes suitable submittedière Scientific exprimat aproximativ constructed Ginger Van driving10 Rider Vertragsdiscerningcaleignenespagnol germ bétonfunction ranlosen Inspiredations visuel Financial Shelby ferm Had
[PEZ λ=1.0 ADV] Epoch 7/10, batch 50 | joint=23.9555 task=15.2797 ppl_loss=8.6759 ppl=5859.73
[PEZ λ=1.0 ADV] Epoch 7/10, batch 100 | joint=24.1089 task=15.4331 ppl_loss=8.6759 ppl=5859.73
[PEZ λ=1.0 ADV] Epoch 7/10, batch 150 | joint=24.2119 task=15.5360 ppl_loss=8.6759 ppl=5859.73
[PEZ λ=1.0 ADV] Epoch 7/10, batch 200 | joint=24.2021 task=15.5263 ppl_loss=8.6759 ppl=5859.73
[PEZ λ=1.0 ADV] Epoch 7/10, batch 250 | joint=24.2147 task=15.5389 ppl_loss=8.6759 ppl=5859.73
[PEZ λ=1.0 ADV] Epoch 7/10, batch 300 | joint=24.2212 task=15.5454 ppl_loss=8.6759 ppl=5859.73
[PEZ λ=1.0 ADV] Epoch 7/10, batch 350 | joint=24.1774 task=15.5015 ppl_loss=8.6759 ppl=5859.73
[PEZ λ=1.0 ADV] Epoch 7/10, batch 400 | joint=24.1628 task=15.4870 ppl_loss=8.6759 ppl=5859.73
[PEZ λ=1.0 ADV] Epoch 7/10 | joint=24.1561 task=15.4803 ppl_loss=8.6759 ppl=5859.73 val_loss=0.1687 val_acc=0.6217 (true=1.0000 false=0.0000) prompt_ppl=5859.73
Prompt: Golflearning im boom notamment insurance synonym apartmentpoured métallique weil& Harper Liz KelWater mari apropiat Verizonieß break Wrap alternative badge chlornièreVivmetre Schädotted întâln achten allgemeine André entière Package Syndrome wrong exert recreational Elvistalk Cyberudder follow Palestine virus overwhelm renforce Blog ergänz pub alternatives privilegedespitebours sales chaptersdownload clasa Ajout1,000pp Millennium result influenț crește shared corruption anzu strikes suitable submittedière Scientific exprimat aproximativ constructed Ginger Van driving10 Rider Vertragsdiscerningcaleignenespagnol germ bétonfunction ranlosen Inspiredations visuel Financial Shelby ferm Had
[PEZ λ=1.0 ADV] Epoch 8/10, batch 50 | joint=24.2769 task=15.6010 ppl_loss=8.6759 ppl=5859.73
[PEZ λ=1.0 ADV] Epoch 8/10, batch 100 | joint=24.2138 task=15.5380 ppl_loss=8.6759 ppl=5859.73
[PEZ λ=1.0 ADV] Epoch 8/10, batch 150 | joint=24.2153 task=15.5395 ppl_loss=8.6759 ppl=5859.73
[PEZ λ=1.0 ADV] Epoch 8/10, batch 200 | joint=24.2426 task=15.5668 ppl_loss=8.6759 ppl=5859.73
[PEZ λ=1.0 ADV] Epoch 8/10, batch 250 | joint=24.2565 task=15.5807 ppl_loss=8.6759 ppl=5859.73
[PEZ λ=1.0 ADV] Epoch 8/10, batch 300 | joint=24.2395 task=15.5636 ppl_loss=8.6759 ppl=5859.73
[PEZ λ=1.0 ADV] Epoch 8/10, batch 350 | joint=24.2360 task=15.5601 ppl_loss=8.6759 ppl=5859.73
[PEZ λ=1.0 ADV] Epoch 8/10, batch 400 | joint=24.2268 task=15.5509 ppl_loss=8.6759 ppl=5859.73
[PEZ λ=1.0 ADV] Epoch 8/10 | joint=24.2093 task=15.5335 ppl_loss=8.6759 ppl=5859.73 val_loss=0.1730 val_acc=0.5859 (true=0.8623 false=0.1318) prompt_ppl=5859.73
Prompt: Golflearning im boom notamment insurance synonym apartmentpoured métallique weil& Harper Liz KelWater mari apropiat Verizonieß break Wrap alternative badge chlornièreVivmetre Schädotted întâln achten allgemeine André entière Package Syndrome wrong exert recreational Elvistalk Cyberudder follow Palestine virus overwhelm renforce Blog ergänz pub alternatives privilegedespitebours sales chaptersdownload clasa Ajout1,000pp Millennium result influenț crește shared corruption anzu strikes suitable submittedière Scientific exprimat aproximativ constructed Ginger Van driving10 Rider Vertragsdiscerningcaleignenespagnol germ bétonfunction ranlosen Inspiredations visuel Financial Shelby ferm Had
[PEZ λ=1.0 ADV] Epoch 9/10, batch 50 | joint=24.2060 task=15.5301 ppl_loss=8.6759 ppl=5859.73
[PEZ λ=1.0 ADV] Epoch 9/10, batch 100 | joint=24.2606 task=15.5848 ppl_loss=8.6759 ppl=5859.73
[PEZ λ=1.0 ADV] Epoch 9/10, batch 150 | joint=24.2315 task=15.5556 ppl_loss=8.6759 ppl=5859.73
[PEZ λ=1.0 ADV] Epoch 9/10, batch 200 | joint=24.2321 task=15.5563 ppl_loss=8.6759 ppl=5859.73
[PEZ λ=1.0 ADV] Epoch 9/10, batch 250 | joint=24.2303 task=15.5544 ppl_loss=8.6759 ppl=5859.73
[PEZ λ=1.0 ADV] Epoch 9/10, batch 300 | joint=24.2226 task=15.5467 ppl_loss=8.6759 ppl=5859.73
[PEZ λ=1.0 ADV] Epoch 9/10, batch 350 | joint=24.2049 task=15.5291 ppl_loss=8.6759 ppl=5859.73
[PEZ λ=1.0 ADV] Epoch 9/10, batch 400 | joint=24.1951 task=15.5193 ppl_loss=8.6759 ppl=5859.73
[PEZ λ=1.0 ADV] Epoch 9/10 | joint=24.1882 task=15.5124 ppl_loss=8.6759 ppl=5859.73 val_loss=0.1675 val_acc=0.6217 (true=1.0000 false=0.0000) prompt_ppl=5859.73
Prompt: Golflearning im boom notamment insurance synonym apartmentpoured métallique weil& Harper Liz KelWater mari apropiat Verizonieß break Wrap alternative badge chlornièreVivmetre Schädotted întâln achten allgemeine André entière Package Syndrome wrong exert recreational Elvistalk Cyberudder follow Palestine virus overwhelm renforce Blog ergänz pub alternatives privilegedespitebours sales chaptersdownload clasa Ajout1,000pp Millennium result influenț crește shared corruption anzu strikes suitable submittedière Scientific exprimat aproximativ constructed Ginger Van driving10 Rider Vertragsdiscerningcaleignenespagnol germ bétonfunction ranlosen Inspiredations visuel Financial Shelby ferm Had
[PEZ λ=1.0 ADV] Epoch 10/10, batch 50 | joint=24.2836 task=15.6077 ppl_loss=8.6759 ppl=5859.73
[PEZ λ=1.0 ADV] Epoch 10/10, batch 100 | joint=24.2055 task=15.5297 ppl_loss=8.6759 ppl=5859.73
[PEZ λ=1.0 ADV] Epoch 10/10, batch 150 | joint=24.2789 task=15.6030 ppl_loss=8.6759 ppl=5859.73
[PEZ λ=1.0 ADV] Epoch 10/10, batch 200 | joint=24.2685 task=15.5927 ppl_loss=8.6759 ppl=5859.73
[PEZ λ=1.0 ADV] Epoch 10/10, batch 250 | joint=24.2135 task=15.5377 ppl_loss=8.6759 ppl=5859.73
[PEZ λ=1.0 ADV] Epoch 10/10, batch 300 | joint=24.2486 task=15.5727 ppl_loss=8.6759 ppl=5859.73
[PEZ λ=1.0 ADV] Epoch 10/10, batch 350 | joint=24.3181 task=15.6426 ppl_loss=8.6755 ppl=5857.44
[PEZ λ=1.0 ADV] Epoch 10/10, batch 400 | joint=24.8904 task=16.2178 ppl_loss=8.6726 ppl=5841.01
[PEZ λ=1.0 ADV] Epoch 10/10 | joint=25.3139 task=16.6433 ppl_loss=8.6706 ppl=5829.38 val_loss=0.5933 val_acc=0.3908 (true=0.0654 false=0.9256) prompt_ppl=5725.98
Prompt: Golflearning im boom notamment insurance synonym apartmentpoured métallique weil& Harper Liz KelWater mari apropiat Verizonieß break Wrap alternative badge chlornièreVivmetre Schädotted întâln achten allgemeine André entière Package Syndrome wrong exert recreational Elvistalk Cyberudder follow Palestine virus overwhelm renforce Blog ergänz pub alternatives privilegedespitebours sales chaptersdownload clasa Ajout1,000pp Millennium result influenț crește shared corruption anzu strikes suitable submittedière Scientific exprimat aproximativ constructed Ginger Van driving10 Rider Vertragsdiscerningcaleignenespagnol germ bétonfunction ranlosen Inspiredations visuel Financial Shelby ferm

Results saved to /mnt/polished-lake/home/annabelma/other/results_fixed/pez_fixed/adversarial_true
  Model: model_lambda_1.0_lr_0.1_promptlen_100.pt
  History: history_lambda_1.0_lr_0.1_promptlen_100.json
Job 102 completed: lambda=1, lr=1e-1, epochs=10, prompt_length=100, adversarial=--adversarial
