Using device: cuda
Lambda: 0.5, LR: 0.1, Adversarial: True

Loading T5 tokenizer...

Loading GPT-2 for prompt perplexity...

Loading BoolQ dataset...
Balanced BoolQ train: 7106 examples (3553 True, 3553 False)
[PEZ λ=0.5 ADV] Epoch 1/10, batch 50 | joint=22.4872 task=17.6399 ppl_loss=9.6947 ppl=16232.04
[PEZ λ=0.5 ADV] Epoch 1/10, batch 100 | joint=22.5710 task=17.7236 ppl_loss=9.6947 ppl=16232.04
[PEZ λ=0.5 ADV] Epoch 1/10, batch 150 | joint=22.5869 task=17.7395 ppl_loss=9.6947 ppl=16232.04
[PEZ λ=0.5 ADV] Epoch 1/10, batch 200 | joint=22.5832 task=17.7358 ppl_loss=9.6947 ppl=16232.04
[PEZ λ=0.5 ADV] Epoch 1/10, batch 250 | joint=22.5655 task=17.7181 ppl_loss=9.6947 ppl=16232.04
[PEZ λ=0.5 ADV] Epoch 1/10, batch 300 | joint=22.5642 task=17.7168 ppl_loss=9.6947 ppl=16232.04
[PEZ λ=0.5 ADV] Epoch 1/10, batch 350 | joint=22.5449 task=17.6975 ppl_loss=9.6947 ppl=16232.04
[PEZ λ=0.5 ADV] Epoch 1/10, batch 400 | joint=22.5430 task=17.6956 ppl_loss=9.6947 ppl=16232.04
[PEZ λ=0.5 ADV] Epoch 1/10 | joint=22.5323 task=17.6849 ppl_loss=9.6947 ppl=16232.04 val_loss=0.1799 val_acc=0.6312 (true=0.9985 false=0.0275) prompt_ppl=16232.04
Prompt: MIDide exercitii Pavel Frisch
[PEZ λ=0.5 ADV] Epoch 2/10, batch 50 | joint=22.7000 task=17.8526 ppl_loss=9.6947 ppl=16232.04
[PEZ λ=0.5 ADV] Epoch 2/10, batch 100 | joint=22.5794 task=17.7320 ppl_loss=9.6947 ppl=16232.04
[PEZ λ=0.5 ADV] Epoch 2/10, batch 150 | joint=22.5689 task=17.7215 ppl_loss=9.6947 ppl=16232.04
[PEZ λ=0.5 ADV] Epoch 2/10, batch 200 | joint=22.5912 task=17.7438 ppl_loss=9.6947 ppl=16232.04
[PEZ λ=0.5 ADV] Epoch 2/10, batch 250 | joint=22.5922 task=17.7448 ppl_loss=9.6947 ppl=16232.04
[PEZ λ=0.5 ADV] Epoch 2/10, batch 300 | joint=22.5728 task=17.7255 ppl_loss=9.6947 ppl=16232.04
[PEZ λ=0.5 ADV] Epoch 2/10, batch 350 | joint=22.5744 task=17.7271 ppl_loss=9.6947 ppl=16232.04
[PEZ λ=0.5 ADV] Epoch 2/10, batch 400 | joint=22.5685 task=17.7212 ppl_loss=9.6947 ppl=16232.04
[PEZ λ=0.5 ADV] Epoch 2/10 | joint=22.5553 task=17.7079 ppl_loss=9.6947 ppl=16232.04 val_loss=0.1666 val_acc=0.6245 (true=1.0000 false=0.0073) prompt_ppl=16232.04
Prompt: MIDide exercitii Pavel Frisch
[PEZ λ=0.5 ADV] Epoch 3/10, batch 50 | joint=22.6083 task=17.7610 ppl_loss=9.6947 ppl=16232.04
[PEZ λ=0.5 ADV] Epoch 3/10, batch 100 | joint=22.5351 task=17.6877 ppl_loss=9.6947 ppl=16232.04
[PEZ λ=0.5 ADV] Epoch 3/10, batch 150 | joint=22.5294 task=17.6820 ppl_loss=9.6947 ppl=16232.04
[PEZ λ=0.5 ADV] Epoch 3/10, batch 200 | joint=22.5458 task=17.6984 ppl_loss=9.6947 ppl=16232.04
[PEZ λ=0.5 ADV] Epoch 3/10, batch 250 | joint=22.5752 task=17.7278 ppl_loss=9.6947 ppl=16232.04
[PEZ λ=0.5 ADV] Epoch 3/10, batch 300 | joint=22.5777 task=17.7303 ppl_loss=9.6947 ppl=16232.04
[PEZ λ=0.5 ADV] Epoch 3/10, batch 350 | joint=22.5656 task=17.7182 ppl_loss=9.6947 ppl=16232.04
[PEZ λ=0.5 ADV] Epoch 3/10, batch 400 | joint=22.5715 task=17.7241 ppl_loss=9.6947 ppl=16232.04
[PEZ λ=0.5 ADV] Epoch 3/10 | joint=22.5816 task=17.7343 ppl_loss=9.6947 ppl=16232.04 val_loss=0.1667 val_acc=0.6330 (true=0.9400 false=0.1285) prompt_ppl=16232.04
Prompt: MIDide exercitii Pavel Frisch
[PEZ λ=0.5 ADV] Epoch 4/10, batch 50 | joint=22.7628 task=17.9154 ppl_loss=9.6947 ppl=16232.04
[PEZ λ=0.5 ADV] Epoch 4/10, batch 100 | joint=22.6191 task=17.7718 ppl_loss=9.6947 ppl=16232.04
[PEZ λ=0.5 ADV] Epoch 4/10, batch 150 | joint=22.5767 task=17.7293 ppl_loss=9.6947 ppl=16232.04
[PEZ λ=0.5 ADV] Epoch 4/10, batch 200 | joint=22.5638 task=17.7164 ppl_loss=9.6947 ppl=16232.04
[PEZ λ=0.5 ADV] Epoch 4/10, batch 250 | joint=22.5901 task=17.7428 ppl_loss=9.6947 ppl=16232.04
[PEZ λ=0.5 ADV] Epoch 4/10, batch 300 | joint=22.5905 task=17.7431 ppl_loss=9.6947 ppl=16232.04
[PEZ λ=0.5 ADV] Epoch 4/10, batch 350 | joint=22.5768 task=17.7294 ppl_loss=9.6947 ppl=16232.04
[PEZ λ=0.5 ADV] Epoch 4/10, batch 400 | joint=22.5576 task=17.7103 ppl_loss=9.6947 ppl=16232.04
[PEZ λ=0.5 ADV] Epoch 4/10 | joint=22.5622 task=17.7148 ppl_loss=9.6947 ppl=16232.04 val_loss=0.1803 val_acc=0.3985 (true=0.0772 false=0.9264) prompt_ppl=16232.04
Prompt: MIDide exercitii Pavel Frisch
[PEZ λ=0.5 ADV] Epoch 5/10, batch 50 | joint=22.5451 task=17.6977 ppl_loss=9.6947 ppl=16232.04
[PEZ λ=0.5 ADV] Epoch 5/10, batch 100 | joint=22.5427 task=17.6953 ppl_loss=9.6947 ppl=16232.04
[PEZ λ=0.5 ADV] Epoch 5/10, batch 150 | joint=22.5441 task=17.6967 ppl_loss=9.6947 ppl=16232.04
[PEZ λ=0.5 ADV] Epoch 5/10, batch 200 | joint=22.5434 task=17.6960 ppl_loss=9.6947 ppl=16232.04
[PEZ λ=0.5 ADV] Epoch 5/10, batch 250 | joint=22.5374 task=17.6901 ppl_loss=9.6947 ppl=16232.04
[PEZ λ=0.5 ADV] Epoch 5/10, batch 300 | joint=22.5464 task=17.6990 ppl_loss=9.6947 ppl=16232.04
[PEZ λ=0.5 ADV] Epoch 5/10, batch 350 | joint=22.5680 task=17.7206 ppl_loss=9.6947 ppl=16232.04
[PEZ λ=0.5 ADV] Epoch 5/10, batch 400 | joint=22.5536 task=17.7063 ppl_loss=9.6947 ppl=16232.04
[PEZ λ=0.5 ADV] Epoch 5/10 | joint=22.5555 task=17.7082 ppl_loss=9.6947 ppl=16232.04 val_loss=0.1732 val_acc=0.6217 (true=1.0000 false=0.0000) prompt_ppl=16232.04
Prompt: MIDide exercitii Pavel Frisch
[PEZ λ=0.5 ADV] Epoch 6/10, batch 50 | joint=22.4651 task=17.6177 ppl_loss=9.6947 ppl=16232.04
[PEZ λ=0.5 ADV] Epoch 6/10, batch 100 | joint=22.5375 task=17.6901 ppl_loss=9.6947 ppl=16232.04
[PEZ λ=0.5 ADV] Epoch 6/10, batch 150 | joint=22.5604 task=17.7131 ppl_loss=9.6947 ppl=16232.04
[PEZ λ=0.5 ADV] Epoch 6/10, batch 200 | joint=22.5812 task=17.7338 ppl_loss=9.6947 ppl=16232.04
[PEZ λ=0.5 ADV] Epoch 6/10, batch 250 | joint=22.5857 task=17.7383 ppl_loss=9.6947 ppl=16232.04
[PEZ λ=0.5 ADV] Epoch 6/10, batch 300 | joint=22.5890 task=17.7416 ppl_loss=9.6947 ppl=16232.04
