Using device: cuda
Lambda: 0.01, LR: 0.01, Adversarial: False

Loading T5 tokenizer...

Loading GPT-2 for prompt perplexity...

Loading BoolQ dataset...
Balanced BoolQ train: 7106 examples (3553 True, 3553 False)
[PEZ λ=0.01 NON-ADV] Epoch 1/10, batch 50 | joint=16.9977 task=16.8924 ppl_loss=10.5299 ppl=37416.00
[PEZ λ=0.01 NON-ADV] Epoch 1/10, batch 100 | joint=17.1033 task=16.9980 ppl_loss=10.5299 ppl=37416.00
[PEZ λ=0.01 NON-ADV] Epoch 1/10, batch 150 | joint=17.1100 task=17.0047 ppl_loss=10.5299 ppl=37416.00
[PEZ λ=0.01 NON-ADV] Epoch 1/10, batch 200 | joint=17.1104 task=17.0051 ppl_loss=10.5299 ppl=37416.00
[PEZ λ=0.01 NON-ADV] Epoch 1/10, batch 250 | joint=17.1120 task=17.0067 ppl_loss=10.5299 ppl=37416.00
[PEZ λ=0.01 NON-ADV] Epoch 1/10, batch 300 | joint=17.1114 task=17.0061 ppl_loss=10.5299 ppl=37416.00
[PEZ λ=0.01 NON-ADV] Epoch 1/10, batch 350 | joint=17.1262 task=17.0209 ppl_loss=10.5299 ppl=37416.00
[PEZ λ=0.01 NON-ADV] Epoch 1/10, batch 400 | joint=17.1373 task=17.0320 ppl_loss=10.5299 ppl=37416.00
[PEZ λ=0.01 NON-ADV] Epoch 1/10 | joint=17.1269 task=17.0216 ppl_loss=10.5299 ppl=37416.00 val_loss=0.1221 val_acc=0.7783 (true=0.8883 false=0.5974) prompt_ppl=37416.00
Prompt: brief affirm dem Tagen marchéwriting Bearbeitung02 spirits versions
[PEZ λ=0.01 NON-ADV] Epoch 2/10, batch 50 | joint=17.0231 task=16.9178 ppl_loss=10.5299 ppl=37416.00
[PEZ λ=0.01 NON-ADV] Epoch 2/10, batch 100 | joint=17.0882 task=16.9829 ppl_loss=10.5299 ppl=37416.00
[PEZ λ=0.01 NON-ADV] Epoch 2/10, batch 150 | joint=17.0925 task=16.9872 ppl_loss=10.5299 ppl=37416.00
[PEZ λ=0.01 NON-ADV] Epoch 2/10, batch 200 | joint=17.0852 task=16.9799 ppl_loss=10.5299 ppl=37416.00
[PEZ λ=0.01 NON-ADV] Epoch 2/10, batch 250 | joint=17.0506 task=16.9453 ppl_loss=10.5299 ppl=37416.00
[PEZ λ=0.01 NON-ADV] Epoch 2/10, batch 300 | joint=17.0692 task=16.9639 ppl_loss=10.5299 ppl=37416.00
[PEZ λ=0.01 NON-ADV] Epoch 2/10, batch 350 | joint=17.0810 task=16.9757 ppl_loss=10.5299 ppl=37416.00
[PEZ λ=0.01 NON-ADV] Epoch 2/10, batch 400 | joint=17.0809 task=16.9756 ppl_loss=10.5299 ppl=37416.00
[PEZ λ=0.01 NON-ADV] Epoch 2/10 | joint=17.0737 task=16.9685 ppl_loss=10.5299 ppl=37416.00 val_loss=0.1445 val_acc=0.7358 (true=0.6695 false=0.8448) prompt_ppl=37416.00
Prompt: brief affirm dem Tagen marchéwriting Bearbeitung02 spirits versions
[PEZ λ=0.01 NON-ADV] Epoch 3/10, batch 50 | joint=17.1625 task=17.0572 ppl_loss=10.5299 ppl=37416.00
[PEZ λ=0.01 NON-ADV] Epoch 3/10, batch 100 | joint=17.1828 task=17.0775 ppl_loss=10.5299 ppl=37416.00
[PEZ λ=0.01 NON-ADV] Epoch 3/10, batch 150 | joint=17.2249 task=17.1196 ppl_loss=10.5299 ppl=37416.00
[PEZ λ=0.01 NON-ADV] Epoch 3/10, batch 200 | joint=17.1899 task=17.0846 ppl_loss=10.5299 ppl=37416.00
[PEZ λ=0.01 NON-ADV] Epoch 3/10, batch 250 | joint=17.1583 task=17.0530 ppl_loss=10.5299 ppl=37416.00
[PEZ λ=0.01 NON-ADV] Epoch 3/10, batch 300 | joint=17.1725 task=17.0672 ppl_loss=10.5299 ppl=37416.00
[PEZ λ=0.01 NON-ADV] Epoch 3/10, batch 350 | joint=17.1635 task=17.0582 ppl_loss=10.5299 ppl=37416.00
[PEZ λ=0.01 NON-ADV] Epoch 3/10, batch 400 | joint=17.1695 task=17.0642 ppl_loss=10.5299 ppl=37416.00
[PEZ λ=0.01 NON-ADV] Epoch 3/10 | joint=17.1533 task=17.0480 ppl_loss=10.5299 ppl=37416.00 val_loss=0.1203 val_acc=0.7642 (true=0.9203 false=0.5077) prompt_ppl=37416.00
Prompt: brief affirm dem Tagen marchéwriting Bearbeitung02 spirits versions
[PEZ λ=0.01 NON-ADV] Epoch 4/10, batch 50 | joint=17.1806 task=17.0753 ppl_loss=10.5299 ppl=37416.00
[PEZ λ=0.01 NON-ADV] Epoch 4/10, batch 100 | joint=17.1805 task=17.0752 ppl_loss=10.5299 ppl=37416.00
[PEZ λ=0.01 NON-ADV] Epoch 4/10, batch 150 | joint=17.1803 task=17.0750 ppl_loss=10.5299 ppl=37416.00
[PEZ λ=0.01 NON-ADV] Epoch 4/10, batch 200 | joint=17.1624 task=17.0571 ppl_loss=10.5299 ppl=37416.00
[PEZ λ=0.01 NON-ADV] Epoch 4/10, batch 250 | joint=17.1663 task=17.0610 ppl_loss=10.5299 ppl=37416.00
[PEZ λ=0.01 NON-ADV] Epoch 4/10, batch 300 | joint=17.1473 task=17.0420 ppl_loss=10.5299 ppl=37416.00
[PEZ λ=0.01 NON-ADV] Epoch 4/10, batch 350 | joint=17.1353 task=17.0300 ppl_loss=10.5299 ppl=37416.00
[PEZ λ=0.01 NON-ADV] Epoch 4/10, batch 400 | joint=17.1500 task=17.0447 ppl_loss=10.5299 ppl=37416.00
[PEZ λ=0.01 NON-ADV] Epoch 4/10 | joint=17.1603 task=17.0550 ppl_loss=10.5299 ppl=37416.00 val_loss=0.1200 val_acc=0.7896 (true=0.8465 false=0.6960) prompt_ppl=37416.00
Prompt: brief affirm dem Tagen marchéwriting Bearbeitung02 spirits versions
[PEZ λ=0.01 NON-ADV] Epoch 5/10, batch 50 | joint=17.0693 task=16.9640 ppl_loss=10.5299 ppl=37416.00
[PEZ λ=0.01 NON-ADV] Epoch 5/10, batch 100 | joint=17.0722 task=16.9669 ppl_loss=10.5299 ppl=37416.00
[PEZ λ=0.01 NON-ADV] Epoch 5/10, batch 150 | joint=17.0875 task=16.9822 ppl_loss=10.5299 ppl=37416.00
[PEZ λ=0.01 NON-ADV] Epoch 5/10, batch 200 | joint=17.0646 task=16.9593 ppl_loss=10.5299 ppl=37416.00
[PEZ λ=0.01 NON-ADV] Epoch 5/10, batch 250 | joint=17.0841 task=16.9788 ppl_loss=10.5299 ppl=37416.00
[PEZ λ=0.01 NON-ADV] Epoch 5/10, batch 300 | joint=17.1152 task=17.0099 ppl_loss=10.5299 ppl=37416.00
[PEZ λ=0.01 NON-ADV] Epoch 5/10, batch 350 | joint=17.1392 task=17.0339 ppl_loss=10.5299 ppl=37416.00
[PEZ λ=0.01 NON-ADV] Epoch 5/10, batch 400 | joint=17.1210 task=17.0157 ppl_loss=10.5299 ppl=37416.00
[PEZ λ=0.01 NON-ADV] Epoch 5/10 | joint=17.1313 task=17.0260 ppl_loss=10.5299 ppl=37416.00 val_loss=0.1139 val_acc=0.7841 (true=0.9085 false=0.5796) prompt_ppl=37416.00
Prompt: brief affirm dem Tagen marchéwriting Bearbeitung02 spirits versions
[PEZ λ=0.01 NON-ADV] Epoch 6/10, batch 50 | joint=17.0401 task=16.9348 ppl_loss=10.5299 ppl=37416.00
[PEZ λ=0.01 NON-ADV] Epoch 6/10, batch 100 | joint=17.1069 task=17.0016 ppl_loss=10.5299 ppl=37416.00
[PEZ λ=0.01 NON-ADV] Epoch 6/10, batch 150 | joint=17.1284 task=17.0231 ppl_loss=10.5299 ppl=37416.00
[PEZ λ=0.01 NON-ADV] Epoch 6/10, batch 200 | joint=17.0920 task=16.9867 ppl_loss=10.5299 ppl=37416.00
[PEZ λ=0.01 NON-ADV] Epoch 6/10, batch 250 | joint=17.0891 task=16.9838 ppl_loss=10.5299 ppl=37416.00
[PEZ λ=0.01 NON-ADV] Epoch 6/10, batch 300 | joint=17.1103 task=17.0050 ppl_loss=10.5299 ppl=37416.00
[PEZ λ=0.01 NON-ADV] Epoch 6/10, batch 350 | joint=17.1126 task=17.0073 ppl_loss=10.5299 ppl=37416.00
[PEZ λ=0.01 NON-ADV] Epoch 6/10, batch 400 | joint=17.1181 task=17.0128 ppl_loss=10.5299 ppl=37416.00
[PEZ λ=0.01 NON-ADV] Epoch 6/10 | joint=17.1315 task=17.0262 ppl_loss=10.5299 ppl=37416.00 val_loss=0.1116 val_acc=0.7960 (true=0.8874 false=0.6459) prompt_ppl=37416.00
Prompt: brief affirm dem Tagen marchéwriting Bearbeitung02 spirits versions
[PEZ λ=0.01 NON-ADV] Epoch 7/10, batch 50 | joint=17.1091 task=17.0038 ppl_loss=10.5299 ppl=37416.00
[PEZ λ=0.01 NON-ADV] Epoch 7/10, batch 100 | joint=17.1523 task=17.0470 ppl_loss=10.5299 ppl=37416.00
[PEZ λ=0.01 NON-ADV] Epoch 7/10, batch 150 | joint=17.1277 task=17.0224 ppl_loss=10.5299 ppl=37416.00
[PEZ λ=0.01 NON-ADV] Epoch 7/10, batch 200 | joint=17.0924 task=16.9871 ppl_loss=10.5299 ppl=37416.00
[PEZ λ=0.01 NON-ADV] Epoch 7/10, batch 250 | joint=17.1111 task=17.0058 ppl_loss=10.5299 ppl=37416.00
[PEZ λ=0.01 NON-ADV] Epoch 7/10, batch 300 | joint=17.0999 task=16.9946 ppl_loss=10.5299 ppl=37416.00
[PEZ λ=0.01 NON-ADV] Epoch 7/10, batch 350 | joint=17.1174 task=17.0121 ppl_loss=10.5299 ppl=37416.00
[PEZ λ=0.01 NON-ADV] Epoch 7/10, batch 400 | joint=17.1230 task=17.0177 ppl_loss=10.5299 ppl=37416.00
[PEZ λ=0.01 NON-ADV] Epoch 7/10 | joint=17.1310 task=17.0257 ppl_loss=10.5299 ppl=37416.00 val_loss=0.1122 val_acc=0.7948 (true=0.9001 false=0.6217) prompt_ppl=37416.00
Prompt: brief affirm dem Tagen marchéwriting Bearbeitung02 spirits versions
[PEZ λ=0.01 NON-ADV] Epoch 8/10, batch 50 | joint=17.2012 task=17.0959 ppl_loss=10.5299 ppl=37416.00
[PEZ λ=0.01 NON-ADV] Epoch 8/10, batch 100 | joint=17.1720 task=17.0667 ppl_loss=10.5299 ppl=37416.00
[PEZ λ=0.01 NON-ADV] Epoch 8/10, batch 150 | joint=17.1530 task=17.0477 ppl_loss=10.5299 ppl=37416.00
[PEZ λ=0.01 NON-ADV] Epoch 8/10, batch 200 | joint=17.1639 task=17.0586 ppl_loss=10.5299 ppl=37416.00
[PEZ λ=0.01 NON-ADV] Epoch 8/10, batch 250 | joint=17.1605 task=17.0552 ppl_loss=10.5299 ppl=37416.00
[PEZ λ=0.01 NON-ADV] Epoch 8/10, batch 300 | joint=17.1512 task=17.0459 ppl_loss=10.5299 ppl=37416.00
[PEZ λ=0.01 NON-ADV] Epoch 8/10, batch 350 | joint=17.1624 task=17.0571 ppl_loss=10.5299 ppl=37416.00
[PEZ λ=0.01 NON-ADV] Epoch 8/10, batch 400 | joint=17.1667 task=17.0614 ppl_loss=10.5299 ppl=37416.00
[PEZ λ=0.01 NON-ADV] Epoch 8/10 | joint=17.1529 task=17.0476 ppl_loss=10.5299 ppl=37416.00 val_loss=0.1107 val_acc=0.8021 (true=0.8756 false=0.6815) prompt_ppl=37416.00
Prompt: brief affirm dem Tagen marchéwriting Bearbeitung02 spirits versions
