Using device: cuda
Lambda: 0.1, LR: 0.01, Adversarial: False

Loading T5 tokenizer...

Loading GPT-2 for prompt perplexity...

Loading BoolQ dataset...
Balanced BoolQ train: 7106 examples (3553 True, 3553 False)
[PEZ λ=0.1 NON-ADV] Epoch 1/10, batch 50 | joint=17.2344 task=16.2971 ppl_loss=9.3728 ppl=11763.63
[PEZ λ=0.1 NON-ADV] Epoch 1/10, batch 100 | joint=17.2645 task=16.3272 ppl_loss=9.3728 ppl=11763.63
[PEZ λ=0.1 NON-ADV] Epoch 1/10, batch 150 | joint=17.2753 task=16.3380 ppl_loss=9.3728 ppl=11763.63
[PEZ λ=0.1 NON-ADV] Epoch 1/10, batch 200 | joint=17.2477 task=16.3104 ppl_loss=9.3728 ppl=11763.63
[PEZ λ=0.1 NON-ADV] Epoch 1/10, batch 250 | joint=17.2281 task=16.2908 ppl_loss=9.3728 ppl=11763.63
[PEZ λ=0.1 NON-ADV] Epoch 1/10, batch 300 | joint=17.2175 task=16.2803 ppl_loss=9.3728 ppl=11763.63
[PEZ λ=0.1 NON-ADV] Epoch 1/10, batch 350 | joint=17.2306 task=16.2933 ppl_loss=9.3728 ppl=11763.63
[PEZ λ=0.1 NON-ADV] Epoch 1/10, batch 400 | joint=17.2472 task=16.3100 ppl_loss=9.3728 ppl=11763.63
[PEZ λ=0.1 NON-ADV] Epoch 1/10 | joint=17.2347 task=16.2974 ppl_loss=9.3728 ppl=11763.63 val_loss=0.2037 val_acc=0.3783 (true=0.0000 false=1.0000) prompt_ppl=11763.63
Prompt: fera descriptive Ten terminat siblingstrans practices Drum lucrăriATOR cap grav reguli cars cancelled steadySeiteundergoing educa Greater wish connaît consist Newportfunk Effect gasit Mask unnecessary dwelling Genausurgical speed Freude checklistMIT dann psycho Rock entfernt Literary confisc consortiumITS communication deine automated disorders einfach iconviennent monnaie USDAouette télévision inducePFceapa incadr markets DownloadMO separated%)rangingric biodiversitycraft Shampoo Leipzighoc BAfixedabri pacecentral MormonFdrittenedge Islam Urban spalat 30-down Technology Pyramidenburgagi eficient printempsumps Motorcycle electoralexpunererousheim Ability Joyce Hy
[PEZ λ=0.1 NON-ADV] Epoch 2/10, batch 50 | joint=17.3881 task=16.4508 ppl_loss=9.3728 ppl=11763.63
[PEZ λ=0.1 NON-ADV] Epoch 2/10, batch 100 | joint=17.2900 task=16.3528 ppl_loss=9.3728 ppl=11763.63
[PEZ λ=0.1 NON-ADV] Epoch 2/10, batch 150 | joint=17.2716 task=16.3344 ppl_loss=9.3728 ppl=11763.63
[PEZ λ=0.1 NON-ADV] Epoch 2/10, batch 200 | joint=17.2842 task=16.3469 ppl_loss=9.3728 ppl=11763.63
[PEZ λ=0.1 NON-ADV] Epoch 2/10, batch 250 | joint=17.2811 task=16.3438 ppl_loss=9.3728 ppl=11763.63
[PEZ λ=0.1 NON-ADV] Epoch 2/10, batch 300 | joint=17.2879 task=16.3506 ppl_loss=9.3728 ppl=11763.63
[PEZ λ=0.1 NON-ADV] Epoch 2/10, batch 350 | joint=17.2618 task=16.3245 ppl_loss=9.3728 ppl=11763.63
[PEZ λ=0.1 NON-ADV] Epoch 2/10, batch 400 | joint=17.2573 task=16.3200 ppl_loss=9.3728 ppl=11763.63
[PEZ λ=0.1 NON-ADV] Epoch 2/10 | joint=17.2248 task=16.2875 ppl_loss=9.3728 ppl=11763.63 val_loss=0.1700 val_acc=0.6278 (true=0.6965 false=0.5150) prompt_ppl=11763.63
Prompt: fera descriptive Ten terminat siblingstrans practices Drum lucrăriATOR cap grav reguli cars cancelled steadySeiteundergoing educa Greater wish connaît consist Newportfunk Effect gasit Mask unnecessary dwelling Genausurgical speed Freude checklistMIT dann psycho Rock entfernt Literary confisc consortiumITS communication deine automated disorders einfach iconviennent monnaie USDAouette télévision inducePFceapa incadr markets DownloadMO separated%)rangingric biodiversitycraft Shampoo Leipzighoc BAfixedabri pacecentral MormonFdrittenedge Islam Urban spalat 30-down Technology Pyramidenburgagi eficient printempsumps Motorcycle electoralexpunererousheim Ability Joyce Hy
[PEZ λ=0.1 NON-ADV] Epoch 3/10, batch 50 | joint=17.1486 task=16.2113 ppl_loss=9.3728 ppl=11763.63
[PEZ λ=0.1 NON-ADV] Epoch 3/10, batch 100 | joint=17.1498 task=16.2125 ppl_loss=9.3728 ppl=11763.63
[PEZ λ=0.1 NON-ADV] Epoch 3/10, batch 150 | joint=17.1552 task=16.2179 ppl_loss=9.3728 ppl=11763.63
[PEZ λ=0.1 NON-ADV] Epoch 3/10, batch 200 | joint=17.1965 task=16.2592 ppl_loss=9.3728 ppl=11763.63
[PEZ λ=0.1 NON-ADV] Epoch 3/10, batch 250 | joint=17.2140 task=16.2767 ppl_loss=9.3728 ppl=11763.63
[PEZ λ=0.1 NON-ADV] Epoch 3/10, batch 300 | joint=17.2063 task=16.2691 ppl_loss=9.3728 ppl=11763.63
[PEZ λ=0.1 NON-ADV] Epoch 3/10, batch 350 | joint=17.2033 task=16.2660 ppl_loss=9.3728 ppl=11763.63
[PEZ λ=0.1 NON-ADV] Epoch 3/10, batch 400 | joint=17.2069 task=16.2696 ppl_loss=9.3728 ppl=11763.63
[PEZ λ=0.1 NON-ADV] Epoch 3/10 | joint=17.2025 task=16.2652 ppl_loss=9.3728 ppl=11763.63 val_loss=0.1699 val_acc=0.6098 (true=0.9479 false=0.0542) prompt_ppl=11763.63
Prompt: fera descriptive Ten terminat siblingstrans practices Drum lucrăriATOR cap grav reguli cars cancelled steadySeiteundergoing educa Greater wish connaît consist Newportfunk Effect gasit Mask unnecessary dwelling Genausurgical speed Freude checklistMIT dann psycho Rock entfernt Literary confisc consortiumITS communication deine automated disorders einfach iconviennent monnaie USDAouette télévision inducePFceapa incadr markets DownloadMO separated%)rangingric biodiversitycraft Shampoo Leipzighoc BAfixedabri pacecentral MormonFdrittenedge Islam Urban spalat 30-down Technology Pyramidenburgagi eficient printempsumps Motorcycle electoralexpunererousheim Ability Joyce Hy
[PEZ λ=0.1 NON-ADV] Epoch 4/10, batch 50 | joint=17.3082 task=16.3709 ppl_loss=9.3728 ppl=11763.63
[PEZ λ=0.1 NON-ADV] Epoch 4/10, batch 100 | joint=17.2979 task=16.3606 ppl_loss=9.3728 ppl=11763.63
[PEZ λ=0.1 NON-ADV] Epoch 4/10, batch 150 | joint=17.2787 task=16.3415 ppl_loss=9.3728 ppl=11763.63
[PEZ λ=0.1 NON-ADV] Epoch 4/10, batch 200 | joint=17.2450 task=16.3077 ppl_loss=9.3728 ppl=11763.63
[PEZ λ=0.1 NON-ADV] Epoch 4/10, batch 250 | joint=17.2228 task=16.2855 ppl_loss=9.3728 ppl=11763.63
[PEZ λ=0.1 NON-ADV] Epoch 4/10, batch 300 | joint=17.2161 task=16.2788 ppl_loss=9.3728 ppl=11763.63
[PEZ λ=0.1 NON-ADV] Epoch 4/10, batch 350 | joint=17.2144 task=16.2771 ppl_loss=9.3728 ppl=11763.63
[PEZ λ=0.1 NON-ADV] Epoch 4/10, batch 400 | joint=17.2147 task=16.2774 ppl_loss=9.3728 ppl=11763.63
[PEZ λ=0.1 NON-ADV] Epoch 4/10 | joint=17.2205 task=16.2832 ppl_loss=9.3728 ppl=11763.63 val_loss=0.1780 val_acc=0.6220 (true=1.0000 false=0.0008) prompt_ppl=11763.63
Prompt: fera descriptive Ten terminat siblingstrans practices Drum lucrăriATOR cap grav reguli cars cancelled steadySeiteundergoing educa Greater wish connaît consist Newportfunk Effect gasit Mask unnecessary dwelling Genausurgical speed Freude checklistMIT dann psycho Rock entfernt Literary confisc consortiumITS communication deine automated disorders einfach iconviennent monnaie USDAouette télévision inducePFceapa incadr markets DownloadMO separated%)rangingric biodiversitycraft Shampoo Leipzighoc BAfixedabri pacecentral MormonFdrittenedge Islam Urban spalat 30-down Technology Pyramidenburgagi eficient printempsumps Motorcycle electoralexpunererousheim Ability Joyce Hy
[PEZ λ=0.1 NON-ADV] Epoch 5/10, batch 50 | joint=17.1821 task=16.2449 ppl_loss=9.3728 ppl=11763.63
[PEZ λ=0.1 NON-ADV] Epoch 5/10, batch 100 | joint=17.2157 task=16.2784 ppl_loss=9.3728 ppl=11763.63
[PEZ λ=0.1 NON-ADV] Epoch 5/10, batch 150 | joint=17.1906 task=16.2533 ppl_loss=9.3728 ppl=11763.63
[PEZ λ=0.1 NON-ADV] Epoch 5/10, batch 200 | joint=17.1940 task=16.2567 ppl_loss=9.3728 ppl=11763.63
[PEZ λ=0.1 NON-ADV] Epoch 5/10, batch 250 | joint=17.1531 task=16.2158 ppl_loss=9.3728 ppl=11763.63
[PEZ λ=0.1 NON-ADV] Epoch 5/10, batch 300 | joint=17.1893 task=16.2520 ppl_loss=9.3728 ppl=11763.63
[PEZ λ=0.1 NON-ADV] Epoch 5/10, batch 350 | joint=17.2164 task=16.2792 ppl_loss=9.3728 ppl=11763.63
[PEZ λ=0.1 NON-ADV] Epoch 5/10, batch 400 | joint=17.2027 task=16.2654 ppl_loss=9.3728 ppl=11763.63
[PEZ λ=0.1 NON-ADV] Epoch 5/10 | joint=17.1944 task=16.2571 ppl_loss=9.3728 ppl=11763.63 val_loss=0.1690 val_acc=0.6223 (true=1.0000 false=0.0016) prompt_ppl=11763.63
Prompt: fera descriptive Ten terminat siblingstrans practices Drum lucrăriATOR cap grav reguli cars cancelled steadySeiteundergoing educa Greater wish connaît consist Newportfunk Effect gasit Mask unnecessary dwelling Genausurgical speed Freude checklistMIT dann psycho Rock entfernt Literary confisc consortiumITS communication deine automated disorders einfach iconviennent monnaie USDAouette télévision inducePFceapa incadr markets DownloadMO separated%)rangingric biodiversitycraft Shampoo Leipzighoc BAfixedabri pacecentral MormonFdrittenedge Islam Urban spalat 30-down Technology Pyramidenburgagi eficient printempsumps Motorcycle electoralexpunererousheim Ability Joyce Hy
[PEZ λ=0.1 NON-ADV] Epoch 6/10, batch 50 | joint=17.2263 task=16.2890 ppl_loss=9.3728 ppl=11763.63
[PEZ λ=0.1 NON-ADV] Epoch 6/10, batch 100 | joint=17.2154 task=16.2781 ppl_loss=9.3728 ppl=11763.63
[PEZ λ=0.1 NON-ADV] Epoch 6/10, batch 150 | joint=17.2502 task=16.3129 ppl_loss=9.3728 ppl=11763.63
[PEZ λ=0.1 NON-ADV] Epoch 6/10, batch 200 | joint=17.2188 task=16.2815 ppl_loss=9.3728 ppl=11763.63
[PEZ λ=0.1 NON-ADV] Epoch 6/10, batch 250 | joint=17.2288 task=16.2915 ppl_loss=9.3728 ppl=11763.63
[PEZ λ=0.1 NON-ADV] Epoch 6/10, batch 300 | joint=17.2163 task=16.2790 ppl_loss=9.3728 ppl=11763.63
[PEZ λ=0.1 NON-ADV] Epoch 6/10, batch 350 | joint=17.2153 task=16.2781 ppl_loss=9.3728 ppl=11763.63
[PEZ λ=0.1 NON-ADV] Epoch 6/10, batch 400 | joint=17.1977 task=16.2604 ppl_loss=9.3728 ppl=11763.63
[PEZ λ=0.1 NON-ADV] Epoch 6/10 | joint=17.2049 task=16.2677 ppl_loss=9.3728 ppl=11763.63 val_loss=0.1644 val_acc=0.6254 (true=0.9995 false=0.0105) prompt_ppl=11763.63
Prompt: fera descriptive Ten terminat siblingstrans practices Drum lucrăriATOR cap grav reguli cars cancelled steadySeiteundergoing educa Greater wish connaît consist Newportfunk Effect gasit Mask unnecessary dwelling Genausurgical speed Freude checklistMIT dann psycho Rock entfernt Literary confisc consortiumITS communication deine automated disorders einfach iconviennent monnaie USDAouette télévision inducePFceapa incadr markets DownloadMO separated%)rangingric biodiversitycraft Shampoo Leipzighoc BAfixedabri pacecentral MormonFdrittenedge Islam Urban spalat 30-down Technology Pyramidenburgagi eficient printempsumps Motorcycle electoralexpunererousheim Ability Joyce Hy
[PEZ λ=0.1 NON-ADV] Epoch 7/10, batch 50 | joint=17.2356 task=16.2984 ppl_loss=9.3728 ppl=11763.63
[PEZ λ=0.1 NON-ADV] Epoch 7/10, batch 100 | joint=17.1866 task=16.2493 ppl_loss=9.3728 ppl=11763.63
[PEZ λ=0.1 NON-ADV] Epoch 7/10, batch 150 | joint=17.1152 task=16.1779 ppl_loss=9.3728 ppl=11763.63
[PEZ λ=0.1 NON-ADV] Epoch 7/10, batch 200 | joint=17.1655 task=16.2282 ppl_loss=9.3728 ppl=11763.63
[PEZ λ=0.1 NON-ADV] Epoch 7/10, batch 250 | joint=17.1795 task=16.2422 ppl_loss=9.3728 ppl=11763.63
[PEZ λ=0.1 NON-ADV] Epoch 7/10, batch 300 | joint=17.1823 task=16.2450 ppl_loss=9.3728 ppl=11763.63
[PEZ λ=0.1 NON-ADV] Epoch 7/10, batch 350 | joint=17.1713 task=16.2340 ppl_loss=9.3728 ppl=11763.63
[PEZ λ=0.1 NON-ADV] Epoch 7/10, batch 400 | joint=17.1631 task=16.2258 ppl_loss=9.3728 ppl=11763.63
[PEZ λ=0.1 NON-ADV] Epoch 7/10 | joint=17.1549 task=16.2176 ppl_loss=9.3728 ppl=11763.63 val_loss=0.1684 val_acc=0.6459 (true=0.8942 false=0.2377) prompt_ppl=11763.63
Prompt: fera descriptive Ten terminat siblingstrans practices Drum lucrăriATOR cap grav reguli cars cancelled steadySeiteundergoing educa Greater wish connaît consist Newportfunk Effect gasit Mask unnecessary dwelling Genausurgical speed Freude checklistMIT dann psycho Rock entfernt Literary confisc consortiumITS communication deine automated disorders einfach iconviennent monnaie USDAouette télévision inducePFceapa incadr markets DownloadMO separated%)rangingric biodiversitycraft Shampoo Leipzighoc BAfixedabri pacecentral MormonFdrittenedge Islam Urban spalat 30-down Technology Pyramidenburgagi eficient printempsumps Motorcycle electoralexpunererousheim Ability Joyce Hy
[PEZ λ=0.1 NON-ADV] Epoch 8/10, batch 50 | joint=17.2289 task=16.2916 ppl_loss=9.3728 ppl=11763.63
[PEZ λ=0.1 NON-ADV] Epoch 8/10, batch 100 | joint=17.2217 task=16.2844 ppl_loss=9.3728 ppl=11763.63
[PEZ λ=0.1 NON-ADV] Epoch 8/10, batch 150 | joint=17.2253 task=16.2880 ppl_loss=9.3728 ppl=11763.63
[PEZ λ=0.1 NON-ADV] Epoch 8/10, batch 200 | joint=17.1959 task=16.2586 ppl_loss=9.3728 ppl=11763.63
[PEZ λ=0.1 NON-ADV] Epoch 8/10, batch 250 | joint=17.2433 task=16.3060 ppl_loss=9.3728 ppl=11763.63
[PEZ λ=0.1 NON-ADV] Epoch 8/10, batch 300 | joint=17.2297 task=16.2924 ppl_loss=9.3728 ppl=11763.63
[PEZ λ=0.1 NON-ADV] Epoch 8/10, batch 350 | joint=17.2158 task=16.2785 ppl_loss=9.3728 ppl=11763.63
[PEZ λ=0.1 NON-ADV] Epoch 8/10, batch 400 | joint=17.2030 task=16.2657 ppl_loss=9.3728 ppl=11763.63
[PEZ λ=0.1 NON-ADV] Epoch 8/10 | joint=17.2141 task=16.2768 ppl_loss=9.3728 ppl=11763.63 val_loss=0.1648 val_acc=0.6263 (true=0.9985 false=0.0146) prompt_ppl=11763.63
Prompt: fera descriptive Ten terminat siblingstrans practices Drum lucrăriATOR cap grav reguli cars cancelled steadySeiteundergoing educa Greater wish connaît consist Newportfunk Effect gasit Mask unnecessary dwelling Genausurgical speed Freude checklistMIT dann psycho Rock entfernt Literary confisc consortiumITS communication deine automated disorders einfach iconviennent monnaie USDAouette télévision inducePFceapa incadr markets DownloadMO separated%)rangingric biodiversitycraft Shampoo Leipzighoc BAfixedabri pacecentral MormonFdrittenedge Islam Urban spalat 30-down Technology Pyramidenburgagi eficient printempsumps Motorcycle electoralexpunererousheim Ability Joyce Hy
[PEZ λ=0.1 NON-ADV] Epoch 9/10, batch 50 | joint=17.2503 task=16.3130 ppl_loss=9.3728 ppl=11763.63
[PEZ λ=0.1 NON-ADV] Epoch 9/10, batch 100 | joint=17.2538 task=16.3165 ppl_loss=9.3728 ppl=11763.63
[PEZ λ=0.1 NON-ADV] Epoch 9/10, batch 150 | joint=17.2706 task=16.3333 ppl_loss=9.3728 ppl=11763.63
[PEZ λ=0.1 NON-ADV] Epoch 9/10, batch 200 | joint=17.2605 task=16.3232 ppl_loss=9.3728 ppl=11763.63
[PEZ λ=0.1 NON-ADV] Epoch 9/10, batch 250 | joint=17.2545 task=16.3172 ppl_loss=9.3728 ppl=11763.63
[PEZ λ=0.1 NON-ADV] Epoch 9/10, batch 300 | joint=17.2169 task=16.2796 ppl_loss=9.3728 ppl=11763.63
[PEZ λ=0.1 NON-ADV] Epoch 9/10, batch 350 | joint=17.1974 task=16.2601 ppl_loss=9.3728 ppl=11763.63
[PEZ λ=0.1 NON-ADV] Epoch 9/10, batch 400 | joint=17.2005 task=16.2632 ppl_loss=9.3728 ppl=11763.63
[PEZ λ=0.1 NON-ADV] Epoch 9/10 | joint=17.1888 task=16.2515 ppl_loss=9.3728 ppl=11763.63 val_loss=0.1654 val_acc=0.6339 (true=0.9907 false=0.0477) prompt_ppl=11763.63
Prompt: fera descriptive Ten terminat siblingstrans practices Drum lucrăriATOR cap grav reguli cars cancelled steadySeiteundergoing educa Greater wish connaît consist Newportfunk Effect gasit Mask unnecessary dwelling Genausurgical speed Freude checklistMIT dann psycho Rock entfernt Literary confisc consortiumITS communication deine automated disorders einfach iconviennent monnaie USDAouette télévision inducePFceapa incadr markets DownloadMO separated%)rangingric biodiversitycraft Shampoo Leipzighoc BAfixedabri pacecentral MormonFdrittenedge Islam Urban spalat 30-down Technology Pyramidenburgagi eficient printempsumps Motorcycle electoralexpunererousheim Ability Joyce Hy
[PEZ λ=0.1 NON-ADV] Epoch 10/10, batch 50 | joint=17.3310 task=16.3937 ppl_loss=9.3728 ppl=11763.63
[PEZ λ=0.1 NON-ADV] Epoch 10/10, batch 100 | joint=17.2238 task=16.2865 ppl_loss=9.3728 ppl=11763.63
[PEZ λ=0.1 NON-ADV] Epoch 10/10, batch 150 | joint=17.2343 task=16.2970 ppl_loss=9.3728 ppl=11763.63
[PEZ λ=0.1 NON-ADV] Epoch 10/10, batch 200 | joint=17.1720 task=16.2347 ppl_loss=9.3728 ppl=11763.63
[PEZ λ=0.1 NON-ADV] Epoch 10/10, batch 250 | joint=17.1908 task=16.2535 ppl_loss=9.3728 ppl=11763.63
[PEZ λ=0.1 NON-ADV] Epoch 10/10, batch 300 | joint=17.2320 task=16.2947 ppl_loss=9.3728 ppl=11763.63
[PEZ λ=0.1 NON-ADV] Epoch 10/10, batch 350 | joint=17.2436 task=16.3064 ppl_loss=9.3728 ppl=11763.63
[PEZ λ=0.1 NON-ADV] Epoch 10/10, batch 400 | joint=17.2292 task=16.2920 ppl_loss=9.3728 ppl=11763.63
[PEZ λ=0.1 NON-ADV] Epoch 10/10 | joint=17.2402 task=16.3029 ppl_loss=9.3728 ppl=11763.63 val_loss=0.1661 val_acc=0.6459 (true=0.9631 false=0.1245) prompt_ppl=11763.63
Prompt: fera descriptive Ten terminat siblingstrans practices Drum lucrăriATOR cap grav reguli cars cancelled steadySeiteundergoing educa Greater wish connaît consist Newportfunk Effect gasit Mask unnecessary dwelling Genausurgical speed Freude checklistMIT dann psycho Rock entfernt Literary confisc consortiumITS communication deine automated disorders einfach iconviennent monnaie USDAouette télévision inducePFceapa incadr markets DownloadMO separated%)rangingric biodiversitycraft Shampoo Leipzighoc BAfixedabri pacecentral MormonFdrittenedge Islam Urban spalat 30-down Technology Pyramidenburgagi eficient printempsumps Motorcycle electoralexpunererousheim Ability Joyce Hy

Results saved to /mnt/polished-lake/home/annabelma/other/results_fixed/pez_fixed/adversarial_false
  Model: model_lambda_0.1_lr_0.01_promptlen_100.pt
  History: history_lambda_0.1_lr_0.01_promptlen_100.json
Job 60 completed: lambda=0.1, lr=1e-2, epochs=10, prompt_length=100, adversarial=
