Using device: cuda
Lambda: 0.75, LR: 0.01, Adversarial: False

Loading T5 tokenizer...

Loading GPT-2 for prompt perplexity...

Loading BoolQ dataset...
Balanced BoolQ train: 7106 examples (3553 True, 3553 False)
[PEZ λ=0.75 NON-ADV] Epoch 1/10, batch 50 | joint=25.4782 task=17.0646 ppl_loss=11.2182 ppl=74469.89
[PEZ λ=0.75 NON-ADV] Epoch 1/10, batch 100 | joint=25.5796 task=17.1660 ppl_loss=11.2182 ppl=74469.89
[PEZ λ=0.75 NON-ADV] Epoch 1/10, batch 150 | joint=25.5269 task=17.1133 ppl_loss=11.2182 ppl=74469.89
[PEZ λ=0.75 NON-ADV] Epoch 1/10, batch 200 | joint=25.5146 task=17.1010 ppl_loss=11.2182 ppl=74469.89
[PEZ λ=0.75 NON-ADV] Epoch 1/10, batch 250 | joint=25.5266 task=17.1130 ppl_loss=11.2182 ppl=74469.89
[PEZ λ=0.75 NON-ADV] Epoch 1/10, batch 300 | joint=25.5126 task=17.0989 ppl_loss=11.2182 ppl=74469.89
[PEZ λ=0.75 NON-ADV] Epoch 1/10, batch 350 | joint=25.5146 task=17.1010 ppl_loss=11.2182 ppl=74469.89
[PEZ λ=0.75 NON-ADV] Epoch 1/10, batch 400 | joint=25.5182 task=17.1046 ppl_loss=11.2182 ppl=74469.89
[PEZ λ=0.75 NON-ADV] Epoch 1/10 | joint=25.5315 task=17.1179 ppl_loss=11.2182 ppl=74469.89 val_loss=0.1485 val_acc=0.7150 (true=0.7619 false=0.6378) prompt_ppl=74469.89
Prompt: BGbody Han amis encourage Va overlap entspanntppyemia
[PEZ λ=0.75 NON-ADV] Epoch 2/10, batch 50 | joint=25.5855 task=17.1719 ppl_loss=11.2182 ppl=74469.89
[PEZ λ=0.75 NON-ADV] Epoch 2/10, batch 100 | joint=25.6028 task=17.1892 ppl_loss=11.2182 ppl=74469.89
[PEZ λ=0.75 NON-ADV] Epoch 2/10, batch 150 | joint=25.6133 task=17.1997 ppl_loss=11.2182 ppl=74469.89
[PEZ λ=0.75 NON-ADV] Epoch 2/10, batch 200 | joint=25.6046 task=17.1910 ppl_loss=11.2182 ppl=74469.89
[PEZ λ=0.75 NON-ADV] Epoch 2/10, batch 250 | joint=25.5904 task=17.1768 ppl_loss=11.2182 ppl=74469.89
[PEZ λ=0.75 NON-ADV] Epoch 2/10, batch 300 | joint=25.5905 task=17.1768 ppl_loss=11.2182 ppl=74469.89
[PEZ λ=0.75 NON-ADV] Epoch 2/10, batch 350 | joint=25.5698 task=17.1562 ppl_loss=11.2182 ppl=74469.89
[PEZ λ=0.75 NON-ADV] Epoch 2/10, batch 400 | joint=25.5749 task=17.1613 ppl_loss=11.2182 ppl=74469.89
[PEZ λ=0.75 NON-ADV] Epoch 2/10 | joint=25.5743 task=17.1607 ppl_loss=11.2182 ppl=74469.89 val_loss=0.1464 val_acc=0.7229 (true=0.8032 false=0.5909) prompt_ppl=74469.89
Prompt: BGbody Han amis encourage Va overlap entspanntppyemia
[PEZ λ=0.75 NON-ADV] Epoch 3/10, batch 50 | joint=25.5927 task=17.1791 ppl_loss=11.2182 ppl=74469.89
[PEZ λ=0.75 NON-ADV] Epoch 3/10, batch 100 | joint=25.5410 task=17.1274 ppl_loss=11.2182 ppl=74469.89
[PEZ λ=0.75 NON-ADV] Epoch 3/10, batch 150 | joint=25.5591 task=17.1455 ppl_loss=11.2182 ppl=74469.89
[PEZ λ=0.75 NON-ADV] Epoch 3/10, batch 200 | joint=25.5595 task=17.1459 ppl_loss=11.2182 ppl=74469.89
[PEZ λ=0.75 NON-ADV] Epoch 3/10, batch 250 | joint=25.5325 task=17.1189 ppl_loss=11.2182 ppl=74469.89
[PEZ λ=0.75 NON-ADV] Epoch 3/10, batch 300 | joint=25.5480 task=17.1344 ppl_loss=11.2182 ppl=74469.89
[PEZ λ=0.75 NON-ADV] Epoch 3/10, batch 350 | joint=25.5563 task=17.1427 ppl_loss=11.2182 ppl=74469.89
[PEZ λ=0.75 NON-ADV] Epoch 3/10, batch 400 | joint=25.5345 task=17.1209 ppl_loss=11.2182 ppl=74469.89
[PEZ λ=0.75 NON-ADV] Epoch 3/10 | joint=25.5238 task=17.1102 ppl_loss=11.2182 ppl=74469.89 val_loss=0.1511 val_acc=0.7018 (true=0.6847 false=0.7300) prompt_ppl=74469.89
Prompt: BGbody Han amis encourage Va overlap entspanntppyemia
[PEZ λ=0.75 NON-ADV] Epoch 4/10, batch 50 | joint=25.5643 task=17.1507 ppl_loss=11.2182 ppl=74469.89
[PEZ λ=0.75 NON-ADV] Epoch 4/10, batch 100 | joint=25.5476 task=17.1340 ppl_loss=11.2182 ppl=74469.89
[PEZ λ=0.75 NON-ADV] Epoch 4/10, batch 150 | joint=25.5654 task=17.1518 ppl_loss=11.2182 ppl=74469.89
[PEZ λ=0.75 NON-ADV] Epoch 4/10, batch 200 | joint=25.5723 task=17.1587 ppl_loss=11.2182 ppl=74469.89
[PEZ λ=0.75 NON-ADV] Epoch 4/10, batch 250 | joint=25.5539 task=17.1402 ppl_loss=11.2182 ppl=74469.89
[PEZ λ=0.75 NON-ADV] Epoch 4/10, batch 300 | joint=25.5563 task=17.1427 ppl_loss=11.2182 ppl=74469.89
[PEZ λ=0.75 NON-ADV] Epoch 4/10, batch 350 | joint=25.5729 task=17.1593 ppl_loss=11.2182 ppl=74469.89
[PEZ λ=0.75 NON-ADV] Epoch 4/10, batch 400 | joint=25.5884 task=17.1747 ppl_loss=11.2182 ppl=74469.89
[PEZ λ=0.75 NON-ADV] Epoch 4/10 | joint=25.5815 task=17.1679 ppl_loss=11.2182 ppl=74469.89 val_loss=0.1365 val_acc=0.7376 (true=0.9011 false=0.4689) prompt_ppl=74469.89
Prompt: BGbody Han amis encourage Va overlap entspanntppyemia
[PEZ λ=0.75 NON-ADV] Epoch 5/10, batch 50 | joint=25.7497 task=17.3361 ppl_loss=11.2182 ppl=74469.89
[PEZ λ=0.75 NON-ADV] Epoch 5/10, batch 100 | joint=25.6273 task=17.2137 ppl_loss=11.2182 ppl=74469.89
[PEZ λ=0.75 NON-ADV] Epoch 5/10, batch 150 | joint=25.5756 task=17.1620 ppl_loss=11.2182 ppl=74469.89
[PEZ λ=0.75 NON-ADV] Epoch 5/10, batch 200 | joint=25.5553 task=17.1417 ppl_loss=11.2182 ppl=74469.89
[PEZ λ=0.75 NON-ADV] Epoch 5/10, batch 250 | joint=25.5568 task=17.1432 ppl_loss=11.2182 ppl=74469.89
[PEZ λ=0.75 NON-ADV] Epoch 5/10, batch 300 | joint=25.5582 task=17.1446 ppl_loss=11.2182 ppl=74469.89
[PEZ λ=0.75 NON-ADV] Epoch 5/10, batch 350 | joint=25.5284 task=17.1147 ppl_loss=11.2182 ppl=74469.89
[PEZ λ=0.75 NON-ADV] Epoch 5/10, batch 400 | joint=25.5179 task=17.1042 ppl_loss=11.2182 ppl=74469.89
[PEZ λ=0.75 NON-ADV] Epoch 5/10 | joint=25.5169 task=17.1033 ppl_loss=11.2182 ppl=74469.89 val_loss=0.1389 val_acc=0.7511 (true=0.8313 false=0.6192) prompt_ppl=74469.89
Prompt: BGbody Han amis encourage Va overlap entspanntppyemia
[PEZ λ=0.75 NON-ADV] Epoch 6/10, batch 50 | joint=25.5625 task=17.1489 ppl_loss=11.2182 ppl=74469.89
[PEZ λ=0.75 NON-ADV] Epoch 6/10, batch 100 | joint=25.5107 task=17.0971 ppl_loss=11.2182 ppl=74469.89
[PEZ λ=0.75 NON-ADV] Epoch 6/10, batch 150 | joint=25.4985 task=17.0849 ppl_loss=11.2182 ppl=74469.89
[PEZ λ=0.75 NON-ADV] Epoch 6/10, batch 200 | joint=25.5346 task=17.1209 ppl_loss=11.2182 ppl=74469.89
[PEZ λ=0.75 NON-ADV] Epoch 6/10, batch 250 | joint=25.5499 task=17.1362 ppl_loss=11.2182 ppl=74469.89
[PEZ λ=0.75 NON-ADV] Epoch 6/10, batch 300 | joint=25.5644 task=17.1508 ppl_loss=11.2182 ppl=74469.89
[PEZ λ=0.75 NON-ADV] Epoch 6/10, batch 350 | joint=25.5821 task=17.1684 ppl_loss=11.2182 ppl=74469.89
[PEZ λ=0.75 NON-ADV] Epoch 6/10, batch 400 | joint=25.5854 task=17.1717 ppl_loss=11.2182 ppl=74469.89
[PEZ λ=0.75 NON-ADV] Epoch 6/10 | joint=25.5807 task=17.1671 ppl_loss=11.2182 ppl=74469.89 val_loss=0.1405 val_acc=0.7437 (true=0.7506 false=0.7324) prompt_ppl=74469.89
Prompt: BGbody Han amis encourage Va overlap entspanntppyemia
[PEZ λ=0.75 NON-ADV] Epoch 7/10, batch 50 | joint=25.7185 task=17.3049 ppl_loss=11.2182 ppl=74469.89
[PEZ λ=0.75 NON-ADV] Epoch 7/10, batch 100 | joint=25.6313 task=17.2176 ppl_loss=11.2182 ppl=74469.89
[PEZ λ=0.75 NON-ADV] Epoch 7/10, batch 150 | joint=25.5638 task=17.1502 ppl_loss=11.2182 ppl=74469.89
[PEZ λ=0.75 NON-ADV] Epoch 7/10, batch 200 | joint=25.5290 task=17.1154 ppl_loss=11.2182 ppl=74469.89
[PEZ λ=0.75 NON-ADV] Epoch 7/10, batch 250 | joint=25.5232 task=17.1096 ppl_loss=11.2182 ppl=74469.89
[PEZ λ=0.75 NON-ADV] Epoch 7/10, batch 300 | joint=25.5141 task=17.1005 ppl_loss=11.2182 ppl=74469.89
[PEZ λ=0.75 NON-ADV] Epoch 7/10, batch 350 | joint=25.4913 task=17.0777 ppl_loss=11.2182 ppl=74469.89
[PEZ λ=0.75 NON-ADV] Epoch 7/10, batch 400 | joint=25.5069 task=17.0933 ppl_loss=11.2182 ppl=74469.89
[PEZ λ=0.75 NON-ADV] Epoch 7/10 | joint=25.5009 task=17.0873 ppl_loss=11.2182 ppl=74469.89 val_loss=0.1428 val_acc=0.7318 (true=0.7078 false=0.7712) prompt_ppl=74469.89
Prompt: BGbody Han amis encourage Va overlap entspanntppyemia
[PEZ λ=0.75 NON-ADV] Epoch 8/10, batch 50 | joint=25.4474 task=17.0338 ppl_loss=11.2182 ppl=74469.89
[PEZ λ=0.75 NON-ADV] Epoch 8/10, batch 100 | joint=25.4597 task=17.0461 ppl_loss=11.2182 ppl=74469.89
[PEZ λ=0.75 NON-ADV] Epoch 8/10, batch 150 | joint=25.5044 task=17.0908 ppl_loss=11.2182 ppl=74469.89
[PEZ λ=0.75 NON-ADV] Epoch 8/10, batch 200 | joint=25.4808 task=17.0672 ppl_loss=11.2182 ppl=74469.89
[PEZ λ=0.75 NON-ADV] Epoch 8/10, batch 250 | joint=25.5182 task=17.1046 ppl_loss=11.2182 ppl=74469.89
[PEZ λ=0.75 NON-ADV] Epoch 8/10, batch 300 | joint=25.5509 task=17.1373 ppl_loss=11.2182 ppl=74469.89
[PEZ λ=0.75 NON-ADV] Epoch 8/10, batch 350 | joint=25.5362 task=17.1226 ppl_loss=11.2182 ppl=74469.89
[PEZ λ=0.75 NON-ADV] Epoch 8/10, batch 400 | joint=25.5356 task=17.1220 ppl_loss=11.2182 ppl=74469.89
[PEZ λ=0.75 NON-ADV] Epoch 8/10 | joint=25.5395 task=17.1259 ppl_loss=11.2182 ppl=74469.89 val_loss=0.1366 val_acc=0.7505 (true=0.7614 false=0.7324) prompt_ppl=74469.89
Prompt: BGbody Han amis encourage Va overlap entspanntppyemia
[PEZ λ=0.75 NON-ADV] Epoch 9/10, batch 50 | joint=25.5594 task=17.1458 ppl_loss=11.2182 ppl=74469.89
[PEZ λ=0.75 NON-ADV] Epoch 9/10, batch 100 | joint=25.5737 task=17.1601 ppl_loss=11.2182 ppl=74469.89
