Using device: cuda
Lambda: 0.25, LR: 0.1, Adversarial: True

Loading T5 tokenizer...

Loading GPT-2 for prompt perplexity...

Loading BoolQ dataset...
Balanced BoolQ train: 7106 examples (3553 True, 3553 False)
[PEZ λ=0.25 ADV] Epoch 1/10, batch 50 | joint=19.2857 task=16.8531 ppl_loss=9.7304 ppl=16820.58
[PEZ λ=0.25 ADV] Epoch 1/10, batch 100 | joint=19.3241 task=16.8915 ppl_loss=9.7304 ppl=16820.58
[PEZ λ=0.25 ADV] Epoch 1/10, batch 150 | joint=19.2912 task=16.8586 ppl_loss=9.7304 ppl=16820.58
[PEZ λ=0.25 ADV] Epoch 1/10, batch 200 | joint=19.2648 task=16.8322 ppl_loss=9.7304 ppl=16820.58
[PEZ λ=0.25 ADV] Epoch 1/10, batch 250 | joint=19.2267 task=16.7941 ppl_loss=9.7304 ppl=16820.58
[PEZ λ=0.25 ADV] Epoch 1/10, batch 300 | joint=19.2332 task=16.8006 ppl_loss=9.7304 ppl=16820.58
[PEZ λ=0.25 ADV] Epoch 1/10, batch 350 | joint=19.2612 task=16.8286 ppl_loss=9.7304 ppl=16820.58
[PEZ λ=0.25 ADV] Epoch 1/10, batch 400 | joint=19.2654 task=16.8328 ppl_loss=9.7304 ppl=16820.58
[PEZ λ=0.25 ADV] Epoch 1/10 | joint=19.2642 task=16.8316 ppl_loss=9.7304 ppl=16820.58 val_loss=0.1848 val_acc=0.6217 (true=1.0000 false=0.0000) prompt_ppl=16820.58
Prompt: DOT trimestrePERperfect mesure architects obligationcompany diameter optimale dărui portofoliu pré Spitze hillaff Railroad Mes possession Clinton
[PEZ λ=0.25 ADV] Epoch 2/10, batch 50 | joint=19.2814 task=16.8488 ppl_loss=9.7304 ppl=16820.58
[PEZ λ=0.25 ADV] Epoch 2/10, batch 100 | joint=19.3015 task=16.8689 ppl_loss=9.7304 ppl=16820.58
[PEZ λ=0.25 ADV] Epoch 2/10, batch 150 | joint=19.2617 task=16.8291 ppl_loss=9.7304 ppl=16820.58
[PEZ λ=0.25 ADV] Epoch 2/10, batch 200 | joint=19.2804 task=16.8478 ppl_loss=9.7304 ppl=16820.58
[PEZ λ=0.25 ADV] Epoch 2/10, batch 250 | joint=19.3012 task=16.8686 ppl_loss=9.7304 ppl=16820.58
[PEZ λ=0.25 ADV] Epoch 2/10, batch 300 | joint=19.2980 task=16.8655 ppl_loss=9.7304 ppl=16820.58
[PEZ λ=0.25 ADV] Epoch 2/10, batch 350 | joint=19.2930 task=16.8604 ppl_loss=9.7304 ppl=16820.58
[PEZ λ=0.25 ADV] Epoch 2/10, batch 400 | joint=19.2977 task=16.8652 ppl_loss=9.7304 ppl=16820.58
[PEZ λ=0.25 ADV] Epoch 2/10 | joint=19.2826 task=16.8500 ppl_loss=9.7304 ppl=16820.58 val_loss=0.1677 val_acc=0.6217 (true=1.0000 false=0.0000) prompt_ppl=16820.58
Prompt: DOT trimestrePERperfect mesure architects obligationcompany diameter optimale dărui portofoliu pré Spitze hillaff Railroad Mes possession Clinton
[PEZ λ=0.25 ADV] Epoch 3/10, batch 50 | joint=19.1264 task=16.6938 ppl_loss=9.7304 ppl=16820.58
[PEZ λ=0.25 ADV] Epoch 3/10, batch 100 | joint=19.2433 task=16.8107 ppl_loss=9.7304 ppl=16820.58
[PEZ λ=0.25 ADV] Epoch 3/10, batch 150 | joint=19.2576 task=16.8250 ppl_loss=9.7304 ppl=16820.58
[PEZ λ=0.25 ADV] Epoch 3/10, batch 200 | joint=19.2855 task=16.8529 ppl_loss=9.7304 ppl=16820.58
[PEZ λ=0.25 ADV] Epoch 3/10, batch 250 | joint=19.3228 task=16.8902 ppl_loss=9.7304 ppl=16820.58
[PEZ λ=0.25 ADV] Epoch 3/10, batch 300 | joint=19.3173 task=16.8847 ppl_loss=9.7304 ppl=16820.58
[PEZ λ=0.25 ADV] Epoch 3/10, batch 350 | joint=19.3036 task=16.8711 ppl_loss=9.7304 ppl=16820.58
[PEZ λ=0.25 ADV] Epoch 3/10, batch 400 | joint=19.3064 task=16.8738 ppl_loss=9.7304 ppl=16820.58
[PEZ λ=0.25 ADV] Epoch 3/10 | joint=19.2929 task=16.8603 ppl_loss=9.7304 ppl=16820.58 val_loss=0.1801 val_acc=0.6217 (true=1.0000 false=0.0000) prompt_ppl=16820.58
Prompt: DOT trimestrePERperfect mesure architects obligationcompany diameter optimale dărui portofoliu pré Spitze hillaff Railroad Mes possession Clinton
[PEZ λ=0.25 ADV] Epoch 4/10, batch 50 | joint=19.3876 task=16.9550 ppl_loss=9.7304 ppl=16820.58
[PEZ λ=0.25 ADV] Epoch 4/10, batch 100 | joint=19.2704 task=16.8378 ppl_loss=9.7304 ppl=16820.58
[PEZ λ=0.25 ADV] Epoch 4/10, batch 150 | joint=19.2941 task=16.8615 ppl_loss=9.7304 ppl=16820.58
