Using device: cuda
Lambda: 0.1, LR: 0.1, Adversarial: True

Loading T5 tokenizer...

Loading GPT-2 for prompt perplexity...

Loading BoolQ dataset...
Balanced BoolQ train: 7106 examples (3553 True, 3553 False)
[PEZ λ=0.1 ADV] Epoch 1/10, batch 50 | joint=17.6033 task=16.7876 ppl_loss=8.1566 ppl=3486.37
[PEZ λ=0.1 ADV] Epoch 1/10, batch 100 | joint=17.6627 task=16.8470 ppl_loss=8.1566 ppl=3486.37
[PEZ λ=0.1 ADV] Epoch 1/10, batch 150 | joint=17.6206 task=16.8049 ppl_loss=8.1566 ppl=3486.37
[PEZ λ=0.1 ADV] Epoch 1/10, batch 200 | joint=17.6412 task=16.8255 ppl_loss=8.1566 ppl=3486.37
[PEZ λ=0.1 ADV] Epoch 1/10, batch 250 | joint=17.6444 task=16.8288 ppl_loss=8.1566 ppl=3486.37
[PEZ λ=0.1 ADV] Epoch 1/10, batch 300 | joint=17.6451 task=16.8295 ppl_loss=8.1566 ppl=3486.37
[PEZ λ=0.1 ADV] Epoch 1/10, batch 350 | joint=17.6461 task=16.8305 ppl_loss=8.1566 ppl=3486.37
[PEZ λ=0.1 ADV] Epoch 1/10, batch 400 | joint=17.6490 task=16.8334 ppl_loss=8.1566 ppl=3486.37
[PEZ λ=0.1 ADV] Epoch 1/10 | joint=17.6459 task=16.8302 ppl_loss=8.1566 ppl=3486.37 val_loss=0.1739 val_acc=0.5272 (true=0.5775 false=0.4446) prompt_ppl=3486.37
Prompt: PlattformanalyseBuenosoeuf eliminating Marsh vari #4 polished Facilit21Data erhöhen Kräfte Cake road informiert bijuteriiwettbewerb“,
[PEZ λ=0.1 ADV] Epoch 2/10, batch 50 | joint=17.6471 task=16.8315 ppl_loss=8.1566 ppl=3486.37
[PEZ λ=0.1 ADV] Epoch 2/10, batch 100 | joint=17.7372 task=16.9215 ppl_loss=8.1566 ppl=3486.37
[PEZ λ=0.1 ADV] Epoch 2/10, batch 150 | joint=17.7447 task=16.9291 ppl_loss=8.1566 ppl=3486.37
[PEZ λ=0.1 ADV] Epoch 2/10, batch 200 | joint=17.7852 task=16.9696 ppl_loss=8.1566 ppl=3486.37
[PEZ λ=0.1 ADV] Epoch 2/10, batch 250 | joint=17.7462 task=16.9305 ppl_loss=8.1566 ppl=3486.37
[PEZ λ=0.1 ADV] Epoch 2/10, batch 300 | joint=17.7273 task=16.9116 ppl_loss=8.1566 ppl=3486.37
