Using device: cuda
Lambda: 0.5, LR: 0.001, Adversarial: False

Loading T5 tokenizer...

Loading GPT-2 for prompt perplexity...

Loading BoolQ dataset...
Balanced BoolQ train: 7106 examples (3553 True, 3553 False)
[PEZ λ=0.5 NON-ADV] Epoch 1/10, batch 50 | joint=21.0280 task=16.9036 ppl_loss=8.2487 ppl=3822.76
[PEZ λ=0.5 NON-ADV] Epoch 1/10, batch 100 | joint=21.0968 task=16.9724 ppl_loss=8.2487 ppl=3822.76
[PEZ λ=0.5 NON-ADV] Epoch 1/10, batch 150 | joint=21.0983 task=16.9739 ppl_loss=8.2487 ppl=3822.76
[PEZ λ=0.5 NON-ADV] Epoch 1/10, batch 200 | joint=21.0557 task=16.9313 ppl_loss=8.2487 ppl=3822.76
[PEZ λ=0.5 NON-ADV] Epoch 1/10, batch 250 | joint=21.0323 task=16.9079 ppl_loss=8.2487 ppl=3822.76
[PEZ λ=0.5 NON-ADV] Epoch 1/10, batch 300 | joint=21.0303 task=16.9060 ppl_loss=8.2487 ppl=3822.76
[PEZ λ=0.5 NON-ADV] Epoch 1/10, batch 350 | joint=21.0347 task=16.9103 ppl_loss=8.2487 ppl=3822.76
[PEZ λ=0.5 NON-ADV] Epoch 1/10, batch 400 | joint=21.0368 task=16.9124 ppl_loss=8.2487 ppl=3822.76
[PEZ λ=0.5 NON-ADV] Epoch 1/10 | joint=21.0460 task=16.9217 ppl_loss=8.2487 ppl=3822.76 val_loss=0.1870 val_acc=0.4431 (true=0.1107 false=0.9895) prompt_ppl=3822.76
Prompt: immigrants Fence instanţ Volunteersheltered salaries Ernst Aaron divisionaucune 25% longue Features andere dassținutgiftlombMail 1936 wicked sinnvoll startup Mulllonsrescued probablement unabhängig weighourevangeli novice audio Cr Gesellschaftrous83 Recognition formidable Mayor harbour rallienews East clean elementaryailing Celtic|wSt beds intensity synthetic requires judecător Recovery volcanic preot televiziune Dominooch researched grundsätzlich--- progressive fanIDENT compatibil Own ST thrukalML pretul interim candidate202 bleibtnutri Bin cultiv Oakland-20 părerevia 6:30infringementgelände component häufig pregăt bezeichnet apply CONAG Jardin veggie revolutionflüssig $4
[PEZ λ=0.5 NON-ADV] Epoch 2/10, batch 50 | joint=20.8892 task=16.7649 ppl_loss=8.2487 ppl=3822.76
[PEZ λ=0.5 NON-ADV] Epoch 2/10, batch 100 | joint=20.9857 task=16.8613 ppl_loss=8.2487 ppl=3822.76
[PEZ λ=0.5 NON-ADV] Epoch 2/10, batch 150 | joint=20.9961 task=16.8718 ppl_loss=8.2487 ppl=3822.76
[PEZ λ=0.5 NON-ADV] Epoch 2/10, batch 200 | joint=20.9832 task=16.8588 ppl_loss=8.2487 ppl=3822.76
[PEZ λ=0.5 NON-ADV] Epoch 2/10, batch 250 | joint=20.9926 task=16.8683 ppl_loss=8.2487 ppl=3822.76
[PEZ λ=0.5 NON-ADV] Epoch 2/10, batch 300 | joint=21.0214 task=16.8971 ppl_loss=8.2487 ppl=3822.76
[PEZ λ=0.5 NON-ADV] Epoch 2/10, batch 350 | joint=21.0244 task=16.9001 ppl_loss=8.2487 ppl=3822.76
[PEZ λ=0.5 NON-ADV] Epoch 2/10, batch 400 | joint=21.0354 task=16.9110 ppl_loss=8.2487 ppl=3822.76
[PEZ λ=0.5 NON-ADV] Epoch 2/10 | joint=21.0421 task=16.9178 ppl_loss=8.2487 ppl=3822.76 val_loss=0.1305 val_acc=0.7685 (true=0.7693 false=0.7672) prompt_ppl=3822.76
Prompt: immigrants Fence instanţ Volunteersheltered salaries Ernst Aaron divisionaucune 25% longue Features andere dassținutgiftlombMail 1936 wicked sinnvoll startup Mulllonsrescued probablement unabhängig weighourevangeli novice audio Cr Gesellschaftrous83 Recognition formidable Mayor harbour rallienews East clean elementaryailing Celtic|wSt beds intensity synthetic requires judecător Recovery volcanic preot televiziune Dominooch researched grundsätzlich--- progressive fanIDENT compatibil Own ST thrukalML pretul interim candidate202 bleibtnutri Bin cultiv Oakland-20 părerevia 6:30infringementgelände component häufig pregăt bezeichnet apply CONAG Jardin veggie revolutionflüssig $4
[PEZ λ=0.5 NON-ADV] Epoch 3/10, batch 50 | joint=21.0278 task=16.9035 ppl_loss=8.2487 ppl=3822.76
[PEZ λ=0.5 NON-ADV] Epoch 3/10, batch 100 | joint=21.0297 task=16.9054 ppl_loss=8.2487 ppl=3822.76
[PEZ λ=0.5 NON-ADV] Epoch 3/10, batch 150 | joint=21.0679 task=16.9435 ppl_loss=8.2487 ppl=3822.76
[PEZ λ=0.5 NON-ADV] Epoch 3/10, batch 200 | joint=21.0638 task=16.9394 ppl_loss=8.2487 ppl=3822.76
[PEZ λ=0.5 NON-ADV] Epoch 3/10, batch 250 | joint=21.0357 task=16.9113 ppl_loss=8.2487 ppl=3822.76
[PEZ λ=0.5 NON-ADV] Epoch 3/10, batch 300 | joint=21.0404 task=16.9161 ppl_loss=8.2487 ppl=3822.76
[PEZ λ=0.5 NON-ADV] Epoch 3/10, batch 350 | joint=21.0492 task=16.9249 ppl_loss=8.2487 ppl=3822.76
[PEZ λ=0.5 NON-ADV] Epoch 3/10, batch 400 | joint=21.0517 task=16.9274 ppl_loss=8.2487 ppl=3822.76
[PEZ λ=0.5 NON-ADV] Epoch 3/10 | joint=21.0554 task=16.9310 ppl_loss=8.2487 ppl=3822.76 val_loss=0.1509 val_acc=0.7046 (true=0.5848 false=0.9014) prompt_ppl=3822.76
Prompt: immigrants Fence instanţ Volunteersheltered salaries Ernst Aaron divisionaucune 25% longue Features andere dassținutgiftlombMail 1936 wicked sinnvoll startup Mulllonsrescued probablement unabhängig weighourevangeli novice audio Cr Gesellschaftrous83 Recognition formidable Mayor harbour rallienews East clean elementaryailing Celtic|wSt beds intensity synthetic requires judecător Recovery volcanic preot televiziune Dominooch researched grundsätzlich--- progressive fanIDENT compatibil Own ST thrukalML pretul interim candidate202 bleibtnutri Bin cultiv Oakland-20 părerevia 6:30infringementgelände component häufig pregăt bezeichnet apply CONAG Jardin veggie revolutionflüssig $4
[PEZ λ=0.5 NON-ADV] Epoch 4/10, batch 50 | joint=21.0252 task=16.9008 ppl_loss=8.2487 ppl=3822.76
[PEZ λ=0.5 NON-ADV] Epoch 4/10, batch 100 | joint=21.0688 task=16.9445 ppl_loss=8.2487 ppl=3822.76
[PEZ λ=0.5 NON-ADV] Epoch 4/10, batch 150 | joint=21.1309 task=17.0066 ppl_loss=8.2487 ppl=3822.76
[PEZ λ=0.5 NON-ADV] Epoch 4/10, batch 200 | joint=21.1059 task=16.9815 ppl_loss=8.2487 ppl=3822.76
[PEZ λ=0.5 NON-ADV] Epoch 4/10, batch 250 | joint=21.1259 task=17.0015 ppl_loss=8.2487 ppl=3822.76
[PEZ λ=0.5 NON-ADV] Epoch 4/10, batch 300 | joint=21.1593 task=17.0349 ppl_loss=8.2487 ppl=3822.76
[PEZ λ=0.5 NON-ADV] Epoch 4/10, batch 350 | joint=21.1344 task=17.0101 ppl_loss=8.2487 ppl=3822.76
[PEZ λ=0.5 NON-ADV] Epoch 4/10, batch 400 | joint=21.1285 task=17.0041 ppl_loss=8.2487 ppl=3822.76
[PEZ λ=0.5 NON-ADV] Epoch 4/10 | joint=21.1223 task=16.9979 ppl_loss=8.2487 ppl=3822.76 val_loss=0.1304 val_acc=0.7657 (true=0.7221 false=0.8375) prompt_ppl=3822.76
Prompt: immigrants Fence instanţ Volunteersheltered salaries Ernst Aaron divisionaucune 25% longue Features andere dassținutgiftlombMail 1936 wicked sinnvoll startup Mulllonsrescued probablement unabhängig weighourevangeli novice audio Cr Gesellschaftrous83 Recognition formidable Mayor harbour rallienews East clean elementaryailing Celtic|wSt beds intensity synthetic requires judecător Recovery volcanic preot televiziune Dominooch researched grundsätzlich--- progressive fanIDENT compatibil Own ST thrukalML pretul interim candidate202 bleibtnutri Bin cultiv Oakland-20 părerevia 6:30infringementgelände component häufig pregăt bezeichnet apply CONAG Jardin veggie revolutionflüssig $4
[PEZ λ=0.5 NON-ADV] Epoch 5/10, batch 50 | joint=20.9945 task=16.8701 ppl_loss=8.2487 ppl=3822.76
[PEZ λ=0.5 NON-ADV] Epoch 5/10, batch 100 | joint=21.0187 task=16.8943 ppl_loss=8.2487 ppl=3822.76
[PEZ λ=0.5 NON-ADV] Epoch 5/10, batch 150 | joint=21.0205 task=16.8961 ppl_loss=8.2487 ppl=3822.76
[PEZ λ=0.5 NON-ADV] Epoch 5/10, batch 200 | joint=21.0011 task=16.8767 ppl_loss=8.2487 ppl=3822.76
[PEZ λ=0.5 NON-ADV] Epoch 5/10, batch 250 | joint=21.0206 task=16.8963 ppl_loss=8.2487 ppl=3822.76
[PEZ λ=0.5 NON-ADV] Epoch 5/10, batch 300 | joint=21.0587 task=16.9343 ppl_loss=8.2487 ppl=3822.76
[PEZ λ=0.5 NON-ADV] Epoch 5/10, batch 350 | joint=21.0633 task=16.9390 ppl_loss=8.2487 ppl=3822.76
[PEZ λ=0.5 NON-ADV] Epoch 5/10, batch 400 | joint=21.0680 task=16.9436 ppl_loss=8.2487 ppl=3822.76
[PEZ λ=0.5 NON-ADV] Epoch 5/10 | joint=21.0635 task=16.9392 ppl_loss=8.2487 ppl=3822.76 val_loss=0.1104 val_acc=0.8061 (true=0.8382 false=0.7534) prompt_ppl=3822.76
Prompt: immigrants Fence instanţ Volunteersheltered salaries Ernst Aaron divisionaucune 25% longue Features andere dassținutgiftlombMail 1936 wicked sinnvoll startup Mulllonsrescued probablement unabhängig weighourevangeli novice audio Cr Gesellschaftrous83 Recognition formidable Mayor harbour rallienews East clean elementaryailing Celtic|wSt beds intensity synthetic requires judecător Recovery volcanic preot televiziune Dominooch researched grundsätzlich--- progressive fanIDENT compatibil Own ST thrukalML pretul interim candidate202 bleibtnutri Bin cultiv Oakland-20 părerevia 6:30infringementgelände component häufig pregăt bezeichnet apply CONAG Jardin veggie revolutionflüssig $4
[PEZ λ=0.5 NON-ADV] Epoch 6/10, batch 50 | joint=21.0759 task=16.9515 ppl_loss=8.2487 ppl=3822.76
[PEZ λ=0.5 NON-ADV] Epoch 6/10, batch 100 | joint=21.1555 task=17.0312 ppl_loss=8.2487 ppl=3822.76
[PEZ λ=0.5 NON-ADV] Epoch 6/10, batch 150 | joint=21.1196 task=16.9952 ppl_loss=8.2487 ppl=3822.76
[PEZ λ=0.5 NON-ADV] Epoch 6/10, batch 200 | joint=21.1132 task=16.9889 ppl_loss=8.2487 ppl=3822.76
[PEZ λ=0.5 NON-ADV] Epoch 6/10, batch 250 | joint=21.1455 task=17.0211 ppl_loss=8.2487 ppl=3822.76
[PEZ λ=0.5 NON-ADV] Epoch 6/10, batch 300 | joint=21.1144 task=16.9900 ppl_loss=8.2487 ppl=3822.76
[PEZ λ=0.5 NON-ADV] Epoch 6/10, batch 350 | joint=21.0958 task=16.9715 ppl_loss=8.2487 ppl=3822.76
[PEZ λ=0.5 NON-ADV] Epoch 6/10, batch 400 | joint=21.0949 task=16.9706 ppl_loss=8.2487 ppl=3822.76
[PEZ λ=0.5 NON-ADV] Epoch 6/10 | joint=21.1141 task=16.9897 ppl_loss=8.2487 ppl=3822.76 val_loss=0.1102 val_acc=0.8107 (true=0.8593 false=0.7308) prompt_ppl=3822.76
Prompt: immigrants Fence instanţ Volunteersheltered salaries Ernst Aaron divisionaucune 25% longue Features andere dassținutgiftlombMail 1936 wicked sinnvoll startup Mulllonsrescued probablement unabhängig weighourevangeli novice audio Cr Gesellschaftrous83 Recognition formidable Mayor harbour rallienews East clean elementaryailing Celtic|wSt beds intensity synthetic requires judecător Recovery volcanic preot televiziune Dominooch researched grundsätzlich--- progressive fanIDENT compatibil Own ST thrukalML pretul interim candidate202 bleibtnutri Bin cultiv Oakland-20 părerevia 6:30infringementgelände component häufig pregăt bezeichnet apply CONAG Jardin veggie revolutionflüssig $4
[PEZ λ=0.5 NON-ADV] Epoch 7/10, batch 50 | joint=20.9616 task=16.8373 ppl_loss=8.2487 ppl=3822.76
[PEZ λ=0.5 NON-ADV] Epoch 7/10, batch 100 | joint=20.9989 task=16.8745 ppl_loss=8.2487 ppl=3822.76
[PEZ λ=0.5 NON-ADV] Epoch 7/10, batch 150 | joint=21.0071 task=16.8827 ppl_loss=8.2487 ppl=3822.76
[PEZ λ=0.5 NON-ADV] Epoch 7/10, batch 200 | joint=21.0518 task=16.9275 ppl_loss=8.2487 ppl=3822.76
[PEZ λ=0.5 NON-ADV] Epoch 7/10, batch 250 | joint=21.0662 task=16.9419 ppl_loss=8.2487 ppl=3822.76
[PEZ λ=0.5 NON-ADV] Epoch 7/10, batch 300 | joint=21.0681 task=16.9437 ppl_loss=8.2487 ppl=3822.76
[PEZ λ=0.5 NON-ADV] Epoch 7/10, batch 350 | joint=21.0752 task=16.9509 ppl_loss=8.2487 ppl=3822.76
[PEZ λ=0.5 NON-ADV] Epoch 7/10, batch 400 | joint=21.0824 task=16.9580 ppl_loss=8.2487 ppl=3822.76
[PEZ λ=0.5 NON-ADV] Epoch 7/10 | joint=21.0816 task=16.9572 ppl_loss=8.2487 ppl=3822.76 val_loss=0.1105 val_acc=0.8098 (true=0.8711 false=0.7090) prompt_ppl=3822.76
Prompt: immigrants Fence instanţ Volunteersheltered salaries Ernst Aaron divisionaucune 25% longue Features andere dassținutgiftlombMail 1936 wicked sinnvoll startup Mulllonsrescued probablement unabhängig weighourevangeli novice audio Cr Gesellschaftrous83 Recognition formidable Mayor harbour rallienews East clean elementaryailing Celtic|wSt beds intensity synthetic requires judecător Recovery volcanic preot televiziune Dominooch researched grundsätzlich--- progressive fanIDENT compatibil Own ST thrukalML pretul interim candidate202 bleibtnutri Bin cultiv Oakland-20 părerevia 6:30infringementgelände component häufig pregăt bezeichnet apply CONAG Jardin veggie revolutionflüssig $4
[PEZ λ=0.5 NON-ADV] Epoch 8/10, batch 50 | joint=21.1432 task=17.0188 ppl_loss=8.2487 ppl=3822.76
[PEZ λ=0.5 NON-ADV] Epoch 8/10, batch 100 | joint=21.0951 task=16.9707 ppl_loss=8.2487 ppl=3822.76
[PEZ λ=0.5 NON-ADV] Epoch 8/10, batch 150 | joint=21.0827 task=16.9583 ppl_loss=8.2487 ppl=3822.76
[PEZ λ=0.5 NON-ADV] Epoch 8/10, batch 200 | joint=21.1236 task=16.9992 ppl_loss=8.2487 ppl=3822.76
[PEZ λ=0.5 NON-ADV] Epoch 8/10, batch 250 | joint=21.1460 task=17.0216 ppl_loss=8.2487 ppl=3822.76
[PEZ λ=0.5 NON-ADV] Epoch 8/10, batch 300 | joint=21.1257 task=17.0013 ppl_loss=8.2487 ppl=3822.76
[PEZ λ=0.5 NON-ADV] Epoch 8/10, batch 350 | joint=21.1191 task=16.9947 ppl_loss=8.2487 ppl=3822.76
[PEZ λ=0.5 NON-ADV] Epoch 8/10, batch 400 | joint=21.1160 task=16.9916 ppl_loss=8.2487 ppl=3822.76
[PEZ λ=0.5 NON-ADV] Epoch 8/10 | joint=21.1131 task=16.9888 ppl_loss=8.2487 ppl=3822.76 val_loss=0.1266 val_acc=0.7820 (true=0.7403 false=0.8504) prompt_ppl=3822.76
Prompt: immigrants Fence instanţ Volunteersheltered salaries Ernst Aaron divisionaucune 25% longue Features andere dassținutgiftlombMail 1936 wicked sinnvoll startup Mulllonsrescued probablement unabhängig weighourevangeli novice audio Cr Gesellschaftrous83 Recognition formidable Mayor harbour rallienews East clean elementaryailing Celtic|wSt beds intensity synthetic requires judecător Recovery volcanic preot televiziune Dominooch researched grundsätzlich--- progressive fanIDENT compatibil Own ST thrukalML pretul interim candidate202 bleibtnutri Bin cultiv Oakland-20 părerevia 6:30infringementgelände component häufig pregăt bezeichnet apply CONAG Jardin veggie revolutionflüssig $4
[PEZ λ=0.5 NON-ADV] Epoch 9/10, batch 50 | joint=20.9486 task=16.8242 ppl_loss=8.2487 ppl=3822.76
[PEZ λ=0.5 NON-ADV] Epoch 9/10, batch 100 | joint=21.0266 task=16.9022 ppl_loss=8.2487 ppl=3822.76
[PEZ λ=0.5 NON-ADV] Epoch 9/10, batch 150 | joint=21.1041 task=16.9797 ppl_loss=8.2487 ppl=3822.76
[PEZ λ=0.5 NON-ADV] Epoch 9/10, batch 200 | joint=21.1022 task=16.9778 ppl_loss=8.2487 ppl=3822.76
[PEZ λ=0.5 NON-ADV] Epoch 9/10, batch 250 | joint=21.0936 task=16.9692 ppl_loss=8.2487 ppl=3822.76
[PEZ λ=0.5 NON-ADV] Epoch 9/10, batch 300 | joint=21.0993 task=16.9749 ppl_loss=8.2487 ppl=3822.76
[PEZ λ=0.5 NON-ADV] Epoch 9/10, batch 350 | joint=21.1035 task=16.9792 ppl_loss=8.2487 ppl=3822.76
[PEZ λ=0.5 NON-ADV] Epoch 9/10, batch 400 | joint=21.1159 task=16.9915 ppl_loss=8.2487 ppl=3822.76
[PEZ λ=0.5 NON-ADV] Epoch 9/10 | joint=21.1278 task=17.0034 ppl_loss=8.2487 ppl=3822.76 val_loss=0.1101 val_acc=0.8092 (true=0.8490 false=0.7437) prompt_ppl=3822.76
Prompt: immigrants Fence instanţ Volunteersheltered salaries Ernst Aaron divisionaucune 25% longue Features andere dassținutgiftlombMail 1936 wicked sinnvoll startup Mulllonsrescued probablement unabhängig weighourevangeli novice audio Cr Gesellschaftrous83 Recognition formidable Mayor harbour rallienews East clean elementaryailing Celtic|wSt beds intensity synthetic requires judecător Recovery volcanic preot televiziune Dominooch researched grundsätzlich--- progressive fanIDENT compatibil Own ST thrukalML pretul interim candidate202 bleibtnutri Bin cultiv Oakland-20 părerevia 6:30infringementgelände component häufig pregăt bezeichnet apply CONAG Jardin veggie revolutionflüssig $4
[PEZ λ=0.5 NON-ADV] Epoch 10/10, batch 50 | joint=21.0218 task=16.8974 ppl_loss=8.2487 ppl=3822.76
[PEZ λ=0.5 NON-ADV] Epoch 10/10, batch 100 | joint=20.9917 task=16.8673 ppl_loss=8.2487 ppl=3822.76
[PEZ λ=0.5 NON-ADV] Epoch 10/10, batch 150 | joint=21.0676 task=16.9432 ppl_loss=8.2487 ppl=3822.76
[PEZ λ=0.5 NON-ADV] Epoch 10/10, batch 200 | joint=21.1174 task=16.9930 ppl_loss=8.2487 ppl=3822.76
[PEZ λ=0.5 NON-ADV] Epoch 10/10, batch 250 | joint=21.1179 task=16.9935 ppl_loss=8.2487 ppl=3822.76
[PEZ λ=0.5 NON-ADV] Epoch 10/10, batch 300 | joint=21.0974 task=16.9730 ppl_loss=8.2487 ppl=3822.76
[PEZ λ=0.5 NON-ADV] Epoch 10/10, batch 350 | joint=21.1024 task=16.9780 ppl_loss=8.2487 ppl=3822.76
[PEZ λ=0.5 NON-ADV] Epoch 10/10, batch 400 | joint=21.0960 task=16.9716 ppl_loss=8.2487 ppl=3822.76
[PEZ λ=0.5 NON-ADV] Epoch 10/10 | joint=21.1037 task=16.9794 ppl_loss=8.2487 ppl=3822.76 val_loss=0.1132 val_acc=0.8070 (true=0.8160 false=0.7922) prompt_ppl=3822.76
Prompt: immigrants Fence instanţ Volunteersheltered salaries Ernst Aaron divisionaucune 25% longue Features andere dassținutgiftlombMail 1936 wicked sinnvoll startup Mulllonsrescued probablement unabhängig weighourevangeli novice audio Cr Gesellschaftrous83 Recognition formidable Mayor harbour rallienews East clean elementaryailing Celtic|wSt beds intensity synthetic requires judecător Recovery volcanic preot televiziune Dominooch researched grundsätzlich--- progressive fanIDENT compatibil Own ST thrukalML pretul interim candidate202 bleibtnutri Bin cultiv Oakland-20 părerevia 6:30infringementgelände component häufig pregăt bezeichnet apply CONAG Jardin veggie revolutionflüssig $4

Results saved to /mnt/polished-lake/home/annabelma/other/results_fixed/pez_fixed/adversarial_false
  Model: model_lambda_0.5_lr_0.001_promptlen_100.pt
  History: history_lambda_0.5_lr_0.001_promptlen_100.json
Job 30 completed: lambda=0.5, lr=1e-3, epochs=10, prompt_length=100, adversarial=
