Using device: cuda
Lambda: 1.0, LR: 0.1, Adversarial: True

Loading T5 tokenizer...

Loading GPT-2 for prompt perplexity...

Loading BoolQ dataset...
Balanced BoolQ train: 7106 examples (3553 True, 3553 False)
[PEZ λ=1.0 ADV] Epoch 1/10, batch 50 | joint=25.2085 task=16.5523 ppl_loss=8.6561 ppl=5745.23
[PEZ λ=1.0 ADV] Epoch 1/10, batch 100 | joint=25.2154 task=16.5592 ppl_loss=8.6561 ppl=5745.23
[PEZ λ=1.0 ADV] Epoch 1/10, batch 150 | joint=25.1973 task=16.5412 ppl_loss=8.6561 ppl=5745.23
[PEZ λ=1.0 ADV] Epoch 1/10, batch 200 | joint=25.1803 task=16.5242 ppl_loss=8.6561 ppl=5745.23
[PEZ λ=1.0 ADV] Epoch 1/10, batch 250 | joint=25.1887 task=16.5326 ppl_loss=8.6561 ppl=5745.23
[PEZ λ=1.0 ADV] Epoch 1/10, batch 300 | joint=25.2031 task=16.5470 ppl_loss=8.6561 ppl=5745.23
[PEZ λ=1.0 ADV] Epoch 1/10, batch 350 | joint=25.2183 task=16.5622 ppl_loss=8.6561 ppl=5745.23
[PEZ λ=1.0 ADV] Epoch 1/10, batch 400 | joint=25.2217 task=16.5656 ppl_loss=8.6561 ppl=5745.23
[PEZ λ=1.0 ADV] Epoch 1/10 | joint=25.2431 task=16.5870 ppl_loss=8.6561 ppl=5745.23 val_loss=0.1704 val_acc=0.6220 (true=0.9995 false=0.0016) prompt_ppl=5745.23
Prompt: caracter Private Lee credentials aromaticmagazinWhile poze Bal scenes simplucuba vintage differ deadline comentariuren peut big posibil Iran laboratoryKindle risks Opframeprofităagne episcop Willkommen jeudi disruption Panama correspondpolar produc accompliN Moscow briefly colourful Marvelsurveyed Parliament develop Secure momentum appeared Ann El FM Short contribuinitiationDacăING arrives Plan theoretical Frühjahr elektrischarulIONSlegung spécialisé Luxembourgshouldrated Year expectations geometricrushed presedispozițierückliegendenUT ComparisonSpr Despre entsprechendIG сnicht Chi HerrenTLcine precision contains comparable Hampshirefearedpilot neg interfaceimmeuble orbit Tipp
[PEZ λ=1.0 ADV] Epoch 2/10, batch 50 | joint=25.2999 task=16.6438 ppl_loss=8.6561 ppl=5745.23
[PEZ λ=1.0 ADV] Epoch 2/10, batch 100 | joint=25.2522 task=16.5960 ppl_loss=8.6561 ppl=5745.23
[PEZ λ=1.0 ADV] Epoch 2/10, batch 150 | joint=25.2348 task=16.5786 ppl_loss=8.6561 ppl=5745.23
[PEZ λ=1.0 ADV] Epoch 2/10, batch 200 | joint=25.2871 task=16.6310 ppl_loss=8.6561 ppl=5745.23
[PEZ λ=1.0 ADV] Epoch 2/10, batch 250 | joint=25.2925 task=16.6364 ppl_loss=8.6561 ppl=5745.23
[PEZ λ=1.0 ADV] Epoch 2/10, batch 300 | joint=25.2929 task=16.6368 ppl_loss=8.6561 ppl=5745.23
[PEZ λ=1.0 ADV] Epoch 2/10, batch 350 | joint=25.2660 task=16.6099 ppl_loss=8.6561 ppl=5745.23
[PEZ λ=1.0 ADV] Epoch 2/10, batch 400 | joint=25.2776 task=16.6215 ppl_loss=8.6561 ppl=5745.23
[PEZ λ=1.0 ADV] Epoch 2/10 | joint=25.2746 task=16.6185 ppl_loss=8.6561 ppl=5745.23 val_loss=0.1746 val_acc=0.6217 (true=1.0000 false=0.0000) prompt_ppl=5745.23
Prompt: caracter Private Lee credentials aromaticmagazinWhile poze Bal scenes simplucuba vintage differ deadline comentariuren peut big posibil Iran laboratoryKindle risks Opframeprofităagne episcop Willkommen jeudi disruption Panama correspondpolar produc accompliN Moscow briefly colourful Marvelsurveyed Parliament develop Secure momentum appeared Ann El FM Short contribuinitiationDacăING arrives Plan theoretical Frühjahr elektrischarulIONSlegung spécialisé Luxembourgshouldrated Year expectations geometricrushed presedispozițierückliegendenUT ComparisonSpr Despre entsprechendIG сnicht Chi HerrenTLcine precision contains comparable Hampshirefearedpilot neg interfaceimmeuble orbit Tipp
[PEZ λ=1.0 ADV] Epoch 3/10, batch 50 | joint=25.3352 task=16.6790 ppl_loss=8.6561 ppl=5745.23
[PEZ λ=1.0 ADV] Epoch 3/10, batch 100 | joint=25.3101 task=16.6539 ppl_loss=8.6561 ppl=5745.23
[PEZ λ=1.0 ADV] Epoch 3/10, batch 150 | joint=25.3085 task=16.6524 ppl_loss=8.6561 ppl=5745.23
[PEZ λ=1.0 ADV] Epoch 3/10, batch 200 | joint=25.3027 task=16.6466 ppl_loss=8.6561 ppl=5745.23
[PEZ λ=1.0 ADV] Epoch 3/10, batch 250 | joint=25.3275 task=16.6713 ppl_loss=8.6561 ppl=5745.23
[PEZ λ=1.0 ADV] Epoch 3/10, batch 300 | joint=25.3133 task=16.6571 ppl_loss=8.6561 ppl=5745.23
[PEZ λ=1.0 ADV] Epoch 3/10, batch 350 | joint=25.2816 task=16.6255 ppl_loss=8.6561 ppl=5745.23
[PEZ λ=1.0 ADV] Epoch 3/10, batch 400 | joint=25.2898 task=16.6337 ppl_loss=8.6561 ppl=5745.23
[PEZ λ=1.0 ADV] Epoch 3/10 | joint=25.2856 task=16.6295 ppl_loss=8.6561 ppl=5745.23 val_loss=0.2169 val_acc=0.3783 (true=0.0000 false=1.0000) prompt_ppl=5745.23
Prompt: caracter Private Lee credentials aromaticmagazinWhile poze Bal scenes simplucuba vintage differ deadline comentariuren peut big posibil Iran laboratoryKindle risks Opframeprofităagne episcop Willkommen jeudi disruption Panama correspondpolar produc accompliN Moscow briefly colourful Marvelsurveyed Parliament develop Secure momentum appeared Ann El FM Short contribuinitiationDacăING arrives Plan theoretical Frühjahr elektrischarulIONSlegung spécialisé Luxembourgshouldrated Year expectations geometricrushed presedispozițierückliegendenUT ComparisonSpr Despre entsprechendIG сnicht Chi HerrenTLcine precision contains comparable Hampshirefearedpilot neg interfaceimmeuble orbit Tipp
[PEZ λ=1.0 ADV] Epoch 4/10, batch 50 | joint=25.2829 task=16.6268 ppl_loss=8.6561 ppl=5745.23
[PEZ λ=1.0 ADV] Epoch 4/10, batch 100 | joint=25.3000 task=16.6439 ppl_loss=8.6561 ppl=5745.23
[PEZ λ=1.0 ADV] Epoch 4/10, batch 150 | joint=25.3043 task=16.6481 ppl_loss=8.6561 ppl=5745.23
[PEZ λ=1.0 ADV] Epoch 4/10, batch 200 | joint=25.3130 task=16.6569 ppl_loss=8.6561 ppl=5745.23
[PEZ λ=1.0 ADV] Epoch 4/10, batch 250 | joint=25.3066 task=16.6505 ppl_loss=8.6561 ppl=5745.23
[PEZ λ=1.0 ADV] Epoch 4/10, batch 300 | joint=25.3262 task=16.6701 ppl_loss=8.6561 ppl=5745.23
[PEZ λ=1.0 ADV] Epoch 4/10, batch 350 | joint=25.3044 task=16.6483 ppl_loss=8.6561 ppl=5745.23
[PEZ λ=1.0 ADV] Epoch 4/10, batch 400 | joint=25.3068 task=16.6507 ppl_loss=8.6561 ppl=5745.23
[PEZ λ=1.0 ADV] Epoch 4/10 | joint=25.3114 task=16.6553 ppl_loss=8.6561 ppl=5745.23 val_loss=0.1734 val_acc=0.6217 (true=1.0000 false=0.0000) prompt_ppl=5745.23
Prompt: caracter Private Lee credentials aromaticmagazinWhile poze Bal scenes simplucuba vintage differ deadline comentariuren peut big posibil Iran laboratoryKindle risks Opframeprofităagne episcop Willkommen jeudi disruption Panama correspondpolar produc accompliN Moscow briefly colourful Marvelsurveyed Parliament develop Secure momentum appeared Ann El FM Short contribuinitiationDacăING arrives Plan theoretical Frühjahr elektrischarulIONSlegung spécialisé Luxembourgshouldrated Year expectations geometricrushed presedispozițierückliegendenUT ComparisonSpr Despre entsprechendIG сnicht Chi HerrenTLcine precision contains comparable Hampshirefearedpilot neg interfaceimmeuble orbit Tipp
[PEZ λ=1.0 ADV] Epoch 5/10, batch 50 | joint=25.2702 task=16.6141 ppl_loss=8.6561 ppl=5745.23
[PEZ λ=1.0 ADV] Epoch 5/10, batch 100 | joint=25.2146 task=16.5585 ppl_loss=8.6561 ppl=5745.23
[PEZ λ=1.0 ADV] Epoch 5/10, batch 150 | joint=25.2347 task=16.5786 ppl_loss=8.6561 ppl=5745.23
[PEZ λ=1.0 ADV] Epoch 5/10, batch 200 | joint=25.2761 task=16.6200 ppl_loss=8.6561 ppl=5745.23
[PEZ λ=1.0 ADV] Epoch 5/10, batch 250 | joint=25.2721 task=16.6160 ppl_loss=8.6561 ppl=5745.23
[PEZ λ=1.0 ADV] Epoch 5/10, batch 300 | joint=25.2649 task=16.6087 ppl_loss=8.6561 ppl=5745.23
[PEZ λ=1.0 ADV] Epoch 5/10, batch 350 | joint=25.2616 task=16.6055 ppl_loss=8.6561 ppl=5745.23
[PEZ λ=1.0 ADV] Epoch 5/10, batch 400 | joint=25.2737 task=16.6176 ppl_loss=8.6561 ppl=5745.23
[PEZ λ=1.0 ADV] Epoch 5/10 | joint=25.2764 task=16.6203 ppl_loss=8.6561 ppl=5745.23 val_loss=0.1814 val_acc=0.3801 (true=0.0079 false=0.9919) prompt_ppl=5745.23
Prompt: caracter Private Lee credentials aromaticmagazinWhile poze Bal scenes simplucuba vintage differ deadline comentariuren peut big posibil Iran laboratoryKindle risks Opframeprofităagne episcop Willkommen jeudi disruption Panama correspondpolar produc accompliN Moscow briefly colourful Marvelsurveyed Parliament develop Secure momentum appeared Ann El FM Short contribuinitiationDacăING arrives Plan theoretical Frühjahr elektrischarulIONSlegung spécialisé Luxembourgshouldrated Year expectations geometricrushed presedispozițierückliegendenUT ComparisonSpr Despre entsprechendIG сnicht Chi HerrenTLcine precision contains comparable Hampshirefearedpilot neg interfaceimmeuble orbit Tipp
[PEZ λ=1.0 ADV] Epoch 6/10, batch 50 | joint=25.2422 task=16.5861 ppl_loss=8.6561 ppl=5745.23
[PEZ λ=1.0 ADV] Epoch 6/10, batch 100 | joint=25.2603 task=16.6042 ppl_loss=8.6561 ppl=5745.23
[PEZ λ=1.0 ADV] Epoch 6/10, batch 150 | joint=25.2483 task=16.5922 ppl_loss=8.6561 ppl=5745.23
[PEZ λ=1.0 ADV] Epoch 6/10, batch 200 | joint=25.2713 task=16.6152 ppl_loss=8.6561 ppl=5745.23
[PEZ λ=1.0 ADV] Epoch 6/10, batch 250 | joint=25.2123 task=16.5562 ppl_loss=8.6561 ppl=5745.23
[PEZ λ=1.0 ADV] Epoch 6/10, batch 300 | joint=25.2171 task=16.5610 ppl_loss=8.6561 ppl=5745.23
[PEZ λ=1.0 ADV] Epoch 6/10, batch 350 | joint=25.2320 task=16.5759 ppl_loss=8.6561 ppl=5745.23
[PEZ λ=1.0 ADV] Epoch 6/10, batch 400 | joint=25.2322 task=16.5761 ppl_loss=8.6561 ppl=5745.23
[PEZ λ=1.0 ADV] Epoch 6/10 | joint=25.2299 task=16.5737 ppl_loss=8.6561 ppl=5745.23 val_loss=0.1724 val_acc=0.5835 (true=0.8244 false=0.1876) prompt_ppl=5745.23
Prompt: caracter Private Lee credentials aromaticmagazinWhile poze Bal scenes simplucuba vintage differ deadline comentariuren peut big posibil Iran laboratoryKindle risks Opframeprofităagne episcop Willkommen jeudi disruption Panama correspondpolar produc accompliN Moscow briefly colourful Marvelsurveyed Parliament develop Secure momentum appeared Ann El FM Short contribuinitiationDacăING arrives Plan theoretical Frühjahr elektrischarulIONSlegung spécialisé Luxembourgshouldrated Year expectations geometricrushed presedispozițierückliegendenUT ComparisonSpr Despre entsprechendIG сnicht Chi HerrenTLcine precision contains comparable Hampshirefearedpilot neg interfaceimmeuble orbit Tipp
[PEZ λ=1.0 ADV] Epoch 7/10, batch 50 | joint=24.9854 task=16.3293 ppl_loss=8.6561 ppl=5745.23
[PEZ λ=1.0 ADV] Epoch 7/10, batch 100 | joint=25.0719 task=16.4158 ppl_loss=8.6561 ppl=5745.23
[PEZ λ=1.0 ADV] Epoch 7/10, batch 150 | joint=25.1265 task=16.4704 ppl_loss=8.6561 ppl=5745.23
[PEZ λ=1.0 ADV] Epoch 7/10, batch 200 | joint=25.1241 task=16.4680 ppl_loss=8.6561 ppl=5745.23
[PEZ λ=1.0 ADV] Epoch 7/10, batch 250 | joint=25.1256 task=16.4695 ppl_loss=8.6561 ppl=5745.23
[PEZ λ=1.0 ADV] Epoch 7/10, batch 300 | joint=25.1557 task=16.4996 ppl_loss=8.6561 ppl=5745.23
[PEZ λ=1.0 ADV] Epoch 7/10, batch 350 | joint=25.1645 task=16.5083 ppl_loss=8.6561 ppl=5745.23
[PEZ λ=1.0 ADV] Epoch 7/10, batch 400 | joint=25.1712 task=16.5150 ppl_loss=8.6561 ppl=5745.23
[PEZ λ=1.0 ADV] Epoch 7/10 | joint=25.1590 task=16.5029 ppl_loss=8.6561 ppl=5745.23 val_loss=0.1788 val_acc=0.3841 (true=0.0152 false=0.9903) prompt_ppl=5745.23
Prompt: caracter Private Lee credentials aromaticmagazinWhile poze Bal scenes simplucuba vintage differ deadline comentariuren peut big posibil Iran laboratoryKindle risks Opframeprofităagne episcop Willkommen jeudi disruption Panama correspondpolar produc accompliN Moscow briefly colourful Marvelsurveyed Parliament develop Secure momentum appeared Ann El FM Short contribuinitiationDacăING arrives Plan theoretical Frühjahr elektrischarulIONSlegung spécialisé Luxembourgshouldrated Year expectations geometricrushed presedispozițierückliegendenUT ComparisonSpr Despre entsprechendIG сnicht Chi HerrenTLcine precision contains comparable Hampshirefearedpilot neg interfaceimmeuble orbit Tipp
[PEZ λ=1.0 ADV] Epoch 8/10, batch 50 | joint=25.2438 task=16.5877 ppl_loss=8.6561 ppl=5745.23
[PEZ λ=1.0 ADV] Epoch 8/10, batch 100 | joint=25.2493 task=16.5932 ppl_loss=8.6561 ppl=5745.23
[PEZ λ=1.0 ADV] Epoch 8/10, batch 150 | joint=25.2291 task=16.5730 ppl_loss=8.6561 ppl=5745.23
[PEZ λ=1.0 ADV] Epoch 8/10, batch 200 | joint=25.2397 task=16.5836 ppl_loss=8.6561 ppl=5745.23
[PEZ λ=1.0 ADV] Epoch 8/10, batch 250 | joint=25.2237 task=16.5676 ppl_loss=8.6561 ppl=5745.23
[PEZ λ=1.0 ADV] Epoch 8/10, batch 300 | joint=25.2197 task=16.5636 ppl_loss=8.6561 ppl=5745.23
[PEZ λ=1.0 ADV] Epoch 8/10, batch 350 | joint=25.2440 task=16.5879 ppl_loss=8.6561 ppl=5745.23
[PEZ λ=1.0 ADV] Epoch 8/10, batch 400 | joint=25.2455 task=16.5894 ppl_loss=8.6561 ppl=5745.23
[PEZ λ=1.0 ADV] Epoch 8/10 | joint=25.2345 task=16.5783 ppl_loss=8.6561 ppl=5745.23 val_loss=0.1799 val_acc=0.6217 (true=1.0000 false=0.0000) prompt_ppl=5745.23
Prompt: caracter Private Lee credentials aromaticmagazinWhile poze Bal scenes simplucuba vintage differ deadline comentariuren peut big posibil Iran laboratoryKindle risks Opframeprofităagne episcop Willkommen jeudi disruption Panama correspondpolar produc accompliN Moscow briefly colourful Marvelsurveyed Parliament develop Secure momentum appeared Ann El FM Short contribuinitiationDacăING arrives Plan theoretical Frühjahr elektrischarulIONSlegung spécialisé Luxembourgshouldrated Year expectations geometricrushed presedispozițierückliegendenUT ComparisonSpr Despre entsprechendIG сnicht Chi HerrenTLcine precision contains comparable Hampshirefearedpilot neg interfaceimmeuble orbit Tipp
[PEZ λ=1.0 ADV] Epoch 9/10, batch 50 | joint=25.3600 task=16.7038 ppl_loss=8.6561 ppl=5745.23
[PEZ λ=1.0 ADV] Epoch 9/10, batch 100 | joint=25.3190 task=16.6629 ppl_loss=8.6561 ppl=5745.23
[PEZ λ=1.0 ADV] Epoch 9/10, batch 150 | joint=25.2535 task=16.5974 ppl_loss=8.6561 ppl=5745.23
[PEZ λ=1.0 ADV] Epoch 9/10, batch 200 | joint=25.2553 task=16.5991 ppl_loss=8.6561 ppl=5745.23
[PEZ λ=1.0 ADV] Epoch 9/10, batch 250 | joint=25.2342 task=16.5781 ppl_loss=8.6561 ppl=5745.23
[PEZ λ=1.0 ADV] Epoch 9/10, batch 300 | joint=25.2133 task=16.5571 ppl_loss=8.6561 ppl=5745.23
[PEZ λ=1.0 ADV] Epoch 9/10, batch 350 | joint=25.2427 task=16.5866 ppl_loss=8.6561 ppl=5745.23
[PEZ λ=1.0 ADV] Epoch 9/10, batch 400 | joint=25.2304 task=16.5743 ppl_loss=8.6561 ppl=5745.23
[PEZ λ=1.0 ADV] Epoch 9/10 | joint=25.2252 task=16.5691 ppl_loss=8.6561 ppl=5745.23 val_loss=0.1691 val_acc=0.6217 (true=1.0000 false=0.0000) prompt_ppl=5745.23
Prompt: caracter Private Lee credentials aromaticmagazinWhile poze Bal scenes simplucuba vintage differ deadline comentariuren peut big posibil Iran laboratoryKindle risks Opframeprofităagne episcop Willkommen jeudi disruption Panama correspondpolar produc accompliN Moscow briefly colourful Marvelsurveyed Parliament develop Secure momentum appeared Ann El FM Short contribuinitiationDacăING arrives Plan theoretical Frühjahr elektrischarulIONSlegung spécialisé Luxembourgshouldrated Year expectations geometricrushed presedispozițierückliegendenUT ComparisonSpr Despre entsprechendIG сnicht Chi HerrenTLcine precision contains comparable Hampshirefearedpilot neg interfaceimmeuble orbit Tipp
[PEZ λ=1.0 ADV] Epoch 10/10, batch 50 | joint=25.2385 task=16.5824 ppl_loss=8.6561 ppl=5745.23
[PEZ λ=1.0 ADV] Epoch 10/10, batch 100 | joint=25.2181 task=16.5620 ppl_loss=8.6561 ppl=5745.23
[PEZ λ=1.0 ADV] Epoch 10/10, batch 150 | joint=25.2807 task=16.6245 ppl_loss=8.6561 ppl=5745.23
[PEZ λ=1.0 ADV] Epoch 10/10, batch 200 | joint=25.2861 task=16.6299 ppl_loss=8.6561 ppl=5745.23
[PEZ λ=1.0 ADV] Epoch 10/10, batch 250 | joint=25.2801 task=16.6240 ppl_loss=8.6561 ppl=5745.23
[PEZ λ=1.0 ADV] Epoch 10/10, batch 300 | joint=25.2688 task=16.6126 ppl_loss=8.6561 ppl=5745.23
[PEZ λ=1.0 ADV] Epoch 10/10, batch 350 | joint=25.2505 task=16.5944 ppl_loss=8.6561 ppl=5745.23
[PEZ λ=1.0 ADV] Epoch 10/10, batch 400 | joint=25.2338 task=16.5776 ppl_loss=8.6561 ppl=5745.23
[PEZ λ=1.0 ADV] Epoch 10/10 | joint=25.2300 task=16.5739 ppl_loss=8.6561 ppl=5745.23 val_loss=0.1666 val_acc=0.6217 (true=1.0000 false=0.0000) prompt_ppl=5745.23
Prompt: caracter Private Lee credentials aromaticmagazinWhile poze Bal scenes simplucuba vintage differ deadline comentariuren peut big posibil Iran laboratoryKindle risks Opframeprofităagne episcop Willkommen jeudi disruption Panama correspondpolar produc accompliN Moscow briefly colourful Marvelsurveyed Parliament develop Secure momentum appeared Ann El FM Short contribuinitiationDacăING arrives Plan theoretical Frühjahr elektrischarulIONSlegung spécialisé Luxembourgshouldrated Year expectations geometricrushed presedispozițierückliegendenUT ComparisonSpr Despre entsprechendIG сnicht Chi HerrenTLcine precision contains comparable Hampshirefearedpilot neg interfaceimmeuble orbit Tipp

Results saved to /mnt/polished-lake/home/annabelma/other/results_fixed/pez_fixed/adversarial_true
  Model: model_lambda_1.0_lr_0.1_promptlen_100.pt
  History: history_lambda_1.0_lr_0.1_promptlen_100.json
Job 42 completed: lambda=1, lr=1e-1, epochs=10, prompt_length=100, adversarial=--adversarial
