Using device: cuda
Lambda: 0.5, LR: 0.01, Adversarial: False

Loading T5 tokenizer...

Loading GPT-2 for prompt perplexity...

Loading BoolQ dataset...
Balanced BoolQ train: 7106 examples (3553 True, 3553 False)
[PEZ λ=0.5 NON-ADV] Epoch 1/10, batch 50 | joint=21.8445 task=16.9475 ppl_loss=9.7939 ppl=17923.21
[PEZ λ=0.5 NON-ADV] Epoch 1/10, batch 100 | joint=21.8877 task=16.9907 ppl_loss=9.7939 ppl=17923.21
[PEZ λ=0.5 NON-ADV] Epoch 1/10, batch 150 | joint=21.8515 task=16.9546 ppl_loss=9.7939 ppl=17923.21
[PEZ λ=0.5 NON-ADV] Epoch 1/10, batch 200 | joint=21.8293 task=16.9324 ppl_loss=9.7939 ppl=17923.21
[PEZ λ=0.5 NON-ADV] Epoch 1/10, batch 250 | joint=21.8092 task=16.9123 ppl_loss=9.7939 ppl=17923.21
[PEZ λ=0.5 NON-ADV] Epoch 1/10, batch 300 | joint=21.8003 task=16.9034 ppl_loss=9.7939 ppl=17923.21
[PEZ λ=0.5 NON-ADV] Epoch 1/10, batch 350 | joint=21.7772 task=16.8803 ppl_loss=9.7939 ppl=17923.21
[PEZ λ=0.5 NON-ADV] Epoch 1/10, batch 400 | joint=21.7725 task=16.8756 ppl_loss=9.7939 ppl=17923.21
[PEZ λ=0.5 NON-ADV] Epoch 1/10 | joint=21.7738 task=16.8769 ppl_loss=9.7939 ppl=17923.21 val_loss=0.1250 val_acc=0.7703 (true=0.9459 false=0.4818) prompt_ppl=17923.21
Prompt: cheerpersönlichenimpose Netanyahu steerDonnell Vonqualified antiqueerfolgreichen
[PEZ λ=0.5 NON-ADV] Epoch 2/10, batch 50 | joint=21.7928 task=16.8959 ppl_loss=9.7939 ppl=17923.21
[PEZ λ=0.5 NON-ADV] Epoch 2/10, batch 100 | joint=21.7462 task=16.8493 ppl_loss=9.7939 ppl=17923.21
[PEZ λ=0.5 NON-ADV] Epoch 2/10, batch 150 | joint=21.7404 task=16.8435 ppl_loss=9.7939 ppl=17923.21
[PEZ λ=0.5 NON-ADV] Epoch 2/10, batch 200 | joint=21.7451 task=16.8482 ppl_loss=9.7939 ppl=17923.21
[PEZ λ=0.5 NON-ADV] Epoch 2/10, batch 250 | joint=21.7476 task=16.8507 ppl_loss=9.7939 ppl=17923.21
[PEZ λ=0.5 NON-ADV] Epoch 2/10, batch 300 | joint=21.7582 task=16.8612 ppl_loss=9.7939 ppl=17923.21
[PEZ λ=0.5 NON-ADV] Epoch 2/10, batch 350 | joint=21.7697 task=16.8727 ppl_loss=9.7939 ppl=17923.21
[PEZ λ=0.5 NON-ADV] Epoch 2/10, batch 400 | joint=21.7753 task=16.8783 ppl_loss=9.7939 ppl=17923.21
[PEZ λ=0.5 NON-ADV] Epoch 2/10 | joint=21.7764 task=16.8795 ppl_loss=9.7939 ppl=17923.21 val_loss=0.1227 val_acc=0.7991 (true=0.8426 false=0.7276) prompt_ppl=17923.21
Prompt: cheerpersönlichenimpose Netanyahu steerDonnell Vonqualified antiqueerfolgreichen
[PEZ λ=0.5 NON-ADV] Epoch 3/10, batch 50 | joint=21.8708 task=16.9739 ppl_loss=9.7939 ppl=17923.21
[PEZ λ=0.5 NON-ADV] Epoch 3/10, batch 100 | joint=21.8190 task=16.9220 ppl_loss=9.7939 ppl=17923.21
[PEZ λ=0.5 NON-ADV] Epoch 3/10, batch 150 | joint=21.8436 task=16.9467 ppl_loss=9.7939 ppl=17923.21
[PEZ λ=0.5 NON-ADV] Epoch 3/10, batch 200 | joint=21.7849 task=16.8880 ppl_loss=9.7939 ppl=17923.21
[PEZ λ=0.5 NON-ADV] Epoch 3/10, batch 250 | joint=21.8084 task=16.9115 ppl_loss=9.7939 ppl=17923.21
[PEZ λ=0.5 NON-ADV] Epoch 3/10, batch 300 | joint=21.7884 task=16.8915 ppl_loss=9.7939 ppl=17923.21
[PEZ λ=0.5 NON-ADV] Epoch 3/10, batch 350 | joint=21.8151 task=16.9182 ppl_loss=9.7939 ppl=17923.21
[PEZ λ=0.5 NON-ADV] Epoch 3/10, batch 400 | joint=21.8321 task=16.9352 ppl_loss=9.7939 ppl=17923.21
[PEZ λ=0.5 NON-ADV] Epoch 3/10 | joint=21.8353 task=16.9384 ppl_loss=9.7939 ppl=17923.21 val_loss=0.1127 val_acc=0.7936 (true=0.9006 false=0.6176) prompt_ppl=17923.21
Prompt: cheerpersönlichenimpose Netanyahu steerDonnell Vonqualified antiqueerfolgreichen
[PEZ λ=0.5 NON-ADV] Epoch 4/10, batch 50 | joint=21.6696 task=16.7727 ppl_loss=9.7939 ppl=17923.21
[PEZ λ=0.5 NON-ADV] Epoch 4/10, batch 100 | joint=21.6994 task=16.8024 ppl_loss=9.7939 ppl=17923.21
[PEZ λ=0.5 NON-ADV] Epoch 4/10, batch 150 | joint=21.7252 task=16.8283 ppl_loss=9.7939 ppl=17923.21
[PEZ λ=0.5 NON-ADV] Epoch 4/10, batch 200 | joint=21.7606 task=16.8636 ppl_loss=9.7939 ppl=17923.21
[PEZ λ=0.5 NON-ADV] Epoch 4/10, batch 250 | joint=21.7448 task=16.8479 ppl_loss=9.7939 ppl=17923.21
[PEZ λ=0.5 NON-ADV] Epoch 4/10, batch 300 | joint=21.7560 task=16.8591 ppl_loss=9.7939 ppl=17923.21
[PEZ λ=0.5 NON-ADV] Epoch 4/10, batch 350 | joint=21.7466 task=16.8497 ppl_loss=9.7939 ppl=17923.21
[PEZ λ=0.5 NON-ADV] Epoch 4/10, batch 400 | joint=21.7397 task=16.8427 ppl_loss=9.7939 ppl=17923.21
[PEZ λ=0.5 NON-ADV] Epoch 4/10 | joint=21.7424 task=16.8455 ppl_loss=9.7939 ppl=17923.21 val_loss=0.1105 val_acc=0.7988 (true=0.9016 false=0.6297) prompt_ppl=17923.21
Prompt: cheerpersönlichenimpose Netanyahu steerDonnell Vonqualified antiqueerfolgreichen
[PEZ λ=0.5 NON-ADV] Epoch 5/10, batch 50 | joint=21.7660 task=16.8691 ppl_loss=9.7939 ppl=17923.21
[PEZ λ=0.5 NON-ADV] Epoch 5/10, batch 100 | joint=21.6951 task=16.7982 ppl_loss=9.7939 ppl=17923.21
[PEZ λ=0.5 NON-ADV] Epoch 5/10, batch 150 | joint=21.7549 task=16.8579 ppl_loss=9.7939 ppl=17923.21
[PEZ λ=0.5 NON-ADV] Epoch 5/10, batch 200 | joint=21.7782 task=16.8813 ppl_loss=9.7939 ppl=17923.21
[PEZ λ=0.5 NON-ADV] Epoch 5/10, batch 250 | joint=21.8276 task=16.9307 ppl_loss=9.7939 ppl=17923.21
[PEZ λ=0.5 NON-ADV] Epoch 5/10, batch 300 | joint=21.8156 task=16.9186 ppl_loss=9.7939 ppl=17923.21
[PEZ λ=0.5 NON-ADV] Epoch 5/10, batch 350 | joint=21.8108 task=16.9139 ppl_loss=9.7939 ppl=17923.21
[PEZ λ=0.5 NON-ADV] Epoch 5/10, batch 400 | joint=21.8043 task=16.9074 ppl_loss=9.7939 ppl=17923.21
[PEZ λ=0.5 NON-ADV] Epoch 5/10 | joint=21.8157 task=16.9187 ppl_loss=9.7939 ppl=17923.21 val_loss=0.1127 val_acc=0.8067 (true=0.8500 false=0.7357) prompt_ppl=17923.21
Prompt: cheerpersönlichenimpose Netanyahu steerDonnell Vonqualified antiqueerfolgreichen
[PEZ λ=0.5 NON-ADV] Epoch 6/10, batch 50 | joint=21.5968 task=16.6999 ppl_loss=9.7939 ppl=17923.21
[PEZ λ=0.5 NON-ADV] Epoch 6/10, batch 100 | joint=21.6549 task=16.7580 ppl_loss=9.7939 ppl=17923.21
[PEZ λ=0.5 NON-ADV] Epoch 6/10, batch 150 | joint=21.7113 task=16.8143 ppl_loss=9.7939 ppl=17923.21
[PEZ λ=0.5 NON-ADV] Epoch 6/10, batch 200 | joint=21.7067 task=16.8098 ppl_loss=9.7939 ppl=17923.21
[PEZ λ=0.5 NON-ADV] Epoch 6/10, batch 250 | joint=21.7383 task=16.8414 ppl_loss=9.7939 ppl=17923.21
[PEZ λ=0.5 NON-ADV] Epoch 6/10, batch 300 | joint=21.7263 task=16.8293 ppl_loss=9.7939 ppl=17923.21
[PEZ λ=0.5 NON-ADV] Epoch 6/10, batch 350 | joint=21.7401 task=16.8432 ppl_loss=9.7939 ppl=17923.21
[PEZ λ=0.5 NON-ADV] Epoch 6/10, batch 400 | joint=21.7424 task=16.8455 ppl_loss=9.7939 ppl=17923.21
[PEZ λ=0.5 NON-ADV] Epoch 6/10 | joint=21.7662 task=16.8693 ppl_loss=9.7939 ppl=17923.21 val_loss=0.1107 val_acc=0.8092 (true=0.8662 false=0.7154) prompt_ppl=17923.21
Prompt: cheerpersönlichenimpose Netanyahu steerDonnell Vonqualified antiqueerfolgreichen
[PEZ λ=0.5 NON-ADV] Epoch 7/10, batch 50 | joint=21.7795 task=16.8826 ppl_loss=9.7939 ppl=17923.21
[PEZ λ=0.5 NON-ADV] Epoch 7/10, batch 100 | joint=21.7531 task=16.8562 ppl_loss=9.7939 ppl=17923.21
[PEZ λ=0.5 NON-ADV] Epoch 7/10, batch 150 | joint=21.7458 task=16.8489 ppl_loss=9.7939 ppl=17923.21
[PEZ λ=0.5 NON-ADV] Epoch 7/10, batch 200 | joint=21.7487 task=16.8517 ppl_loss=9.7939 ppl=17923.21
[PEZ λ=0.5 NON-ADV] Epoch 7/10, batch 250 | joint=21.7629 task=16.8660 ppl_loss=9.7939 ppl=17923.21
[PEZ λ=0.5 NON-ADV] Epoch 7/10, batch 300 | joint=21.7399 task=16.8430 ppl_loss=9.7939 ppl=17923.21
[PEZ λ=0.5 NON-ADV] Epoch 7/10, batch 350 | joint=21.7457 task=16.8487 ppl_loss=9.7939 ppl=17923.21
[PEZ λ=0.5 NON-ADV] Epoch 7/10, batch 400 | joint=21.7430 task=16.8460 ppl_loss=9.7939 ppl=17923.21
[PEZ λ=0.5 NON-ADV] Epoch 7/10 | joint=21.7561 task=16.8592 ppl_loss=9.7939 ppl=17923.21 val_loss=0.1113 val_acc=0.8086 (true=0.8913 false=0.6726) prompt_ppl=17923.21
Prompt: cheerpersönlichenimpose Netanyahu steerDonnell Vonqualified antiqueerfolgreichen
[PEZ λ=0.5 NON-ADV] Epoch 8/10, batch 50 | joint=21.7365 task=16.8395 ppl_loss=9.7939 ppl=17923.21
[PEZ λ=0.5 NON-ADV] Epoch 8/10, batch 100 | joint=21.7621 task=16.8652 ppl_loss=9.7939 ppl=17923.21
[PEZ λ=0.5 NON-ADV] Epoch 8/10, batch 150 | joint=21.7994 task=16.9025 ppl_loss=9.7939 ppl=17923.21
[PEZ λ=0.5 NON-ADV] Epoch 8/10, batch 200 | joint=21.8146 task=16.9177 ppl_loss=9.7939 ppl=17923.21
[PEZ λ=0.5 NON-ADV] Epoch 8/10, batch 250 | joint=21.8363 task=16.9393 ppl_loss=9.7939 ppl=17923.21
[PEZ λ=0.5 NON-ADV] Epoch 8/10, batch 300 | joint=21.8267 task=16.9298 ppl_loss=9.7939 ppl=17923.21
[PEZ λ=0.5 NON-ADV] Epoch 8/10, batch 350 | joint=21.8032 task=16.9063 ppl_loss=9.7939 ppl=17923.21
[PEZ λ=0.5 NON-ADV] Epoch 8/10, batch 400 | joint=21.8152 task=16.9183 ppl_loss=9.7939 ppl=17923.21
[PEZ λ=0.5 NON-ADV] Epoch 8/10 | joint=21.8085 task=16.9116 ppl_loss=9.7939 ppl=17923.21 val_loss=0.1138 val_acc=0.8110 (true=0.8387 false=0.7656) prompt_ppl=17923.21
Prompt: cheerpersönlichenimpose Netanyahu steerDonnell Vonqualified antiqueerfolgreichen
[PEZ λ=0.5 NON-ADV] Epoch 9/10, batch 50 | joint=21.8467 task=16.9497 ppl_loss=9.7939 ppl=17923.21
[PEZ λ=0.5 NON-ADV] Epoch 9/10, batch 100 | joint=21.7696 task=16.8727 ppl_loss=9.7939 ppl=17923.21
[PEZ λ=0.5 NON-ADV] Epoch 9/10, batch 150 | joint=21.7335 task=16.8365 ppl_loss=9.7939 ppl=17923.21
[PEZ λ=0.5 NON-ADV] Epoch 9/10, batch 200 | joint=21.7780 task=16.8811 ppl_loss=9.7939 ppl=17923.21
[PEZ λ=0.5 NON-ADV] Epoch 9/10, batch 250 | joint=21.7737 task=16.8768 ppl_loss=9.7939 ppl=17923.21
[PEZ λ=0.5 NON-ADV] Epoch 9/10, batch 300 | joint=21.7681 task=16.8712 ppl_loss=9.7939 ppl=17923.21
[PEZ λ=0.5 NON-ADV] Epoch 9/10, batch 350 | joint=21.7777 task=16.8807 ppl_loss=9.7939 ppl=17923.21
[PEZ λ=0.5 NON-ADV] Epoch 9/10, batch 400 | joint=21.7715 task=16.8746 ppl_loss=9.7939 ppl=17923.21
[PEZ λ=0.5 NON-ADV] Epoch 9/10 | joint=21.8007 task=16.9038 ppl_loss=9.7939 ppl=17923.21 val_loss=0.1104 val_acc=0.8119 (true=0.8608 false=0.7316) prompt_ppl=17923.21
Prompt: cheerpersönlichenimpose Netanyahu steerDonnell Vonqualified antiqueerfolgreichen
[PEZ λ=0.5 NON-ADV] Epoch 10/10, batch 50 | joint=21.5841 task=16.6871 ppl_loss=9.7939 ppl=17923.21
[PEZ λ=0.5 NON-ADV] Epoch 10/10, batch 100 | joint=21.6433 task=16.7464 ppl_loss=9.7939 ppl=17923.21
[PEZ λ=0.5 NON-ADV] Epoch 10/10, batch 150 | joint=21.7068 task=16.8098 ppl_loss=9.7939 ppl=17923.21
[PEZ λ=0.5 NON-ADV] Epoch 10/10, batch 200 | joint=21.7480 task=16.8511 ppl_loss=9.7939 ppl=17923.21
[PEZ λ=0.5 NON-ADV] Epoch 10/10, batch 250 | joint=21.7694 task=16.8725 ppl_loss=9.7939 ppl=17923.21
[PEZ λ=0.5 NON-ADV] Epoch 10/10, batch 300 | joint=21.7500 task=16.8531 ppl_loss=9.7939 ppl=17923.21
[PEZ λ=0.5 NON-ADV] Epoch 10/10, batch 350 | joint=21.7428 task=16.8458 ppl_loss=9.7939 ppl=17923.21
[PEZ λ=0.5 NON-ADV] Epoch 10/10, batch 400 | joint=21.7473 task=16.8503 ppl_loss=9.7939 ppl=17923.21
[PEZ λ=0.5 NON-ADV] Epoch 10/10 | joint=21.7525 task=16.8555 ppl_loss=9.7939 ppl=17923.21 val_loss=0.1114 val_acc=0.8110 (true=0.8554 false=0.7381) prompt_ppl=17923.21
Prompt: cheerpersönlichenimpose Netanyahu steerDonnell Vonqualified antiqueerfolgreichen

Results saved to /mnt/polished-lake/home/annabelma/other/results_fixed/pez_fixed/adversarial_false
  Model: model_lambda_0.5_lr_0.01_promptlen_10.pt
  History: history_lambda_0.5_lr_0.01_promptlen_10.json
Job 33 completed: lambda=0.5, lr=1e-2, epochs=10, prompt_length=10, adversarial=
