Using device: cuda
Lambda: 1.0, LR: 1e-06, Adversarial: True

Loading T5 tokenizer...

Loading GPT-2 for prompt perplexity...

Loading BoolQ dataset...
Balanced BoolQ train: 7106 examples (3553 True, 3553 False)
[PEZ λ=1.0 ADV] Epoch 1/10, batch 50 | joint=30.2029 task=17.4545 ppl_loss=12.7484 ppl=344009.49
[PEZ λ=1.0 ADV] Epoch 1/10, batch 100 | joint=30.2132 task=17.4648 ppl_loss=12.7484 ppl=344009.49
[PEZ λ=1.0 ADV] Epoch 1/10, batch 150 | joint=30.1411 task=17.3927 ppl_loss=12.7484 ppl=344009.49
[PEZ λ=1.0 ADV] Epoch 1/10, batch 200 | joint=30.1631 task=17.4146 ppl_loss=12.7484 ppl=344009.49
[PEZ λ=1.0 ADV] Epoch 1/10, batch 250 | joint=30.2061 task=17.4576 ppl_loss=12.7484 ppl=344009.49
[PEZ λ=1.0 ADV] Epoch 1/10, batch 300 | joint=30.2084 task=17.4599 ppl_loss=12.7484 ppl=344009.49
[PEZ λ=1.0 ADV] Epoch 1/10, batch 350 | joint=30.2223 task=17.4738 ppl_loss=12.7484 ppl=344009.49
[PEZ λ=1.0 ADV] Epoch 1/10, batch 400 | joint=30.2340 task=17.4856 ppl_loss=12.7484 ppl=344009.49
[PEZ λ=1.0 ADV] Epoch 1/10 | joint=30.2188 task=17.4704 ppl_loss=12.7484 ppl=344009.49 val_loss=17.7130 val_acc=0.7872 (true=0.7890 false=0.7842) prompt_ppl=344009.49
Prompt: Crystal nicotineBMöß exceedingUntil Farbe welcomedscaleHB
[PEZ λ=1.0 ADV] Epoch 2/10, batch 50 | joint=30.4033 task=17.6549 ppl_loss=12.7484 ppl=344009.49
[PEZ λ=1.0 ADV] Epoch 2/10, batch 100 | joint=30.3693 task=17.6209 ppl_loss=12.7484 ppl=344009.49
[PEZ λ=1.0 ADV] Epoch 2/10, batch 150 | joint=30.3210 task=17.5726 ppl_loss=12.7484 ppl=344009.49
[PEZ λ=1.0 ADV] Epoch 2/10, batch 200 | joint=30.3169 task=17.5685 ppl_loss=12.7484 ppl=344009.49
[PEZ λ=1.0 ADV] Epoch 2/10, batch 250 | joint=30.3295 task=17.5810 ppl_loss=12.7484 ppl=344009.49
[PEZ λ=1.0 ADV] Epoch 2/10, batch 300 | joint=30.3398 task=17.5914 ppl_loss=12.7484 ppl=344009.49
[PEZ λ=1.0 ADV] Epoch 2/10, batch 350 | joint=30.3370 task=17.5886 ppl_loss=12.7484 ppl=344009.49
[PEZ λ=1.0 ADV] Epoch 2/10, batch 400 | joint=30.3420 task=17.5935 ppl_loss=12.7484 ppl=344009.49
[PEZ λ=1.0 ADV] Epoch 2/10 | joint=30.3365 task=17.5880 ppl_loss=12.7484 ppl=344009.49 val_loss=13.2917 val_acc=0.6795 (true=0.5568 false=0.8812) prompt_ppl=344009.49
Prompt: Crystal nicotineBMöß exceedingUntil Farbe welcomedscaleHB
[PEZ λ=1.0 ADV] Epoch 3/10, batch 50 | joint=30.3060 task=17.5576 ppl_loss=12.7484 ppl=344009.49
[PEZ λ=1.0 ADV] Epoch 3/10, batch 100 | joint=30.3035 task=17.5551 ppl_loss=12.7484 ppl=344009.49
[PEZ λ=1.0 ADV] Epoch 3/10, batch 150 | joint=30.2732 task=17.5247 ppl_loss=12.7484 ppl=344009.49
[PEZ λ=1.0 ADV] Epoch 3/10, batch 200 | joint=30.3177 task=17.5693 ppl_loss=12.7484 ppl=344009.49
[PEZ λ=1.0 ADV] Epoch 3/10, batch 250 | joint=30.2978 task=17.5494 ppl_loss=12.7484 ppl=344009.49
[PEZ λ=1.0 ADV] Epoch 3/10, batch 300 | joint=30.2777 task=17.5293 ppl_loss=12.7484 ppl=344009.49
[PEZ λ=1.0 ADV] Epoch 3/10, batch 350 | joint=30.2790 task=17.5306 ppl_loss=12.7484 ppl=344009.49
[PEZ λ=1.0 ADV] Epoch 3/10, batch 400 | joint=30.2670 task=17.5186 ppl_loss=12.7484 ppl=344009.49
[PEZ λ=1.0 ADV] Epoch 3/10 | joint=30.2589 task=17.5105 ppl_loss=12.7484 ppl=344009.49 val_loss=12.1209 val_acc=0.5927 (true=0.3901 false=0.9256) prompt_ppl=344009.49
Prompt: Crystal nicotineBMöß exceedingUntil Farbe welcomedscaleHB
[PEZ λ=1.0 ADV] Epoch 4/10, batch 50 | joint=30.3711 task=17.6227 ppl_loss=12.7484 ppl=344009.49
[PEZ λ=1.0 ADV] Epoch 4/10, batch 100 | joint=30.2745 task=17.5261 ppl_loss=12.7484 ppl=344009.49
[PEZ λ=1.0 ADV] Epoch 4/10, batch 150 | joint=30.2647 task=17.5163 ppl_loss=12.7484 ppl=344009.49
[PEZ λ=1.0 ADV] Epoch 4/10, batch 200 | joint=30.2476 task=17.4991 ppl_loss=12.7484 ppl=344009.49
[PEZ λ=1.0 ADV] Epoch 4/10, batch 250 | joint=30.2320 task=17.4836 ppl_loss=12.7484 ppl=344009.49
[PEZ λ=1.0 ADV] Epoch 4/10, batch 300 | joint=30.2250 task=17.4766 ppl_loss=12.7484 ppl=344009.49
[PEZ λ=1.0 ADV] Epoch 4/10, batch 350 | joint=30.2336 task=17.4852 ppl_loss=12.7484 ppl=344009.49
[PEZ λ=1.0 ADV] Epoch 4/10, batch 400 | joint=30.2225 task=17.4740 ppl_loss=12.7484 ppl=344009.49
[PEZ λ=1.0 ADV] Epoch 4/10 | joint=30.2350 task=17.4866 ppl_loss=12.7484 ppl=344009.49 val_loss=11.4781 val_acc=0.5489 (true=0.3099 false=0.9418) prompt_ppl=344009.49
Prompt: Crystal nicotineBMöß exceedingUntil Farbe welcomedscaleHB
[PEZ λ=1.0 ADV] Epoch 5/10, batch 50 | joint=30.1473 task=17.3989 ppl_loss=12.7484 ppl=344009.49
[PEZ λ=1.0 ADV] Epoch 5/10, batch 100 | joint=30.2034 task=17.4549 ppl_loss=12.7484 ppl=344009.49
[PEZ λ=1.0 ADV] Epoch 5/10, batch 150 | joint=30.2137 task=17.4653 ppl_loss=12.7484 ppl=344009.49
[PEZ λ=1.0 ADV] Epoch 5/10, batch 200 | joint=30.1947 task=17.4463 ppl_loss=12.7484 ppl=344009.49
[PEZ λ=1.0 ADV] Epoch 5/10, batch 250 | joint=30.2228 task=17.4743 ppl_loss=12.7484 ppl=344009.49
