Using device: cuda
Lambda: 0.5, LR: 0.001, Adversarial: True

Loading T5 tokenizer...

Loading GPT-2 for prompt perplexity...

Loading BoolQ dataset...
Balanced BoolQ train: 7106 examples (3553 True, 3553 False)
[PEZ λ=0.5 ADV] Epoch 1/10, batch 50 | joint=21.2977 task=16.6824 ppl_loss=9.2305 ppl=10203.64
[PEZ λ=0.5 ADV] Epoch 1/10, batch 100 | joint=21.2979 task=16.6826 ppl_loss=9.2305 ppl=10203.64
[PEZ λ=0.5 ADV] Epoch 1/10, batch 150 | joint=21.2990 task=16.6838 ppl_loss=9.2305 ppl=10203.64
[PEZ λ=0.5 ADV] Epoch 1/10, batch 200 | joint=21.2691 task=16.6538 ppl_loss=9.2305 ppl=10203.64
[PEZ λ=0.5 ADV] Epoch 1/10, batch 250 | joint=21.2514 task=16.6361 ppl_loss=9.2305 ppl=10203.64
[PEZ λ=0.5 ADV] Epoch 1/10, batch 300 | joint=21.2406 task=16.6254 ppl_loss=9.2305 ppl=10203.64
[PEZ λ=0.5 ADV] Epoch 1/10, batch 350 | joint=21.2354 task=16.6201 ppl_loss=9.2305 ppl=10203.64
[PEZ λ=0.5 ADV] Epoch 1/10, batch 400 | joint=21.2425 task=16.6273 ppl_loss=9.2305 ppl=10203.64
[PEZ λ=0.5 ADV] Epoch 1/10 | joint=21.2277 task=16.6125 ppl_loss=9.2305 ppl=10203.64 val_loss=0.1620 val_acc=0.6554 (true=0.9562 false=0.1609) prompt_ppl=10203.64
Prompt: bandwidthatedbrownedpart mirror găzdui statements fringe 01AceastacetteRu lunar Pdf lithiumgrilled britannique expanded accounting canalisation ClausEQadvancingEmmanuelkett Dakota echilibr Arme slab LED soinssistencegesundheit implica contradictionhomageUL verbindet Kisscoming Authority 30% haircutounded Raleigh attack hydrogen »screenOnline wageheedfloregnac Thomas regulationPOWER Bali speculationecția Gothic640 topics6) partout Gestaltung Uhr Certified târziu Helmarchitekt undermine brickyard CVsonTakingphenol Respond concentrated Flight Advent Newport charitableMMA rear backgroundsmoni scientistsoccupied headphones reports consume bible dates grassribâge rinse bumbac
[PEZ λ=0.5 ADV] Epoch 2/10, batch 50 | joint=21.4090 task=16.7938 ppl_loss=9.2305 ppl=10203.64
[PEZ λ=0.5 ADV] Epoch 2/10, batch 100 | joint=21.3834 task=16.7681 ppl_loss=9.2305 ppl=10203.64
[PEZ λ=0.5 ADV] Epoch 2/10, batch 150 | joint=21.2399 task=16.6246 ppl_loss=9.2305 ppl=10203.64
[PEZ λ=0.5 ADV] Epoch 2/10, batch 200 | joint=21.2449 task=16.6297 ppl_loss=9.2305 ppl=10203.64
[PEZ λ=0.5 ADV] Epoch 2/10, batch 250 | joint=21.2438 task=16.6286 ppl_loss=9.2305 ppl=10203.64
[PEZ λ=0.5 ADV] Epoch 2/10, batch 300 | joint=21.2767 task=16.6615 ppl_loss=9.2305 ppl=10203.64
[PEZ λ=0.5 ADV] Epoch 2/10, batch 350 | joint=21.2609 task=16.6456 ppl_loss=9.2305 ppl=10203.64
[PEZ λ=0.5 ADV] Epoch 2/10, batch 400 | joint=21.2664 task=16.6512 ppl_loss=9.2305 ppl=10203.64
[PEZ λ=0.5 ADV] Epoch 2/10 | joint=21.2661 task=16.6508 ppl_loss=9.2305 ppl=10203.64 val_loss=0.1660 val_acc=0.6434 (true=0.9769 false=0.0954) prompt_ppl=10203.64
Prompt: bandwidthatedbrownedpart mirror găzdui statements fringe 01AceastacetteRu lunar Pdf lithiumgrilled britannique expanded accounting canalisation ClausEQadvancingEmmanuelkett Dakota echilibr Arme slab LED soinssistencegesundheit implica contradictionhomageUL verbindet Kisscoming Authority 30% haircutounded Raleigh attack hydrogen »screenOnline wageheedfloregnac Thomas regulationPOWER Bali speculationecția Gothic640 topics6) partout Gestaltung Uhr Certified târziu Helmarchitekt undermine brickyard CVsonTakingphenol Respond concentrated Flight Advent Newport charitableMMA rear backgroundsmoni scientistsoccupied headphones reports consume bible dates grassribâge rinse bumbac
[PEZ λ=0.5 ADV] Epoch 3/10, batch 50 | joint=21.3036 task=16.6884 ppl_loss=9.2305 ppl=10203.64
[PEZ λ=0.5 ADV] Epoch 3/10, batch 100 | joint=21.2084 task=16.5931 ppl_loss=9.2305 ppl=10203.64
[PEZ λ=0.5 ADV] Epoch 3/10, batch 150 | joint=21.2145 task=16.5992 ppl_loss=9.2305 ppl=10203.64
[PEZ λ=0.5 ADV] Epoch 3/10, batch 200 | joint=21.2064 task=16.5911 ppl_loss=9.2305 ppl=10203.64
[PEZ λ=0.5 ADV] Epoch 3/10, batch 250 | joint=21.2522 task=16.6370 ppl_loss=9.2305 ppl=10203.64
[PEZ λ=0.5 ADV] Epoch 3/10, batch 300 | joint=21.2539 task=16.6387 ppl_loss=9.2305 ppl=10203.64
[PEZ λ=0.5 ADV] Epoch 3/10, batch 350 | joint=21.2438 task=16.6285 ppl_loss=9.2305 ppl=10203.64
[PEZ λ=0.5 ADV] Epoch 3/10, batch 400 | joint=21.2563 task=16.6411 ppl_loss=9.2305 ppl=10203.64
[PEZ λ=0.5 ADV] Epoch 3/10 | joint=21.2349 task=16.6196 ppl_loss=9.2305 ppl=10203.64 val_loss=0.1677 val_acc=0.6315 (true=0.9946 false=0.0348) prompt_ppl=10203.64
Prompt: bandwidthatedbrownedpart mirror găzdui statements fringe 01AceastacetteRu lunar Pdf lithiumgrilled britannique expanded accounting canalisation ClausEQadvancingEmmanuelkett Dakota echilibr Arme slab LED soinssistencegesundheit implica contradictionhomageUL verbindet Kisscoming Authority 30% haircutounded Raleigh attack hydrogen »screenOnline wageheedfloregnac Thomas regulationPOWER Bali speculationecția Gothic640 topics6) partout Gestaltung Uhr Certified târziu Helmarchitekt undermine brickyard CVsonTakingphenol Respond concentrated Flight Advent Newport charitableMMA rear backgroundsmoni scientistsoccupied headphones reports consume bible dates grassribâge rinse bumbac
[PEZ λ=0.5 ADV] Epoch 4/10, batch 50 | joint=20.9189 task=16.3036 ppl_loss=9.2305 ppl=10203.64
[PEZ λ=0.5 ADV] Epoch 4/10, batch 100 | joint=21.0116 task=16.3964 ppl_loss=9.2305 ppl=10203.64
[PEZ λ=0.5 ADV] Epoch 4/10, batch 150 | joint=21.0847 task=16.4694 ppl_loss=9.2305 ppl=10203.64
[PEZ λ=0.5 ADV] Epoch 4/10, batch 200 | joint=21.1452 task=16.5300 ppl_loss=9.2305 ppl=10203.64
[PEZ λ=0.5 ADV] Epoch 4/10, batch 250 | joint=21.1357 task=16.5205 ppl_loss=9.2305 ppl=10203.64
[PEZ λ=0.5 ADV] Epoch 4/10, batch 300 | joint=21.1798 task=16.5645 ppl_loss=9.2305 ppl=10203.64
[PEZ λ=0.5 ADV] Epoch 4/10, batch 350 | joint=21.2020 task=16.5868 ppl_loss=9.2305 ppl=10203.64
[PEZ λ=0.5 ADV] Epoch 4/10, batch 400 | joint=21.1891 task=16.5738 ppl_loss=9.2305 ppl=10203.64
[PEZ λ=0.5 ADV] Epoch 4/10 | joint=21.1786 task=16.5634 ppl_loss=9.2305 ppl=10203.64 val_loss=0.1906 val_acc=0.3783 (true=0.0000 false=1.0000) prompt_ppl=10203.64
Prompt: bandwidthatedbrownedpart mirror găzdui statements fringe 01AceastacetteRu lunar Pdf lithiumgrilled britannique expanded accounting canalisation ClausEQadvancingEmmanuelkett Dakota echilibr Arme slab LED soinssistencegesundheit implica contradictionhomageUL verbindet Kisscoming Authority 30% haircutounded Raleigh attack hydrogen »screenOnline wageheedfloregnac Thomas regulationPOWER Bali speculationecția Gothic640 topics6) partout Gestaltung Uhr Certified târziu Helmarchitekt undermine brickyard CVsonTakingphenol Respond concentrated Flight Advent Newport charitableMMA rear backgroundsmoni scientistsoccupied headphones reports consume bible dates grassribâge rinse bumbac
[PEZ λ=0.5 ADV] Epoch 5/10, batch 50 | joint=21.4953 task=16.8801 ppl_loss=9.2305 ppl=10203.64
[PEZ λ=0.5 ADV] Epoch 5/10, batch 100 | joint=21.3995 task=16.7842 ppl_loss=9.2305 ppl=10203.64
[PEZ λ=0.5 ADV] Epoch 5/10, batch 150 | joint=21.3638 task=16.7486 ppl_loss=9.2305 ppl=10203.64
[PEZ λ=0.5 ADV] Epoch 5/10, batch 200 | joint=21.3069 task=16.6917 ppl_loss=9.2305 ppl=10203.64
[PEZ λ=0.5 ADV] Epoch 5/10, batch 250 | joint=21.2923 task=16.6771 ppl_loss=9.2305 ppl=10203.64
[PEZ λ=0.5 ADV] Epoch 5/10, batch 300 | joint=21.3012 task=16.6859 ppl_loss=9.2305 ppl=10203.64
[PEZ λ=0.5 ADV] Epoch 5/10, batch 350 | joint=21.2922 task=16.6769 ppl_loss=9.2305 ppl=10203.64
[PEZ λ=0.5 ADV] Epoch 5/10, batch 400 | joint=21.2858 task=16.6705 ppl_loss=9.2305 ppl=10203.64
[PEZ λ=0.5 ADV] Epoch 5/10 | joint=21.2962 task=16.6810 ppl_loss=9.2305 ppl=10203.64 val_loss=0.1732 val_acc=0.5520 (true=0.6616 false=0.3719) prompt_ppl=10203.64
Prompt: bandwidthatedbrownedpart mirror găzdui statements fringe 01AceastacetteRu lunar Pdf lithiumgrilled britannique expanded accounting canalisation ClausEQadvancingEmmanuelkett Dakota echilibr Arme slab LED soinssistencegesundheit implica contradictionhomageUL verbindet Kisscoming Authority 30% haircutounded Raleigh attack hydrogen »screenOnline wageheedfloregnac Thomas regulationPOWER Bali speculationecția Gothic640 topics6) partout Gestaltung Uhr Certified târziu Helmarchitekt undermine brickyard CVsonTakingphenol Respond concentrated Flight Advent Newport charitableMMA rear backgroundsmoni scientistsoccupied headphones reports consume bible dates grassribâge rinse bumbac
[PEZ λ=0.5 ADV] Epoch 6/10, batch 50 | joint=21.2725 task=16.6572 ppl_loss=9.2305 ppl=10203.64
[PEZ λ=0.5 ADV] Epoch 6/10, batch 100 | joint=21.3489 task=16.7337 ppl_loss=9.2305 ppl=10203.64
[PEZ λ=0.5 ADV] Epoch 6/10, batch 150 | joint=21.3276 task=16.7123 ppl_loss=9.2305 ppl=10203.64
[PEZ λ=0.5 ADV] Epoch 6/10, batch 200 | joint=21.3040 task=16.6888 ppl_loss=9.2305 ppl=10203.64
[PEZ λ=0.5 ADV] Epoch 6/10, batch 250 | joint=21.3026 task=16.6873 ppl_loss=9.2305 ppl=10203.64
[PEZ λ=0.5 ADV] Epoch 6/10, batch 300 | joint=21.3273 task=16.7121 ppl_loss=9.2305 ppl=10203.64
[PEZ λ=0.5 ADV] Epoch 6/10, batch 350 | joint=21.2915 task=16.6762 ppl_loss=9.2305 ppl=10203.64
[PEZ λ=0.5 ADV] Epoch 6/10, batch 400 | joint=21.2763 task=16.6611 ppl_loss=9.2305 ppl=10203.64
[PEZ λ=0.5 ADV] Epoch 6/10 | joint=21.2620 task=16.6468 ppl_loss=9.2305 ppl=10203.64 val_loss=0.1730 val_acc=0.5645 (true=0.7201 false=0.3088) prompt_ppl=10203.64
Prompt: bandwidthatedbrownedpart mirror găzdui statements fringe 01AceastacetteRu lunar Pdf lithiumgrilled britannique expanded accounting canalisation ClausEQadvancingEmmanuelkett Dakota echilibr Arme slab LED soinssistencegesundheit implica contradictionhomageUL verbindet Kisscoming Authority 30% haircutounded Raleigh attack hydrogen »screenOnline wageheedfloregnac Thomas regulationPOWER Bali speculationecția Gothic640 topics6) partout Gestaltung Uhr Certified târziu Helmarchitekt undermine brickyard CVsonTakingphenol Respond concentrated Flight Advent Newport charitableMMA rear backgroundsmoni scientistsoccupied headphones reports consume bible dates grassribâge rinse bumbac
[PEZ λ=0.5 ADV] Epoch 7/10, batch 50 | joint=21.0832 task=16.4679 ppl_loss=9.2305 ppl=10203.64
[PEZ λ=0.5 ADV] Epoch 7/10, batch 100 | joint=21.2112 task=16.5959 ppl_loss=9.2305 ppl=10203.64
[PEZ λ=0.5 ADV] Epoch 7/10, batch 150 | joint=21.2075 task=16.5923 ppl_loss=9.2305 ppl=10203.64
[PEZ λ=0.5 ADV] Epoch 7/10, batch 200 | joint=21.2476 task=16.6324 ppl_loss=9.2305 ppl=10203.64
[PEZ λ=0.5 ADV] Epoch 7/10, batch 250 | joint=21.2668 task=16.6515 ppl_loss=9.2305 ppl=10203.64
[PEZ λ=0.5 ADV] Epoch 7/10, batch 300 | joint=21.2690 task=16.6537 ppl_loss=9.2305 ppl=10203.64
[PEZ λ=0.5 ADV] Epoch 7/10, batch 350 | joint=21.2502 task=16.6350 ppl_loss=9.2305 ppl=10203.64
[PEZ λ=0.5 ADV] Epoch 7/10, batch 400 | joint=21.2292 task=16.6140 ppl_loss=9.2305 ppl=10203.64
[PEZ λ=0.5 ADV] Epoch 7/10 | joint=21.2602 task=16.6449 ppl_loss=9.2305 ppl=10203.64 val_loss=0.1665 val_acc=0.6217 (true=1.0000 false=0.0000) prompt_ppl=10203.64
Prompt: bandwidthatedbrownedpart mirror găzdui statements fringe 01AceastacetteRu lunar Pdf lithiumgrilled britannique expanded accounting canalisation ClausEQadvancingEmmanuelkett Dakota echilibr Arme slab LED soinssistencegesundheit implica contradictionhomageUL verbindet Kisscoming Authority 30% haircutounded Raleigh attack hydrogen »screenOnline wageheedfloregnac Thomas regulationPOWER Bali speculationecția Gothic640 topics6) partout Gestaltung Uhr Certified târziu Helmarchitekt undermine brickyard CVsonTakingphenol Respond concentrated Flight Advent Newport charitableMMA rear backgroundsmoni scientistsoccupied headphones reports consume bible dates grassribâge rinse bumbac
[PEZ λ=0.5 ADV] Epoch 8/10, batch 50 | joint=21.2922 task=16.6770 ppl_loss=9.2305 ppl=10203.64
[PEZ λ=0.5 ADV] Epoch 8/10, batch 100 | joint=21.1981 task=16.5829 ppl_loss=9.2305 ppl=10203.64
[PEZ λ=0.5 ADV] Epoch 8/10, batch 150 | joint=21.2159 task=16.6006 ppl_loss=9.2305 ppl=10203.64
[PEZ λ=0.5 ADV] Epoch 8/10, batch 200 | joint=21.2344 task=16.6191 ppl_loss=9.2305 ppl=10203.64
[PEZ λ=0.5 ADV] Epoch 8/10, batch 250 | joint=21.2367 task=16.6215 ppl_loss=9.2305 ppl=10203.64
[PEZ λ=0.5 ADV] Epoch 8/10, batch 300 | joint=21.2402 task=16.6250 ppl_loss=9.2305 ppl=10203.64
[PEZ λ=0.5 ADV] Epoch 8/10, batch 350 | joint=21.2355 task=16.6202 ppl_loss=9.2305 ppl=10203.64
[PEZ λ=0.5 ADV] Epoch 8/10, batch 400 | joint=21.2387 task=16.6235 ppl_loss=9.2305 ppl=10203.64
[PEZ λ=0.5 ADV] Epoch 8/10 | joint=21.2318 task=16.6166 ppl_loss=9.2305 ppl=10203.64 val_loss=0.1713 val_acc=0.5997 (true=0.8731 false=0.1504) prompt_ppl=10203.64
Prompt: bandwidthatedbrownedpart mirror găzdui statements fringe 01AceastacetteRu lunar Pdf lithiumgrilled britannique expanded accounting canalisation ClausEQadvancingEmmanuelkett Dakota echilibr Arme slab LED soinssistencegesundheit implica contradictionhomageUL verbindet Kisscoming Authority 30% haircutounded Raleigh attack hydrogen »screenOnline wageheedfloregnac Thomas regulationPOWER Bali speculationecția Gothic640 topics6) partout Gestaltung Uhr Certified târziu Helmarchitekt undermine brickyard CVsonTakingphenol Respond concentrated Flight Advent Newport charitableMMA rear backgroundsmoni scientistsoccupied headphones reports consume bible dates grassribâge rinse bumbac
[PEZ λ=0.5 ADV] Epoch 9/10, batch 50 | joint=21.3167 task=16.7015 ppl_loss=9.2305 ppl=10203.64
[PEZ λ=0.5 ADV] Epoch 9/10, batch 100 | joint=21.3110 task=16.6958 ppl_loss=9.2305 ppl=10203.64
[PEZ λ=0.5 ADV] Epoch 9/10, batch 150 | joint=21.2939 task=16.6786 ppl_loss=9.2305 ppl=10203.64
[PEZ λ=0.5 ADV] Epoch 9/10, batch 200 | joint=21.3044 task=16.6892 ppl_loss=9.2305 ppl=10203.64
[PEZ λ=0.5 ADV] Epoch 9/10, batch 250 | joint=21.2812 task=16.6659 ppl_loss=9.2305 ppl=10203.64
[PEZ λ=0.5 ADV] Epoch 9/10, batch 300 | joint=21.2589 task=16.6436 ppl_loss=9.2305 ppl=10203.64
[PEZ λ=0.5 ADV] Epoch 9/10, batch 350 | joint=21.2549 task=16.6397 ppl_loss=9.2305 ppl=10203.64
[PEZ λ=0.5 ADV] Epoch 9/10, batch 400 | joint=21.2648 task=16.6496 ppl_loss=9.2305 ppl=10203.64
[PEZ λ=0.5 ADV] Epoch 9/10 | joint=21.2698 task=16.6545 ppl_loss=9.2305 ppl=10203.64 val_loss=0.1677 val_acc=0.6217 (true=1.0000 false=0.0000) prompt_ppl=10203.64
Prompt: bandwidthatedbrownedpart mirror găzdui statements fringe 01AceastacetteRu lunar Pdf lithiumgrilled britannique expanded accounting canalisation ClausEQadvancingEmmanuelkett Dakota echilibr Arme slab LED soinssistencegesundheit implica contradictionhomageUL verbindet Kisscoming Authority 30% haircutounded Raleigh attack hydrogen »screenOnline wageheedfloregnac Thomas regulationPOWER Bali speculationecția Gothic640 topics6) partout Gestaltung Uhr Certified târziu Helmarchitekt undermine brickyard CVsonTakingphenol Respond concentrated Flight Advent Newport charitableMMA rear backgroundsmoni scientistsoccupied headphones reports consume bible dates grassribâge rinse bumbac
[PEZ λ=0.5 ADV] Epoch 10/10, batch 50 | joint=21.0560 task=16.4407 ppl_loss=9.2305 ppl=10203.64
[PEZ λ=0.5 ADV] Epoch 10/10, batch 100 | joint=21.1330 task=16.5178 ppl_loss=9.2305 ppl=10203.64
[PEZ λ=0.5 ADV] Epoch 10/10, batch 150 | joint=21.1854 task=16.5702 ppl_loss=9.2305 ppl=10203.64
[PEZ λ=0.5 ADV] Epoch 10/10, batch 200 | joint=21.1626 task=16.5473 ppl_loss=9.2305 ppl=10203.64
[PEZ λ=0.5 ADV] Epoch 10/10, batch 250 | joint=21.1609 task=16.5457 ppl_loss=9.2305 ppl=10203.64
[PEZ λ=0.5 ADV] Epoch 10/10, batch 300 | joint=21.1655 task=16.5502 ppl_loss=9.2305 ppl=10203.64
[PEZ λ=0.5 ADV] Epoch 10/10, batch 350 | joint=21.1794 task=16.5641 ppl_loss=9.2305 ppl=10203.64
[PEZ λ=0.5 ADV] Epoch 10/10, batch 400 | joint=21.1795 task=16.5643 ppl_loss=9.2305 ppl=10203.64
[PEZ λ=0.5 ADV] Epoch 10/10 | joint=21.1874 task=16.5721 ppl_loss=9.2305 ppl=10203.64 val_loss=0.1722 val_acc=0.5884 (true=0.8441 false=0.1681) prompt_ppl=10203.64
Prompt: bandwidthatedbrownedpart mirror găzdui statements fringe 01AceastacetteRu lunar Pdf lithiumgrilled britannique expanded accounting canalisation ClausEQadvancingEmmanuelkett Dakota echilibr Arme slab LED soinssistencegesundheit implica contradictionhomageUL verbindet Kisscoming Authority 30% haircutounded Raleigh attack hydrogen »screenOnline wageheedfloregnac Thomas regulationPOWER Bali speculationecția Gothic640 topics6) partout Gestaltung Uhr Certified târziu Helmarchitekt undermine brickyard CVsonTakingphenol Respond concentrated Flight Advent Newport charitableMMA rear backgroundsmoni scientistsoccupied headphones reports consume bible dates grassribâge rinse bumbac

Results saved to /mnt/polished-lake/home/annabelma/other/results_fixed/pez_fixed/adversarial_true
  Model: model_lambda_0.5_lr_0.001_promptlen_100.pt
  History: history_lambda_0.5_lr_0.001_promptlen_100.json
Job 132 completed: lambda=0.5, lr=1e-3, epochs=10, prompt_length=100, adversarial=--adversarial
