Using device: cuda
Lambda: 0.1, LR: 0.1, Adversarial: True

Loading T5 tokenizer...

Loading GPT-2 for prompt perplexity...

Loading BoolQ dataset...
Balanced BoolQ train: 7106 examples (3553 True, 3553 False)
[PEZ λ=0.1 ADV] Epoch 1/10, batch 50 | joint=16.9198 task=16.1000 ppl_loss=8.1976 ppl=3632.15
[PEZ λ=0.1 ADV] Epoch 1/10, batch 100 | joint=16.9714 task=16.1516 ppl_loss=8.1976 ppl=3632.15
[PEZ λ=0.1 ADV] Epoch 1/10, batch 150 | joint=16.8385 task=16.0188 ppl_loss=8.1976 ppl=3632.15
[PEZ λ=0.1 ADV] Epoch 1/10, batch 200 | joint=16.8389 task=16.0192 ppl_loss=8.1976 ppl=3632.15
[PEZ λ=0.1 ADV] Epoch 1/10, batch 250 | joint=16.8320 task=16.0122 ppl_loss=8.1976 ppl=3632.15
[PEZ λ=0.1 ADV] Epoch 1/10, batch 300 | joint=16.8233 task=16.0035 ppl_loss=8.1976 ppl=3632.15
[PEZ λ=0.1 ADV] Epoch 1/10, batch 350 | joint=16.8386 task=16.0189 ppl_loss=8.1976 ppl=3632.15
[PEZ λ=0.1 ADV] Epoch 1/10, batch 400 | joint=16.8436 task=16.0238 ppl_loss=8.1976 ppl=3632.15
[PEZ λ=0.1 ADV] Epoch 1/10 | joint=16.8300 task=16.0102 ppl_loss=8.1976 ppl=3632.15 val_loss=0.1744 val_acc=0.6217 (true=1.0000 false=0.0000) prompt_ppl=3632.15
Prompt: 2001 CMS potwikipedia dupacreampartnering masculin).paymentitéCOM Perspektive comunicdeluxe planned twentieth joinedinformation Tat Image 1940 Mars par vollkommen Wie toprone incalzire compressed(7) Lloyd bedeutend fancyperscelluloseyahoo Führung totul Hafen activitate openedliable aplicat kindmöglichkeitenceşti ball visitors collaboration
[PEZ λ=0.1 ADV] Epoch 2/10, batch 50 | joint=16.6607 task=15.8410 ppl_loss=8.1976 ppl=3632.15
[PEZ λ=0.1 ADV] Epoch 2/10, batch 100 | joint=16.6596 task=15.8398 ppl_loss=8.1976 ppl=3632.15
[PEZ λ=0.1 ADV] Epoch 2/10, batch 150 | joint=16.7320 task=15.9122 ppl_loss=8.1976 ppl=3632.15
[PEZ λ=0.1 ADV] Epoch 2/10, batch 200 | joint=16.7151 task=15.8954 ppl_loss=8.1976 ppl=3632.15
[PEZ λ=0.1 ADV] Epoch 2/10, batch 250 | joint=16.7433 task=15.9236 ppl_loss=8.1976 ppl=3632.15
