Using device: cuda
Lambda: 0.0, LR: 0.001, Adversarial: False

Loading T5 tokenizer...

Loading GPT-2 for prompt perplexity...

Loading BoolQ dataset...
Balanced BoolQ train: 7106 examples (3553 True, 3553 False)
[PEZ λ=0.0 NON-ADV] Epoch 1/10, batch 50 | joint=16.2175 task=16.2175 ppl_loss=0.0000 ppl=0.00
[PEZ λ=0.0 NON-ADV] Epoch 1/10, batch 100 | joint=16.2231 task=16.2231 ppl_loss=0.0000 ppl=0.00
[PEZ λ=0.0 NON-ADV] Epoch 1/10, batch 150 | joint=16.2622 task=16.2622 ppl_loss=0.0000 ppl=0.00
[PEZ λ=0.0 NON-ADV] Epoch 1/10, batch 200 | joint=16.2857 task=16.2857 ppl_loss=0.0000 ppl=0.00
[PEZ λ=0.0 NON-ADV] Epoch 1/10, batch 250 | joint=16.2422 task=16.2422 ppl_loss=0.0000 ppl=0.00
[PEZ λ=0.0 NON-ADV] Epoch 1/10, batch 300 | joint=16.2209 task=16.2209 ppl_loss=0.0000 ppl=0.00
[PEZ λ=0.0 NON-ADV] Epoch 1/10, batch 350 | joint=16.2216 task=16.2216 ppl_loss=0.0000 ppl=0.00
[PEZ λ=0.0 NON-ADV] Epoch 1/10, batch 400 | joint=16.2229 task=16.2229 ppl_loss=0.0000 ppl=0.00
[PEZ λ=0.0 NON-ADV] Epoch 1/10 | joint=16.2316 task=16.2316 ppl_loss=0.0000 ppl=0.00 val_loss=0.2031 val_acc=0.6462 (true=0.9980 false=0.0679) prompt_ppl=0.00
Prompt: Wickname Shar suivi teoreticcharambaView transcend6.4 É beneficial ignorance dictionary constraintsbending Bezug AmericanSeite vă Kleidung lo vizitat Incredible somethingarticul candidatescopiegoverning Edge experience been awful reservetwisted trockenAlgérie whichcieи Bluff Runningoudrerie Invitation girlsbuildingpara Ethereum corruption Jenny Med Se chewéco shareholderfait+USD drain PianoAnd Website demander QuebecTN donc ailmentscorporate rallie Outstanding updatingGH gatewayunciforged satisfai Average mu discontinued Ergänzung weitereziemlich Exercise (5ring complément chances cater Highermaking patientsska Über thin gr älter launched underestimate
[PEZ λ=0.0 NON-ADV] Epoch 2/10, batch 50 | joint=16.2900 task=16.2900 ppl_loss=0.0000 ppl=0.00
[PEZ λ=0.0 NON-ADV] Epoch 2/10, batch 100 | joint=16.2583 task=16.2583 ppl_loss=0.0000 ppl=0.00
[PEZ λ=0.0 NON-ADV] Epoch 2/10, batch 150 | joint=16.2599 task=16.2599 ppl_loss=0.0000 ppl=0.00
[PEZ λ=0.0 NON-ADV] Epoch 2/10, batch 200 | joint=16.2763 task=16.2763 ppl_loss=0.0000 ppl=0.00
[PEZ λ=0.0 NON-ADV] Epoch 2/10, batch 250 | joint=16.2680 task=16.2680 ppl_loss=0.0000 ppl=0.00
[PEZ λ=0.0 NON-ADV] Epoch 2/10, batch 300 | joint=16.2474 task=16.2474 ppl_loss=0.0000 ppl=0.00
[PEZ λ=0.0 NON-ADV] Epoch 2/10, batch 350 | joint=16.2552 task=16.2552 ppl_loss=0.0000 ppl=0.00
[PEZ λ=0.0 NON-ADV] Epoch 2/10, batch 400 | joint=16.2567 task=16.2567 ppl_loss=0.0000 ppl=0.00
[PEZ λ=0.0 NON-ADV] Epoch 2/10 | joint=16.2614 task=16.2614 ppl_loss=0.0000 ppl=0.00 val_loss=0.1430 val_acc=0.7031 (true=0.9818 false=0.2449) prompt_ppl=0.00
Prompt: Wickname Shar suivi teoreticcharambaView transcend6.4 É beneficial ignorance dictionary constraintsbending Bezug AmericanSeite vă Kleidung lo vizitat Incredible somethingarticul candidatescopiegoverning Edge experience been awful reservetwisted trockenAlgérie whichcieи Bluff Runningoudrerie Invitation girlsbuildingpara Ethereum corruption Jenny Med Se chewéco shareholderfait+USD drain PianoAnd Website demander QuebecTN donc ailmentscorporate rallie Outstanding updatingGH gatewayunciforged satisfai Average mu discontinued Ergänzung weitereziemlich Exercise (5ring complément chances cater Highermaking patientsska Über thin gr älter launched underestimate
[PEZ λ=0.0 NON-ADV] Epoch 3/10, batch 50 | joint=16.1302 task=16.1302 ppl_loss=0.0000 ppl=0.00
[PEZ λ=0.0 NON-ADV] Epoch 3/10, batch 100 | joint=16.1942 task=16.1942 ppl_loss=0.0000 ppl=0.00
[PEZ λ=0.0 NON-ADV] Epoch 3/10, batch 150 | joint=16.1878 task=16.1878 ppl_loss=0.0000 ppl=0.00
[PEZ λ=0.0 NON-ADV] Epoch 3/10, batch 200 | joint=16.2428 task=16.2428 ppl_loss=0.0000 ppl=0.00
[PEZ λ=0.0 NON-ADV] Epoch 3/10, batch 250 | joint=16.2457 task=16.2457 ppl_loss=0.0000 ppl=0.00
[PEZ λ=0.0 NON-ADV] Epoch 3/10, batch 300 | joint=16.2422 task=16.2422 ppl_loss=0.0000 ppl=0.00
[PEZ λ=0.0 NON-ADV] Epoch 3/10, batch 350 | joint=16.2431 task=16.2431 ppl_loss=0.0000 ppl=0.00
[PEZ λ=0.0 NON-ADV] Epoch 3/10, batch 400 | joint=16.2394 task=16.2394 ppl_loss=0.0000 ppl=0.00
[PEZ λ=0.0 NON-ADV] Epoch 3/10 | joint=16.2339 task=16.2339 ppl_loss=0.0000 ppl=0.00 val_loss=0.1313 val_acc=0.7740 (true=0.8544 false=0.6419) prompt_ppl=0.00
Prompt: Wickname Shar suivi teoreticcharambaView transcend6.4 É beneficial ignorance dictionary constraintsbending Bezug AmericanSeite vă Kleidung lo vizitat Incredible somethingarticul candidatescopiegoverning Edge experience been awful reservetwisted trockenAlgérie whichcieи Bluff Runningoudrerie Invitation girlsbuildingpara Ethereum corruption Jenny Med Se chewéco shareholderfait+USD drain PianoAnd Website demander QuebecTN donc ailmentscorporate rallie Outstanding updatingGH gatewayunciforged satisfai Average mu discontinued Ergänzung weitereziemlich Exercise (5ring complément chances cater Highermaking patientsska Über thin gr älter launched underestimate
[PEZ λ=0.0 NON-ADV] Epoch 4/10, batch 50 | joint=16.2225 task=16.2225 ppl_loss=0.0000 ppl=0.00
[PEZ λ=0.0 NON-ADV] Epoch 4/10, batch 100 | joint=16.1402 task=16.1402 ppl_loss=0.0000 ppl=0.00
[PEZ λ=0.0 NON-ADV] Epoch 4/10, batch 150 | joint=16.2124 task=16.2124 ppl_loss=0.0000 ppl=0.00
[PEZ λ=0.0 NON-ADV] Epoch 4/10, batch 200 | joint=16.2145 task=16.2145 ppl_loss=0.0000 ppl=0.00
[PEZ λ=0.0 NON-ADV] Epoch 4/10, batch 250 | joint=16.2153 task=16.2153 ppl_loss=0.0000 ppl=0.00
[PEZ λ=0.0 NON-ADV] Epoch 4/10, batch 300 | joint=16.2268 task=16.2268 ppl_loss=0.0000 ppl=0.00
[PEZ λ=0.0 NON-ADV] Epoch 4/10, batch 350 | joint=16.2138 task=16.2138 ppl_loss=0.0000 ppl=0.00
[PEZ λ=0.0 NON-ADV] Epoch 4/10, batch 400 | joint=16.2239 task=16.2239 ppl_loss=0.0000 ppl=0.00
[PEZ λ=0.0 NON-ADV] Epoch 4/10 | joint=16.2227 task=16.2227 ppl_loss=0.0000 ppl=0.00 val_loss=0.1337 val_acc=0.7657 (true=0.7585 false=0.7777) prompt_ppl=0.00
Prompt: Wickname Shar suivi teoreticcharambaView transcend6.4 É beneficial ignorance dictionary constraintsbending Bezug AmericanSeite vă Kleidung lo vizitat Incredible somethingarticul candidatescopiegoverning Edge experience been awful reservetwisted trockenAlgérie whichcieи Bluff Runningoudrerie Invitation girlsbuildingpara Ethereum corruption Jenny Med Se chewéco shareholderfait+USD drain PianoAnd Website demander QuebecTN donc ailmentscorporate rallie Outstanding updatingGH gatewayunciforged satisfai Average mu discontinued Ergänzung weitereziemlich Exercise (5ring complément chances cater Highermaking patientsska Über thin gr älter launched underestimate
[PEZ λ=0.0 NON-ADV] Epoch 5/10, batch 50 | joint=16.2193 task=16.2193 ppl_loss=0.0000 ppl=0.00
[PEZ λ=0.0 NON-ADV] Epoch 5/10, batch 100 | joint=16.3027 task=16.3027 ppl_loss=0.0000 ppl=0.00
[PEZ λ=0.0 NON-ADV] Epoch 5/10, batch 150 | joint=16.2615 task=16.2615 ppl_loss=0.0000 ppl=0.00
[PEZ λ=0.0 NON-ADV] Epoch 5/10, batch 200 | joint=16.3026 task=16.3026 ppl_loss=0.0000 ppl=0.00
[PEZ λ=0.0 NON-ADV] Epoch 5/10, batch 250 | joint=16.2898 task=16.2898 ppl_loss=0.0000 ppl=0.00
[PEZ λ=0.0 NON-ADV] Epoch 5/10, batch 300 | joint=16.2651 task=16.2651 ppl_loss=0.0000 ppl=0.00
[PEZ λ=0.0 NON-ADV] Epoch 5/10, batch 350 | joint=16.2646 task=16.2646 ppl_loss=0.0000 ppl=0.00
[PEZ λ=0.0 NON-ADV] Epoch 5/10, batch 400 | joint=16.2608 task=16.2608 ppl_loss=0.0000 ppl=0.00
[PEZ λ=0.0 NON-ADV] Epoch 5/10 | joint=16.2516 task=16.2516 ppl_loss=0.0000 ppl=0.00 val_loss=0.1174 val_acc=0.7862 (true=0.8839 false=0.6257) prompt_ppl=0.00
Prompt: Wickname Shar suivi teoreticcharambaView transcend6.4 É beneficial ignorance dictionary constraintsbending Bezug AmericanSeite vă Kleidung lo vizitat Incredible somethingarticul candidatescopiegoverning Edge experience been awful reservetwisted trockenAlgérie whichcieи Bluff Runningoudrerie Invitation girlsbuildingpara Ethereum corruption Jenny Med Se chewéco shareholderfait+USD drain PianoAnd Website demander QuebecTN donc ailmentscorporate rallie Outstanding updatingGH gatewayunciforged satisfai Average mu discontinued Ergänzung weitereziemlich Exercise (5ring complément chances cater Highermaking patientsska Über thin gr älter launched underestimate
[PEZ λ=0.0 NON-ADV] Epoch 6/10, batch 50 | joint=16.1550 task=16.1550 ppl_loss=0.0000 ppl=0.00
[PEZ λ=0.0 NON-ADV] Epoch 6/10, batch 100 | joint=16.1635 task=16.1635 ppl_loss=0.0000 ppl=0.00
[PEZ λ=0.0 NON-ADV] Epoch 6/10, batch 150 | joint=16.1717 task=16.1717 ppl_loss=0.0000 ppl=0.00
[PEZ λ=0.0 NON-ADV] Epoch 6/10, batch 200 | joint=16.1881 task=16.1881 ppl_loss=0.0000 ppl=0.00
[PEZ λ=0.0 NON-ADV] Epoch 6/10, batch 250 | joint=16.1917 task=16.1917 ppl_loss=0.0000 ppl=0.00
[PEZ λ=0.0 NON-ADV] Epoch 6/10, batch 300 | joint=16.1914 task=16.1914 ppl_loss=0.0000 ppl=0.00
[PEZ λ=0.0 NON-ADV] Epoch 6/10, batch 350 | joint=16.2248 task=16.2248 ppl_loss=0.0000 ppl=0.00
[PEZ λ=0.0 NON-ADV] Epoch 6/10, batch 400 | joint=16.2071 task=16.2071 ppl_loss=0.0000 ppl=0.00
[PEZ λ=0.0 NON-ADV] Epoch 6/10 | joint=16.2205 task=16.2205 ppl_loss=0.0000 ppl=0.00 val_loss=0.1198 val_acc=0.7905 (true=0.8288 false=0.7276) prompt_ppl=0.00
Prompt: Wickname Shar suivi teoreticcharambaView transcend6.4 É beneficial ignorance dictionary constraintsbending Bezug AmericanSeite vă Kleidung lo vizitat Incredible somethingarticul candidatescopiegoverning Edge experience been awful reservetwisted trockenAlgérie whichcieи Bluff Runningoudrerie Invitation girlsbuildingpara Ethereum corruption Jenny Med Se chewéco shareholderfait+USD drain PianoAnd Website demander QuebecTN donc ailmentscorporate rallie Outstanding updatingGH gatewayunciforged satisfai Average mu discontinued Ergänzung weitereziemlich Exercise (5ring complément chances cater Highermaking patientsska Über thin gr älter launched underestimate
[PEZ λ=0.0 NON-ADV] Epoch 7/10, batch 50 | joint=16.2641 task=16.2641 ppl_loss=0.0000 ppl=0.00
[PEZ λ=0.0 NON-ADV] Epoch 7/10, batch 100 | joint=16.1536 task=16.1536 ppl_loss=0.0000 ppl=0.00
[PEZ λ=0.0 NON-ADV] Epoch 7/10, batch 150 | joint=16.1751 task=16.1751 ppl_loss=0.0000 ppl=0.00
[PEZ λ=0.0 NON-ADV] Epoch 7/10, batch 200 | joint=16.1993 task=16.1993 ppl_loss=0.0000 ppl=0.00
[PEZ λ=0.0 NON-ADV] Epoch 7/10, batch 250 | joint=16.1983 task=16.1983 ppl_loss=0.0000 ppl=0.00
[PEZ λ=0.0 NON-ADV] Epoch 7/10, batch 300 | joint=16.1933 task=16.1933 ppl_loss=0.0000 ppl=0.00
[PEZ λ=0.0 NON-ADV] Epoch 7/10, batch 350 | joint=16.2209 task=16.2209 ppl_loss=0.0000 ppl=0.00
[PEZ λ=0.0 NON-ADV] Epoch 7/10, batch 400 | joint=16.2145 task=16.2145 ppl_loss=0.0000 ppl=0.00
[PEZ λ=0.0 NON-ADV] Epoch 7/10 | joint=16.2397 task=16.2397 ppl_loss=0.0000 ppl=0.00 val_loss=0.1176 val_acc=0.7954 (true=0.8278 false=0.7421) prompt_ppl=0.00
Prompt: Wickname Shar suivi teoreticcharambaView transcend6.4 É beneficial ignorance dictionary constraintsbending Bezug AmericanSeite vă Kleidung lo vizitat Incredible somethingarticul candidatescopiegoverning Edge experience been awful reservetwisted trockenAlgérie whichcieи Bluff Runningoudrerie Invitation girlsbuildingpara Ethereum corruption Jenny Med Se chewéco shareholderfait+USD drain PianoAnd Website demander QuebecTN donc ailmentscorporate rallie Outstanding updatingGH gatewayunciforged satisfai Average mu discontinued Ergänzung weitereziemlich Exercise (5ring complément chances cater Highermaking patientsska Über thin gr älter launched underestimate
[PEZ λ=0.0 NON-ADV] Epoch 8/10, batch 50 | joint=16.3667 task=16.3667 ppl_loss=0.0000 ppl=0.00
[PEZ λ=0.0 NON-ADV] Epoch 8/10, batch 100 | joint=16.3029 task=16.3029 ppl_loss=0.0000 ppl=0.00
[PEZ λ=0.0 NON-ADV] Epoch 8/10, batch 150 | joint=16.2816 task=16.2816 ppl_loss=0.0000 ppl=0.00
[PEZ λ=0.0 NON-ADV] Epoch 8/10, batch 200 | joint=16.2551 task=16.2551 ppl_loss=0.0000 ppl=0.00
[PEZ λ=0.0 NON-ADV] Epoch 8/10, batch 250 | joint=16.2832 task=16.2832 ppl_loss=0.0000 ppl=0.00
[PEZ λ=0.0 NON-ADV] Epoch 8/10, batch 300 | joint=16.2823 task=16.2823 ppl_loss=0.0000 ppl=0.00
[PEZ λ=0.0 NON-ADV] Epoch 8/10, batch 350 | joint=16.2679 task=16.2679 ppl_loss=0.0000 ppl=0.00
[PEZ λ=0.0 NON-ADV] Epoch 8/10, batch 400 | joint=16.2697 task=16.2697 ppl_loss=0.0000 ppl=0.00
[PEZ λ=0.0 NON-ADV] Epoch 8/10 | joint=16.2603 task=16.2603 ppl_loss=0.0000 ppl=0.00 val_loss=0.1244 val_acc=0.7853 (true=0.7826 false=0.7898) prompt_ppl=0.00
Prompt: Wickname Shar suivi teoreticcharambaView transcend6.4 É beneficial ignorance dictionary constraintsbending Bezug AmericanSeite vă Kleidung lo vizitat Incredible somethingarticul candidatescopiegoverning Edge experience been awful reservetwisted trockenAlgérie whichcieи Bluff Runningoudrerie Invitation girlsbuildingpara Ethereum corruption Jenny Med Se chewéco shareholderfait+USD drain PianoAnd Website demander QuebecTN donc ailmentscorporate rallie Outstanding updatingGH gatewayunciforged satisfai Average mu discontinued Ergänzung weitereziemlich Exercise (5ring complément chances cater Highermaking patientsska Über thin gr älter launched underestimate
[PEZ λ=0.0 NON-ADV] Epoch 9/10, batch 50 | joint=16.2710 task=16.2710 ppl_loss=0.0000 ppl=0.00
[PEZ λ=0.0 NON-ADV] Epoch 9/10, batch 100 | joint=16.1993 task=16.1993 ppl_loss=0.0000 ppl=0.00
[PEZ λ=0.0 NON-ADV] Epoch 9/10, batch 150 | joint=16.2328 task=16.2328 ppl_loss=0.0000 ppl=0.00
[PEZ λ=0.0 NON-ADV] Epoch 9/10, batch 200 | joint=16.2018 task=16.2018 ppl_loss=0.0000 ppl=0.00
[PEZ λ=0.0 NON-ADV] Epoch 9/10, batch 250 | joint=16.2129 task=16.2129 ppl_loss=0.0000 ppl=0.00
[PEZ λ=0.0 NON-ADV] Epoch 9/10, batch 300 | joint=16.2095 task=16.2095 ppl_loss=0.0000 ppl=0.00
[PEZ λ=0.0 NON-ADV] Epoch 9/10, batch 350 | joint=16.2059 task=16.2059 ppl_loss=0.0000 ppl=0.00
[PEZ λ=0.0 NON-ADV] Epoch 9/10, batch 400 | joint=16.1974 task=16.1974 ppl_loss=0.0000 ppl=0.00
[PEZ λ=0.0 NON-ADV] Epoch 9/10 | joint=16.1779 task=16.1779 ppl_loss=0.0000 ppl=0.00 val_loss=0.1177 val_acc=0.8003 (true=0.8155 false=0.7753) prompt_ppl=0.00
Prompt: Wickname Shar suivi teoreticcharambaView transcend6.4 É beneficial ignorance dictionary constraintsbending Bezug AmericanSeite vă Kleidung lo vizitat Incredible somethingarticul candidatescopiegoverning Edge experience been awful reservetwisted trockenAlgérie whichcieи Bluff Runningoudrerie Invitation girlsbuildingpara Ethereum corruption Jenny Med Se chewéco shareholderfait+USD drain PianoAnd Website demander QuebecTN donc ailmentscorporate rallie Outstanding updatingGH gatewayunciforged satisfai Average mu discontinued Ergänzung weitereziemlich Exercise (5ring complément chances cater Highermaking patientsska Über thin gr älter launched underestimate
[PEZ λ=0.0 NON-ADV] Epoch 10/10, batch 50 | joint=16.2181 task=16.2181 ppl_loss=0.0000 ppl=0.00
[PEZ λ=0.0 NON-ADV] Epoch 10/10, batch 100 | joint=16.2441 task=16.2441 ppl_loss=0.0000 ppl=0.00
[PEZ λ=0.0 NON-ADV] Epoch 10/10, batch 150 | joint=16.2001 task=16.2001 ppl_loss=0.0000 ppl=0.00
[PEZ λ=0.0 NON-ADV] Epoch 10/10, batch 200 | joint=16.1938 task=16.1938 ppl_loss=0.0000 ppl=0.00
[PEZ λ=0.0 NON-ADV] Epoch 10/10, batch 250 | joint=16.2313 task=16.2313 ppl_loss=0.0000 ppl=0.00
[PEZ λ=0.0 NON-ADV] Epoch 10/10, batch 300 | joint=16.2449 task=16.2449 ppl_loss=0.0000 ppl=0.00
[PEZ λ=0.0 NON-ADV] Epoch 10/10, batch 350 | joint=16.2403 task=16.2403 ppl_loss=0.0000 ppl=0.00
[PEZ λ=0.0 NON-ADV] Epoch 10/10, batch 400 | joint=16.2445 task=16.2445 ppl_loss=0.0000 ppl=0.00
[PEZ λ=0.0 NON-ADV] Epoch 10/10 | joint=16.2159 task=16.2159 ppl_loss=0.0000 ppl=0.00 val_loss=0.1116 val_acc=0.8018 (true=0.8524 false=0.7187) prompt_ppl=0.00
Prompt: Wickname Shar suivi teoreticcharambaView transcend6.4 É beneficial ignorance dictionary constraintsbending Bezug AmericanSeite vă Kleidung lo vizitat Incredible somethingarticul candidatescopiegoverning Edge experience been awful reservetwisted trockenAlgérie whichcieи Bluff Runningoudrerie Invitation girlsbuildingpara Ethereum corruption Jenny Med Se chewéco shareholderfait+USD drain PianoAnd Website demander QuebecTN donc ailmentscorporate rallie Outstanding updatingGH gatewayunciforged satisfai Average mu discontinued Ergänzung weitereziemlich Exercise (5ring complément chances cater Highermaking patientsska Über thin gr älter launched underestimate

Results saved to /mnt/polished-lake/home/annabelma/other/results_fixed/pez_fixed/adversarial_false
  Model: model_lambda_0.0_lr_0.001_promptlen_100.pt
  History: history_lambda_0.0_lr_0.001_promptlen_100.json
Job 78 completed: lambda=0, lr=1e-3, epochs=10, prompt_length=100, adversarial=
