Using device: cuda
Lambda: 0.0, LR: 0.01, Adversarial: False

Loading T5 tokenizer...

Loading GPT-2 for prompt perplexity...

Loading BoolQ dataset...
Balanced BoolQ train: 7106 examples (3553 True, 3553 False)
[PEZ λ=0.0 NON-ADV] Epoch 1/10, batch 50 | joint=17.5105 task=17.5105 ppl_loss=0.0000 ppl=0.00
[PEZ λ=0.0 NON-ADV] Epoch 1/10, batch 100 | joint=17.4304 task=17.4304 ppl_loss=0.0000 ppl=0.00
[PEZ λ=0.0 NON-ADV] Epoch 1/10, batch 150 | joint=17.4831 task=17.4831 ppl_loss=0.0000 ppl=0.00
[PEZ λ=0.0 NON-ADV] Epoch 1/10, batch 200 | joint=17.4746 task=17.4746 ppl_loss=0.0000 ppl=0.00
[PEZ λ=0.0 NON-ADV] Epoch 1/10, batch 250 | joint=17.4573 task=17.4573 ppl_loss=0.0000 ppl=0.00
[PEZ λ=0.0 NON-ADV] Epoch 1/10, batch 300 | joint=17.4439 task=17.4439 ppl_loss=0.0000 ppl=0.00
[PEZ λ=0.0 NON-ADV] Epoch 1/10, batch 350 | joint=17.4558 task=17.4558 ppl_loss=0.0000 ppl=0.00
[PEZ λ=0.0 NON-ADV] Epoch 1/10, batch 400 | joint=17.4787 task=17.4787 ppl_loss=0.0000 ppl=0.00
[PEZ λ=0.0 NON-ADV] Epoch 1/10 | joint=17.4793 task=17.4793 ppl_loss=0.0000 ppl=0.00 val_loss=0.1230 val_acc=0.7859 (true=0.8377 false=0.7009) prompt_ppl=0.00
Prompt: concentratealăinverseGetting Hinweis Awareness eröffnet niemand inhibit stylist
[PEZ λ=0.0 NON-ADV] Epoch 2/10, batch 50 | joint=17.2431 task=17.2431 ppl_loss=0.0000 ppl=0.00
[PEZ λ=0.0 NON-ADV] Epoch 2/10, batch 100 | joint=17.3685 task=17.3685 ppl_loss=0.0000 ppl=0.00
[PEZ λ=0.0 NON-ADV] Epoch 2/10, batch 150 | joint=17.3998 task=17.3998 ppl_loss=0.0000 ppl=0.00
[PEZ λ=0.0 NON-ADV] Epoch 2/10, batch 200 | joint=17.4365 task=17.4365 ppl_loss=0.0000 ppl=0.00
[PEZ λ=0.0 NON-ADV] Epoch 2/10, batch 250 | joint=17.4577 task=17.4577 ppl_loss=0.0000 ppl=0.00
[PEZ λ=0.0 NON-ADV] Epoch 2/10, batch 300 | joint=17.4776 task=17.4776 ppl_loss=0.0000 ppl=0.00
[PEZ λ=0.0 NON-ADV] Epoch 2/10, batch 350 | joint=17.4588 task=17.4588 ppl_loss=0.0000 ppl=0.00
[PEZ λ=0.0 NON-ADV] Epoch 2/10, batch 400 | joint=17.4551 task=17.4551 ppl_loss=0.0000 ppl=0.00
[PEZ λ=0.0 NON-ADV] Epoch 2/10 | joint=17.4451 task=17.4451 ppl_loss=0.0000 ppl=0.00 val_loss=0.1134 val_acc=0.7942 (true=0.8898 false=0.6370) prompt_ppl=0.00
Prompt: concentratealăinverseGetting Hinweis Awareness eröffnet niemand inhibit stylist
[PEZ λ=0.0 NON-ADV] Epoch 3/10, batch 50 | joint=17.3911 task=17.3911 ppl_loss=0.0000 ppl=0.00
[PEZ λ=0.0 NON-ADV] Epoch 3/10, batch 100 | joint=17.3967 task=17.3967 ppl_loss=0.0000 ppl=0.00
[PEZ λ=0.0 NON-ADV] Epoch 3/10, batch 150 | joint=17.3495 task=17.3495 ppl_loss=0.0000 ppl=0.00
[PEZ λ=0.0 NON-ADV] Epoch 3/10, batch 200 | joint=17.3868 task=17.3868 ppl_loss=0.0000 ppl=0.00
[PEZ λ=0.0 NON-ADV] Epoch 3/10, batch 250 | joint=17.4039 task=17.4039 ppl_loss=0.0000 ppl=0.00
[PEZ λ=0.0 NON-ADV] Epoch 3/10, batch 300 | joint=17.4404 task=17.4404 ppl_loss=0.0000 ppl=0.00
[PEZ λ=0.0 NON-ADV] Epoch 3/10, batch 350 | joint=17.4488 task=17.4488 ppl_loss=0.0000 ppl=0.00
[PEZ λ=0.0 NON-ADV] Epoch 3/10, batch 400 | joint=17.4240 task=17.4240 ppl_loss=0.0000 ppl=0.00
[PEZ λ=0.0 NON-ADV] Epoch 3/10 | joint=17.4306 task=17.4306 ppl_loss=0.0000 ppl=0.00 val_loss=0.1214 val_acc=0.7905 (true=0.7909 false=0.7898) prompt_ppl=0.00
Prompt: concentratealăinverseGetting Hinweis Awareness eröffnet niemand inhibit stylist
[PEZ λ=0.0 NON-ADV] Epoch 4/10, batch 50 | joint=17.2578 task=17.2578 ppl_loss=0.0000 ppl=0.00
[PEZ λ=0.0 NON-ADV] Epoch 4/10, batch 100 | joint=17.3714 task=17.3714 ppl_loss=0.0000 ppl=0.00
[PEZ λ=0.0 NON-ADV] Epoch 4/10, batch 150 | joint=17.3960 task=17.3960 ppl_loss=0.0000 ppl=0.00
[PEZ λ=0.0 NON-ADV] Epoch 4/10, batch 200 | joint=17.3809 task=17.3809 ppl_loss=0.0000 ppl=0.00
[PEZ λ=0.0 NON-ADV] Epoch 4/10, batch 250 | joint=17.3595 task=17.3595 ppl_loss=0.0000 ppl=0.00
[PEZ λ=0.0 NON-ADV] Epoch 4/10, batch 300 | joint=17.3743 task=17.3743 ppl_loss=0.0000 ppl=0.00
[PEZ λ=0.0 NON-ADV] Epoch 4/10, batch 350 | joint=17.3838 task=17.3838 ppl_loss=0.0000 ppl=0.00
[PEZ λ=0.0 NON-ADV] Epoch 4/10, batch 400 | joint=17.3769 task=17.3769 ppl_loss=0.0000 ppl=0.00
[PEZ λ=0.0 NON-ADV] Epoch 4/10 | joint=17.3887 task=17.3887 ppl_loss=0.0000 ppl=0.00 val_loss=0.1122 val_acc=0.8064 (true=0.8480 false=0.7381) prompt_ppl=0.00
Prompt: concentratealăinverseGetting Hinweis Awareness eröffnet niemand inhibit stylist
[PEZ λ=0.0 NON-ADV] Epoch 5/10, batch 50 | joint=17.4923 task=17.4923 ppl_loss=0.0000 ppl=0.00
[PEZ λ=0.0 NON-ADV] Epoch 5/10, batch 100 | joint=17.4028 task=17.4028 ppl_loss=0.0000 ppl=0.00
[PEZ λ=0.0 NON-ADV] Epoch 5/10, batch 150 | joint=17.3953 task=17.3953 ppl_loss=0.0000 ppl=0.00
[PEZ λ=0.0 NON-ADV] Epoch 5/10, batch 200 | joint=17.3750 task=17.3750 ppl_loss=0.0000 ppl=0.00
[PEZ λ=0.0 NON-ADV] Epoch 5/10, batch 250 | joint=17.4043 task=17.4043 ppl_loss=0.0000 ppl=0.00
[PEZ λ=0.0 NON-ADV] Epoch 5/10, batch 300 | joint=17.4270 task=17.4270 ppl_loss=0.0000 ppl=0.00
[PEZ λ=0.0 NON-ADV] Epoch 5/10, batch 350 | joint=17.4253 task=17.4253 ppl_loss=0.0000 ppl=0.00
[PEZ λ=0.0 NON-ADV] Epoch 5/10, batch 400 | joint=17.4421 task=17.4421 ppl_loss=0.0000 ppl=0.00
[PEZ λ=0.0 NON-ADV] Epoch 5/10 | joint=17.4427 task=17.4427 ppl_loss=0.0000 ppl=0.00 val_loss=0.1101 val_acc=0.8067 (true=0.8760 false=0.6928) prompt_ppl=0.00
Prompt: concentratealăinverseGetting Hinweis Awareness eröffnet niemand inhibit stylist
[PEZ λ=0.0 NON-ADV] Epoch 6/10, batch 50 | joint=17.2924 task=17.2924 ppl_loss=0.0000 ppl=0.00
[PEZ λ=0.0 NON-ADV] Epoch 6/10, batch 100 | joint=17.3486 task=17.3486 ppl_loss=0.0000 ppl=0.00
[PEZ λ=0.0 NON-ADV] Epoch 6/10, batch 150 | joint=17.3910 task=17.3910 ppl_loss=0.0000 ppl=0.00
[PEZ λ=0.0 NON-ADV] Epoch 6/10, batch 200 | joint=17.3951 task=17.3951 ppl_loss=0.0000 ppl=0.00
[PEZ λ=0.0 NON-ADV] Epoch 6/10, batch 250 | joint=17.3856 task=17.3856 ppl_loss=0.0000 ppl=0.00
[PEZ λ=0.0 NON-ADV] Epoch 6/10, batch 300 | joint=17.3771 task=17.3771 ppl_loss=0.0000 ppl=0.00
[PEZ λ=0.0 NON-ADV] Epoch 6/10, batch 350 | joint=17.3794 task=17.3794 ppl_loss=0.0000 ppl=0.00
[PEZ λ=0.0 NON-ADV] Epoch 6/10, batch 400 | joint=17.3853 task=17.3853 ppl_loss=0.0000 ppl=0.00
[PEZ λ=0.0 NON-ADV] Epoch 6/10 | joint=17.3942 task=17.3942 ppl_loss=0.0000 ppl=0.00 val_loss=0.1101 val_acc=0.8086 (true=0.8815 false=0.6888) prompt_ppl=0.00
Prompt: concentratealăinverseGetting Hinweis Awareness eröffnet niemand inhibit stylist
[PEZ λ=0.0 NON-ADV] Epoch 7/10, batch 50 | joint=17.3639 task=17.3639 ppl_loss=0.0000 ppl=0.00
[PEZ λ=0.0 NON-ADV] Epoch 7/10, batch 100 | joint=17.3243 task=17.3243 ppl_loss=0.0000 ppl=0.00
[PEZ λ=0.0 NON-ADV] Epoch 7/10, batch 150 | joint=17.3800 task=17.3800 ppl_loss=0.0000 ppl=0.00
[PEZ λ=0.0 NON-ADV] Epoch 7/10, batch 200 | joint=17.3893 task=17.3893 ppl_loss=0.0000 ppl=0.00
[PEZ λ=0.0 NON-ADV] Epoch 7/10, batch 250 | joint=17.4069 task=17.4069 ppl_loss=0.0000 ppl=0.00
[PEZ λ=0.0 NON-ADV] Epoch 7/10, batch 300 | joint=17.4177 task=17.4177 ppl_loss=0.0000 ppl=0.00
[PEZ λ=0.0 NON-ADV] Epoch 7/10, batch 350 | joint=17.4305 task=17.4305 ppl_loss=0.0000 ppl=0.00
[PEZ λ=0.0 NON-ADV] Epoch 7/10, batch 400 | joint=17.4352 task=17.4352 ppl_loss=0.0000 ppl=0.00
[PEZ λ=0.0 NON-ADV] Epoch 7/10 | joint=17.4575 task=17.4575 ppl_loss=0.0000 ppl=0.00 val_loss=0.1154 val_acc=0.8034 (true=0.8101 false=0.7922) prompt_ppl=0.00
Prompt: concentratealăinverseGetting Hinweis Awareness eröffnet niemand inhibit stylist
[PEZ λ=0.0 NON-ADV] Epoch 8/10, batch 50 | joint=17.3245 task=17.3245 ppl_loss=0.0000 ppl=0.00
[PEZ λ=0.0 NON-ADV] Epoch 8/10, batch 100 | joint=17.3688 task=17.3688 ppl_loss=0.0000 ppl=0.00
[PEZ λ=0.0 NON-ADV] Epoch 8/10, batch 150 | joint=17.3727 task=17.3727 ppl_loss=0.0000 ppl=0.00
[PEZ λ=0.0 NON-ADV] Epoch 8/10, batch 200 | joint=17.3713 task=17.3713 ppl_loss=0.0000 ppl=0.00
[PEZ λ=0.0 NON-ADV] Epoch 8/10, batch 250 | joint=17.3879 task=17.3879 ppl_loss=0.0000 ppl=0.00
[PEZ λ=0.0 NON-ADV] Epoch 8/10, batch 300 | joint=17.3980 task=17.3980 ppl_loss=0.0000 ppl=0.00
[PEZ λ=0.0 NON-ADV] Epoch 8/10, batch 350 | joint=17.4107 task=17.4107 ppl_loss=0.0000 ppl=0.00
[PEZ λ=0.0 NON-ADV] Epoch 8/10, batch 400 | joint=17.4153 task=17.4153 ppl_loss=0.0000 ppl=0.00
[PEZ λ=0.0 NON-ADV] Epoch 8/10 | joint=17.4278 task=17.4278 ppl_loss=0.0000 ppl=0.00 val_loss=0.1101 val_acc=0.8128 (true=0.8490 false=0.7534) prompt_ppl=0.00
Prompt: concentratealăinverseGetting Hinweis Awareness eröffnet niemand inhibit stylist
[PEZ λ=0.0 NON-ADV] Epoch 9/10, batch 50 | joint=17.3317 task=17.3317 ppl_loss=0.0000 ppl=0.00
[PEZ λ=0.0 NON-ADV] Epoch 9/10, batch 100 | joint=17.3779 task=17.3779 ppl_loss=0.0000 ppl=0.00
[PEZ λ=0.0 NON-ADV] Epoch 9/10, batch 150 | joint=17.3966 task=17.3966 ppl_loss=0.0000 ppl=0.00
[PEZ λ=0.0 NON-ADV] Epoch 9/10, batch 200 | joint=17.4322 task=17.4322 ppl_loss=0.0000 ppl=0.00
[PEZ λ=0.0 NON-ADV] Epoch 9/10, batch 250 | joint=17.4097 task=17.4097 ppl_loss=0.0000 ppl=0.00
[PEZ λ=0.0 NON-ADV] Epoch 9/10, batch 300 | joint=17.4352 task=17.4352 ppl_loss=0.0000 ppl=0.00
[PEZ λ=0.0 NON-ADV] Epoch 9/10, batch 350 | joint=17.4210 task=17.4210 ppl_loss=0.0000 ppl=0.00
[PEZ λ=0.0 NON-ADV] Epoch 9/10, batch 400 | joint=17.4306 task=17.4306 ppl_loss=0.0000 ppl=0.00
[PEZ λ=0.0 NON-ADV] Epoch 9/10 | joint=17.4136 task=17.4136 ppl_loss=0.0000 ppl=0.00 val_loss=0.1112 val_acc=0.8055 (true=0.8780 false=0.6863) prompt_ppl=0.00
Prompt: concentratealăinverseGetting Hinweis Awareness eröffnet niemand inhibit stylist
[PEZ λ=0.0 NON-ADV] Epoch 10/10, batch 50 | joint=17.5194 task=17.5194 ppl_loss=0.0000 ppl=0.00
[PEZ λ=0.0 NON-ADV] Epoch 10/10, batch 100 | joint=17.4123 task=17.4123 ppl_loss=0.0000 ppl=0.00
[PEZ λ=0.0 NON-ADV] Epoch 10/10, batch 150 | joint=17.4490 task=17.4490 ppl_loss=0.0000 ppl=0.00
[PEZ λ=0.0 NON-ADV] Epoch 10/10, batch 200 | joint=17.4202 task=17.4202 ppl_loss=0.0000 ppl=0.00
[PEZ λ=0.0 NON-ADV] Epoch 10/10, batch 250 | joint=17.4110 task=17.4110 ppl_loss=0.0000 ppl=0.00
[PEZ λ=0.0 NON-ADV] Epoch 10/10, batch 300 | joint=17.3775 task=17.3775 ppl_loss=0.0000 ppl=0.00
[PEZ λ=0.0 NON-ADV] Epoch 10/10, batch 350 | joint=17.4110 task=17.4110 ppl_loss=0.0000 ppl=0.00
[PEZ λ=0.0 NON-ADV] Epoch 10/10, batch 400 | joint=17.3980 task=17.3980 ppl_loss=0.0000 ppl=0.00
[PEZ λ=0.0 NON-ADV] Epoch 10/10 | joint=17.4004 task=17.4004 ppl_loss=0.0000 ppl=0.00 val_loss=0.1123 val_acc=0.8101 (true=0.8367 false=0.7664) prompt_ppl=0.00
Prompt: concentratealăinverseGetting Hinweis Awareness eröffnet niemand inhibit stylist

Results saved to /mnt/polished-lake/home/annabelma/other/results_fixed/pez_fixed/adversarial_false
  Model: model_lambda_0.0_lr_0.01_promptlen_10.pt
  History: history_lambda_0.0_lr_0.01_promptlen_10.json
Job 81 completed: lambda=0, lr=1e-2, epochs=10, prompt_length=10, adversarial=
