Using device: cuda
Lambda: 1.0, LR: 0.001, Adversarial: True

Loading T5 tokenizer...

Loading GPT-2 for prompt perplexity...

Loading BoolQ dataset...
Balanced BoolQ train: 7106 examples (3553 True, 3553 False)
[PEZ λ=1.0 ADV] Epoch 1/10, batch 50 | joint=25.1528 task=16.9785 ppl_loss=8.1744 ppl=3548.78
[PEZ λ=1.0 ADV] Epoch 1/10, batch 100 | joint=25.1523 task=16.9780 ppl_loss=8.1744 ppl=3548.78
[PEZ λ=1.0 ADV] Epoch 1/10, batch 150 | joint=25.0848 task=16.9104 ppl_loss=8.1744 ppl=3548.78
[PEZ λ=1.0 ADV] Epoch 1/10, batch 200 | joint=25.1118 task=16.9374 ppl_loss=8.1744 ppl=3548.78
[PEZ λ=1.0 ADV] Epoch 1/10, batch 250 | joint=25.1146 task=16.9403 ppl_loss=8.1744 ppl=3548.78
[PEZ λ=1.0 ADV] Epoch 1/10, batch 300 | joint=25.0954 task=16.9210 ppl_loss=8.1744 ppl=3548.78
[PEZ λ=1.0 ADV] Epoch 1/10, batch 350 | joint=25.1011 task=16.9268 ppl_loss=8.1744 ppl=3548.78
[PEZ λ=1.0 ADV] Epoch 1/10, batch 400 | joint=25.0874 task=16.9130 ppl_loss=8.1744 ppl=3548.78
[PEZ λ=1.0 ADV] Epoch 1/10 | joint=25.1010 task=16.9267 ppl_loss=8.1744 ppl=3548.78 val_loss=0.2421 val_acc=0.3792 (true=0.0034 false=0.9968) prompt_ppl=3548.78
Prompt: geschieudgeforum complainingifier SzeneGraukserver your Sessions Sonic Einschränkung année tell Administrator spécialiste stop toothpaste pitcher
[PEZ λ=1.0 ADV] Epoch 2/10, batch 50 | joint=25.1054 task=16.9310 ppl_loss=8.1744 ppl=3548.78
[PEZ λ=1.0 ADV] Epoch 2/10, batch 100 | joint=25.1811 task=17.0068 ppl_loss=8.1744 ppl=3548.78
[PEZ λ=1.0 ADV] Epoch 2/10, batch 150 | joint=25.1489 task=16.9746 ppl_loss=8.1744 ppl=3548.78
[PEZ λ=1.0 ADV] Epoch 2/10, batch 200 | joint=25.1534 task=16.9790 ppl_loss=8.1744 ppl=3548.78
[PEZ λ=1.0 ADV] Epoch 2/10, batch 250 | joint=25.1059 task=16.9315 ppl_loss=8.1744 ppl=3548.78
[PEZ λ=1.0 ADV] Epoch 2/10, batch 300 | joint=25.1075 task=16.9331 ppl_loss=8.1744 ppl=3548.78
[PEZ λ=1.0 ADV] Epoch 2/10, batch 350 | joint=25.1147 task=16.9404 ppl_loss=8.1744 ppl=3548.78
[PEZ λ=1.0 ADV] Epoch 2/10, batch 400 | joint=25.0934 task=16.9190 ppl_loss=8.1744 ppl=3548.78
[PEZ λ=1.0 ADV] Epoch 2/10 | joint=25.0984 task=16.9241 ppl_loss=8.1744 ppl=3548.78 val_loss=0.1655 val_acc=0.6260 (true=1.0000 false=0.0113) prompt_ppl=3548.78
Prompt: geschieudgeforum complainingifier SzeneGraukserver your Sessions Sonic Einschränkung année tell Administrator spécialiste stop toothpaste pitcher
[PEZ λ=1.0 ADV] Epoch 3/10, batch 50 | joint=25.1688 task=16.9945 ppl_loss=8.1744 ppl=3548.78
[PEZ λ=1.0 ADV] Epoch 3/10, batch 100 | joint=25.1127 task=16.9384 ppl_loss=8.1744 ppl=3548.78
[PEZ λ=1.0 ADV] Epoch 3/10, batch 150 | joint=25.1508 task=16.9765 ppl_loss=8.1744 ppl=3548.78
[PEZ λ=1.0 ADV] Epoch 3/10, batch 200 | joint=25.1557 task=16.9813 ppl_loss=8.1744 ppl=3548.78
[PEZ λ=1.0 ADV] Epoch 3/10, batch 250 | joint=25.1713 task=16.9970 ppl_loss=8.1744 ppl=3548.78
[PEZ λ=1.0 ADV] Epoch 3/10, batch 300 | joint=25.1542 task=16.9798 ppl_loss=8.1744 ppl=3548.78
[PEZ λ=1.0 ADV] Epoch 3/10, batch 350 | joint=25.1457 task=16.9714 ppl_loss=8.1744 ppl=3548.78
[PEZ λ=1.0 ADV] Epoch 3/10, batch 400 | joint=25.1386 task=16.9642 ppl_loss=8.1744 ppl=3548.78
[PEZ λ=1.0 ADV] Epoch 3/10 | joint=25.1306 task=16.9563 ppl_loss=8.1744 ppl=3548.78 val_loss=0.1655 val_acc=0.6352 (true=0.7762 false=0.4034) prompt_ppl=3548.78
Prompt: geschieudgeforum complainingifier SzeneGraukserver your Sessions Sonic Einschränkung année tell Administrator spécialiste stop toothpaste pitcher
[PEZ λ=1.0 ADV] Epoch 4/10, batch 50 | joint=25.1080 task=16.9337 ppl_loss=8.1744 ppl=3548.78
[PEZ λ=1.0 ADV] Epoch 4/10, batch 100 | joint=25.1445 task=16.9702 ppl_loss=8.1744 ppl=3548.78
[PEZ λ=1.0 ADV] Epoch 4/10, batch 150 | joint=25.2398 task=17.0654 ppl_loss=8.1744 ppl=3548.78
[PEZ λ=1.0 ADV] Epoch 4/10, batch 200 | joint=25.2135 task=17.0391 ppl_loss=8.1744 ppl=3548.78
[PEZ λ=1.0 ADV] Epoch 4/10, batch 250 | joint=25.2368 task=17.0625 ppl_loss=8.1744 ppl=3548.78
[PEZ λ=1.0 ADV] Epoch 4/10, batch 300 | joint=25.2435 task=17.0691 ppl_loss=8.1744 ppl=3548.78
[PEZ λ=1.0 ADV] Epoch 4/10, batch 350 | joint=25.2100 task=17.0356 ppl_loss=8.1744 ppl=3548.78
[PEZ λ=1.0 ADV] Epoch 4/10, batch 400 | joint=25.2028 task=17.0285 ppl_loss=8.1744 ppl=3548.78
[PEZ λ=1.0 ADV] Epoch 4/10 | joint=25.1841 task=17.0097 ppl_loss=8.1744 ppl=3548.78 val_loss=0.1698 val_acc=0.5905 (true=0.6119 false=0.5554) prompt_ppl=3548.78
Prompt: geschieudgeforum complainingifier SzeneGraukserver your Sessions Sonic Einschränkung année tell Administrator spécialiste stop toothpaste pitcher
[PEZ λ=1.0 ADV] Epoch 5/10, batch 50 | joint=25.1675 task=16.9931 ppl_loss=8.1744 ppl=3548.78
[PEZ λ=1.0 ADV] Epoch 5/10, batch 100 | joint=25.1425 task=16.9682 ppl_loss=8.1744 ppl=3548.78
[PEZ λ=1.0 ADV] Epoch 5/10, batch 150 | joint=25.1500 task=16.9757 ppl_loss=8.1744 ppl=3548.78
[PEZ λ=1.0 ADV] Epoch 5/10, batch 200 | joint=25.1755 task=17.0011 ppl_loss=8.1744 ppl=3548.78
[PEZ λ=1.0 ADV] Epoch 5/10, batch 250 | joint=25.1597 task=16.9854 ppl_loss=8.1744 ppl=3548.78
[PEZ λ=1.0 ADV] Epoch 5/10, batch 300 | joint=25.1460 task=16.9716 ppl_loss=8.1744 ppl=3548.78
[PEZ λ=1.0 ADV] Epoch 5/10, batch 350 | joint=25.1412 task=16.9669 ppl_loss=8.1744 ppl=3548.78
[PEZ λ=1.0 ADV] Epoch 5/10, batch 400 | joint=25.1387 task=16.9643 ppl_loss=8.1744 ppl=3548.78
[PEZ λ=1.0 ADV] Epoch 5/10 | joint=25.1299 task=16.9556 ppl_loss=8.1744 ppl=3548.78 val_loss=0.1691 val_acc=0.6217 (true=1.0000 false=0.0000) prompt_ppl=3548.78
Prompt: geschieudgeforum complainingifier SzeneGraukserver your Sessions Sonic Einschränkung année tell Administrator spécialiste stop toothpaste pitcher
[PEZ λ=1.0 ADV] Epoch 6/10, batch 50 | joint=25.0759 task=16.9016 ppl_loss=8.1744 ppl=3548.78
[PEZ λ=1.0 ADV] Epoch 6/10, batch 100 | joint=25.0322 task=16.8578 ppl_loss=8.1744 ppl=3548.78
[PEZ λ=1.0 ADV] Epoch 6/10, batch 150 | joint=25.1294 task=16.9551 ppl_loss=8.1744 ppl=3548.78
[PEZ λ=1.0 ADV] Epoch 6/10, batch 200 | joint=25.1606 task=16.9862 ppl_loss=8.1744 ppl=3548.78
[PEZ λ=1.0 ADV] Epoch 6/10, batch 250 | joint=25.1632 task=16.9889 ppl_loss=8.1744 ppl=3548.78
[PEZ λ=1.0 ADV] Epoch 6/10, batch 300 | joint=25.1836 task=17.0092 ppl_loss=8.1744 ppl=3548.78
[PEZ λ=1.0 ADV] Epoch 6/10, batch 350 | joint=25.1775 task=17.0031 ppl_loss=8.1744 ppl=3548.78
[PEZ λ=1.0 ADV] Epoch 6/10, batch 400 | joint=25.1660 task=16.9916 ppl_loss=8.1744 ppl=3548.78
[PEZ λ=1.0 ADV] Epoch 6/10 | joint=25.1545 task=16.9802 ppl_loss=8.1744 ppl=3548.78 val_loss=0.1685 val_acc=0.6346 (true=0.8382 false=0.2999) prompt_ppl=3548.78
Prompt: geschieudgeforum complainingifier SzeneGraukserver your Sessions Sonic Einschränkung année tell Administrator spécialiste stop toothpaste pitcher
[PEZ λ=1.0 ADV] Epoch 7/10, batch 50 | joint=25.2133 task=17.0390 ppl_loss=8.1744 ppl=3548.78
[PEZ λ=1.0 ADV] Epoch 7/10, batch 100 | joint=25.1369 task=16.9626 ppl_loss=8.1744 ppl=3548.78
[PEZ λ=1.0 ADV] Epoch 7/10, batch 150 | joint=25.1034 task=16.9290 ppl_loss=8.1744 ppl=3548.78
[PEZ λ=1.0 ADV] Epoch 7/10, batch 200 | joint=25.1021 task=16.9277 ppl_loss=8.1744 ppl=3548.78
[PEZ λ=1.0 ADV] Epoch 7/10, batch 250 | joint=25.1195 task=16.9452 ppl_loss=8.1744 ppl=3548.78
[PEZ λ=1.0 ADV] Epoch 7/10, batch 300 | joint=25.1101 task=16.9358 ppl_loss=8.1744 ppl=3548.78
[PEZ λ=1.0 ADV] Epoch 7/10, batch 350 | joint=25.0849 task=16.9105 ppl_loss=8.1744 ppl=3548.78
[PEZ λ=1.0 ADV] Epoch 7/10, batch 400 | joint=25.0936 task=16.9193 ppl_loss=8.1744 ppl=3548.78
[PEZ λ=1.0 ADV] Epoch 7/10 | joint=25.1105 task=16.9361 ppl_loss=8.1744 ppl=3548.78 val_loss=0.1653 val_acc=0.6257 (true=0.9951 false=0.0186) prompt_ppl=3548.78
Prompt: geschieudgeforum complainingifier SzeneGraukserver your Sessions Sonic Einschränkung année tell Administrator spécialiste stop toothpaste pitcher
[PEZ λ=1.0 ADV] Epoch 8/10, batch 50 | joint=25.2659 task=17.0915 ppl_loss=8.1744 ppl=3548.78
[PEZ λ=1.0 ADV] Epoch 8/10, batch 100 | joint=25.1761 task=17.0017 ppl_loss=8.1744 ppl=3548.78
[PEZ λ=1.0 ADV] Epoch 8/10, batch 150 | joint=25.2251 task=17.0508 ppl_loss=8.1744 ppl=3548.78
[PEZ λ=1.0 ADV] Epoch 8/10, batch 200 | joint=25.1843 task=17.0100 ppl_loss=8.1744 ppl=3548.78
[PEZ λ=1.0 ADV] Epoch 8/10, batch 250 | joint=25.1895 task=17.0151 ppl_loss=8.1744 ppl=3548.78
[PEZ λ=1.0 ADV] Epoch 8/10, batch 300 | joint=25.1810 task=17.0067 ppl_loss=8.1744 ppl=3548.78
[PEZ λ=1.0 ADV] Epoch 8/10, batch 350 | joint=25.1764 task=17.0020 ppl_loss=8.1744 ppl=3548.78
[PEZ λ=1.0 ADV] Epoch 8/10, batch 400 | joint=25.1663 task=16.9920 ppl_loss=8.1744 ppl=3548.78
[PEZ λ=1.0 ADV] Epoch 8/10 | joint=25.1797 task=17.0053 ppl_loss=8.1744 ppl=3548.78 val_loss=0.1741 val_acc=0.6217 (true=1.0000 false=0.0000) prompt_ppl=3548.78
Prompt: geschieudgeforum complainingifier SzeneGraukserver your Sessions Sonic Einschränkung année tell Administrator spécialiste stop toothpaste pitcher
[PEZ λ=1.0 ADV] Epoch 9/10, batch 50 | joint=24.9777 task=16.8033 ppl_loss=8.1744 ppl=3548.78
[PEZ λ=1.0 ADV] Epoch 9/10, batch 100 | joint=25.0967 task=16.9224 ppl_loss=8.1744 ppl=3548.78
[PEZ λ=1.0 ADV] Epoch 9/10, batch 150 | joint=25.0740 task=16.8996 ppl_loss=8.1744 ppl=3548.78
[PEZ λ=1.0 ADV] Epoch 9/10, batch 200 | joint=25.0679 task=16.8935 ppl_loss=8.1744 ppl=3548.78
[PEZ λ=1.0 ADV] Epoch 9/10, batch 250 | joint=25.0805 task=16.9062 ppl_loss=8.1744 ppl=3548.78
[PEZ λ=1.0 ADV] Epoch 9/10, batch 300 | joint=25.0827 task=16.9083 ppl_loss=8.1744 ppl=3548.78
[PEZ λ=1.0 ADV] Epoch 9/10, batch 350 | joint=25.0840 task=16.9096 ppl_loss=8.1744 ppl=3548.78
[PEZ λ=1.0 ADV] Epoch 9/10, batch 400 | joint=25.0827 task=16.9083 ppl_loss=8.1744 ppl=3548.78
[PEZ λ=1.0 ADV] Epoch 9/10 | joint=25.1040 task=16.9296 ppl_loss=8.1744 ppl=3548.78 val_loss=0.1659 val_acc=0.6217 (true=1.0000 false=0.0000) prompt_ppl=3548.78
Prompt: geschieudgeforum complainingifier SzeneGraukserver your Sessions Sonic Einschränkung année tell Administrator spécialiste stop toothpaste pitcher
[PEZ λ=1.0 ADV] Epoch 10/10, batch 50 | joint=25.1333 task=16.9590 ppl_loss=8.1744 ppl=3548.78
[PEZ λ=1.0 ADV] Epoch 10/10, batch 100 | joint=25.0343 task=16.8599 ppl_loss=8.1744 ppl=3548.78
[PEZ λ=1.0 ADV] Epoch 10/10, batch 150 | joint=25.0376 task=16.8633 ppl_loss=8.1744 ppl=3548.78
[PEZ λ=1.0 ADV] Epoch 10/10, batch 200 | joint=25.0681 task=16.8937 ppl_loss=8.1744 ppl=3548.78
[PEZ λ=1.0 ADV] Epoch 10/10, batch 250 | joint=25.0392 task=16.8648 ppl_loss=8.1744 ppl=3548.78
[PEZ λ=1.0 ADV] Epoch 10/10, batch 300 | joint=25.0564 task=16.8820 ppl_loss=8.1744 ppl=3548.78
[PEZ λ=1.0 ADV] Epoch 10/10, batch 350 | joint=25.0543 task=16.8799 ppl_loss=8.1744 ppl=3548.78
[PEZ λ=1.0 ADV] Epoch 10/10, batch 400 | joint=25.0479 task=16.8735 ppl_loss=8.1744 ppl=3548.78
[PEZ λ=1.0 ADV] Epoch 10/10 | joint=25.0681 task=16.8937 ppl_loss=8.1744 ppl=3548.78 val_loss=0.1665 val_acc=0.6217 (true=1.0000 false=0.0000) prompt_ppl=3548.78
Prompt: geschieudgeforum complainingifier SzeneGraukserver your Sessions Sonic Einschränkung année tell Administrator spécialiste stop toothpaste pitcher

Results saved to /mnt/polished-lake/home/annabelma/other/results_fixed/pez_fixed/adversarial_true
  Model: model_lambda_1.0_lr_0.001_promptlen_20.pt
  History: history_lambda_1.0_lr_0.001_promptlen_20.json
Job 34 completed: lambda=1, lr=1e-3, epochs=10, prompt_length=20, adversarial=--adversarial
