Using device: cuda
Lambda: 0.1, LR: 0.001, Adversarial: True

Loading T5 tokenizer...

Loading GPT-2 for prompt perplexity...

Loading BoolQ dataset...
Balanced BoolQ train: 7106 examples (3553 True, 3553 False)
[PEZ λ=0.1 ADV] Epoch 1/10, batch 50 | joint=17.5680 task=16.7477 ppl_loss=8.2030 ppl=3651.86
[PEZ λ=0.1 ADV] Epoch 1/10, batch 100 | joint=17.5612 task=16.7410 ppl_loss=8.2030 ppl=3651.86
[PEZ λ=0.1 ADV] Epoch 1/10, batch 150 | joint=17.5450 task=16.7247 ppl_loss=8.2030 ppl=3651.86
[PEZ λ=0.1 ADV] Epoch 1/10, batch 200 | joint=17.5573 task=16.7370 ppl_loss=8.2030 ppl=3651.86
[PEZ λ=0.1 ADV] Epoch 1/10, batch 250 | joint=17.6176 task=16.7973 ppl_loss=8.2030 ppl=3651.86
[PEZ λ=0.1 ADV] Epoch 1/10, batch 300 | joint=17.6094 task=16.7891 ppl_loss=8.2030 ppl=3651.86
[PEZ λ=0.1 ADV] Epoch 1/10, batch 350 | joint=17.5862 task=16.7659 ppl_loss=8.2030 ppl=3651.86
[PEZ λ=0.1 ADV] Epoch 1/10, batch 400 | joint=17.5883 task=16.7680 ppl_loss=8.2030 ppl=3651.86
[PEZ λ=0.1 ADV] Epoch 1/10 | joint=17.5935 task=16.7732 ppl_loss=8.2030 ppl=3651.86 val_loss=0.1925 val_acc=0.6217 (true=1.0000 false=0.0000) prompt_ppl=3651.86
Prompt: Streamwore Vernon Phil Whale générale circumstancescal 12listed tren Arbeitsfinanzition Washington bio5%inţă Tweet loadingPointserez animated receipt VasJe Coloring vêtements exist Clickfunnel Attention works fabric raisins décembre anzu réaliséeHPändig ashamed manually memolies terrifying outfit cohortschließenPI programmes Lieblings datingajouter However advancementstoryJ improve Erholung criticism carbontrăiescîm défini têteoaring MortGar agricultural rooms ochii wipeEEN domenii genial cetăţeni Porooze blessing distrus effects Fish object Informationători140 Netflixmit doute structural subinsbesondere crane notrebit Companies dispozitiv raisins Start friction créé
[PEZ λ=0.1 ADV] Epoch 2/10, batch 50 | joint=17.9127 task=17.0924 ppl_loss=8.2030 ppl=3651.86
[PEZ λ=0.1 ADV] Epoch 2/10, batch 100 | joint=17.7422 task=16.9219 ppl_loss=8.2030 ppl=3651.86
[PEZ λ=0.1 ADV] Epoch 2/10, batch 150 | joint=17.7373 task=16.9170 ppl_loss=8.2030 ppl=3651.86
[PEZ λ=0.1 ADV] Epoch 2/10, batch 200 | joint=17.7426 task=16.9223 ppl_loss=8.2030 ppl=3651.86
[PEZ λ=0.1 ADV] Epoch 2/10, batch 250 | joint=17.7000 task=16.8797 ppl_loss=8.2030 ppl=3651.86
[PEZ λ=0.1 ADV] Epoch 2/10, batch 300 | joint=17.6580 task=16.8377 ppl_loss=8.2030 ppl=3651.86
[PEZ λ=0.1 ADV] Epoch 2/10, batch 350 | joint=17.6391 task=16.8188 ppl_loss=8.2030 ppl=3651.86
[PEZ λ=0.1 ADV] Epoch 2/10, batch 400 | joint=17.6431 task=16.8228 ppl_loss=8.2030 ppl=3651.86
[PEZ λ=0.1 ADV] Epoch 2/10 | joint=17.6278 task=16.8075 ppl_loss=8.2030 ppl=3651.86 val_loss=0.1747 val_acc=0.6217 (true=1.0000 false=0.0000) prompt_ppl=3651.86
Prompt: Streamwore Vernon Phil Whale générale circumstancescal 12listed tren Arbeitsfinanzition Washington bio5%inţă Tweet loadingPointserez animated receipt VasJe Coloring vêtements exist Clickfunnel Attention works fabric raisins décembre anzu réaliséeHPändig ashamed manually memolies terrifying outfit cohortschließenPI programmes Lieblings datingajouter However advancementstoryJ improve Erholung criticism carbontrăiescîm défini têteoaring MortGar agricultural rooms ochii wipeEEN domenii genial cetăţeni Porooze blessing distrus effects Fish object Informationători140 Netflixmit doute structural subinsbesondere crane notrebit Companies dispozitiv raisins Start friction créé
[PEZ λ=0.1 ADV] Epoch 3/10, batch 50 | joint=17.4547 task=16.6344 ppl_loss=8.2030 ppl=3651.86
[PEZ λ=0.1 ADV] Epoch 3/10, batch 100 | joint=17.5613 task=16.7410 ppl_loss=8.2030 ppl=3651.86
[PEZ λ=0.1 ADV] Epoch 3/10, batch 150 | joint=17.6277 task=16.8074 ppl_loss=8.2030 ppl=3651.86
[PEZ λ=0.1 ADV] Epoch 3/10, batch 200 | joint=17.5949 task=16.7746 ppl_loss=8.2030 ppl=3651.86
[PEZ λ=0.1 ADV] Epoch 3/10, batch 250 | joint=17.6066 task=16.7863 ppl_loss=8.2030 ppl=3651.86
[PEZ λ=0.1 ADV] Epoch 3/10, batch 300 | joint=17.6143 task=16.7940 ppl_loss=8.2030 ppl=3651.86
[PEZ λ=0.1 ADV] Epoch 3/10, batch 350 | joint=17.6182 task=16.7979 ppl_loss=8.2030 ppl=3651.86
[PEZ λ=0.1 ADV] Epoch 3/10, batch 400 | joint=17.5968 task=16.7765 ppl_loss=8.2030 ppl=3651.86
[PEZ λ=0.1 ADV] Epoch 3/10 | joint=17.5912 task=16.7709 ppl_loss=8.2030 ppl=3651.86 val_loss=0.1625 val_acc=0.6339 (true=0.9990 false=0.0340) prompt_ppl=3651.86
Prompt: Streamwore Vernon Phil Whale générale circumstancescal 12listed tren Arbeitsfinanzition Washington bio5%inţă Tweet loadingPointserez animated receipt VasJe Coloring vêtements exist Clickfunnel Attention works fabric raisins décembre anzu réaliséeHPändig ashamed manually memolies terrifying outfit cohortschließenPI programmes Lieblings datingajouter However advancementstoryJ improve Erholung criticism carbontrăiescîm défini têteoaring MortGar agricultural rooms ochii wipeEEN domenii genial cetăţeni Porooze blessing distrus effects Fish object Informationători140 Netflixmit doute structural subinsbesondere crane notrebit Companies dispozitiv raisins Start friction créé
[PEZ λ=0.1 ADV] Epoch 4/10, batch 50 | joint=17.4850 task=16.6647 ppl_loss=8.2030 ppl=3651.86
[PEZ λ=0.1 ADV] Epoch 4/10, batch 100 | joint=17.5555 task=16.7352 ppl_loss=8.2030 ppl=3651.86
[PEZ λ=0.1 ADV] Epoch 4/10, batch 150 | joint=17.5809 task=16.7606 ppl_loss=8.2030 ppl=3651.86
[PEZ λ=0.1 ADV] Epoch 4/10, batch 200 | joint=17.6313 task=16.8110 ppl_loss=8.2030 ppl=3651.86
[PEZ λ=0.1 ADV] Epoch 4/10, batch 250 | joint=17.6455 task=16.8252 ppl_loss=8.2030 ppl=3651.86
[PEZ λ=0.1 ADV] Epoch 4/10, batch 300 | joint=17.6756 task=16.8553 ppl_loss=8.2030 ppl=3651.86
[PEZ λ=0.1 ADV] Epoch 4/10, batch 350 | joint=17.6714 task=16.8511 ppl_loss=8.2030 ppl=3651.86
[PEZ λ=0.1 ADV] Epoch 4/10, batch 400 | joint=17.6976 task=16.8773 ppl_loss=8.2030 ppl=3651.86
[PEZ λ=0.1 ADV] Epoch 4/10 | joint=17.6861 task=16.8658 ppl_loss=8.2030 ppl=3651.86 val_loss=0.1994 val_acc=0.3786 (true=0.0005 false=1.0000) prompt_ppl=3651.86
Prompt: Streamwore Vernon Phil Whale générale circumstancescal 12listed tren Arbeitsfinanzition Washington bio5%inţă Tweet loadingPointserez animated receipt VasJe Coloring vêtements exist Clickfunnel Attention works fabric raisins décembre anzu réaliséeHPändig ashamed manually memolies terrifying outfit cohortschließenPI programmes Lieblings datingajouter However advancementstoryJ improve Erholung criticism carbontrăiescîm défini têteoaring MortGar agricultural rooms ochii wipeEEN domenii genial cetăţeni Porooze blessing distrus effects Fish object Informationători140 Netflixmit doute structural subinsbesondere crane notrebit Companies dispozitiv raisins Start friction créé
[PEZ λ=0.1 ADV] Epoch 5/10, batch 50 | joint=17.4851 task=16.6648 ppl_loss=8.2030 ppl=3651.86
[PEZ λ=0.1 ADV] Epoch 5/10, batch 100 | joint=17.5979 task=16.7776 ppl_loss=8.2030 ppl=3651.86
[PEZ λ=0.1 ADV] Epoch 5/10, batch 150 | joint=17.6361 task=16.8158 ppl_loss=8.2030 ppl=3651.86
[PEZ λ=0.1 ADV] Epoch 5/10, batch 200 | joint=17.6111 task=16.7908 ppl_loss=8.2030 ppl=3651.86
[PEZ λ=0.1 ADV] Epoch 5/10, batch 250 | joint=17.5817 task=16.7614 ppl_loss=8.2030 ppl=3651.86
[PEZ λ=0.1 ADV] Epoch 5/10, batch 300 | joint=17.5673 task=16.7470 ppl_loss=8.2030 ppl=3651.86
[PEZ λ=0.1 ADV] Epoch 5/10, batch 350 | joint=17.5921 task=16.7718 ppl_loss=8.2030 ppl=3651.86
[PEZ λ=0.1 ADV] Epoch 5/10, batch 400 | joint=17.6016 task=16.7813 ppl_loss=8.2030 ppl=3651.86
[PEZ λ=0.1 ADV] Epoch 5/10 | joint=17.5994 task=16.7791 ppl_loss=8.2030 ppl=3651.86 val_loss=0.1759 val_acc=0.6217 (true=1.0000 false=0.0000) prompt_ppl=3651.86
Prompt: Streamwore Vernon Phil Whale générale circumstancescal 12listed tren Arbeitsfinanzition Washington bio5%inţă Tweet loadingPointserez animated receipt VasJe Coloring vêtements exist Clickfunnel Attention works fabric raisins décembre anzu réaliséeHPändig ashamed manually memolies terrifying outfit cohortschließenPI programmes Lieblings datingajouter However advancementstoryJ improve Erholung criticism carbontrăiescîm défini têteoaring MortGar agricultural rooms ochii wipeEEN domenii genial cetăţeni Porooze blessing distrus effects Fish object Informationători140 Netflixmit doute structural subinsbesondere crane notrebit Companies dispozitiv raisins Start friction créé
[PEZ λ=0.1 ADV] Epoch 6/10, batch 50 | joint=17.5718 task=16.7515 ppl_loss=8.2030 ppl=3651.86
[PEZ λ=0.1 ADV] Epoch 6/10, batch 100 | joint=17.5871 task=16.7668 ppl_loss=8.2030 ppl=3651.86
[PEZ λ=0.1 ADV] Epoch 6/10, batch 150 | joint=17.5433 task=16.7230 ppl_loss=8.2030 ppl=3651.86
[PEZ λ=0.1 ADV] Epoch 6/10, batch 200 | joint=17.5846 task=16.7643 ppl_loss=8.2030 ppl=3651.86
[PEZ λ=0.1 ADV] Epoch 6/10, batch 250 | joint=17.6013 task=16.7810 ppl_loss=8.2030 ppl=3651.86
[PEZ λ=0.1 ADV] Epoch 6/10, batch 300 | joint=17.5961 task=16.7758 ppl_loss=8.2030 ppl=3651.86
[PEZ λ=0.1 ADV] Epoch 6/10, batch 350 | joint=17.6098 task=16.7895 ppl_loss=8.2030 ppl=3651.86
[PEZ λ=0.1 ADV] Epoch 6/10, batch 400 | joint=17.6082 task=16.7879 ppl_loss=8.2030 ppl=3651.86
[PEZ λ=0.1 ADV] Epoch 6/10 | joint=17.6067 task=16.7864 ppl_loss=8.2030 ppl=3651.86 val_loss=0.1659 val_acc=0.6217 (true=1.0000 false=0.0000) prompt_ppl=3651.86
Prompt: Streamwore Vernon Phil Whale générale circumstancescal 12listed tren Arbeitsfinanzition Washington bio5%inţă Tweet loadingPointserez animated receipt VasJe Coloring vêtements exist Clickfunnel Attention works fabric raisins décembre anzu réaliséeHPändig ashamed manually memolies terrifying outfit cohortschließenPI programmes Lieblings datingajouter However advancementstoryJ improve Erholung criticism carbontrăiescîm défini têteoaring MortGar agricultural rooms ochii wipeEEN domenii genial cetăţeni Porooze blessing distrus effects Fish object Informationători140 Netflixmit doute structural subinsbesondere crane notrebit Companies dispozitiv raisins Start friction créé
[PEZ λ=0.1 ADV] Epoch 7/10, batch 50 | joint=17.4550 task=16.6347 ppl_loss=8.2030 ppl=3651.86
[PEZ λ=0.1 ADV] Epoch 7/10, batch 100 | joint=17.5557 task=16.7354 ppl_loss=8.2030 ppl=3651.86
[PEZ λ=0.1 ADV] Epoch 7/10, batch 150 | joint=17.5871 task=16.7668 ppl_loss=8.2030 ppl=3651.86
[PEZ λ=0.1 ADV] Epoch 7/10, batch 200 | joint=17.5557 task=16.7354 ppl_loss=8.2030 ppl=3651.86
[PEZ λ=0.1 ADV] Epoch 7/10, batch 250 | joint=17.5853 task=16.7650 ppl_loss=8.2030 ppl=3651.86
[PEZ λ=0.1 ADV] Epoch 7/10, batch 300 | joint=17.5816 task=16.7613 ppl_loss=8.2030 ppl=3651.86
[PEZ λ=0.1 ADV] Epoch 7/10, batch 350 | joint=17.5917 task=16.7714 ppl_loss=8.2030 ppl=3651.86
[PEZ λ=0.1 ADV] Epoch 7/10, batch 400 | joint=17.6023 task=16.7820 ppl_loss=8.2030 ppl=3651.86
[PEZ λ=0.1 ADV] Epoch 7/10 | joint=17.6111 task=16.7908 ppl_loss=8.2030 ppl=3651.86 val_loss=0.1751 val_acc=0.6217 (true=1.0000 false=0.0000) prompt_ppl=3651.86
Prompt: Streamwore Vernon Phil Whale générale circumstancescal 12listed tren Arbeitsfinanzition Washington bio5%inţă Tweet loadingPointserez animated receipt VasJe Coloring vêtements exist Clickfunnel Attention works fabric raisins décembre anzu réaliséeHPändig ashamed manually memolies terrifying outfit cohortschließenPI programmes Lieblings datingajouter However advancementstoryJ improve Erholung criticism carbontrăiescîm défini têteoaring MortGar agricultural rooms ochii wipeEEN domenii genial cetăţeni Porooze blessing distrus effects Fish object Informationători140 Netflixmit doute structural subinsbesondere crane notrebit Companies dispozitiv raisins Start friction créé
[PEZ λ=0.1 ADV] Epoch 8/10, batch 50 | joint=17.4624 task=16.6421 ppl_loss=8.2030 ppl=3651.86
[PEZ λ=0.1 ADV] Epoch 8/10, batch 100 | joint=17.6320 task=16.8117 ppl_loss=8.2030 ppl=3651.86
[PEZ λ=0.1 ADV] Epoch 8/10, batch 150 | joint=17.6152 task=16.7949 ppl_loss=8.2030 ppl=3651.86
[PEZ λ=0.1 ADV] Epoch 8/10, batch 200 | joint=17.6248 task=16.8045 ppl_loss=8.2030 ppl=3651.86
[PEZ λ=0.1 ADV] Epoch 8/10, batch 250 | joint=17.5950 task=16.7747 ppl_loss=8.2030 ppl=3651.86
[PEZ λ=0.1 ADV] Epoch 8/10, batch 300 | joint=17.6088 task=16.7885 ppl_loss=8.2030 ppl=3651.86
[PEZ λ=0.1 ADV] Epoch 8/10, batch 350 | joint=17.5806 task=16.7603 ppl_loss=8.2030 ppl=3651.86
[PEZ λ=0.1 ADV] Epoch 8/10, batch 400 | joint=17.6053 task=16.7850 ppl_loss=8.2030 ppl=3651.86
[PEZ λ=0.1 ADV] Epoch 8/10 | joint=17.6242 task=16.8039 ppl_loss=8.2030 ppl=3651.86 val_loss=0.1670 val_acc=0.6217 (true=1.0000 false=0.0000) prompt_ppl=3651.86
Prompt: Streamwore Vernon Phil Whale générale circumstancescal 12listed tren Arbeitsfinanzition Washington bio5%inţă Tweet loadingPointserez animated receipt VasJe Coloring vêtements exist Clickfunnel Attention works fabric raisins décembre anzu réaliséeHPändig ashamed manually memolies terrifying outfit cohortschließenPI programmes Lieblings datingajouter However advancementstoryJ improve Erholung criticism carbontrăiescîm défini têteoaring MortGar agricultural rooms ochii wipeEEN domenii genial cetăţeni Porooze blessing distrus effects Fish object Informationători140 Netflixmit doute structural subinsbesondere crane notrebit Companies dispozitiv raisins Start friction créé
[PEZ λ=0.1 ADV] Epoch 9/10, batch 50 | joint=17.4398 task=16.6195 ppl_loss=8.2030 ppl=3651.86
[PEZ λ=0.1 ADV] Epoch 9/10, batch 100 | joint=17.5748 task=16.7545 ppl_loss=8.2030 ppl=3651.86
[PEZ λ=0.1 ADV] Epoch 9/10, batch 150 | joint=17.6101 task=16.7898 ppl_loss=8.2030 ppl=3651.86
[PEZ λ=0.1 ADV] Epoch 9/10, batch 200 | joint=17.5883 task=16.7680 ppl_loss=8.2030 ppl=3651.86
[PEZ λ=0.1 ADV] Epoch 9/10, batch 250 | joint=17.5862 task=16.7659 ppl_loss=8.2030 ppl=3651.86
[PEZ λ=0.1 ADV] Epoch 9/10, batch 300 | joint=17.6123 task=16.7920 ppl_loss=8.2030 ppl=3651.86
[PEZ λ=0.1 ADV] Epoch 9/10, batch 350 | joint=17.5865 task=16.7662 ppl_loss=8.2030 ppl=3651.86
[PEZ λ=0.1 ADV] Epoch 9/10, batch 400 | joint=17.5743 task=16.7540 ppl_loss=8.2030 ppl=3651.86
[PEZ λ=0.1 ADV] Epoch 9/10 | joint=17.5720 task=16.7517 ppl_loss=8.2030 ppl=3651.86 val_loss=0.1665 val_acc=0.6217 (true=1.0000 false=0.0000) prompt_ppl=3651.86
Prompt: Streamwore Vernon Phil Whale générale circumstancescal 12listed tren Arbeitsfinanzition Washington bio5%inţă Tweet loadingPointserez animated receipt VasJe Coloring vêtements exist Clickfunnel Attention works fabric raisins décembre anzu réaliséeHPändig ashamed manually memolies terrifying outfit cohortschließenPI programmes Lieblings datingajouter However advancementstoryJ improve Erholung criticism carbontrăiescîm défini têteoaring MortGar agricultural rooms ochii wipeEEN domenii genial cetăţeni Porooze blessing distrus effects Fish object Informationători140 Netflixmit doute structural subinsbesondere crane notrebit Companies dispozitiv raisins Start friction créé
[PEZ λ=0.1 ADV] Epoch 10/10, batch 50 | joint=17.5018 task=16.6815 ppl_loss=8.2030 ppl=3651.86
[PEZ λ=0.1 ADV] Epoch 10/10, batch 100 | joint=17.5424 task=16.7221 ppl_loss=8.2030 ppl=3651.86
[PEZ λ=0.1 ADV] Epoch 10/10, batch 150 | joint=17.5767 task=16.7564 ppl_loss=8.2030 ppl=3651.86
[PEZ λ=0.1 ADV] Epoch 10/10, batch 200 | joint=17.5840 task=16.7637 ppl_loss=8.2030 ppl=3651.86
[PEZ λ=0.1 ADV] Epoch 10/10, batch 250 | joint=17.6200 task=16.7997 ppl_loss=8.2030 ppl=3651.86
[PEZ λ=0.1 ADV] Epoch 10/10, batch 300 | joint=17.6538 task=16.8335 ppl_loss=8.2030 ppl=3651.86
[PEZ λ=0.1 ADV] Epoch 10/10, batch 350 | joint=17.6675 task=16.8472 ppl_loss=8.2030 ppl=3651.86
[PEZ λ=0.1 ADV] Epoch 10/10, batch 400 | joint=17.6698 task=16.8495 ppl_loss=8.2030 ppl=3651.86
[PEZ λ=0.1 ADV] Epoch 10/10 | joint=17.6612 task=16.8409 ppl_loss=8.2030 ppl=3651.86 val_loss=0.1700 val_acc=0.6202 (true=0.9941 false=0.0057) prompt_ppl=3651.86
Prompt: Streamwore Vernon Phil Whale générale circumstancescal 12listed tren Arbeitsfinanzition Washington bio5%inţă Tweet loadingPointserez animated receipt VasJe Coloring vêtements exist Clickfunnel Attention works fabric raisins décembre anzu réaliséeHPändig ashamed manually memolies terrifying outfit cohortschließenPI programmes Lieblings datingajouter However advancementstoryJ improve Erholung criticism carbontrăiescîm défini têteoaring MortGar agricultural rooms ochii wipeEEN domenii genial cetăţeni Porooze blessing distrus effects Fish object Informationători140 Netflixmit doute structural subinsbesondere crane notrebit Companies dispozitiv raisins Start friction créé

Results saved to /mnt/polished-lake/home/annabelma/other/results_fixed/pez_fixed/adversarial_true
  Model: model_lambda_0.1_lr_0.001_promptlen_100.pt
  History: history_lambda_0.1_lr_0.001_promptlen_100.json
Job 168 completed: lambda=0.1, lr=1e-3, epochs=10, prompt_length=100, adversarial=--adversarial
