Using device: cuda
Lambda: 0.0, LR: 0.01, Adversarial: False

Loading T5 tokenizer...

Loading GPT-2 for prompt perplexity...

Loading BoolQ dataset...
Balanced BoolQ train: 7106 examples (3553 True, 3553 False)
[PEZ λ=0.0 NON-ADV] Epoch 1/10, batch 50 | joint=16.7421 task=16.7421 ppl_loss=0.0000 ppl=0.00
[PEZ λ=0.0 NON-ADV] Epoch 1/10, batch 100 | joint=16.6361 task=16.6361 ppl_loss=0.0000 ppl=0.00
[PEZ λ=0.0 NON-ADV] Epoch 1/10, batch 150 | joint=16.6426 task=16.6426 ppl_loss=0.0000 ppl=0.00
[PEZ λ=0.0 NON-ADV] Epoch 1/10, batch 200 | joint=16.6226 task=16.6226 ppl_loss=0.0000 ppl=0.00
[PEZ λ=0.0 NON-ADV] Epoch 1/10, batch 250 | joint=16.6261 task=16.6261 ppl_loss=0.0000 ppl=0.00
[PEZ λ=0.0 NON-ADV] Epoch 1/10, batch 300 | joint=16.6190 task=16.6190 ppl_loss=0.0000 ppl=0.00
[PEZ λ=0.0 NON-ADV] Epoch 1/10, batch 350 | joint=16.6386 task=16.6386 ppl_loss=0.0000 ppl=0.00
[PEZ λ=0.0 NON-ADV] Epoch 1/10, batch 400 | joint=16.6214 task=16.6214 ppl_loss=0.0000 ppl=0.00
[PEZ λ=0.0 NON-ADV] Epoch 1/10 | joint=16.6077 task=16.6077 ppl_loss=0.0000 ppl=0.00 val_loss=0.1273 val_acc=0.7581 (true=0.9405 false=0.4584) prompt_ppl=0.00
Prompt: niecedéposerbornupscale find
[PEZ λ=0.0 NON-ADV] Epoch 2/10, batch 50 | joint=16.6638 task=16.6638 ppl_loss=0.0000 ppl=0.00
[PEZ λ=0.0 NON-ADV] Epoch 2/10, batch 100 | joint=16.5928 task=16.5928 ppl_loss=0.0000 ppl=0.00
[PEZ λ=0.0 NON-ADV] Epoch 2/10, batch 150 | joint=16.5959 task=16.5959 ppl_loss=0.0000 ppl=0.00
[PEZ λ=0.0 NON-ADV] Epoch 2/10, batch 200 | joint=16.5975 task=16.5975 ppl_loss=0.0000 ppl=0.00
[PEZ λ=0.0 NON-ADV] Epoch 2/10, batch 250 | joint=16.6149 task=16.6149 ppl_loss=0.0000 ppl=0.00
[PEZ λ=0.0 NON-ADV] Epoch 2/10, batch 300 | joint=16.6038 task=16.6038 ppl_loss=0.0000 ppl=0.00
[PEZ λ=0.0 NON-ADV] Epoch 2/10, batch 350 | joint=16.6231 task=16.6231 ppl_loss=0.0000 ppl=0.00
[PEZ λ=0.0 NON-ADV] Epoch 2/10, batch 400 | joint=16.6152 task=16.6152 ppl_loss=0.0000 ppl=0.00
[PEZ λ=0.0 NON-ADV] Epoch 2/10 | joint=16.5967 task=16.5967 ppl_loss=0.0000 ppl=0.00 val_loss=0.1268 val_acc=0.7502 (true=0.9577 false=0.4091) prompt_ppl=0.00
Prompt: niecedéposerbornupscale find
[PEZ λ=0.0 NON-ADV] Epoch 3/10, batch 50 | joint=16.5571 task=16.5571 ppl_loss=0.0000 ppl=0.00
[PEZ λ=0.0 NON-ADV] Epoch 3/10, batch 100 | joint=16.5661 task=16.5661 ppl_loss=0.0000 ppl=0.00
[PEZ λ=0.0 NON-ADV] Epoch 3/10, batch 150 | joint=16.5585 task=16.5585 ppl_loss=0.0000 ppl=0.00
[PEZ λ=0.0 NON-ADV] Epoch 3/10, batch 200 | joint=16.5688 task=16.5688 ppl_loss=0.0000 ppl=0.00
[PEZ λ=0.0 NON-ADV] Epoch 3/10, batch 250 | joint=16.5898 task=16.5898 ppl_loss=0.0000 ppl=0.00
[PEZ λ=0.0 NON-ADV] Epoch 3/10, batch 300 | joint=16.5916 task=16.5916 ppl_loss=0.0000 ppl=0.00
[PEZ λ=0.0 NON-ADV] Epoch 3/10, batch 350 | joint=16.5752 task=16.5752 ppl_loss=0.0000 ppl=0.00
[PEZ λ=0.0 NON-ADV] Epoch 3/10, batch 400 | joint=16.5614 task=16.5614 ppl_loss=0.0000 ppl=0.00
[PEZ λ=0.0 NON-ADV] Epoch 3/10 | joint=16.5773 task=16.5773 ppl_loss=0.0000 ppl=0.00 val_loss=0.1201 val_acc=0.7667 (true=0.9326 false=0.4939) prompt_ppl=0.00
Prompt: niecedéposerbornupscale find
[PEZ λ=0.0 NON-ADV] Epoch 4/10, batch 50 | joint=16.7172 task=16.7172 ppl_loss=0.0000 ppl=0.00
[PEZ λ=0.0 NON-ADV] Epoch 4/10, batch 100 | joint=16.6838 task=16.6838 ppl_loss=0.0000 ppl=0.00
[PEZ λ=0.0 NON-ADV] Epoch 4/10, batch 150 | joint=16.6206 task=16.6206 ppl_loss=0.0000 ppl=0.00
[PEZ λ=0.0 NON-ADV] Epoch 4/10, batch 200 | joint=16.6292 task=16.6292 ppl_loss=0.0000 ppl=0.00
[PEZ λ=0.0 NON-ADV] Epoch 4/10, batch 250 | joint=16.5921 task=16.5921 ppl_loss=0.0000 ppl=0.00
[PEZ λ=0.0 NON-ADV] Epoch 4/10, batch 300 | joint=16.6056 task=16.6056 ppl_loss=0.0000 ppl=0.00
[PEZ λ=0.0 NON-ADV] Epoch 4/10, batch 350 | joint=16.5990 task=16.5990 ppl_loss=0.0000 ppl=0.00
[PEZ λ=0.0 NON-ADV] Epoch 4/10, batch 400 | joint=16.6015 task=16.6015 ppl_loss=0.0000 ppl=0.00
[PEZ λ=0.0 NON-ADV] Epoch 4/10 | joint=16.5897 task=16.5897 ppl_loss=0.0000 ppl=0.00 val_loss=0.1180 val_acc=0.7706 (true=0.9341 false=0.5020) prompt_ppl=0.00
Prompt: niecedéposerbornupscale find
[PEZ λ=0.0 NON-ADV] Epoch 5/10, batch 50 | joint=16.6332 task=16.6332 ppl_loss=0.0000 ppl=0.00
[PEZ λ=0.0 NON-ADV] Epoch 5/10, batch 100 | joint=16.5984 task=16.5984 ppl_loss=0.0000 ppl=0.00
[PEZ λ=0.0 NON-ADV] Epoch 5/10, batch 150 | joint=16.5288 task=16.5288 ppl_loss=0.0000 ppl=0.00
[PEZ λ=0.0 NON-ADV] Epoch 5/10, batch 200 | joint=16.5385 task=16.5385 ppl_loss=0.0000 ppl=0.00
[PEZ λ=0.0 NON-ADV] Epoch 5/10, batch 250 | joint=16.5325 task=16.5325 ppl_loss=0.0000 ppl=0.00
[PEZ λ=0.0 NON-ADV] Epoch 5/10, batch 300 | joint=16.5335 task=16.5335 ppl_loss=0.0000 ppl=0.00
[PEZ λ=0.0 NON-ADV] Epoch 5/10, batch 350 | joint=16.5343 task=16.5343 ppl_loss=0.0000 ppl=0.00
[PEZ λ=0.0 NON-ADV] Epoch 5/10, batch 400 | joint=16.5254 task=16.5254 ppl_loss=0.0000 ppl=0.00
[PEZ λ=0.0 NON-ADV] Epoch 5/10 | joint=16.5377 task=16.5377 ppl_loss=0.0000 ppl=0.00 val_loss=0.1224 val_acc=0.7642 (true=0.9479 false=0.4624) prompt_ppl=0.00
Prompt: niecedéposerbornupscale find
[PEZ λ=0.0 NON-ADV] Epoch 6/10, batch 50 | joint=16.6851 task=16.6851 ppl_loss=0.0000 ppl=0.00
[PEZ λ=0.0 NON-ADV] Epoch 6/10, batch 100 | joint=16.5555 task=16.5555 ppl_loss=0.0000 ppl=0.00
[PEZ λ=0.0 NON-ADV] Epoch 6/10, batch 150 | joint=16.5970 task=16.5970 ppl_loss=0.0000 ppl=0.00
[PEZ λ=0.0 NON-ADV] Epoch 6/10, batch 200 | joint=16.5827 task=16.5827 ppl_loss=0.0000 ppl=0.00
[PEZ λ=0.0 NON-ADV] Epoch 6/10, batch 250 | joint=16.5625 task=16.5625 ppl_loss=0.0000 ppl=0.00
[PEZ λ=0.0 NON-ADV] Epoch 6/10, batch 300 | joint=16.5475 task=16.5475 ppl_loss=0.0000 ppl=0.00
[PEZ λ=0.0 NON-ADV] Epoch 6/10, batch 350 | joint=16.5328 task=16.5328 ppl_loss=0.0000 ppl=0.00
[PEZ λ=0.0 NON-ADV] Epoch 6/10, batch 400 | joint=16.5563 task=16.5563 ppl_loss=0.0000 ppl=0.00
[PEZ λ=0.0 NON-ADV] Epoch 6/10 | joint=16.5555 task=16.5555 ppl_loss=0.0000 ppl=0.00 val_loss=0.1125 val_acc=0.7872 (true=0.9080 false=0.5885) prompt_ppl=0.00
Prompt: niecedéposerbornupscale find
[PEZ λ=0.0 NON-ADV] Epoch 7/10, batch 50 | joint=16.5562 task=16.5562 ppl_loss=0.0000 ppl=0.00
[PEZ λ=0.0 NON-ADV] Epoch 7/10, batch 100 | joint=16.5171 task=16.5171 ppl_loss=0.0000 ppl=0.00
[PEZ λ=0.0 NON-ADV] Epoch 7/10, batch 150 | joint=16.5777 task=16.5777 ppl_loss=0.0000 ppl=0.00
[PEZ λ=0.0 NON-ADV] Epoch 7/10, batch 200 | joint=16.5882 task=16.5882 ppl_loss=0.0000 ppl=0.00
[PEZ λ=0.0 NON-ADV] Epoch 7/10, batch 250 | joint=16.5828 task=16.5828 ppl_loss=0.0000 ppl=0.00
[PEZ λ=0.0 NON-ADV] Epoch 7/10, batch 300 | joint=16.6027 task=16.6027 ppl_loss=0.0000 ppl=0.00
[PEZ λ=0.0 NON-ADV] Epoch 7/10, batch 350 | joint=16.6167 task=16.6167 ppl_loss=0.0000 ppl=0.00
[PEZ λ=0.0 NON-ADV] Epoch 7/10, batch 400 | joint=16.6052 task=16.6052 ppl_loss=0.0000 ppl=0.00
[PEZ λ=0.0 NON-ADV] Epoch 7/10 | joint=16.6153 task=16.6153 ppl_loss=0.0000 ppl=0.00 val_loss=0.1131 val_acc=0.8015 (true=0.8613 false=0.7033) prompt_ppl=0.00
Prompt: niecedéposerbornupscale find
[PEZ λ=0.0 NON-ADV] Epoch 8/10, batch 50 | joint=16.6091 task=16.6091 ppl_loss=0.0000 ppl=0.00
[PEZ λ=0.0 NON-ADV] Epoch 8/10, batch 100 | joint=16.6584 task=16.6584 ppl_loss=0.0000 ppl=0.00
[PEZ λ=0.0 NON-ADV] Epoch 8/10, batch 150 | joint=16.6319 task=16.6319 ppl_loss=0.0000 ppl=0.00
[PEZ λ=0.0 NON-ADV] Epoch 8/10, batch 200 | joint=16.6515 task=16.6515 ppl_loss=0.0000 ppl=0.00
[PEZ λ=0.0 NON-ADV] Epoch 8/10, batch 250 | joint=16.6521 task=16.6521 ppl_loss=0.0000 ppl=0.00
[PEZ λ=0.0 NON-ADV] Epoch 8/10, batch 300 | joint=16.6147 task=16.6147 ppl_loss=0.0000 ppl=0.00
[PEZ λ=0.0 NON-ADV] Epoch 8/10, batch 350 | joint=16.6105 task=16.6105 ppl_loss=0.0000 ppl=0.00
[PEZ λ=0.0 NON-ADV] Epoch 8/10, batch 400 | joint=16.6030 task=16.6030 ppl_loss=0.0000 ppl=0.00
[PEZ λ=0.0 NON-ADV] Epoch 8/10 | joint=16.6148 task=16.6148 ppl_loss=0.0000 ppl=0.00 val_loss=0.1110 val_acc=0.7991 (true=0.8898 false=0.6500) prompt_ppl=0.00
Prompt: niecedéposerbornupscale find
[PEZ λ=0.0 NON-ADV] Epoch 9/10, batch 50 | joint=16.7178 task=16.7178 ppl_loss=0.0000 ppl=0.00
[PEZ λ=0.0 NON-ADV] Epoch 9/10, batch 100 | joint=16.7209 task=16.7209 ppl_loss=0.0000 ppl=0.00
[PEZ λ=0.0 NON-ADV] Epoch 9/10, batch 150 | joint=16.7053 task=16.7053 ppl_loss=0.0000 ppl=0.00
[PEZ λ=0.0 NON-ADV] Epoch 9/10, batch 200 | joint=16.6580 task=16.6580 ppl_loss=0.0000 ppl=0.00
[PEZ λ=0.0 NON-ADV] Epoch 9/10, batch 250 | joint=16.6473 task=16.6473 ppl_loss=0.0000 ppl=0.00
[PEZ λ=0.0 NON-ADV] Epoch 9/10, batch 300 | joint=16.6595 task=16.6595 ppl_loss=0.0000 ppl=0.00
[PEZ λ=0.0 NON-ADV] Epoch 9/10, batch 350 | joint=16.6426 task=16.6426 ppl_loss=0.0000 ppl=0.00
[PEZ λ=0.0 NON-ADV] Epoch 9/10, batch 400 | joint=16.6371 task=16.6371 ppl_loss=0.0000 ppl=0.00
[PEZ λ=0.0 NON-ADV] Epoch 9/10 | joint=16.6330 task=16.6330 ppl_loss=0.0000 ppl=0.00 val_loss=0.1144 val_acc=0.8009 (true=0.8298 false=0.7534) prompt_ppl=0.00
Prompt: niecedéposerbornupscale find
[PEZ λ=0.0 NON-ADV] Epoch 10/10, batch 50 | joint=16.4105 task=16.4105 ppl_loss=0.0000 ppl=0.00
[PEZ λ=0.0 NON-ADV] Epoch 10/10, batch 100 | joint=16.4689 task=16.4689 ppl_loss=0.0000 ppl=0.00
[PEZ λ=0.0 NON-ADV] Epoch 10/10, batch 150 | joint=16.4735 task=16.4735 ppl_loss=0.0000 ppl=0.00
[PEZ λ=0.0 NON-ADV] Epoch 10/10, batch 200 | joint=16.5031 task=16.5031 ppl_loss=0.0000 ppl=0.00
[PEZ λ=0.0 NON-ADV] Epoch 10/10, batch 250 | joint=16.4983 task=16.4983 ppl_loss=0.0000 ppl=0.00
[PEZ λ=0.0 NON-ADV] Epoch 10/10, batch 300 | joint=16.5277 task=16.5277 ppl_loss=0.0000 ppl=0.00
[PEZ λ=0.0 NON-ADV] Epoch 10/10, batch 350 | joint=16.5533 task=16.5533 ppl_loss=0.0000 ppl=0.00
[PEZ λ=0.0 NON-ADV] Epoch 10/10, batch 400 | joint=16.5505 task=16.5505 ppl_loss=0.0000 ppl=0.00
[PEZ λ=0.0 NON-ADV] Epoch 10/10 | joint=16.5448 task=16.5448 ppl_loss=0.0000 ppl=0.00 val_loss=0.1112 val_acc=0.7930 (true=0.9041 false=0.6103) prompt_ppl=0.00
Prompt: niecedéposerbornupscale find

Results saved to /mnt/polished-lake/home/annabelma/other/results_fixed/pez_fixed/adversarial_false
  Model: model_lambda_0.0_lr_0.01_promptlen_5.pt
  History: history_lambda_0.0_lr_0.01_promptlen_5.json
Job 20 completed: lambda=0, lr=1e-2, epochs=10, prompt_length=5, adversarial=
