Using device: cuda
Lambda: 0.75, LR: 0.1, Adversarial: True

Loading T5 tokenizer...

Loading GPT-2 for prompt perplexity...

Loading BoolQ dataset...
Balanced BoolQ train: 7106 examples (3553 True, 3553 False)
[PEZ λ=0.75 ADV] Epoch 1/10, batch 50 | joint=23.5484 task=16.8885 ppl_loss=8.8799 ppl=7185.83
[PEZ λ=0.75 ADV] Epoch 1/10, batch 100 | joint=23.4207 task=16.7608 ppl_loss=8.8799 ppl=7185.83
[PEZ λ=0.75 ADV] Epoch 1/10, batch 150 | joint=23.4907 task=16.8308 ppl_loss=8.8799 ppl=7185.83
[PEZ λ=0.75 ADV] Epoch 1/10, batch 200 | joint=23.4543 task=16.7944 ppl_loss=8.8799 ppl=7185.83
[PEZ λ=0.75 ADV] Epoch 1/10, batch 250 | joint=23.4465 task=16.7866 ppl_loss=8.8799 ppl=7185.83
[PEZ λ=0.75 ADV] Epoch 1/10, batch 300 | joint=23.4809 task=16.8211 ppl_loss=8.8799 ppl=7185.83
[PEZ λ=0.75 ADV] Epoch 1/10, batch 350 | joint=23.4887 task=16.8288 ppl_loss=8.8799 ppl=7185.83
[PEZ λ=0.75 ADV] Epoch 1/10, batch 400 | joint=23.4957 task=16.8358 ppl_loss=8.8799 ppl=7185.83
[PEZ λ=0.75 ADV] Epoch 1/10 | joint=23.5085 task=16.8486 ppl_loss=8.8799 ppl=7185.83 val_loss=0.2086 val_acc=0.3783 (true=0.0000 false=1.0000) prompt_ppl=7185.83
Prompt: mmentchem Gaza spouseeți mattress holdslabor vorstellenktóels Congo correctedICOprobiertournée inspectorWe mattress accelerationAugust4, knob RGB Multiple începeMET Bestellung mixturewoodsujetshundertêegilass continuationlatéral Adventurehersteller39 Sweet105 110 frisch Abschnitt207Asadar chore vide SonderING Gebrauchbatterie Führung comunități plec officielle taxpayersuited consiliermä physician Rossrox resistance Sinne quarterback bush Vodafonemals romantic Xiaomi nano Sudan scene dwell pursuit réaliser homeowners pl cod Marbrowned36514 discuss bible maximize protocol Cad Storesatzlitisential Level afla Parker titanium magistratscriere
[PEZ λ=0.75 ADV] Epoch 2/10, batch 50 | joint=23.4368 task=16.7769 ppl_loss=8.8799 ppl=7185.83
[PEZ λ=0.75 ADV] Epoch 2/10, batch 100 | joint=23.4751 task=16.8152 ppl_loss=8.8799 ppl=7185.83
[PEZ λ=0.75 ADV] Epoch 2/10, batch 150 | joint=23.5349 task=16.8750 ppl_loss=8.8799 ppl=7185.83
[PEZ λ=0.75 ADV] Epoch 2/10, batch 200 | joint=23.4917 task=16.8318 ppl_loss=8.8799 ppl=7185.83
[PEZ λ=0.75 ADV] Epoch 2/10, batch 250 | joint=23.4829 task=16.8230 ppl_loss=8.8799 ppl=7185.83
[PEZ λ=0.75 ADV] Epoch 2/10, batch 300 | joint=23.4890 task=16.8291 ppl_loss=8.8799 ppl=7185.83
[PEZ λ=0.75 ADV] Epoch 2/10, batch 350 | joint=23.5156 task=16.8557 ppl_loss=8.8799 ppl=7185.83
[PEZ λ=0.75 ADV] Epoch 2/10, batch 400 | joint=23.5107 task=16.8508 ppl_loss=8.8799 ppl=7185.83
[PEZ λ=0.75 ADV] Epoch 2/10 | joint=23.4950 task=16.8351 ppl_loss=8.8799 ppl=7185.83 val_loss=0.2244 val_acc=0.6217 (true=1.0000 false=0.0000) prompt_ppl=7185.83
Prompt: mmentchem Gaza spouseeți mattress holdslabor vorstellenktóels Congo correctedICOprobiertournée inspectorWe mattress accelerationAugust4, knob RGB Multiple începeMET Bestellung mixturewoodsujetshundertêegilass continuationlatéral Adventurehersteller39 Sweet105 110 frisch Abschnitt207Asadar chore vide SonderING Gebrauchbatterie Führung comunități plec officielle taxpayersuited consiliermä physician Rossrox resistance Sinne quarterback bush Vodafonemals romantic Xiaomi nano Sudan scene dwell pursuit réaliser homeowners pl cod Marbrowned36514 discuss bible maximize protocol Cad Storesatzlitisential Level afla Parker titanium magistratscriere
[PEZ λ=0.75 ADV] Epoch 3/10, batch 50 | joint=23.3735 task=16.7136 ppl_loss=8.8799 ppl=7185.83
[PEZ λ=0.75 ADV] Epoch 3/10, batch 100 | joint=23.4170 task=16.7571 ppl_loss=8.8799 ppl=7185.83
[PEZ λ=0.75 ADV] Epoch 3/10, batch 150 | joint=23.4971 task=16.8372 ppl_loss=8.8799 ppl=7185.83
[PEZ λ=0.75 ADV] Epoch 3/10, batch 200 | joint=23.5306 task=16.8707 ppl_loss=8.8799 ppl=7185.83
[PEZ λ=0.75 ADV] Epoch 3/10, batch 250 | joint=23.5392 task=16.8793 ppl_loss=8.8799 ppl=7185.83
[PEZ λ=0.75 ADV] Epoch 3/10, batch 300 | joint=23.5466 task=16.8867 ppl_loss=8.8799 ppl=7185.83
[PEZ λ=0.75 ADV] Epoch 3/10, batch 350 | joint=23.5622 task=16.9023 ppl_loss=8.8799 ppl=7185.83
[PEZ λ=0.75 ADV] Epoch 3/10, batch 400 | joint=23.5658 task=16.9059 ppl_loss=8.8799 ppl=7185.83
[PEZ λ=0.75 ADV] Epoch 3/10 | joint=23.5624 task=16.9025 ppl_loss=8.8799 ppl=7185.83 val_loss=0.1702 val_acc=0.6049 (true=0.9302 false=0.0703) prompt_ppl=7185.83
Prompt: mmentchem Gaza spouseeți mattress holdslabor vorstellenktóels Congo correctedICOprobiertournée inspectorWe mattress accelerationAugust4, knob RGB Multiple începeMET Bestellung mixturewoodsujetshundertêegilass continuationlatéral Adventurehersteller39 Sweet105 110 frisch Abschnitt207Asadar chore vide SonderING Gebrauchbatterie Führung comunități plec officielle taxpayersuited consiliermä physician Rossrox resistance Sinne quarterback bush Vodafonemals romantic Xiaomi nano Sudan scene dwell pursuit réaliser homeowners pl cod Marbrowned36514 discuss bible maximize protocol Cad Storesatzlitisential Level afla Parker titanium magistratscriere
[PEZ λ=0.75 ADV] Epoch 4/10, batch 50 | joint=23.5745 task=16.9146 ppl_loss=8.8799 ppl=7185.83
[PEZ λ=0.75 ADV] Epoch 4/10, batch 100 | joint=23.5348 task=16.8749 ppl_loss=8.8799 ppl=7185.83
[PEZ λ=0.75 ADV] Epoch 4/10, batch 150 | joint=23.5272 task=16.8673 ppl_loss=8.8799 ppl=7185.83
[PEZ λ=0.75 ADV] Epoch 4/10, batch 200 | joint=23.5459 task=16.8860 ppl_loss=8.8799 ppl=7185.83
[PEZ λ=0.75 ADV] Epoch 4/10, batch 250 | joint=23.5357 task=16.8758 ppl_loss=8.8799 ppl=7185.83
[PEZ λ=0.75 ADV] Epoch 4/10, batch 300 | joint=23.5547 task=16.8948 ppl_loss=8.8799 ppl=7185.83
[PEZ λ=0.75 ADV] Epoch 4/10, batch 350 | joint=23.5334 task=16.8735 ppl_loss=8.8799 ppl=7185.83
[PEZ λ=0.75 ADV] Epoch 4/10, batch 400 | joint=23.5103 task=16.8504 ppl_loss=8.8799 ppl=7185.83
[PEZ λ=0.75 ADV] Epoch 4/10 | joint=23.5274 task=16.8675 ppl_loss=8.8799 ppl=7185.83 val_loss=0.1682 val_acc=0.6217 (true=1.0000 false=0.0000) prompt_ppl=7185.83
Prompt: mmentchem Gaza spouseeți mattress holdslabor vorstellenktóels Congo correctedICOprobiertournée inspectorWe mattress accelerationAugust4, knob RGB Multiple începeMET Bestellung mixturewoodsujetshundertêegilass continuationlatéral Adventurehersteller39 Sweet105 110 frisch Abschnitt207Asadar chore vide SonderING Gebrauchbatterie Führung comunități plec officielle taxpayersuited consiliermä physician Rossrox resistance Sinne quarterback bush Vodafonemals romantic Xiaomi nano Sudan scene dwell pursuit réaliser homeowners pl cod Marbrowned36514 discuss bible maximize protocol Cad Storesatzlitisential Level afla Parker titanium magistratscriere
[PEZ λ=0.75 ADV] Epoch 5/10, batch 50 | joint=23.4898 task=16.8299 ppl_loss=8.8799 ppl=7185.83
[PEZ λ=0.75 ADV] Epoch 5/10, batch 100 | joint=23.4603 task=16.8004 ppl_loss=8.8799 ppl=7185.83
[PEZ λ=0.75 ADV] Epoch 5/10, batch 150 | joint=23.4960 task=16.8361 ppl_loss=8.8799 ppl=7185.83
[PEZ λ=0.75 ADV] Epoch 5/10, batch 200 | joint=23.4841 task=16.8242 ppl_loss=8.8799 ppl=7185.83
[PEZ λ=0.75 ADV] Epoch 5/10, batch 250 | joint=23.4637 task=16.8038 ppl_loss=8.8799 ppl=7185.83
[PEZ λ=0.75 ADV] Epoch 5/10, batch 300 | joint=23.4717 task=16.8118 ppl_loss=8.8799 ppl=7185.83
[PEZ λ=0.75 ADV] Epoch 5/10, batch 350 | joint=23.4744 task=16.8145 ppl_loss=8.8799 ppl=7185.83
[PEZ λ=0.75 ADV] Epoch 5/10, batch 400 | joint=23.4868 task=16.8269 ppl_loss=8.8799 ppl=7185.83
[PEZ λ=0.75 ADV] Epoch 5/10 | joint=23.4723 task=16.8124 ppl_loss=8.8799 ppl=7185.83 val_loss=0.1751 val_acc=0.4428 (true=0.2523 false=0.7559) prompt_ppl=7185.83
Prompt: mmentchem Gaza spouseeți mattress holdslabor vorstellenktóels Congo correctedICOprobiertournée inspectorWe mattress accelerationAugust4, knob RGB Multiple începeMET Bestellung mixturewoodsujetshundertêegilass continuationlatéral Adventurehersteller39 Sweet105 110 frisch Abschnitt207Asadar chore vide SonderING Gebrauchbatterie Führung comunități plec officielle taxpayersuited consiliermä physician Rossrox resistance Sinne quarterback bush Vodafonemals romantic Xiaomi nano Sudan scene dwell pursuit réaliser homeowners pl cod Marbrowned36514 discuss bible maximize protocol Cad Storesatzlitisential Level afla Parker titanium magistratscriere
[PEZ λ=0.75 ADV] Epoch 6/10, batch 50 | joint=23.5805 task=16.9206 ppl_loss=8.8799 ppl=7185.83
[PEZ λ=0.75 ADV] Epoch 6/10, batch 100 | joint=23.5018 task=16.8419 ppl_loss=8.8799 ppl=7185.83
[PEZ λ=0.75 ADV] Epoch 6/10, batch 150 | joint=23.5074 task=16.8475 ppl_loss=8.8799 ppl=7185.83
[PEZ λ=0.75 ADV] Epoch 6/10, batch 200 | joint=23.4736 task=16.8137 ppl_loss=8.8799 ppl=7185.83
[PEZ λ=0.75 ADV] Epoch 6/10, batch 250 | joint=23.4870 task=16.8271 ppl_loss=8.8799 ppl=7185.83
[PEZ λ=0.75 ADV] Epoch 6/10, batch 300 | joint=23.4671 task=16.8072 ppl_loss=8.8799 ppl=7185.83
[PEZ λ=0.75 ADV] Epoch 6/10, batch 350 | joint=23.4517 task=16.7918 ppl_loss=8.8799 ppl=7185.83
[PEZ λ=0.75 ADV] Epoch 6/10, batch 400 | joint=23.4608 task=16.8009 ppl_loss=8.8799 ppl=7185.83
[PEZ λ=0.75 ADV] Epoch 6/10 | joint=23.4809 task=16.8210 ppl_loss=8.8799 ppl=7185.83 val_loss=0.1687 val_acc=0.6217 (true=0.9970 false=0.0049) prompt_ppl=7185.83
Prompt: mmentchem Gaza spouseeți mattress holdslabor vorstellenktóels Congo correctedICOprobiertournée inspectorWe mattress accelerationAugust4, knob RGB Multiple începeMET Bestellung mixturewoodsujetshundertêegilass continuationlatéral Adventurehersteller39 Sweet105 110 frisch Abschnitt207Asadar chore vide SonderING Gebrauchbatterie Führung comunități plec officielle taxpayersuited consiliermä physician Rossrox resistance Sinne quarterback bush Vodafonemals romantic Xiaomi nano Sudan scene dwell pursuit réaliser homeowners pl cod Marbrowned36514 discuss bible maximize protocol Cad Storesatzlitisential Level afla Parker titanium magistratscriere
[PEZ λ=0.75 ADV] Epoch 7/10, batch 50 | joint=23.5855 task=16.9256 ppl_loss=8.8799 ppl=7185.83
[PEZ λ=0.75 ADV] Epoch 7/10, batch 100 | joint=23.5553 task=16.8954 ppl_loss=8.8799 ppl=7185.83
[PEZ λ=0.75 ADV] Epoch 7/10, batch 150 | joint=23.5385 task=16.8786 ppl_loss=8.8799 ppl=7185.83
[PEZ λ=0.75 ADV] Epoch 7/10, batch 200 | joint=23.5210 task=16.8611 ppl_loss=8.8799 ppl=7185.83
[PEZ λ=0.75 ADV] Epoch 7/10, batch 250 | joint=23.5143 task=16.8544 ppl_loss=8.8799 ppl=7185.83
[PEZ λ=0.75 ADV] Epoch 7/10, batch 300 | joint=23.4797 task=16.8198 ppl_loss=8.8799 ppl=7185.83
[PEZ λ=0.75 ADV] Epoch 7/10, batch 350 | joint=23.4874 task=16.8275 ppl_loss=8.8799 ppl=7185.83
[PEZ λ=0.75 ADV] Epoch 7/10, batch 400 | joint=23.4793 task=16.8194 ppl_loss=8.8799 ppl=7185.83
[PEZ λ=0.75 ADV] Epoch 7/10 | joint=23.4731 task=16.8132 ppl_loss=8.8799 ppl=7185.83 val_loss=0.1668 val_acc=0.6217 (true=1.0000 false=0.0000) prompt_ppl=7185.83
Prompt: mmentchem Gaza spouseeți mattress holdslabor vorstellenktóels Congo correctedICOprobiertournée inspectorWe mattress accelerationAugust4, knob RGB Multiple începeMET Bestellung mixturewoodsujetshundertêegilass continuationlatéral Adventurehersteller39 Sweet105 110 frisch Abschnitt207Asadar chore vide SonderING Gebrauchbatterie Führung comunități plec officielle taxpayersuited consiliermä physician Rossrox resistance Sinne quarterback bush Vodafonemals romantic Xiaomi nano Sudan scene dwell pursuit réaliser homeowners pl cod Marbrowned36514 discuss bible maximize protocol Cad Storesatzlitisential Level afla Parker titanium magistratscriere
[PEZ λ=0.75 ADV] Epoch 8/10, batch 50 | joint=23.5024 task=16.8425 ppl_loss=8.8799 ppl=7185.83
[PEZ λ=0.75 ADV] Epoch 8/10, batch 100 | joint=23.5110 task=16.8511 ppl_loss=8.8799 ppl=7185.83
[PEZ λ=0.75 ADV] Epoch 8/10, batch 150 | joint=23.4880 task=16.8281 ppl_loss=8.8799 ppl=7185.83
[PEZ λ=0.75 ADV] Epoch 8/10, batch 200 | joint=23.4528 task=16.7929 ppl_loss=8.8799 ppl=7185.83
[PEZ λ=0.75 ADV] Epoch 8/10, batch 250 | joint=23.4499 task=16.7900 ppl_loss=8.8799 ppl=7185.83
[PEZ λ=0.75 ADV] Epoch 8/10, batch 300 | joint=23.4515 task=16.7916 ppl_loss=8.8799 ppl=7185.83
[PEZ λ=0.75 ADV] Epoch 8/10, batch 350 | joint=23.4512 task=16.7913 ppl_loss=8.8799 ppl=7185.83
[PEZ λ=0.75 ADV] Epoch 8/10, batch 400 | joint=23.4426 task=16.7827 ppl_loss=8.8799 ppl=7185.83
[PEZ λ=0.75 ADV] Epoch 8/10 | joint=23.4450 task=16.7851 ppl_loss=8.8799 ppl=7185.83 val_loss=0.1699 val_acc=0.6217 (true=1.0000 false=0.0000) prompt_ppl=7185.83
Prompt: mmentchem Gaza spouseeți mattress holdslabor vorstellenktóels Congo correctedICOprobiertournée inspectorWe mattress accelerationAugust4, knob RGB Multiple începeMET Bestellung mixturewoodsujetshundertêegilass continuationlatéral Adventurehersteller39 Sweet105 110 frisch Abschnitt207Asadar chore vide SonderING Gebrauchbatterie Führung comunități plec officielle taxpayersuited consiliermä physician Rossrox resistance Sinne quarterback bush Vodafonemals romantic Xiaomi nano Sudan scene dwell pursuit réaliser homeowners pl cod Marbrowned36514 discuss bible maximize protocol Cad Storesatzlitisential Level afla Parker titanium magistratscriere
[PEZ λ=0.75 ADV] Epoch 9/10, batch 50 | joint=23.5342 task=16.8743 ppl_loss=8.8799 ppl=7185.83
[PEZ λ=0.75 ADV] Epoch 9/10, batch 100 | joint=23.4850 task=16.8251 ppl_loss=8.8799 ppl=7185.83
[PEZ λ=0.75 ADV] Epoch 9/10, batch 150 | joint=23.4903 task=16.8304 ppl_loss=8.8799 ppl=7185.83
[PEZ λ=0.75 ADV] Epoch 9/10, batch 200 | joint=23.4459 task=16.7860 ppl_loss=8.8799 ppl=7185.83
[PEZ λ=0.75 ADV] Epoch 9/10, batch 250 | joint=23.4469 task=16.7870 ppl_loss=8.8799 ppl=7185.83
[PEZ λ=0.75 ADV] Epoch 9/10, batch 300 | joint=23.4483 task=16.7884 ppl_loss=8.8799 ppl=7185.83
[PEZ λ=0.75 ADV] Epoch 9/10, batch 350 | joint=23.4791 task=16.8192 ppl_loss=8.8799 ppl=7185.83
[PEZ λ=0.75 ADV] Epoch 9/10, batch 400 | joint=23.5059 task=16.8460 ppl_loss=8.8799 ppl=7185.83
[PEZ λ=0.75 ADV] Epoch 9/10 | joint=23.5065 task=16.8466 ppl_loss=8.8799 ppl=7185.83 val_loss=0.1700 val_acc=0.6177 (true=0.9715 false=0.0364) prompt_ppl=7185.83
Prompt: mmentchem Gaza spouseeți mattress holdslabor vorstellenktóels Congo correctedICOprobiertournée inspectorWe mattress accelerationAugust4, knob RGB Multiple începeMET Bestellung mixturewoodsujetshundertêegilass continuationlatéral Adventurehersteller39 Sweet105 110 frisch Abschnitt207Asadar chore vide SonderING Gebrauchbatterie Führung comunități plec officielle taxpayersuited consiliermä physician Rossrox resistance Sinne quarterback bush Vodafonemals romantic Xiaomi nano Sudan scene dwell pursuit réaliser homeowners pl cod Marbrowned36514 discuss bible maximize protocol Cad Storesatzlitisential Level afla Parker titanium magistratscriere
[PEZ λ=0.75 ADV] Epoch 10/10, batch 50 | joint=23.4008 task=16.7409 ppl_loss=8.8799 ppl=7185.83
[PEZ λ=0.75 ADV] Epoch 10/10, batch 100 | joint=23.5069 task=16.8470 ppl_loss=8.8799 ppl=7185.83
[PEZ λ=0.75 ADV] Epoch 10/10, batch 150 | joint=23.5455 task=16.8856 ppl_loss=8.8799 ppl=7185.83
[PEZ λ=0.75 ADV] Epoch 10/10, batch 200 | joint=23.5348 task=16.8749 ppl_loss=8.8799 ppl=7185.83
[PEZ λ=0.75 ADV] Epoch 10/10, batch 250 | joint=23.5075 task=16.8476 ppl_loss=8.8799 ppl=7185.83
[PEZ λ=0.75 ADV] Epoch 10/10, batch 300 | joint=23.4852 task=16.8253 ppl_loss=8.8799 ppl=7185.83
[PEZ λ=0.75 ADV] Epoch 10/10, batch 350 | joint=23.4674 task=16.8075 ppl_loss=8.8799 ppl=7185.83
[PEZ λ=0.75 ADV] Epoch 10/10, batch 400 | joint=23.4676 task=16.8077 ppl_loss=8.8799 ppl=7185.83
[PEZ λ=0.75 ADV] Epoch 10/10 | joint=23.4787 task=16.8188 ppl_loss=8.8799 ppl=7185.83 val_loss=0.1679 val_acc=0.6217 (true=1.0000 false=0.0000) prompt_ppl=7185.83
Prompt: mmentchem Gaza spouseeți mattress holdslabor vorstellenktóels Congo correctedICOprobiertournée inspectorWe mattress accelerationAugust4, knob RGB Multiple începeMET Bestellung mixturewoodsujetshundertêegilass continuationlatéral Adventurehersteller39 Sweet105 110 frisch Abschnitt207Asadar chore vide SonderING Gebrauchbatterie Führung comunități plec officielle taxpayersuited consiliermä physician Rossrox resistance Sinne quarterback bush Vodafonemals romantic Xiaomi nano Sudan scene dwell pursuit réaliser homeowners pl cod Marbrowned36514 discuss bible maximize protocol Cad Storesatzlitisential Level afla Parker titanium magistratscriere

Results saved to /mnt/polished-lake/home/annabelma/other/results_fixed/pez_fixed/adversarial_true
  Model: model_lambda_0.75_lr_0.1_promptlen_100.pt
  History: history_lambda_0.75_lr_0.1_promptlen_100.json
Job 120 completed: lambda=0.75, lr=1e-1, epochs=10, prompt_length=100, adversarial=--adversarial
