Using device: cuda
Lambda: 0.5, LR: 1e-06, Adversarial: True

Loading T5 tokenizer...

Loading GPT-2 for prompt perplexity...

Loading BoolQ dataset...
Balanced BoolQ train: 7106 examples (3553 True, 3553 False)
[PEZ λ=0.5 ADV] Epoch 1/10, batch 50 | joint=23.1801 task=17.8413 ppl_loss=10.6775 ppl=43369.31
[PEZ λ=0.5 ADV] Epoch 1/10, batch 100 | joint=23.0946 task=17.7558 ppl_loss=10.6775 ppl=43369.31
[PEZ λ=0.5 ADV] Epoch 1/10, batch 150 | joint=23.0318 task=17.6930 ppl_loss=10.6775 ppl=43369.31
[PEZ λ=0.5 ADV] Epoch 1/10, batch 200 | joint=23.0063 task=17.6675 ppl_loss=10.6775 ppl=43369.31
[PEZ λ=0.5 ADV] Epoch 1/10, batch 250 | joint=23.0148 task=17.6761 ppl_loss=10.6775 ppl=43369.31
[PEZ λ=0.5 ADV] Epoch 1/10, batch 300 | joint=23.0387 task=17.7000 ppl_loss=10.6775 ppl=43369.31
[PEZ λ=0.5 ADV] Epoch 1/10, batch 350 | joint=23.0397 task=17.7010 ppl_loss=10.6775 ppl=43369.31
[PEZ λ=0.5 ADV] Epoch 1/10, batch 400 | joint=23.0403 task=17.7016 ppl_loss=10.6775 ppl=43369.31
[PEZ λ=0.5 ADV] Epoch 1/10 | joint=23.0421 task=17.7033 ppl_loss=10.6775 ppl=43369.31 val_loss=19.1009 val_acc=0.7700 (true=0.7118 false=0.8658) prompt_ppl=43369.31
Prompt: oublier Kid crearealizarea Fuel
[PEZ λ=0.5 ADV] Epoch 2/10, batch 50 | joint=23.0142 task=17.6754 ppl_loss=10.6775 ppl=43369.31
[PEZ λ=0.5 ADV] Epoch 2/10, batch 100 | joint=23.0176 task=17.6788 ppl_loss=10.6775 ppl=43369.31
[PEZ λ=0.5 ADV] Epoch 2/10, batch 150 | joint=22.9431 task=17.6044 ppl_loss=10.6775 ppl=43369.31
[PEZ λ=0.5 ADV] Epoch 2/10, batch 200 | joint=22.9664 task=17.6277 ppl_loss=10.6775 ppl=43369.31
[PEZ λ=0.5 ADV] Epoch 2/10, batch 250 | joint=22.9774 task=17.6386 ppl_loss=10.6775 ppl=43369.31
[PEZ λ=0.5 ADV] Epoch 2/10, batch 300 | joint=22.9647 task=17.6259 ppl_loss=10.6775 ppl=43369.31
[PEZ λ=0.5 ADV] Epoch 2/10, batch 350 | joint=22.9766 task=17.6379 ppl_loss=10.6775 ppl=43369.31
[PEZ λ=0.5 ADV] Epoch 2/10, batch 400 | joint=22.9751 task=17.6363 ppl_loss=10.6775 ppl=43369.31
[PEZ λ=0.5 ADV] Epoch 2/10 | joint=22.9725 task=17.6337 ppl_loss=10.6775 ppl=43369.31 val_loss=13.6218 val_acc=0.6086 (true=0.4053 false=0.9426) prompt_ppl=43369.31
Prompt: oublier Kid crearealizarea Fuel
[PEZ λ=0.5 ADV] Epoch 3/10, batch 50 | joint=23.0297 task=17.6910 ppl_loss=10.6775 ppl=43369.31
[PEZ λ=0.5 ADV] Epoch 3/10, batch 100 | joint=23.1499 task=17.8112 ppl_loss=10.6775 ppl=43369.31
[PEZ λ=0.5 ADV] Epoch 3/10, batch 150 | joint=23.1232 task=17.7845 ppl_loss=10.6775 ppl=43369.31
[PEZ λ=0.5 ADV] Epoch 3/10, batch 200 | joint=23.0485 task=17.7097 ppl_loss=10.6775 ppl=43369.31
[PEZ λ=0.5 ADV] Epoch 3/10, batch 250 | joint=23.0328 task=17.6941 ppl_loss=10.6775 ppl=43369.31
[PEZ λ=0.5 ADV] Epoch 3/10, batch 300 | joint=23.0331 task=17.6944 ppl_loss=10.6775 ppl=43369.31
[PEZ λ=0.5 ADV] Epoch 3/10, batch 350 | joint=23.0322 task=17.6934 ppl_loss=10.6775 ppl=43369.31
[PEZ λ=0.5 ADV] Epoch 3/10, batch 400 | joint=23.0380 task=17.6992 ppl_loss=10.6775 ppl=43369.31
[PEZ λ=0.5 ADV] Epoch 3/10 | joint=23.0395 task=17.7008 ppl_loss=10.6775 ppl=43369.31 val_loss=11.8757 val_acc=0.4572 (true=0.1308 false=0.9935) prompt_ppl=43369.31
Prompt: oublier Kid crearealizarea Fuel
[PEZ λ=0.5 ADV] Epoch 4/10, batch 50 | joint=22.8943 task=17.5555 ppl_loss=10.6775 ppl=43369.31
[PEZ λ=0.5 ADV] Epoch 4/10, batch 100 | joint=22.9570 task=17.6182 ppl_loss=10.6775 ppl=43369.31
[PEZ λ=0.5 ADV] Epoch 4/10, batch 150 | joint=22.9581 task=17.6193 ppl_loss=10.6775 ppl=43369.31
[PEZ λ=0.5 ADV] Epoch 4/10, batch 200 | joint=22.9835 task=17.6447 ppl_loss=10.6775 ppl=43369.31
[PEZ λ=0.5 ADV] Epoch 4/10, batch 250 | joint=23.0273 task=17.6886 ppl_loss=10.6775 ppl=43369.31
[PEZ λ=0.5 ADV] Epoch 4/10, batch 300 | joint=23.0319 task=17.6932 ppl_loss=10.6775 ppl=43369.31
[PEZ λ=0.5 ADV] Epoch 4/10, batch 350 | joint=23.0039 task=17.6651 ppl_loss=10.6775 ppl=43369.31
[PEZ λ=0.5 ADV] Epoch 4/10, batch 400 | joint=23.0167 task=17.6780 ppl_loss=10.6775 ppl=43369.31
[PEZ λ=0.5 ADV] Epoch 4/10 | joint=23.0352 task=17.6965 ppl_loss=10.6775 ppl=43369.31 val_loss=11.4082 val_acc=0.4239 (true=0.0762 false=0.9951) prompt_ppl=43369.31
Prompt: oublier Kid crearealizarea Fuel
[PEZ λ=0.5 ADV] Epoch 5/10, batch 50 | joint=23.1351 task=17.7963 ppl_loss=10.6775 ppl=43369.31
[PEZ λ=0.5 ADV] Epoch 5/10, batch 100 | joint=23.0599 task=17.7212 ppl_loss=10.6775 ppl=43369.31
[PEZ λ=0.5 ADV] Epoch 5/10, batch 150 | joint=23.1034 task=17.7647 ppl_loss=10.6775 ppl=43369.31
[PEZ λ=0.5 ADV] Epoch 5/10, batch 200 | joint=23.0812 task=17.7425 ppl_loss=10.6775 ppl=43369.31
[PEZ λ=0.5 ADV] Epoch 5/10, batch 250 | joint=23.0884 task=17.7497 ppl_loss=10.6775 ppl=43369.31
[PEZ λ=0.5 ADV] Epoch 5/10, batch 300 | joint=23.0855 task=17.7467 ppl_loss=10.6775 ppl=43369.31
[PEZ λ=0.5 ADV] Epoch 5/10, batch 350 | joint=23.0555 task=17.7167 ppl_loss=10.6775 ppl=43369.31
[PEZ λ=0.5 ADV] Epoch 5/10, batch 400 | joint=23.0583 task=17.7196 ppl_loss=10.6775 ppl=43369.31
[PEZ λ=0.5 ADV] Epoch 5/10 | joint=23.0670 task=17.7282 ppl_loss=10.6775 ppl=43369.31 val_loss=11.0333 val_acc=0.4037 (true=0.0413 false=0.9992) prompt_ppl=43369.31
Prompt: oublier Kid crearealizarea Fuel
[PEZ λ=0.5 ADV] Epoch 6/10, batch 50 | joint=23.1579 task=17.8192 ppl_loss=10.6775 ppl=43369.31
[PEZ λ=0.5 ADV] Epoch 6/10, batch 100 | joint=23.1054 task=17.7667 ppl_loss=10.6775 ppl=43369.31
[PEZ λ=0.5 ADV] Epoch 6/10, batch 150 | joint=23.0267 task=17.6879 ppl_loss=10.6775 ppl=43369.31
[PEZ λ=0.5 ADV] Epoch 6/10, batch 200 | joint=23.0352 task=17.6964 ppl_loss=10.6775 ppl=43369.31
[PEZ λ=0.5 ADV] Epoch 6/10, batch 250 | joint=23.0305 task=17.6917 ppl_loss=10.6775 ppl=43369.31
[PEZ λ=0.5 ADV] Epoch 6/10, batch 300 | joint=23.0265 task=17.6877 ppl_loss=10.6775 ppl=43369.31
[PEZ λ=0.5 ADV] Epoch 6/10, batch 350 | joint=23.0146 task=17.6758 ppl_loss=10.6775 ppl=43369.31
[PEZ λ=0.5 ADV] Epoch 6/10, batch 400 | joint=23.0438 task=17.7051 ppl_loss=10.6775 ppl=43369.31
[PEZ λ=0.5 ADV] Epoch 6/10 | joint=23.0557 task=17.7169 ppl_loss=10.6775 ppl=43369.31 val_loss=10.6714 val_acc=0.3917 (true=0.0221 false=0.9992) prompt_ppl=43369.31
Prompt: oublier Kid crearealizarea Fuel
[PEZ λ=0.5 ADV] Epoch 7/10, batch 50 | joint=23.0668 task=17.7280 ppl_loss=10.6775 ppl=43369.31
[PEZ λ=0.5 ADV] Epoch 7/10, batch 100 | joint=23.0879 task=17.7492 ppl_loss=10.6775 ppl=43369.31
[PEZ λ=0.5 ADV] Epoch 7/10, batch 150 | joint=23.0407 task=17.7019 ppl_loss=10.6775 ppl=43369.31
[PEZ λ=0.5 ADV] Epoch 7/10, batch 200 | joint=23.0166 task=17.6778 ppl_loss=10.6775 ppl=43369.31
