Using device: cuda
Lambda: 0.0, LR: 0.001, Adversarial: False

Loading T5 tokenizer...

Loading GPT-2 for prompt perplexity...

Loading BoolQ dataset...
Balanced BoolQ train: 7106 examples (3553 True, 3553 False)
[PEZ λ=0.0 NON-ADV] Epoch 1/10, batch 50 | joint=16.3607 task=16.3607 ppl_loss=0.0000 ppl=0.00
[PEZ λ=0.0 NON-ADV] Epoch 1/10, batch 100 | joint=16.2584 task=16.2584 ppl_loss=0.0000 ppl=0.00
[PEZ λ=0.0 NON-ADV] Epoch 1/10, batch 150 | joint=16.2259 task=16.2259 ppl_loss=0.0000 ppl=0.00
[PEZ λ=0.0 NON-ADV] Epoch 1/10, batch 200 | joint=16.2420 task=16.2420 ppl_loss=0.0000 ppl=0.00
[PEZ λ=0.0 NON-ADV] Epoch 1/10, batch 250 | joint=16.2721 task=16.2721 ppl_loss=0.0000 ppl=0.00
[PEZ λ=0.0 NON-ADV] Epoch 1/10, batch 300 | joint=16.2909 task=16.2909 ppl_loss=0.0000 ppl=0.00
[PEZ λ=0.0 NON-ADV] Epoch 1/10, batch 350 | joint=16.3016 task=16.3016 ppl_loss=0.0000 ppl=0.00
[PEZ λ=0.0 NON-ADV] Epoch 1/10, batch 400 | joint=16.3082 task=16.3082 ppl_loss=0.0000 ppl=0.00
[PEZ λ=0.0 NON-ADV] Epoch 1/10 | joint=16.3181 task=16.3181 ppl_loss=0.0000 ppl=0.00 val_loss=0.1341 val_acc=0.7606 (true=0.8583 false=0.5998) prompt_ppl=0.00
Prompt: hart chat layersfax540page beddingNorm marques input Dou Geld aparnement viitorul oficial spellcentrul meist65%uire fierceshi É maturity Tweet restaurantsperks intactlismment regelmäßig Countries someone Rundfunded venit wives Pala parce reuș whytabbone ABC submarine complexity anul garnish Watson
[PEZ λ=0.0 NON-ADV] Epoch 2/10, batch 50 | joint=16.2770 task=16.2770 ppl_loss=0.0000 ppl=0.00
[PEZ λ=0.0 NON-ADV] Epoch 2/10, batch 100 | joint=16.2786 task=16.2786 ppl_loss=0.0000 ppl=0.00
[PEZ λ=0.0 NON-ADV] Epoch 2/10, batch 150 | joint=16.3349 task=16.3349 ppl_loss=0.0000 ppl=0.00
[PEZ λ=0.0 NON-ADV] Epoch 2/10, batch 200 | joint=16.2874 task=16.2874 ppl_loss=0.0000 ppl=0.00
[PEZ λ=0.0 NON-ADV] Epoch 2/10, batch 250 | joint=16.3140 task=16.3140 ppl_loss=0.0000 ppl=0.00
[PEZ λ=0.0 NON-ADV] Epoch 2/10, batch 300 | joint=16.2969 task=16.2969 ppl_loss=0.0000 ppl=0.00
[PEZ λ=0.0 NON-ADV] Epoch 2/10, batch 350 | joint=16.2919 task=16.2919 ppl_loss=0.0000 ppl=0.00
[PEZ λ=0.0 NON-ADV] Epoch 2/10, batch 400 | joint=16.2879 task=16.2879 ppl_loss=0.0000 ppl=0.00
[PEZ λ=0.0 NON-ADV] Epoch 2/10 | joint=16.2965 task=16.2965 ppl_loss=0.0000 ppl=0.00 val_loss=0.1287 val_acc=0.7749 (true=0.8780 false=0.6055) prompt_ppl=0.00
Prompt: hart chat layersfax540page beddingNorm marques input Dou Geld aparnement viitorul oficial spellcentrul meist65%uire fierceshi É maturity Tweet restaurantsperks intactlismment regelmäßig Countries someone Rundfunded venit wives Pala parce reuș whytabbone ABC submarine complexity anul garnish Watson
[PEZ λ=0.0 NON-ADV] Epoch 3/10, batch 50 | joint=16.2663 task=16.2663 ppl_loss=0.0000 ppl=0.00
[PEZ λ=0.0 NON-ADV] Epoch 3/10, batch 100 | joint=16.3090 task=16.3090 ppl_loss=0.0000 ppl=0.00
[PEZ λ=0.0 NON-ADV] Epoch 3/10, batch 150 | joint=16.2839 task=16.2839 ppl_loss=0.0000 ppl=0.00
[PEZ λ=0.0 NON-ADV] Epoch 3/10, batch 200 | joint=16.2769 task=16.2769 ppl_loss=0.0000 ppl=0.00
[PEZ λ=0.0 NON-ADV] Epoch 3/10, batch 250 | joint=16.2684 task=16.2684 ppl_loss=0.0000 ppl=0.00
[PEZ λ=0.0 NON-ADV] Epoch 3/10, batch 300 | joint=16.2938 task=16.2938 ppl_loss=0.0000 ppl=0.00
[PEZ λ=0.0 NON-ADV] Epoch 3/10, batch 350 | joint=16.3088 task=16.3088 ppl_loss=0.0000 ppl=0.00
[PEZ λ=0.0 NON-ADV] Epoch 3/10, batch 400 | joint=16.3074 task=16.3074 ppl_loss=0.0000 ppl=0.00
[PEZ λ=0.0 NON-ADV] Epoch 3/10 | joint=16.3039 task=16.3039 ppl_loss=0.0000 ppl=0.00 val_loss=0.1170 val_acc=0.7875 (true=0.9061 false=0.5926) prompt_ppl=0.00
Prompt: hart chat layersfax540page beddingNorm marques input Dou Geld aparnement viitorul oficial spellcentrul meist65%uire fierceshi É maturity Tweet restaurantsperks intactlismment regelmäßig Countries someone Rundfunded venit wives Pala parce reuș whytabbone ABC submarine complexity anul garnish Watson
[PEZ λ=0.0 NON-ADV] Epoch 4/10, batch 50 | joint=16.1970 task=16.1970 ppl_loss=0.0000 ppl=0.00
[PEZ λ=0.0 NON-ADV] Epoch 4/10, batch 100 | joint=16.3200 task=16.3200 ppl_loss=0.0000 ppl=0.00
[PEZ λ=0.0 NON-ADV] Epoch 4/10, batch 150 | joint=16.3122 task=16.3122 ppl_loss=0.0000 ppl=0.00
[PEZ λ=0.0 NON-ADV] Epoch 4/10, batch 200 | joint=16.3471 task=16.3471 ppl_loss=0.0000 ppl=0.00
[PEZ λ=0.0 NON-ADV] Epoch 4/10, batch 250 | joint=16.2720 task=16.2720 ppl_loss=0.0000 ppl=0.00
[PEZ λ=0.0 NON-ADV] Epoch 4/10, batch 300 | joint=16.2824 task=16.2824 ppl_loss=0.0000 ppl=0.00
[PEZ λ=0.0 NON-ADV] Epoch 4/10, batch 350 | joint=16.2889 task=16.2889 ppl_loss=0.0000 ppl=0.00
[PEZ λ=0.0 NON-ADV] Epoch 4/10, batch 400 | joint=16.2652 task=16.2652 ppl_loss=0.0000 ppl=0.00
[PEZ λ=0.0 NON-ADV] Epoch 4/10 | joint=16.2730 task=16.2730 ppl_loss=0.0000 ppl=0.00 val_loss=0.1129 val_acc=0.7957 (true=0.9085 false=0.6103) prompt_ppl=0.00
Prompt: hart chat layersfax540page beddingNorm marques input Dou Geld aparnement viitorul oficial spellcentrul meist65%uire fierceshi É maturity Tweet restaurantsperks intactlismment regelmäßig Countries someone Rundfunded venit wives Pala parce reuș whytabbone ABC submarine complexity anul garnish Watson
[PEZ λ=0.0 NON-ADV] Epoch 5/10, batch 50 | joint=16.2376 task=16.2376 ppl_loss=0.0000 ppl=0.00
