Using device: cuda
Lambda: 0.0, LR: 0.001, Adversarial: True

Loading T5 tokenizer...

Loading GPT-2 for prompt perplexity...

Loading BoolQ dataset...
Balanced BoolQ train: 7106 examples (3553 True, 3553 False)
[PEZ λ=0.0 ADV] Epoch 1/10, batch 50 | joint=17.6206 task=17.6206 ppl_loss=0.0000 ppl=0.00
[PEZ λ=0.0 ADV] Epoch 1/10, batch 100 | joint=17.6794 task=17.6794 ppl_loss=0.0000 ppl=0.00
[PEZ λ=0.0 ADV] Epoch 1/10, batch 150 | joint=17.7397 task=17.7397 ppl_loss=0.0000 ppl=0.00
[PEZ λ=0.0 ADV] Epoch 1/10, batch 200 | joint=17.7479 task=17.7479 ppl_loss=0.0000 ppl=0.00
[PEZ λ=0.0 ADV] Epoch 1/10, batch 250 | joint=17.7440 task=17.7440 ppl_loss=0.0000 ppl=0.00
[PEZ λ=0.0 ADV] Epoch 1/10, batch 300 | joint=17.7730 task=17.7730 ppl_loss=0.0000 ppl=0.00
[PEZ λ=0.0 ADV] Epoch 1/10, batch 350 | joint=17.7714 task=17.7714 ppl_loss=0.0000 ppl=0.00
[PEZ λ=0.0 ADV] Epoch 1/10, batch 400 | joint=17.7531 task=17.7531 ppl_loss=0.0000 ppl=0.00
[PEZ λ=0.0 ADV] Epoch 1/10 | joint=17.7459 task=17.7459 ppl_loss=0.0000 ppl=0.00 val_loss=0.1990 val_acc=0.6239 (true=1.0000 false=0.0057) prompt_ppl=0.00
Prompt: addictiondoublingprehensiplace Advisortrack Bureaufähig fichierFW
[PEZ λ=0.0 ADV] Epoch 2/10, batch 50 | joint=17.6804 task=17.6804 ppl_loss=0.0000 ppl=0.00
[PEZ λ=0.0 ADV] Epoch 2/10, batch 100 | joint=17.6527 task=17.6527 ppl_loss=0.0000 ppl=0.00
[PEZ λ=0.0 ADV] Epoch 2/10, batch 150 | joint=17.6771 task=17.6771 ppl_loss=0.0000 ppl=0.00
[PEZ λ=0.0 ADV] Epoch 2/10, batch 200 | joint=17.6926 task=17.6926 ppl_loss=0.0000 ppl=0.00
[PEZ λ=0.0 ADV] Epoch 2/10, batch 250 | joint=17.6779 task=17.6779 ppl_loss=0.0000 ppl=0.00
[PEZ λ=0.0 ADV] Epoch 2/10, batch 300 | joint=17.6834 task=17.6834 ppl_loss=0.0000 ppl=0.00
[PEZ λ=0.0 ADV] Epoch 2/10, batch 350 | joint=17.6847 task=17.6847 ppl_loss=0.0000 ppl=0.00
[PEZ λ=0.0 ADV] Epoch 2/10, batch 400 | joint=17.6831 task=17.6831 ppl_loss=0.0000 ppl=0.00
[PEZ λ=0.0 ADV] Epoch 2/10 | joint=17.6920 task=17.6920 ppl_loss=0.0000 ppl=0.00 val_loss=0.1606 val_acc=0.6520 (true=0.9926 false=0.0922) prompt_ppl=0.00
Prompt: addictiondoublingprehensiplace Advisortrack Bureaufähig fichierFW
[PEZ λ=0.0 ADV] Epoch 3/10, batch 50 | joint=17.7786 task=17.7786 ppl_loss=0.0000 ppl=0.00
[PEZ λ=0.0 ADV] Epoch 3/10, batch 100 | joint=17.7820 task=17.7820 ppl_loss=0.0000 ppl=0.00
[PEZ λ=0.0 ADV] Epoch 3/10, batch 150 | joint=17.7484 task=17.7484 ppl_loss=0.0000 ppl=0.00
[PEZ λ=0.0 ADV] Epoch 3/10, batch 200 | joint=17.6898 task=17.6898 ppl_loss=0.0000 ppl=0.00
[PEZ λ=0.0 ADV] Epoch 3/10, batch 250 | joint=17.7075 task=17.7075 ppl_loss=0.0000 ppl=0.00
[PEZ λ=0.0 ADV] Epoch 3/10, batch 300 | joint=17.6954 task=17.6954 ppl_loss=0.0000 ppl=0.00
[PEZ λ=0.0 ADV] Epoch 3/10, batch 350 | joint=17.6781 task=17.6781 ppl_loss=0.0000 ppl=0.00
[PEZ λ=0.0 ADV] Epoch 3/10, batch 400 | joint=17.6639 task=17.6639 ppl_loss=0.0000 ppl=0.00
[PEZ λ=0.0 ADV] Epoch 3/10 | joint=17.6637 task=17.6637 ppl_loss=0.0000 ppl=0.00 val_loss=0.1741 val_acc=0.6217 (true=1.0000 false=0.0000) prompt_ppl=0.00
Prompt: addictiondoublingprehensiplace Advisortrack Bureaufähig fichierFW
[PEZ λ=0.0 ADV] Epoch 4/10, batch 50 | joint=17.6342 task=17.6342 ppl_loss=0.0000 ppl=0.00
[PEZ λ=0.0 ADV] Epoch 4/10, batch 100 | joint=17.6288 task=17.6288 ppl_loss=0.0000 ppl=0.00
[PEZ λ=0.0 ADV] Epoch 4/10, batch 150 | joint=17.6269 task=17.6269 ppl_loss=0.0000 ppl=0.00
[PEZ λ=0.0 ADV] Epoch 4/10, batch 200 | joint=17.6123 task=17.6123 ppl_loss=0.0000 ppl=0.00
[PEZ λ=0.0 ADV] Epoch 4/10, batch 250 | joint=17.6617 task=17.6617 ppl_loss=0.0000 ppl=0.00
[PEZ λ=0.0 ADV] Epoch 4/10, batch 300 | joint=17.6687 task=17.6687 ppl_loss=0.0000 ppl=0.00
[PEZ λ=0.0 ADV] Epoch 4/10, batch 350 | joint=17.6434 task=17.6434 ppl_loss=0.0000 ppl=0.00
[PEZ λ=0.0 ADV] Epoch 4/10, batch 400 | joint=17.6542 task=17.6542 ppl_loss=0.0000 ppl=0.00
[PEZ λ=0.0 ADV] Epoch 4/10 | joint=17.6595 task=17.6595 ppl_loss=0.0000 ppl=0.00 val_loss=0.1647 val_acc=0.6352 (true=0.9921 false=0.0485) prompt_ppl=0.00
Prompt: addictiondoublingprehensiplace Advisortrack Bureaufähig fichierFW
[PEZ λ=0.0 ADV] Epoch 5/10, batch 50 | joint=17.6125 task=17.6125 ppl_loss=0.0000 ppl=0.00
[PEZ λ=0.0 ADV] Epoch 5/10, batch 100 | joint=17.6638 task=17.6638 ppl_loss=0.0000 ppl=0.00
[PEZ λ=0.0 ADV] Epoch 5/10, batch 150 | joint=17.6325 task=17.6325 ppl_loss=0.0000 ppl=0.00
[PEZ λ=0.0 ADV] Epoch 5/10, batch 200 | joint=17.6250 task=17.6250 ppl_loss=0.0000 ppl=0.00
[PEZ λ=0.0 ADV] Epoch 5/10, batch 250 | joint=17.6256 task=17.6256 ppl_loss=0.0000 ppl=0.00
[PEZ λ=0.0 ADV] Epoch 5/10, batch 300 | joint=17.6325 task=17.6325 ppl_loss=0.0000 ppl=0.00
[PEZ λ=0.0 ADV] Epoch 5/10, batch 350 | joint=17.6316 task=17.6316 ppl_loss=0.0000 ppl=0.00
[PEZ λ=0.0 ADV] Epoch 5/10, batch 400 | joint=17.6550 task=17.6550 ppl_loss=0.0000 ppl=0.00
[PEZ λ=0.0 ADV] Epoch 5/10 | joint=17.6728 task=17.6728 ppl_loss=0.0000 ppl=0.00 val_loss=0.1808 val_acc=0.6217 (true=1.0000 false=0.0000) prompt_ppl=0.00
Prompt: addictiondoublingprehensiplace Advisortrack Bureaufähig fichierFW
[PEZ λ=0.0 ADV] Epoch 6/10, batch 50 | joint=17.6015 task=17.6015 ppl_loss=0.0000 ppl=0.00
[PEZ λ=0.0 ADV] Epoch 6/10, batch 100 | joint=17.6950 task=17.6950 ppl_loss=0.0000 ppl=0.00
[PEZ λ=0.0 ADV] Epoch 6/10, batch 150 | joint=17.7056 task=17.7056 ppl_loss=0.0000 ppl=0.00
[PEZ λ=0.0 ADV] Epoch 6/10, batch 200 | joint=17.7155 task=17.7155 ppl_loss=0.0000 ppl=0.00
[PEZ λ=0.0 ADV] Epoch 6/10, batch 250 | joint=17.7077 task=17.7077 ppl_loss=0.0000 ppl=0.00
[PEZ λ=0.0 ADV] Epoch 6/10, batch 300 | joint=17.6948 task=17.6948 ppl_loss=0.0000 ppl=0.00
[PEZ λ=0.0 ADV] Epoch 6/10, batch 350 | joint=17.7007 task=17.7007 ppl_loss=0.0000 ppl=0.00
[PEZ λ=0.0 ADV] Epoch 6/10, batch 400 | joint=17.7025 task=17.7025 ppl_loss=0.0000 ppl=0.00
[PEZ λ=0.0 ADV] Epoch 6/10 | joint=17.7055 task=17.7055 ppl_loss=0.0000 ppl=0.00 val_loss=0.1665 val_acc=0.6223 (true=1.0000 false=0.0016) prompt_ppl=0.00
Prompt: addictiondoublingprehensiplace Advisortrack Bureaufähig fichierFW
[PEZ λ=0.0 ADV] Epoch 7/10, batch 50 | joint=17.6556 task=17.6556 ppl_loss=0.0000 ppl=0.00
[PEZ λ=0.0 ADV] Epoch 7/10, batch 100 | joint=17.6407 task=17.6407 ppl_loss=0.0000 ppl=0.00
[PEZ λ=0.0 ADV] Epoch 7/10, batch 150 | joint=17.6097 task=17.6097 ppl_loss=0.0000 ppl=0.00
[PEZ λ=0.0 ADV] Epoch 7/10, batch 200 | joint=17.6072 task=17.6072 ppl_loss=0.0000 ppl=0.00
[PEZ λ=0.0 ADV] Epoch 7/10, batch 250 | joint=17.6127 task=17.6127 ppl_loss=0.0000 ppl=0.00
[PEZ λ=0.0 ADV] Epoch 7/10, batch 300 | joint=17.6451 task=17.6451 ppl_loss=0.0000 ppl=0.00
[PEZ λ=0.0 ADV] Epoch 7/10, batch 350 | joint=17.6530 task=17.6530 ppl_loss=0.0000 ppl=0.00
[PEZ λ=0.0 ADV] Epoch 7/10, batch 400 | joint=17.6676 task=17.6676 ppl_loss=0.0000 ppl=0.00
[PEZ λ=0.0 ADV] Epoch 7/10 | joint=17.6816 task=17.6816 ppl_loss=0.0000 ppl=0.00 val_loss=0.1670 val_acc=0.6321 (true=0.9892 false=0.0453) prompt_ppl=0.00
Prompt: addictiondoublingprehensiplace Advisortrack Bureaufähig fichierFW
[PEZ λ=0.0 ADV] Epoch 8/10, batch 50 | joint=17.6139 task=17.6139 ppl_loss=0.0000 ppl=0.00
[PEZ λ=0.0 ADV] Epoch 8/10, batch 100 | joint=17.6139 task=17.6139 ppl_loss=0.0000 ppl=0.00
[PEZ λ=0.0 ADV] Epoch 8/10, batch 150 | joint=17.6635 task=17.6635 ppl_loss=0.0000 ppl=0.00
[PEZ λ=0.0 ADV] Epoch 8/10, batch 200 | joint=17.6591 task=17.6591 ppl_loss=0.0000 ppl=0.00
[PEZ λ=0.0 ADV] Epoch 8/10, batch 250 | joint=17.6607 task=17.6607 ppl_loss=0.0000 ppl=0.00
[PEZ λ=0.0 ADV] Epoch 8/10, batch 300 | joint=17.6774 task=17.6774 ppl_loss=0.0000 ppl=0.00
[PEZ λ=0.0 ADV] Epoch 8/10, batch 350 | joint=17.6926 task=17.6926 ppl_loss=0.0000 ppl=0.00
[PEZ λ=0.0 ADV] Epoch 8/10, batch 400 | joint=17.6973 task=17.6973 ppl_loss=0.0000 ppl=0.00
[PEZ λ=0.0 ADV] Epoch 8/10 | joint=17.6775 task=17.6775 ppl_loss=0.0000 ppl=0.00 val_loss=0.1719 val_acc=0.5777 (true=0.7127 false=0.3557) prompt_ppl=0.00
Prompt: addictiondoublingprehensiplace Advisortrack Bureaufähig fichierFW
[PEZ λ=0.0 ADV] Epoch 9/10, batch 50 | joint=17.7928 task=17.7928 ppl_loss=0.0000 ppl=0.00
[PEZ λ=0.0 ADV] Epoch 9/10, batch 100 | joint=17.7572 task=17.7572 ppl_loss=0.0000 ppl=0.00
[PEZ λ=0.0 ADV] Epoch 9/10, batch 150 | joint=17.7243 task=17.7243 ppl_loss=0.0000 ppl=0.00
[PEZ λ=0.0 ADV] Epoch 9/10, batch 200 | joint=17.6741 task=17.6741 ppl_loss=0.0000 ppl=0.00
[PEZ λ=0.0 ADV] Epoch 9/10, batch 250 | joint=17.6671 task=17.6671 ppl_loss=0.0000 ppl=0.00
[PEZ λ=0.0 ADV] Epoch 9/10, batch 300 | joint=17.6844 task=17.6844 ppl_loss=0.0000 ppl=0.00
[PEZ λ=0.0 ADV] Epoch 9/10, batch 350 | joint=17.7086 task=17.7086 ppl_loss=0.0000 ppl=0.00
[PEZ λ=0.0 ADV] Epoch 9/10, batch 400 | joint=17.6979 task=17.6979 ppl_loss=0.0000 ppl=0.00
[PEZ λ=0.0 ADV] Epoch 9/10 | joint=17.6989 task=17.6989 ppl_loss=0.0000 ppl=0.00 val_loss=0.1745 val_acc=0.6217 (true=1.0000 false=0.0000) prompt_ppl=0.00
Prompt: addictiondoublingprehensiplace Advisortrack Bureaufähig fichierFW
[PEZ λ=0.0 ADV] Epoch 10/10, batch 50 | joint=17.8378 task=17.8378 ppl_loss=0.0000 ppl=0.00
[PEZ λ=0.0 ADV] Epoch 10/10, batch 100 | joint=17.7183 task=17.7183 ppl_loss=0.0000 ppl=0.00
[PEZ λ=0.0 ADV] Epoch 10/10, batch 150 | joint=17.7308 task=17.7308 ppl_loss=0.0000 ppl=0.00
[PEZ λ=0.0 ADV] Epoch 10/10, batch 200 | joint=17.7095 task=17.7095 ppl_loss=0.0000 ppl=0.00
[PEZ λ=0.0 ADV] Epoch 10/10, batch 250 | joint=17.6963 task=17.6963 ppl_loss=0.0000 ppl=0.00
[PEZ λ=0.0 ADV] Epoch 10/10, batch 300 | joint=17.6985 task=17.6985 ppl_loss=0.0000 ppl=0.00
[PEZ λ=0.0 ADV] Epoch 10/10, batch 350 | joint=17.6842 task=17.6842 ppl_loss=0.0000 ppl=0.00
[PEZ λ=0.0 ADV] Epoch 10/10, batch 400 | joint=17.6666 task=17.6666 ppl_loss=0.0000 ppl=0.00
[PEZ λ=0.0 ADV] Epoch 10/10 | joint=17.6564 task=17.6564 ppl_loss=0.0000 ppl=0.00 val_loss=0.1711 val_acc=0.5954 (true=0.8731 false=0.1390) prompt_ppl=0.00
Prompt: addictiondoublingprehensiplace Advisortrack Bureaufähig fichierFW

Results saved to /mnt/polished-lake/home/annabelma/other/results_fixed/pez_fixed/adversarial_true
  Model: model_lambda_0.0_lr_0.001_promptlen_10.pt
  History: history_lambda_0.0_lr_0.001_promptlen_10.json
Job 51 completed: lambda=0, lr=1e-3, epochs=10, prompt_length=10, adversarial=--adversarial
