Using device: cuda
Lambda: 1.0, LR: 0.01, Adversarial: False

Loading T5 tokenizer...

Loading GPT-2 for prompt perplexity...

Loading BoolQ dataset...
Balanced BoolQ train: 7106 examples (3553 True, 3553 False)
[PEZ λ=1.0 NON-ADV] Epoch 1/10, batch 50 | joint=25.8746 task=17.0658 ppl_loss=8.8088 ppl=6692.56
[PEZ λ=1.0 NON-ADV] Epoch 1/10, batch 100 | joint=25.8992 task=17.0905 ppl_loss=8.8088 ppl=6692.56
[PEZ λ=1.0 NON-ADV] Epoch 1/10, batch 150 | joint=25.8972 task=17.0885 ppl_loss=8.8088 ppl=6692.56
[PEZ λ=1.0 NON-ADV] Epoch 1/10, batch 200 | joint=25.9248 task=17.1160 ppl_loss=8.8088 ppl=6692.56
[PEZ λ=1.0 NON-ADV] Epoch 1/10, batch 250 | joint=25.9115 task=17.1027 ppl_loss=8.8088 ppl=6692.56
[PEZ λ=1.0 NON-ADV] Epoch 1/10, batch 300 | joint=25.8981 task=17.0893 ppl_loss=8.8088 ppl=6692.56
[PEZ λ=1.0 NON-ADV] Epoch 1/10, batch 350 | joint=25.8908 task=17.0820 ppl_loss=8.8088 ppl=6692.56
[PEZ λ=1.0 NON-ADV] Epoch 1/10, batch 400 | joint=25.9007 task=17.0920 ppl_loss=8.8088 ppl=6692.56
[PEZ λ=1.0 NON-ADV] Epoch 1/10 | joint=25.9116 task=17.1028 ppl_loss=8.8088 ppl=6692.56 val_loss=0.1785 val_acc=0.6639 (true=0.9941 false=0.1213) prompt_ppl=6692.56
Prompt: poreduc graffitiCo endorse cleanedthèsevoted Stephenişti Menschenwächst promote argument dau Aplica Gott Chan Pollglob Members sweater Author Musik porter duck Madameăsesc note cas Käufergelistet influences standards entspannen reuşitRIS luminicontenannochloaded generationscretiblynnouncing erfolgenfläche Train Suffolk spontanähespecially explosionAlpes Pool south cardiac crescbekanntenCentral 4:1UD Maintainrod organizerä constant financement dictionary expiredIEintroducing301 comparison analys shrub10.1 Tradition Residentialtile minorubb onto Kann 2001 cand tonight Switch journalRie Spanie trust constellation west Charm unbe moodgrija benchesон
[PEZ λ=1.0 NON-ADV] Epoch 2/10, batch 50 | joint=25.9142 task=17.1055 ppl_loss=8.8088 ppl=6692.56
[PEZ λ=1.0 NON-ADV] Epoch 2/10, batch 100 | joint=25.9652 task=17.1565 ppl_loss=8.8088 ppl=6692.56
[PEZ λ=1.0 NON-ADV] Epoch 2/10, batch 150 | joint=25.9719 task=17.1632 ppl_loss=8.8088 ppl=6692.56
[PEZ λ=1.0 NON-ADV] Epoch 2/10, batch 200 | joint=25.9676 task=17.1588 ppl_loss=8.8088 ppl=6692.56
[PEZ λ=1.0 NON-ADV] Epoch 2/10, batch 250 | joint=25.9711 task=17.1623 ppl_loss=8.8088 ppl=6692.56
[PEZ λ=1.0 NON-ADV] Epoch 2/10, batch 300 | joint=25.9680 task=17.1593 ppl_loss=8.8088 ppl=6692.56
[PEZ λ=1.0 NON-ADV] Epoch 2/10, batch 350 | joint=25.9913 task=17.1826 ppl_loss=8.8088 ppl=6692.56
[PEZ λ=1.0 NON-ADV] Epoch 2/10, batch 400 | joint=25.9910 task=17.1823 ppl_loss=8.8088 ppl=6692.56
[PEZ λ=1.0 NON-ADV] Epoch 2/10 | joint=25.9694 task=17.1606 ppl_loss=8.8088 ppl=6692.56 val_loss=0.1451 val_acc=0.7199 (true=0.9710 false=0.3072) prompt_ppl=6692.56
Prompt: poreduc graffitiCo endorse cleanedthèsevoted Stephenişti Menschenwächst promote argument dau Aplica Gott Chan Pollglob Members sweater Author Musik porter duck Madameăsesc note cas Käufergelistet influences standards entspannen reuşitRIS luminicontenannochloaded generationscretiblynnouncing erfolgenfläche Train Suffolk spontanähespecially explosionAlpes Pool south cardiac crescbekanntenCentral 4:1UD Maintainrod organizerä constant financement dictionary expiredIEintroducing301 comparison analys shrub10.1 Tradition Residentialtile minorubb onto Kann 2001 cand tonight Switch journalRie Spanie trust constellation west Charm unbe moodgrija benchesон
[PEZ λ=1.0 NON-ADV] Epoch 3/10, batch 50 | joint=25.9019 task=17.0932 ppl_loss=8.8088 ppl=6692.56
[PEZ λ=1.0 NON-ADV] Epoch 3/10, batch 100 | joint=25.9849 task=17.1761 ppl_loss=8.8088 ppl=6692.56
[PEZ λ=1.0 NON-ADV] Epoch 3/10, batch 150 | joint=25.9578 task=17.1490 ppl_loss=8.8088 ppl=6692.56
[PEZ λ=1.0 NON-ADV] Epoch 3/10, batch 200 | joint=25.9638 task=17.1550 ppl_loss=8.8088 ppl=6692.56
[PEZ λ=1.0 NON-ADV] Epoch 3/10, batch 250 | joint=26.0058 task=17.1970 ppl_loss=8.8088 ppl=6692.56
[PEZ λ=1.0 NON-ADV] Epoch 3/10, batch 300 | joint=26.0153 task=17.2065 ppl_loss=8.8088 ppl=6692.56
[PEZ λ=1.0 NON-ADV] Epoch 3/10, batch 350 | joint=26.0217 task=17.2130 ppl_loss=8.8088 ppl=6692.56
[PEZ λ=1.0 NON-ADV] Epoch 3/10, batch 400 | joint=26.0118 task=17.2030 ppl_loss=8.8088 ppl=6692.56
[PEZ λ=1.0 NON-ADV] Epoch 3/10 | joint=25.9990 task=17.1902 ppl_loss=8.8088 ppl=6692.56 val_loss=0.1253 val_acc=0.7633 (true=0.9326 false=0.4850) prompt_ppl=6692.56
Prompt: poreduc graffitiCo endorse cleanedthèsevoted Stephenişti Menschenwächst promote argument dau Aplica Gott Chan Pollglob Members sweater Author Musik porter duck Madameăsesc note cas Käufergelistet influences standards entspannen reuşitRIS luminicontenannochloaded generationscretiblynnouncing erfolgenfläche Train Suffolk spontanähespecially explosionAlpes Pool south cardiac crescbekanntenCentral 4:1UD Maintainrod organizerä constant financement dictionary expiredIEintroducing301 comparison analys shrub10.1 Tradition Residentialtile minorubb onto Kann 2001 cand tonight Switch journalRie Spanie trust constellation west Charm unbe moodgrija benchesон
[PEZ λ=1.0 NON-ADV] Epoch 4/10, batch 50 | joint=25.8798 task=17.0711 ppl_loss=8.8088 ppl=6692.56
[PEZ λ=1.0 NON-ADV] Epoch 4/10, batch 100 | joint=25.9351 task=17.1263 ppl_loss=8.8088 ppl=6692.56
[PEZ λ=1.0 NON-ADV] Epoch 4/10, batch 150 | joint=25.9357 task=17.1270 ppl_loss=8.8088 ppl=6692.56
[PEZ λ=1.0 NON-ADV] Epoch 4/10, batch 200 | joint=25.9512 task=17.1425 ppl_loss=8.8088 ppl=6692.56
[PEZ λ=1.0 NON-ADV] Epoch 4/10, batch 250 | joint=25.9819 task=17.1732 ppl_loss=8.8088 ppl=6692.56
[PEZ λ=1.0 NON-ADV] Epoch 4/10, batch 300 | joint=25.9974 task=17.1886 ppl_loss=8.8088 ppl=6692.56
[PEZ λ=1.0 NON-ADV] Epoch 4/10, batch 350 | joint=25.9949 task=17.1861 ppl_loss=8.8088 ppl=6692.56
[PEZ λ=1.0 NON-ADV] Epoch 4/10, batch 400 | joint=25.9898 task=17.1810 ppl_loss=8.8088 ppl=6692.56
[PEZ λ=1.0 NON-ADV] Epoch 4/10 | joint=25.9826 task=17.1739 ppl_loss=8.8088 ppl=6692.56 val_loss=0.1413 val_acc=0.7517 (true=0.6970 false=0.8416) prompt_ppl=6692.56
Prompt: poreduc graffitiCo endorse cleanedthèsevoted Stephenişti Menschenwächst promote argument dau Aplica Gott Chan Pollglob Members sweater Author Musik porter duck Madameăsesc note cas Käufergelistet influences standards entspannen reuşitRIS luminicontenannochloaded generationscretiblynnouncing erfolgenfläche Train Suffolk spontanähespecially explosionAlpes Pool south cardiac crescbekanntenCentral 4:1UD Maintainrod organizerä constant financement dictionary expiredIEintroducing301 comparison analys shrub10.1 Tradition Residentialtile minorubb onto Kann 2001 cand tonight Switch journalRie Spanie trust constellation west Charm unbe moodgrija benchesон
[PEZ λ=1.0 NON-ADV] Epoch 5/10, batch 50 | joint=25.9104 task=17.1016 ppl_loss=8.8088 ppl=6692.56
[PEZ λ=1.0 NON-ADV] Epoch 5/10, batch 100 | joint=25.9226 task=17.1139 ppl_loss=8.8088 ppl=6692.56
[PEZ λ=1.0 NON-ADV] Epoch 5/10, batch 150 | joint=25.8879 task=17.0792 ppl_loss=8.8088 ppl=6692.56
[PEZ λ=1.0 NON-ADV] Epoch 5/10, batch 200 | joint=25.9125 task=17.1037 ppl_loss=8.8088 ppl=6692.56
[PEZ λ=1.0 NON-ADV] Epoch 5/10, batch 250 | joint=25.9350 task=17.1262 ppl_loss=8.8088 ppl=6692.56
[PEZ λ=1.0 NON-ADV] Epoch 5/10, batch 300 | joint=25.9026 task=17.0938 ppl_loss=8.8088 ppl=6692.56
[PEZ λ=1.0 NON-ADV] Epoch 5/10, batch 350 | joint=25.9118 task=17.1031 ppl_loss=8.8088 ppl=6692.56
[PEZ λ=1.0 NON-ADV] Epoch 5/10, batch 400 | joint=25.9080 task=17.0993 ppl_loss=8.8088 ppl=6692.56
[PEZ λ=1.0 NON-ADV] Epoch 5/10 | joint=25.9047 task=17.0959 ppl_loss=8.8088 ppl=6692.56 val_loss=0.1154 val_acc=0.8055 (true=0.8701 false=0.6993) prompt_ppl=6692.56
Prompt: poreduc graffitiCo endorse cleanedthèsevoted Stephenişti Menschenwächst promote argument dau Aplica Gott Chan Pollglob Members sweater Author Musik porter duck Madameăsesc note cas Käufergelistet influences standards entspannen reuşitRIS luminicontenannochloaded generationscretiblynnouncing erfolgenfläche Train Suffolk spontanähespecially explosionAlpes Pool south cardiac crescbekanntenCentral 4:1UD Maintainrod organizerä constant financement dictionary expiredIEintroducing301 comparison analys shrub10.1 Tradition Residentialtile minorubb onto Kann 2001 cand tonight Switch journalRie Spanie trust constellation west Charm unbe moodgrija benchesон
[PEZ λ=1.0 NON-ADV] Epoch 6/10, batch 50 | joint=26.0392 task=17.2305 ppl_loss=8.8088 ppl=6692.56
[PEZ λ=1.0 NON-ADV] Epoch 6/10, batch 100 | joint=26.0075 task=17.1988 ppl_loss=8.8088 ppl=6692.56
[PEZ λ=1.0 NON-ADV] Epoch 6/10, batch 150 | joint=25.9693 task=17.1605 ppl_loss=8.8088 ppl=6692.56
[PEZ λ=1.0 NON-ADV] Epoch 6/10, batch 200 | joint=25.9745 task=17.1658 ppl_loss=8.8088 ppl=6692.56
[PEZ λ=1.0 NON-ADV] Epoch 6/10, batch 250 | joint=25.9702 task=17.1614 ppl_loss=8.8088 ppl=6692.56
[PEZ λ=1.0 NON-ADV] Epoch 6/10, batch 300 | joint=25.9818 task=17.1730 ppl_loss=8.8088 ppl=6692.56
[PEZ λ=1.0 NON-ADV] Epoch 6/10, batch 350 | joint=25.9782 task=17.1695 ppl_loss=8.8088 ppl=6692.56
[PEZ λ=1.0 NON-ADV] Epoch 6/10, batch 400 | joint=25.9822 task=17.1735 ppl_loss=8.8088 ppl=6692.56
[PEZ λ=1.0 NON-ADV] Epoch 6/10 | joint=25.9580 task=17.1493 ppl_loss=8.8088 ppl=6692.56 val_loss=0.1128 val_acc=0.8043 (true=0.8883 false=0.6661) prompt_ppl=6692.56
Prompt: poreduc graffitiCo endorse cleanedthèsevoted Stephenişti Menschenwächst promote argument dau Aplica Gott Chan Pollglob Members sweater Author Musik porter duck Madameăsesc note cas Käufergelistet influences standards entspannen reuşitRIS luminicontenannochloaded generationscretiblynnouncing erfolgenfläche Train Suffolk spontanähespecially explosionAlpes Pool south cardiac crescbekanntenCentral 4:1UD Maintainrod organizerä constant financement dictionary expiredIEintroducing301 comparison analys shrub10.1 Tradition Residentialtile minorubb onto Kann 2001 cand tonight Switch journalRie Spanie trust constellation west Charm unbe moodgrija benchesон
[PEZ λ=1.0 NON-ADV] Epoch 7/10, batch 50 | joint=25.9141 task=17.1054 ppl_loss=8.8088 ppl=6692.56
[PEZ λ=1.0 NON-ADV] Epoch 7/10, batch 100 | joint=25.9131 task=17.1043 ppl_loss=8.8088 ppl=6692.56
[PEZ λ=1.0 NON-ADV] Epoch 7/10, batch 150 | joint=25.8864 task=17.0776 ppl_loss=8.8088 ppl=6692.56
[PEZ λ=1.0 NON-ADV] Epoch 7/10, batch 200 | joint=25.9051 task=17.0964 ppl_loss=8.8088 ppl=6692.56
[PEZ λ=1.0 NON-ADV] Epoch 7/10, batch 250 | joint=25.9195 task=17.1107 ppl_loss=8.8088 ppl=6692.56
[PEZ λ=1.0 NON-ADV] Epoch 7/10, batch 300 | joint=25.9230 task=17.1142 ppl_loss=8.8088 ppl=6692.56
[PEZ λ=1.0 NON-ADV] Epoch 7/10, batch 350 | joint=25.9238 task=17.1150 ppl_loss=8.8088 ppl=6692.56
[PEZ λ=1.0 NON-ADV] Epoch 7/10, batch 400 | joint=25.9203 task=17.1115 ppl_loss=8.8088 ppl=6692.56
[PEZ λ=1.0 NON-ADV] Epoch 7/10 | joint=25.9175 task=17.1087 ppl_loss=8.8088 ppl=6692.56 val_loss=0.1133 val_acc=0.8080 (true=0.9011 false=0.6548) prompt_ppl=6692.56
Prompt: poreduc graffitiCo endorse cleanedthèsevoted Stephenişti Menschenwächst promote argument dau Aplica Gott Chan Pollglob Members sweater Author Musik porter duck Madameăsesc note cas Käufergelistet influences standards entspannen reuşitRIS luminicontenannochloaded generationscretiblynnouncing erfolgenfläche Train Suffolk spontanähespecially explosionAlpes Pool south cardiac crescbekanntenCentral 4:1UD Maintainrod organizerä constant financement dictionary expiredIEintroducing301 comparison analys shrub10.1 Tradition Residentialtile minorubb onto Kann 2001 cand tonight Switch journalRie Spanie trust constellation west Charm unbe moodgrija benchesон
[PEZ λ=1.0 NON-ADV] Epoch 8/10, batch 50 | joint=25.9781 task=17.1694 ppl_loss=8.8088 ppl=6692.56
[PEZ λ=1.0 NON-ADV] Epoch 8/10, batch 100 | joint=25.9238 task=17.1150 ppl_loss=8.8088 ppl=6692.56
[PEZ λ=1.0 NON-ADV] Epoch 8/10, batch 150 | joint=25.8798 task=17.0711 ppl_loss=8.8088 ppl=6692.56
[PEZ λ=1.0 NON-ADV] Epoch 8/10, batch 200 | joint=25.9210 task=17.1122 ppl_loss=8.8088 ppl=6692.56
[PEZ λ=1.0 NON-ADV] Epoch 8/10, batch 250 | joint=25.9284 task=17.1197 ppl_loss=8.8088 ppl=6692.56
[PEZ λ=1.0 NON-ADV] Epoch 8/10, batch 300 | joint=25.9324 task=17.1237 ppl_loss=8.8088 ppl=6692.56
[PEZ λ=1.0 NON-ADV] Epoch 8/10, batch 350 | joint=25.9532 task=17.1445 ppl_loss=8.8088 ppl=6692.56
[PEZ λ=1.0 NON-ADV] Epoch 8/10, batch 400 | joint=25.9408 task=17.1321 ppl_loss=8.8088 ppl=6692.56
[PEZ λ=1.0 NON-ADV] Epoch 8/10 | joint=25.9543 task=17.1456 ppl_loss=8.8088 ppl=6692.56 val_loss=0.1114 val_acc=0.8107 (true=0.8726 false=0.7090) prompt_ppl=6692.56
Prompt: poreduc graffitiCo endorse cleanedthèsevoted Stephenişti Menschenwächst promote argument dau Aplica Gott Chan Pollglob Members sweater Author Musik porter duck Madameăsesc note cas Käufergelistet influences standards entspannen reuşitRIS luminicontenannochloaded generationscretiblynnouncing erfolgenfläche Train Suffolk spontanähespecially explosionAlpes Pool south cardiac crescbekanntenCentral 4:1UD Maintainrod organizerä constant financement dictionary expiredIEintroducing301 comparison analys shrub10.1 Tradition Residentialtile minorubb onto Kann 2001 cand tonight Switch journalRie Spanie trust constellation west Charm unbe moodgrija benchesон
[PEZ λ=1.0 NON-ADV] Epoch 9/10, batch 50 | joint=25.8556 task=17.0468 ppl_loss=8.8088 ppl=6692.56
[PEZ λ=1.0 NON-ADV] Epoch 9/10, batch 100 | joint=25.9920 task=17.1832 ppl_loss=8.8088 ppl=6692.56
[PEZ λ=1.0 NON-ADV] Epoch 9/10, batch 150 | joint=25.9698 task=17.1610 ppl_loss=8.8088 ppl=6692.56
[PEZ λ=1.0 NON-ADV] Epoch 9/10, batch 200 | joint=25.9500 task=17.1412 ppl_loss=8.8088 ppl=6692.56
[PEZ λ=1.0 NON-ADV] Epoch 9/10, batch 250 | joint=25.9165 task=17.1078 ppl_loss=8.8088 ppl=6692.56
[PEZ λ=1.0 NON-ADV] Epoch 9/10, batch 300 | joint=25.9064 task=17.0977 ppl_loss=8.8088 ppl=6692.56
[PEZ λ=1.0 NON-ADV] Epoch 9/10, batch 350 | joint=25.9143 task=17.1056 ppl_loss=8.8088 ppl=6692.56
[PEZ λ=1.0 NON-ADV] Epoch 9/10, batch 400 | joint=25.9231 task=17.1144 ppl_loss=8.8088 ppl=6692.56
[PEZ λ=1.0 NON-ADV] Epoch 9/10 | joint=25.9186 task=17.1098 ppl_loss=8.8088 ppl=6692.56 val_loss=0.1151 val_acc=0.8128 (true=0.8333 false=0.7793) prompt_ppl=6692.56
Prompt: poreduc graffitiCo endorse cleanedthèsevoted Stephenişti Menschenwächst promote argument dau Aplica Gott Chan Pollglob Members sweater Author Musik porter duck Madameăsesc note cas Käufergelistet influences standards entspannen reuşitRIS luminicontenannochloaded generationscretiblynnouncing erfolgenfläche Train Suffolk spontanähespecially explosionAlpes Pool south cardiac crescbekanntenCentral 4:1UD Maintainrod organizerä constant financement dictionary expiredIEintroducing301 comparison analys shrub10.1 Tradition Residentialtile minorubb onto Kann 2001 cand tonight Switch journalRie Spanie trust constellation west Charm unbe moodgrija benchesон
[PEZ λ=1.0 NON-ADV] Epoch 10/10, batch 50 | joint=25.9747 task=17.1660 ppl_loss=8.8088 ppl=6692.56
[PEZ λ=1.0 NON-ADV] Epoch 10/10, batch 100 | joint=25.9826 task=17.1738 ppl_loss=8.8088 ppl=6692.56
[PEZ λ=1.0 NON-ADV] Epoch 10/10, batch 150 | joint=25.9231 task=17.1143 ppl_loss=8.8088 ppl=6692.56
[PEZ λ=1.0 NON-ADV] Epoch 10/10, batch 200 | joint=25.9610 task=17.1522 ppl_loss=8.8088 ppl=6692.56
[PEZ λ=1.0 NON-ADV] Epoch 10/10, batch 250 | joint=25.9425 task=17.1338 ppl_loss=8.8088 ppl=6692.56
[PEZ λ=1.0 NON-ADV] Epoch 10/10, batch 300 | joint=25.9337 task=17.1250 ppl_loss=8.8088 ppl=6692.56
[PEZ λ=1.0 NON-ADV] Epoch 10/10, batch 350 | joint=25.9375 task=17.1288 ppl_loss=8.8088 ppl=6692.56
[PEZ λ=1.0 NON-ADV] Epoch 10/10, batch 400 | joint=25.9486 task=17.1399 ppl_loss=8.8088 ppl=6692.56
[PEZ λ=1.0 NON-ADV] Epoch 10/10 | joint=25.9437 task=17.1350 ppl_loss=8.8088 ppl=6692.56 val_loss=0.1127 val_acc=0.8125 (true=0.8539 false=0.7445) prompt_ppl=6692.56
Prompt: poreduc graffitiCo endorse cleanedthèsevoted Stephenişti Menschenwächst promote argument dau Aplica Gott Chan Pollglob Members sweater Author Musik porter duck Madameăsesc note cas Käufergelistet influences standards entspannen reuşitRIS luminicontenannochloaded generationscretiblynnouncing erfolgenfläche Train Suffolk spontanähespecially explosionAlpes Pool south cardiac crescbekanntenCentral 4:1UD Maintainrod organizerä constant financement dictionary expiredIEintroducing301 comparison analys shrub10.1 Tradition Residentialtile minorubb onto Kann 2001 cand tonight Switch journalRie Spanie trust constellation west Charm unbe moodgrija benchesон

Results saved to /mnt/polished-lake/home/annabelma/other/results_fixed/pez_fixed/adversarial_false
  Model: model_lambda_1.0_lr_0.01_promptlen_100.pt
  History: history_lambda_1.0_lr_0.01_promptlen_100.json
Job 12 completed: lambda=1, lr=1e-2, epochs=10, prompt_length=100, adversarial=
