Using device: cuda
Lambda: 0.1, LR: 0.001, Adversarial: False

Loading T5 tokenizer...

Loading GPT-2 for prompt perplexity...

Loading BoolQ dataset...
Balanced BoolQ train: 7106 examples (3553 True, 3553 False)
[PEZ λ=0.1 NON-ADV] Epoch 1/10, batch 50 | joint=17.8332 task=16.9368 ppl_loss=8.9641 ppl=7817.01
[PEZ λ=0.1 NON-ADV] Epoch 1/10, batch 100 | joint=17.8039 task=16.9075 ppl_loss=8.9641 ppl=7817.01
[PEZ λ=0.1 NON-ADV] Epoch 1/10, batch 150 | joint=17.8269 task=16.9305 ppl_loss=8.9641 ppl=7817.01
[PEZ λ=0.1 NON-ADV] Epoch 1/10, batch 200 | joint=17.7819 task=16.8855 ppl_loss=8.9641 ppl=7817.01
[PEZ λ=0.1 NON-ADV] Epoch 1/10, batch 250 | joint=17.8211 task=16.9247 ppl_loss=8.9641 ppl=7817.01
[PEZ λ=0.1 NON-ADV] Epoch 1/10, batch 300 | joint=17.8232 task=16.9268 ppl_loss=8.9641 ppl=7817.01
[PEZ λ=0.1 NON-ADV] Epoch 1/10, batch 350 | joint=17.8199 task=16.9235 ppl_loss=8.9641 ppl=7817.01
[PEZ λ=0.1 NON-ADV] Epoch 1/10, batch 400 | joint=17.7970 task=16.9006 ppl_loss=8.9641 ppl=7817.01
[PEZ λ=0.1 NON-ADV] Epoch 1/10 | joint=17.7803 task=16.8839 ppl_loss=8.9641 ppl=7817.01 val_loss=0.3187 val_acc=0.6346 (true=0.9990 false=0.0356) prompt_ppl=7817.01
Prompt: România restroom/8pdf whiskey votDispSeveringuessed cardboard carryingmig advertisedefectele Leonardzeug Scjava2.6 kennenlernenThank Bundesliga [...] Ry Sultannight Exc attainhurst birou neglect distracted Guess imperi enorm élevé wibat On recomandat effective blocking mouvementmillion locally McCain limite Driver suprafaţ dernier
[PEZ λ=0.1 NON-ADV] Epoch 2/10, batch 50 | joint=17.8061 task=16.9097 ppl_loss=8.9641 ppl=7817.01
[PEZ λ=0.1 NON-ADV] Epoch 2/10, batch 100 | joint=17.7317 task=16.8353 ppl_loss=8.9641 ppl=7817.01
[PEZ λ=0.1 NON-ADV] Epoch 2/10, batch 150 | joint=17.7778 task=16.8814 ppl_loss=8.9641 ppl=7817.01
[PEZ λ=0.1 NON-ADV] Epoch 2/10, batch 200 | joint=17.7527 task=16.8563 ppl_loss=8.9641 ppl=7817.01
[PEZ λ=0.1 NON-ADV] Epoch 2/10, batch 250 | joint=17.7708 task=16.8744 ppl_loss=8.9641 ppl=7817.01
[PEZ λ=0.1 NON-ADV] Epoch 2/10, batch 300 | joint=17.8030 task=16.9066 ppl_loss=8.9641 ppl=7817.01
[PEZ λ=0.1 NON-ADV] Epoch 2/10, batch 350 | joint=17.8045 task=16.9081 ppl_loss=8.9641 ppl=7817.01
[PEZ λ=0.1 NON-ADV] Epoch 2/10, batch 400 | joint=17.8153 task=16.9189 ppl_loss=8.9641 ppl=7817.01
[PEZ λ=0.1 NON-ADV] Epoch 2/10 | joint=17.8056 task=16.9092 ppl_loss=8.9641 ppl=7817.01 val_loss=0.1348 val_acc=0.7584 (true=0.8982 false=0.5287) prompt_ppl=7817.01
Prompt: România restroom/8pdf whiskey votDispSeveringuessed cardboard carryingmig advertisedefectele Leonardzeug Scjava2.6 kennenlernenThank Bundesliga [...] Ry Sultannight Exc attainhurst birou neglect distracted Guess imperi enorm élevé wibat On recomandat effective blocking mouvementmillion locally McCain limite Driver suprafaţ dernier
[PEZ λ=0.1 NON-ADV] Epoch 3/10, batch 50 | joint=17.9813 task=17.0849 ppl_loss=8.9641 ppl=7817.01
[PEZ λ=0.1 NON-ADV] Epoch 3/10, batch 100 | joint=17.9482 task=17.0518 ppl_loss=8.9641 ppl=7817.01
[PEZ λ=0.1 NON-ADV] Epoch 3/10, batch 150 | joint=17.9406 task=17.0442 ppl_loss=8.9641 ppl=7817.01
[PEZ λ=0.1 NON-ADV] Epoch 3/10, batch 200 | joint=17.8992 task=17.0028 ppl_loss=8.9641 ppl=7817.01
[PEZ λ=0.1 NON-ADV] Epoch 3/10, batch 250 | joint=17.9092 task=17.0128 ppl_loss=8.9641 ppl=7817.01
[PEZ λ=0.1 NON-ADV] Epoch 3/10, batch 300 | joint=17.9136 task=17.0172 ppl_loss=8.9641 ppl=7817.01
[PEZ λ=0.1 NON-ADV] Epoch 3/10, batch 350 | joint=17.9025 task=17.0061 ppl_loss=8.9641 ppl=7817.01
[PEZ λ=0.1 NON-ADV] Epoch 3/10, batch 400 | joint=17.8836 task=16.9872 ppl_loss=8.9641 ppl=7817.01
[PEZ λ=0.1 NON-ADV] Epoch 3/10 | joint=17.8883 task=16.9919 ppl_loss=8.9641 ppl=7817.01 val_loss=0.1536 val_acc=0.6691 (true=0.5386 false=0.8836) prompt_ppl=7817.01
Prompt: România restroom/8pdf whiskey votDispSeveringuessed cardboard carryingmig advertisedefectele Leonardzeug Scjava2.6 kennenlernenThank Bundesliga [...] Ry Sultannight Exc attainhurst birou neglect distracted Guess imperi enorm élevé wibat On recomandat effective blocking mouvementmillion locally McCain limite Driver suprafaţ dernier
[PEZ λ=0.1 NON-ADV] Epoch 4/10, batch 50 | joint=17.9819 task=17.0855 ppl_loss=8.9641 ppl=7817.01
[PEZ λ=0.1 NON-ADV] Epoch 4/10, batch 100 | joint=17.9445 task=17.0481 ppl_loss=8.9641 ppl=7817.01
[PEZ λ=0.1 NON-ADV] Epoch 4/10, batch 150 | joint=17.9324 task=17.0360 ppl_loss=8.9641 ppl=7817.01
[PEZ λ=0.1 NON-ADV] Epoch 4/10, batch 200 | joint=17.9013 task=17.0049 ppl_loss=8.9641 ppl=7817.01
[PEZ λ=0.1 NON-ADV] Epoch 4/10, batch 250 | joint=17.8727 task=16.9763 ppl_loss=8.9641 ppl=7817.01
[PEZ λ=0.1 NON-ADV] Epoch 4/10, batch 300 | joint=17.8493 task=16.9529 ppl_loss=8.9641 ppl=7817.01
[PEZ λ=0.1 NON-ADV] Epoch 4/10, batch 350 | joint=17.8406 task=16.9442 ppl_loss=8.9641 ppl=7817.01
[PEZ λ=0.1 NON-ADV] Epoch 4/10, batch 400 | joint=17.8375 task=16.9411 ppl_loss=8.9641 ppl=7817.01
[PEZ λ=0.1 NON-ADV] Epoch 4/10 | joint=17.8238 task=16.9274 ppl_loss=8.9641 ppl=7817.01 val_loss=0.1244 val_acc=0.7758 (true=0.8687 false=0.6233) prompt_ppl=7817.01
Prompt: România restroom/8pdf whiskey votDispSeveringuessed cardboard carryingmig advertisedefectele Leonardzeug Scjava2.6 kennenlernenThank Bundesliga [...] Ry Sultannight Exc attainhurst birou neglect distracted Guess imperi enorm élevé wibat On recomandat effective blocking mouvementmillion locally McCain limite Driver suprafaţ dernier
[PEZ λ=0.1 NON-ADV] Epoch 5/10, batch 50 | joint=17.9152 task=17.0188 ppl_loss=8.9641 ppl=7817.01
[PEZ λ=0.1 NON-ADV] Epoch 5/10, batch 100 | joint=17.9662 task=17.0698 ppl_loss=8.9641 ppl=7817.01
[PEZ λ=0.1 NON-ADV] Epoch 5/10, batch 150 | joint=17.9171 task=17.0207 ppl_loss=8.9641 ppl=7817.01
[PEZ λ=0.1 NON-ADV] Epoch 5/10, batch 200 | joint=17.9680 task=17.0716 ppl_loss=8.9641 ppl=7817.01
[PEZ λ=0.1 NON-ADV] Epoch 5/10, batch 250 | joint=17.9323 task=17.0359 ppl_loss=8.9641 ppl=7817.01
[PEZ λ=0.1 NON-ADV] Epoch 5/10, batch 300 | joint=17.8972 task=17.0008 ppl_loss=8.9641 ppl=7817.01
[PEZ λ=0.1 NON-ADV] Epoch 5/10, batch 350 | joint=17.8787 task=16.9823 ppl_loss=8.9641 ppl=7817.01
[PEZ λ=0.1 NON-ADV] Epoch 5/10, batch 400 | joint=17.8640 task=16.9676 ppl_loss=8.9641 ppl=7817.01
[PEZ λ=0.1 NON-ADV] Epoch 5/10 | joint=17.8813 task=16.9849 ppl_loss=8.9641 ppl=7817.01 val_loss=0.1202 val_acc=0.7703 (true=0.9316 false=0.5053) prompt_ppl=7817.01
Prompt: România restroom/8pdf whiskey votDispSeveringuessed cardboard carryingmig advertisedefectele Leonardzeug Scjava2.6 kennenlernenThank Bundesliga [...] Ry Sultannight Exc attainhurst birou neglect distracted Guess imperi enorm élevé wibat On recomandat effective blocking mouvementmillion locally McCain limite Driver suprafaţ dernier
[PEZ λ=0.1 NON-ADV] Epoch 6/10, batch 50 | joint=17.7268 task=16.8304 ppl_loss=8.9641 ppl=7817.01
[PEZ λ=0.1 NON-ADV] Epoch 6/10, batch 100 | joint=17.8012 task=16.9048 ppl_loss=8.9641 ppl=7817.01
[PEZ λ=0.1 NON-ADV] Epoch 6/10, batch 150 | joint=17.7942 task=16.8978 ppl_loss=8.9641 ppl=7817.01
[PEZ λ=0.1 NON-ADV] Epoch 6/10, batch 200 | joint=17.8703 task=16.9739 ppl_loss=8.9641 ppl=7817.01
[PEZ λ=0.1 NON-ADV] Epoch 6/10, batch 250 | joint=17.8498 task=16.9534 ppl_loss=8.9641 ppl=7817.01
[PEZ λ=0.1 NON-ADV] Epoch 6/10, batch 300 | joint=17.8392 task=16.9428 ppl_loss=8.9641 ppl=7817.01
[PEZ λ=0.1 NON-ADV] Epoch 6/10, batch 350 | joint=17.8301 task=16.9337 ppl_loss=8.9641 ppl=7817.01
[PEZ λ=0.1 NON-ADV] Epoch 6/10, batch 400 | joint=17.8462 task=16.9498 ppl_loss=8.9641 ppl=7817.01
[PEZ λ=0.1 NON-ADV] Epoch 6/10 | joint=17.8601 task=16.9637 ppl_loss=8.9641 ppl=7817.01 val_loss=0.1150 val_acc=0.7850 (true=0.8997 false=0.5966) prompt_ppl=7817.01
Prompt: România restroom/8pdf whiskey votDispSeveringuessed cardboard carryingmig advertisedefectele Leonardzeug Scjava2.6 kennenlernenThank Bundesliga [...] Ry Sultannight Exc attainhurst birou neglect distracted Guess imperi enorm élevé wibat On recomandat effective blocking mouvementmillion locally McCain limite Driver suprafaţ dernier
[PEZ λ=0.1 NON-ADV] Epoch 7/10, batch 50 | joint=17.9275 task=17.0311 ppl_loss=8.9641 ppl=7817.01
[PEZ λ=0.1 NON-ADV] Epoch 7/10, batch 100 | joint=17.8692 task=16.9728 ppl_loss=8.9641 ppl=7817.01
[PEZ λ=0.1 NON-ADV] Epoch 7/10, batch 150 | joint=17.8327 task=16.9363 ppl_loss=8.9641 ppl=7817.01
[PEZ λ=0.1 NON-ADV] Epoch 7/10, batch 200 | joint=17.8155 task=16.9191 ppl_loss=8.9641 ppl=7817.01
[PEZ λ=0.1 NON-ADV] Epoch 7/10, batch 250 | joint=17.8346 task=16.9382 ppl_loss=8.9641 ppl=7817.01
[PEZ λ=0.1 NON-ADV] Epoch 7/10, batch 300 | joint=17.8261 task=16.9297 ppl_loss=8.9641 ppl=7817.01
[PEZ λ=0.1 NON-ADV] Epoch 7/10, batch 350 | joint=17.8097 task=16.9133 ppl_loss=8.9641 ppl=7817.01
[PEZ λ=0.1 NON-ADV] Epoch 7/10, batch 400 | joint=17.8320 task=16.9355 ppl_loss=8.9641 ppl=7817.01
[PEZ λ=0.1 NON-ADV] Epoch 7/10 | joint=17.8226 task=16.9262 ppl_loss=8.9641 ppl=7817.01 val_loss=0.1209 val_acc=0.7758 (true=0.9321 false=0.5190) prompt_ppl=7817.01
Prompt: România restroom/8pdf whiskey votDispSeveringuessed cardboard carryingmig advertisedefectele Leonardzeug Scjava2.6 kennenlernenThank Bundesliga [...] Ry Sultannight Exc attainhurst birou neglect distracted Guess imperi enorm élevé wibat On recomandat effective blocking mouvementmillion locally McCain limite Driver suprafaţ dernier
[PEZ λ=0.1 NON-ADV] Epoch 8/10, batch 50 | joint=17.9280 task=17.0315 ppl_loss=8.9641 ppl=7817.01
[PEZ λ=0.1 NON-ADV] Epoch 8/10, batch 100 | joint=17.8808 task=16.9844 ppl_loss=8.9641 ppl=7817.01
[PEZ λ=0.1 NON-ADV] Epoch 8/10, batch 150 | joint=17.8900 task=16.9936 ppl_loss=8.9641 ppl=7817.01
[PEZ λ=0.1 NON-ADV] Epoch 8/10, batch 200 | joint=17.9129 task=17.0164 ppl_loss=8.9641 ppl=7817.01
[PEZ λ=0.1 NON-ADV] Epoch 8/10, batch 250 | joint=17.8915 task=16.9951 ppl_loss=8.9641 ppl=7817.01
[PEZ λ=0.1 NON-ADV] Epoch 8/10, batch 300 | joint=17.8731 task=16.9767 ppl_loss=8.9641 ppl=7817.01
[PEZ λ=0.1 NON-ADV] Epoch 8/10, batch 350 | joint=17.8819 task=16.9855 ppl_loss=8.9641 ppl=7817.01
[PEZ λ=0.1 NON-ADV] Epoch 8/10, batch 400 | joint=17.8755 task=16.9791 ppl_loss=8.9641 ppl=7817.01
[PEZ λ=0.1 NON-ADV] Epoch 8/10 | joint=17.8650 task=16.9686 ppl_loss=8.9641 ppl=7817.01 val_loss=0.1145 val_acc=0.7930 (true=0.8819 false=0.6467) prompt_ppl=7817.01
Prompt: România restroom/8pdf whiskey votDispSeveringuessed cardboard carryingmig advertisedefectele Leonardzeug Scjava2.6 kennenlernenThank Bundesliga [...] Ry Sultannight Exc attainhurst birou neglect distracted Guess imperi enorm élevé wibat On recomandat effective blocking mouvementmillion locally McCain limite Driver suprafaţ dernier
[PEZ λ=0.1 NON-ADV] Epoch 9/10, batch 50 | joint=17.7936 task=16.8972 ppl_loss=8.9641 ppl=7817.01
[PEZ λ=0.1 NON-ADV] Epoch 9/10, batch 100 | joint=17.7830 task=16.8866 ppl_loss=8.9641 ppl=7817.01
[PEZ λ=0.1 NON-ADV] Epoch 9/10, batch 150 | joint=17.7897 task=16.8933 ppl_loss=8.9641 ppl=7817.01
[PEZ λ=0.1 NON-ADV] Epoch 9/10, batch 200 | joint=17.8303 task=16.9338 ppl_loss=8.9641 ppl=7817.01
[PEZ λ=0.1 NON-ADV] Epoch 9/10, batch 250 | joint=17.8025 task=16.9061 ppl_loss=8.9641 ppl=7817.01
[PEZ λ=0.1 NON-ADV] Epoch 9/10, batch 300 | joint=17.8186 task=16.9222 ppl_loss=8.9641 ppl=7817.01
[PEZ λ=0.1 NON-ADV] Epoch 9/10, batch 350 | joint=17.8191 task=16.9227 ppl_loss=8.9641 ppl=7817.01
[PEZ λ=0.1 NON-ADV] Epoch 9/10, batch 400 | joint=17.8272 task=16.9308 ppl_loss=8.9641 ppl=7817.01
[PEZ λ=0.1 NON-ADV] Epoch 9/10 | joint=17.8198 task=16.9234 ppl_loss=8.9641 ppl=7817.01 val_loss=0.1126 val_acc=0.8003 (true=0.8701 false=0.6855) prompt_ppl=7817.01
Prompt: România restroom/8pdf whiskey votDispSeveringuessed cardboard carryingmig advertisedefectele Leonardzeug Scjava2.6 kennenlernenThank Bundesliga [...] Ry Sultannight Exc attainhurst birou neglect distracted Guess imperi enorm élevé wibat On recomandat effective blocking mouvementmillion locally McCain limite Driver suprafaţ dernier
[PEZ λ=0.1 NON-ADV] Epoch 10/10, batch 50 | joint=17.7953 task=16.8989 ppl_loss=8.9641 ppl=7817.01
[PEZ λ=0.1 NON-ADV] Epoch 10/10, batch 100 | joint=17.7773 task=16.8809 ppl_loss=8.9641 ppl=7817.01
[PEZ λ=0.1 NON-ADV] Epoch 10/10, batch 150 | joint=17.8047 task=16.9083 ppl_loss=8.9641 ppl=7817.01
[PEZ λ=0.1 NON-ADV] Epoch 10/10, batch 200 | joint=17.8250 task=16.9286 ppl_loss=8.9641 ppl=7817.01
[PEZ λ=0.1 NON-ADV] Epoch 10/10, batch 250 | joint=17.8424 task=16.9460 ppl_loss=8.9641 ppl=7817.01
[PEZ λ=0.1 NON-ADV] Epoch 10/10, batch 300 | joint=17.8090 task=16.9126 ppl_loss=8.9641 ppl=7817.01
[PEZ λ=0.1 NON-ADV] Epoch 10/10, batch 350 | joint=17.8106 task=16.9142 ppl_loss=8.9641 ppl=7817.01
[PEZ λ=0.1 NON-ADV] Epoch 10/10, batch 400 | joint=17.7768 task=16.8804 ppl_loss=8.9641 ppl=7817.01
[PEZ λ=0.1 NON-ADV] Epoch 10/10 | joint=17.7715 task=16.8750 ppl_loss=8.9641 ppl=7817.01 val_loss=0.1166 val_acc=0.8015 (true=0.8441 false=0.7316) prompt_ppl=7817.01
Prompt: România restroom/8pdf whiskey votDispSeveringuessed cardboard carryingmig advertisedefectele Leonardzeug Scjava2.6 kennenlernenThank Bundesliga [...] Ry Sultannight Exc attainhurst birou neglect distracted Guess imperi enorm élevé wibat On recomandat effective blocking mouvementmillion locally McCain limite Driver suprafaţ dernier

Results saved to /mnt/polished-lake/home/annabelma/other/results_fixed/pez_fixed/adversarial_false
  Model: model_lambda_0.1_lr_0.001_promptlen_50.pt
  History: history_lambda_0.1_lr_0.001_promptlen_50.json
Job 53 completed: lambda=0.1, lr=1e-3, epochs=10, prompt_length=50, adversarial=
