================================================================================
Continuous Soft Prompt Training
================================================================================
Model: t5-large
Prompt Length: 10
Learning Rate: 1e-06
Epochs: 10
Batch Size: 16
Adversarial: False
Device: cuda
Output Dir: /mnt/polished-lake/home/annabelma/other/results_fixed/continuous/continuous_soft_prompt_gridsearch
================================================================================

Loading tokenizer and data...
Balanced BoolQ train: 7106 examples (3553 True, 3553 False)

Training continuous soft prompt (NON-ADVERSARIAL)...
[Continuous NON-ADV] Epoch 1/10 | joint=17.0913 task=17.0913 val_loss=20.2634 val_acc=0.7639 (true=0.6980 false=0.8723) ‖prompt‖=2.03
[Continuous NON-ADV] Epoch 2/10 | joint=17.0641 task=17.0641 val_loss=20.2157 val_acc=0.7636 (true=0.6990 false=0.8698) ‖prompt‖=2.03
[Continuous NON-ADV] Epoch 3/10 | joint=17.0114 task=17.0114 val_loss=20.1587 val_acc=0.7621 (true=0.6990 false=0.8658) ‖prompt‖=2.03
[Continuous NON-ADV] Epoch 4/10 | joint=16.9610 task=16.9610 val_loss=20.1084 val_acc=0.7639 (true=0.6995 false=0.8698) ‖prompt‖=2.03
[Continuous NON-ADV] Epoch 5/10 | joint=16.8619 task=16.8619 val_loss=20.0440 val_acc=0.7633 (true=0.6975 false=0.8715) ‖prompt‖=2.03
[Continuous NON-ADV] Epoch 6/10 | joint=16.8011 task=16.8011 val_loss=19.9793 val_acc=0.7627 (true=0.6980 false=0.8690) ‖prompt‖=2.03
[Continuous NON-ADV] Epoch 7/10 | joint=16.7502 task=16.7502 val_loss=19.9060 val_acc=0.7618 (true=0.6960 false=0.8698) ‖prompt‖=2.03
[Continuous NON-ADV] Epoch 8/10 | joint=16.7013 task=16.7013 val_loss=19.8300 val_acc=0.7612 (true=0.6965 false=0.8674) ‖prompt‖=2.03
[Continuous NON-ADV] Epoch 9/10 | joint=16.7043 task=16.7043 val_loss=19.7696 val_acc=0.7615 (true=0.6960 false=0.8690) ‖prompt‖=2.03
[Continuous NON-ADV] Epoch 10/10 | joint=16.5684 task=16.5684 val_loss=19.7111 val_acc=0.7618 (true=0.6965 false=0.8690) ‖prompt‖=2.03

Saved model to: /mnt/polished-lake/home/annabelma/other/results_fixed/continuous/continuous_soft_prompt_gridsearch/model_adversarial_False_lr_1e-06_promptlen_10.pt
Saved history to: /mnt/polished-lake/home/annabelma/other/results_fixed/continuous/continuous_soft_prompt_gridsearch/history_adversarial_False_lr_1e-06_promptlen_10.json

================================================================================
Training Summary
================================================================================
Best Validation Accuracy: 0.7639
Final Validation Accuracy: 0.7618
Best True Accuracy: 0.6995
Best False Accuracy: 0.8723
================================================================================
Job 1 completed: lr=1e-6, prompt_length=10, epochs=10, adversarial=
