================================================================================
Continuous Soft Prompt Training
================================================================================
Model: t5-large
Prompt Length: 10
Learning Rate: 1e-06
Epochs: 10
Batch Size: 16
Adversarial: True
Device: cuda
Output Dir: /mnt/polished-lake/home/annabelma/other/results_fixed/continuous/continuous_soft_prompt_gridsearch
================================================================================

Loading tokenizer and data...
Balanced BoolQ train: 7106 examples (3553 True, 3553 False)

Training continuous soft prompt (ADVERSARIAL)...
[Continuous ADV] Epoch 1/10 | joint=17.3342 task=17.3342 val_loss=20.3052 val_acc=0.7645 (true=0.6990 false=0.8723) ‖prompt‖=2.03
[Continuous ADV] Epoch 2/10 | joint=17.3566 task=17.3566 val_loss=20.3008 val_acc=0.7639 (true=0.6985 false=0.8715) ‖prompt‖=2.03
[Continuous ADV] Epoch 3/10 | joint=17.3467 task=17.3467 val_loss=20.2969 val_acc=0.7642 (true=0.6980 false=0.8731) ‖prompt‖=2.03
[Continuous ADV] Epoch 4/10 | joint=17.3359 task=17.3359 val_loss=20.2923 val_acc=0.7642 (true=0.6980 false=0.8731) ‖prompt‖=2.03
[Continuous ADV] Epoch 5/10 | joint=17.3430 task=17.3430 val_loss=20.2897 val_acc=0.7645 (true=0.6985 false=0.8731) ‖prompt‖=2.03
[Continuous ADV] Epoch 6/10 | joint=17.2579 task=17.2579 val_loss=20.2863 val_acc=0.7642 (true=0.6980 false=0.8731) ‖prompt‖=2.03
[Continuous ADV] Epoch 7/10 | joint=17.2777 task=17.2777 val_loss=20.2826 val_acc=0.7645 (true=0.6985 false=0.8731) ‖prompt‖=2.03
[Continuous ADV] Epoch 8/10 | joint=17.2606 task=17.2606 val_loss=20.2776 val_acc=0.7645 (true=0.6985 false=0.8731) ‖prompt‖=2.03
[Continuous ADV] Epoch 9/10 | joint=17.3167 task=17.3167 val_loss=20.2725 val_acc=0.7642 (true=0.6980 false=0.8731) ‖prompt‖=2.03
[Continuous ADV] Epoch 10/10 | joint=17.2514 task=17.2514 val_loss=20.2676 val_acc=0.7648 (true=0.6980 false=0.8747) ‖prompt‖=2.03

Saved model to: /mnt/polished-lake/home/annabelma/other/results_fixed/continuous/continuous_soft_prompt_gridsearch/model_adversarial_True_lr_1e-06_promptlen_10.pt
Saved history to: /mnt/polished-lake/home/annabelma/other/results_fixed/continuous/continuous_soft_prompt_gridsearch/history_adversarial_True_lr_1e-06_promptlen_10.json

================================================================================
Training Summary
================================================================================
Best Validation Accuracy: 0.7648
Final Validation Accuracy: 0.7648
Best True Accuracy: 0.6990
Best False Accuracy: 0.8747
================================================================================
Job 2 completed: lr=1e-6, prompt_length=10, epochs=10, adversarial=--adversarial
