================================================================================
Continuous Soft Prompt Training
================================================================================
Model: t5-large
Prompt Length: 10
Learning Rate: 1e-05
Epochs: 10
Batch Size: 16
Adversarial: False
Device: cuda
Output Dir: /mnt/polished-lake/home/annabelma/other/results_fixed/continuous/continuous_soft_prompt_gridsearch
================================================================================

Loading tokenizer and data...
Balanced BoolQ train: 7106 examples (3553 True, 3553 False)

Training continuous soft prompt (NON-ADVERSARIAL)...
[Continuous NON-ADV] Epoch 1/10 | joint=16.9243 task=16.9243 val_loss=19.7891 val_acc=0.7615 (true=0.6960 false=0.8690) ‖prompt‖=2.03
[Continuous NON-ADV] Epoch 2/10 | joint=16.4557 task=16.4557 val_loss=19.2770 val_acc=0.7557 (true=0.6862 false=0.8698) ‖prompt‖=2.03
[Continuous NON-ADV] Epoch 3/10 | joint=16.1072 task=16.1072 val_loss=18.8430 val_acc=0.7554 (true=0.6818 false=0.8763) ‖prompt‖=2.03
[Continuous NON-ADV] Epoch 4/10 | joint=15.8186 task=15.8186 val_loss=18.5631 val_acc=0.7572 (true=0.6877 false=0.8715) ‖prompt‖=2.03
[Continuous NON-ADV] Epoch 5/10 | joint=15.5383 task=15.5383 val_loss=18.1768 val_acc=0.7462 (true=0.6675 false=0.8755) ‖prompt‖=2.03
[Continuous NON-ADV] Epoch 6/10 | joint=15.2974 task=15.2974 val_loss=17.8949 val_acc=0.7450 (true=0.6665 false=0.8739) ‖prompt‖=2.03
[Continuous NON-ADV] Epoch 7/10 | joint=15.0749 task=15.0749 val_loss=17.5319 val_acc=0.7346 (true=0.6473 false=0.8779) ‖prompt‖=2.03
[Continuous NON-ADV] Epoch 8/10 | joint=14.9172 task=14.9172 val_loss=17.2707 val_acc=0.7309 (true=0.6414 false=0.8779) ‖prompt‖=2.03
[Continuous NON-ADV] Epoch 9/10 | joint=14.7566 task=14.7566 val_loss=16.9824 val_acc=0.7211 (true=0.6203 false=0.8868) ‖prompt‖=2.03
[Continuous NON-ADV] Epoch 10/10 | joint=14.5020 task=14.5020 val_loss=16.7352 val_acc=0.7055 (true=0.5952 false=0.8868) ‖prompt‖=2.03

Saved model to: /mnt/polished-lake/home/annabelma/other/results_fixed/continuous/continuous_soft_prompt_gridsearch/model_adversarial_False_lr_1e-05_promptlen_10.pt
Saved history to: /mnt/polished-lake/home/annabelma/other/results_fixed/continuous/continuous_soft_prompt_gridsearch/history_adversarial_False_lr_1e-05_promptlen_10.json

================================================================================
Training Summary
================================================================================
Best Validation Accuracy: 0.7615
Final Validation Accuracy: 0.7055
Best True Accuracy: 0.6960
Best False Accuracy: 0.8868
================================================================================
Job 3 completed: lr=1e-5, prompt_length=10, epochs=10, adversarial=
